running egg_info
creating ../../build/static_tf_publisher/static_tf_publisher.egg-info
writing ../../build/static_tf_publisher/static_tf_publisher.egg-info/PKG-INFO
writing dependency_links to ../../build/static_tf_publisher/static_tf_publisher.egg-info/dependency_links.txt
writing entry points to ../../build/static_tf_publisher/static_tf_publisher.egg-info/entry_points.txt
writing requirements to ../../build/static_tf_publisher/static_tf_publisher.egg-info/requires.txt
writing top-level names to ../../build/static_tf_publisher/static_tf_publisher.egg-info/top_level.txt
writing manifest file '../../build/static_tf_publisher/static_tf_publisher.egg-info/SOURCES.txt'
reading manifest file '../../build/static_tf_publisher/static_tf_publisher.egg-info/SOURCES.txt'
writing manifest file '../../build/static_tf_publisher/static_tf_publisher.egg-info/SOURCES.txt'
running build
running build_py
creating /home/seav/Downloads/ros2_ws/build/static_tf_publisher/build
creating /home/seav/Downloads/ros2_ws/build/static_tf_publisher/build/lib
creating /home/seav/Downloads/ros2_ws/build/static_tf_publisher/build/lib/static_tf_publisher
copying static_tf_publisher/__init__.py -> /home/seav/Downloads/ros2_ws/build/static_tf_publisher/build/lib/static_tf_publisher
running install
running install_lib
creating /home/seav/Downloads/ros2_ws/install/static_tf_publisher/lib/python3.10/site-packages/static_tf_publisher
copying /home/seav/Downloads/ros2_ws/build/static_tf_publisher/build/lib/static_tf_publisher/__init__.py -> /home/seav/Downloads/ros2_ws/install/static_tf_publisher/lib/python3.10/site-packages/static_tf_publisher
byte-compiling /home/seav/Downloads/ros2_ws/install/static_tf_publisher/lib/python3.10/site-packages/static_tf_publisher/__init__.py to __init__.cpython-310.pyc
running install_data
creating /home/seav/Downloads/ros2_ws/install/static_tf_publisher/share/ament_index
creating /home/seav/Downloads/ros2_ws/install/static_tf_publisher/share/ament_index/resource_index
creating /home/seav/Downloads/ros2_ws/install/static_tf_publisher/share/ament_index/resource_index/packages
copying resource/static_tf_publisher -> /home/seav/Downloads/ros2_ws/install/static_tf_publisher/share/ament_index/resource_index/packages
copying package.xml -> /home/seav/Downloads/ros2_ws/install/static_tf_publisher/share/static_tf_publisher
creating /home/seav/Downloads/ros2_ws/install/static_tf_publisher/share/static_tf_publisher/launch
copying launch/static_tf_launch.py -> /home/seav/Downloads/ros2_ws/install/static_tf_publisher/share/static_tf_publisher/launch
running install_egg_info
Copying ../../build/static_tf_publisher/static_tf_publisher.egg-info to /home/seav/Downloads/ros2_ws/install/static_tf_publisher/lib/python3.10/site-packages/static_tf_publisher-0.0.0-py3.10.egg-info
running install_scripts
writing list of installed files to '/home/seav/Downloads/ros2_ws/build/static_tf_publisher/install.log'
