[0.054s] Invoking command in '/home/user/testing/example11_ws1/build/ros2_control_demo_description': CMAKE_PREFIX_PATH=${CMAKE_PREFIX_PATH}:/home/user/testing/example11_ws1/install/ros2_control_demo_testing:/home/user/workspace_world/ws_1/install/ros2_control_demo_testing:/home/user/ros2_ws/install/workspace_mapping:/home/user/ros2_ws/install/my_robot_controller:/home/user/ros2_ws/install/fake_imu_package:/home/user/turtlebot3_ws/install/turtlebot3_teleop:/home/user/turtlebot3_ws/install/turtlebot3_example:/opt/ros/humble /usr/bin/cmake --build /home/user/testing/example11_ws1/build/ros2_control_demo_description -- -j8 -l8
[0.425s] Invoked command in '/home/user/testing/example11_ws1/build/ros2_control_demo_description' returned '0': CMAKE_PREFIX_PATH=${CMAKE_PREFIX_PATH}:/home/user/testing/example11_ws1/install/ros2_control_demo_testing:/home/user/workspace_world/ws_1/install/ros2_control_demo_testing:/home/user/ros2_ws/install/workspace_mapping:/home/user/ros2_ws/install/my_robot_controller:/home/user/ros2_ws/install/fake_imu_package:/home/user/turtlebot3_ws/install/turtlebot3_teleop:/home/user/turtlebot3_ws/install/turtlebot3_example:/opt/ros/humble /usr/bin/cmake --build /home/user/testing/example11_ws1/build/ros2_control_demo_description -- -j8 -l8
[0.468s] Invoking command in '/home/user/testing/example11_ws1/build/ros2_control_demo_description': CMAKE_PREFIX_PATH=${CMAKE_PREFIX_PATH}:/home/user/testing/example11_ws1/install/ros2_control_demo_testing:/home/user/workspace_world/ws_1/install/ros2_control_demo_testing:/home/user/ros2_ws/install/workspace_mapping:/home/user/ros2_ws/install/my_robot_controller:/home/user/ros2_ws/install/fake_imu_package:/home/user/turtlebot3_ws/install/turtlebot3_teleop:/home/user/turtlebot3_ws/install/turtlebot3_example:/opt/ros/humble /usr/bin/cmake --install /home/user/testing/example11_ws1/build/ros2_control_demo_description
[0.477s] -- Install configuration: ""
[0.478s] -- Up-to-date: /home/user/testing/example11_ws1/install/ros2_control_demo_description/share/ros2_control_demo_description/rrbot/urdf
[0.478s] -- Up-to-date: /home/user/testing/example11_ws1/install/ros2_control_demo_description/share/ros2_control_demo_description/rrbot/urdf/rrbot.materials.xacro
[0.478s] -- Up-to-date: /home/user/testing/example11_ws1/install/ros2_control_demo_description/share/ros2_control_demo_description/rrbot/urdf/rrbot.materials.xacro:Zone.Identifier
[0.479s] -- Up-to-date: /home/user/testing/example11_ws1/install/ros2_control_demo_description/share/ros2_control_demo_description/rrbot/urdf/rrbot_description.urdf.xacro
[0.479s] -- Up-to-date: /home/user/testing/example11_ws1/install/ros2_control_demo_description/share/ros2_control_demo_description/rrbot/urdf/rrbot_description.urdf.xacro:Zone.Identifier
[0.479s] -- Up-to-date: /home/user/testing/example11_ws1/install/ros2_control_demo_description/share/ros2_control_demo_description/rrbot/rviz
[0.479s] -- Up-to-date: /home/user/testing/example11_ws1/install/ros2_control_demo_description/share/ros2_control_demo_description/rrbot/rviz/rrbot.rviz:Zone.Identifier
[0.480s] -- Up-to-date: /home/user/testing/example11_ws1/install/ros2_control_demo_description/share/ros2_control_demo_description/rrbot/rviz/rrbot.rviz
[0.480s] -- Up-to-date: /home/user/testing/example11_ws1/install/ros2_control_demo_description/share/ros2_control_demo_description/diffbot/urdf
[0.480s] -- Up-to-date: /home/user/testing/example11_ws1/install/ros2_control_demo_description/share/ros2_control_demo_description/diffbot/urdf/diffbot.materials.xacro:Zone.Identifier
[0.481s] -- Up-to-date: /home/user/testing/example11_ws1/install/ros2_control_demo_description/share/ros2_control_demo_description/diffbot/urdf/diffbot_description.urdf.xacro:Zone.Identifier
[0.481s] -- Up-to-date: /home/user/testing/example11_ws1/install/ros2_control_demo_description/share/ros2_control_demo_description/diffbot/urdf/diffbot.materials.xacro
[0.481s] -- Up-to-date: /home/user/testing/example11_ws1/install/ros2_control_demo_description/share/ros2_control_demo_description/diffbot/urdf/diffbot_description.urdf.xacro
[0.482s] -- Up-to-date: /home/user/testing/example11_ws1/install/ros2_control_demo_description/share/ros2_control_demo_description/diffbot/rviz
[0.482s] -- Up-to-date: /home/user/testing/example11_ws1/install/ros2_control_demo_description/share/ros2_control_demo_description/diffbot/rviz/diffbot.rviz:Zone.Identifier
[0.482s] -- Up-to-date: /home/user/testing/example11_ws1/install/ros2_control_demo_description/share/ros2_control_demo_description/diffbot/rviz/diffbot_view.rviz:Zone.Identifier
[0.483s] -- Up-to-date: /home/user/testing/example11_ws1/install/ros2_control_demo_description/share/ros2_control_demo_description/diffbot/rviz/diffbot.rviz
[0.483s] -- Up-to-date: /home/user/testing/example11_ws1/install/ros2_control_demo_description/share/ros2_control_demo_description/diffbot/rviz/diffbot_view.rviz
[0.483s] -- Up-to-date: /home/user/testing/example11_ws1/install/ros2_control_demo_description/share/ros2_control_demo_description/carlikebot/urdf
[0.483s] -- Up-to-date: /home/user/testing/example11_ws1/install/ros2_control_demo_description/share/ros2_control_demo_description/carlikebot/urdf/carlikebot_description.urdf.xacro
[0.483s] -- Up-to-date: /home/user/testing/example11_ws1/install/ros2_control_demo_description/share/ros2_control_demo_description/carlikebot/urdf/carlikebot_description.urdf.xacro:Zone.Identifier
[0.484s] -- Up-to-date: /home/user/testing/example11_ws1/install/ros2_control_demo_description/share/ros2_control_demo_description/carlikebot/urdf/carlikebot_description.urdf
[0.484s] -- Up-to-date: /home/user/testing/example11_ws1/install/ros2_control_demo_description/share/ros2_control_demo_description/carlikebot/urdf/carlikebot.materials.xacro:Zone.Identifier
[0.484s] -- Up-to-date: /home/user/testing/example11_ws1/install/ros2_control_demo_description/share/ros2_control_demo_description/carlikebot/urdf/carlikebot.materials.xacro
[0.484s] -- Up-to-date: /home/user/testing/example11_ws1/install/ros2_control_demo_description/share/ros2_control_demo_description/carlikebot/rviz
[0.485s] -- Up-to-date: /home/user/testing/example11_ws1/install/ros2_control_demo_description/share/ros2_control_demo_description/carlikebot/rviz/carlikebot.rviz:Zone.Identifier
[0.485s] -- Up-to-date: /home/user/testing/example11_ws1/install/ros2_control_demo_description/share/ros2_control_demo_description/carlikebot/rviz/carlikebot_view.rviz
[0.486s] -- Up-to-date: /home/user/testing/example11_ws1/install/ros2_control_demo_description/share/ros2_control_demo_description/carlikebot/rviz/carlikebot_view.rviz:Zone.Identifier
[0.486s] -- Up-to-date: /home/user/testing/example11_ws1/install/ros2_control_demo_description/share/ros2_control_demo_description/carlikebot/rviz/carlikebot.rviz
[0.487s] -- Up-to-date: /home/user/testing/example11_ws1/install/ros2_control_demo_description/share/ros2_control_demo_description/r3bot/urdf
[0.489s] -- Up-to-date: /home/user/testing/example11_ws1/install/ros2_control_demo_description/share/ros2_control_demo_description/r3bot/urdf/threedofbot_description.urdf.xacro
[0.489s] -- Up-to-date: /home/user/testing/example11_ws1/install/ros2_control_demo_description/share/ros2_control_demo_description/r3bot/urdf/threedofbot_description.urdf.xacro:Zone.Identifier
[0.489s] -- Up-to-date: /home/user/testing/example11_ws1/install/ros2_control_demo_description/share/ros2_control_demo_description/r6bot/meshes
[0.490s] -- Up-to-date: /home/user/testing/example11_ws1/install/ros2_control_demo_description/share/ros2_control_demo_description/r6bot/meshes/collision
[0.490s] -- Up-to-date: /home/user/testing/example11_ws1/install/ros2_control_demo_description/share/ros2_control_demo_description/r6bot/meshes/collision/link_5.stl
[0.491s] -- Up-to-date: /home/user/testing/example11_ws1/install/ros2_control_demo_description/share/ros2_control_demo_description/r6bot/meshes/collision/link_2.stl:Zone.Identifier
[0.491s] -- Up-to-date: /home/user/testing/example11_ws1/install/ros2_control_demo_description/share/ros2_control_demo_description/r6bot/meshes/collision/link_3.stl
[0.491s] -- Up-to-date: /home/user/testing/example11_ws1/install/ros2_control_demo_description/share/ros2_control_demo_description/r6bot/meshes/collision/link_6.stl:Zone.Identifier
[0.492s] -- Up-to-date: /home/user/testing/example11_ws1/install/ros2_control_demo_description/share/ros2_control_demo_description/r6bot/meshes/collision/link_2.stl
[0.492s] -- Up-to-date: /home/user/testing/example11_ws1/install/ros2_control_demo_description/share/ros2_control_demo_description/r6bot/meshes/collision/link_6.stl
[0.492s] -- Up-to-date: /home/user/testing/example11_ws1/install/ros2_control_demo_description/share/ros2_control_demo_description/r6bot/meshes/collision/link_0.stl
[0.492s] -- Up-to-date: /home/user/testing/example11_ws1/install/ros2_control_demo_description/share/ros2_control_demo_description/r6bot/meshes/collision/link_0.stl:Zone.Identifier
[0.493s] -- Up-to-date: /home/user/testing/example11_ws1/install/ros2_control_demo_description/share/ros2_control_demo_description/r6bot/meshes/collision/link_1.stl
[0.493s] -- Up-to-date: /home/user/testing/example11_ws1/install/ros2_control_demo_description/share/ros2_control_demo_description/r6bot/meshes/collision/link_4.stl:Zone.Identifier
[0.493s] -- Up-to-date: /home/user/testing/example11_ws1/install/ros2_control_demo_description/share/ros2_control_demo_description/r6bot/meshes/collision/link_4.stl
[0.493s] -- Up-to-date: /home/user/testing/example11_ws1/install/ros2_control_demo_description/share/ros2_control_demo_description/r6bot/meshes/collision/link_3.stl:Zone.Identifier
[0.493s] -- Up-to-date: /home/user/testing/example11_ws1/install/ros2_control_demo_description/share/ros2_control_demo_description/r6bot/meshes/collision/link_5.stl:Zone.Identifier
[0.494s] -- Up-to-date: /home/user/testing/example11_ws1/install/ros2_control_demo_description/share/ros2_control_demo_description/r6bot/meshes/collision/link_1.stl:Zone.Identifier
[0.494s] -- Up-to-date: /home/user/testing/example11_ws1/install/ros2_control_demo_description/share/ros2_control_demo_description/r6bot/meshes/visual
[0.494s] -- Up-to-date: /home/user/testing/example11_ws1/install/ros2_control_demo_description/share/ros2_control_demo_description/r6bot/meshes/visual/link_3.dae
[0.494s] -- Up-to-date: /home/user/testing/example11_ws1/install/ros2_control_demo_description/share/ros2_control_demo_description/r6bot/meshes/visual/link_1.dae
[0.495s] -- Up-to-date: /home/user/testing/example11_ws1/install/ros2_control_demo_description/share/ros2_control_demo_description/r6bot/meshes/visual/link_0.dae:Zone.Identifier
[0.495s] -- Up-to-date: /home/user/testing/example11_ws1/install/ros2_control_demo_description/share/ros2_control_demo_description/r6bot/meshes/visual/link_2.dae:Zone.Identifier
[0.495s] -- Up-to-date: /home/user/testing/example11_ws1/install/ros2_control_demo_description/share/ros2_control_demo_description/r6bot/meshes/visual/link_6.dae:Zone.Identifier
[0.495s] -- Up-to-date: /home/user/testing/example11_ws1/install/ros2_control_demo_description/share/ros2_control_demo_description/r6bot/meshes/visual/link_4.dae
[0.495s] -- Up-to-date: /home/user/testing/example11_ws1/install/ros2_control_demo_description/share/ros2_control_demo_description/r6bot/meshes/visual/link_2.dae
[0.495s] -- Up-to-date: /home/user/testing/example11_ws1/install/ros2_control_demo_description/share/ros2_control_demo_description/r6bot/meshes/visual/link_0.dae
[0.496s] -- Up-to-date: /home/user/testing/example11_ws1/install/ros2_control_demo_description/share/ros2_control_demo_description/r6bot/meshes/visual/link_4.dae:Zone.Identifier
[0.496s] -- Up-to-date: /home/user/testing/example11_ws1/install/ros2_control_demo_description/share/ros2_control_demo_description/r6bot/meshes/visual/link_3.dae:Zone.Identifier
[0.496s] -- Up-to-date: /home/user/testing/example11_ws1/install/ros2_control_demo_description/share/ros2_control_demo_description/r6bot/meshes/visual/link_5.dae
[0.497s] -- Up-to-date: /home/user/testing/example11_ws1/install/ros2_control_demo_description/share/ros2_control_demo_description/r6bot/meshes/visual/link_1.dae:Zone.Identifier
[0.497s] -- Up-to-date: /home/user/testing/example11_ws1/install/ros2_control_demo_description/share/ros2_control_demo_description/r6bot/meshes/visual/link_5.dae:Zone.Identifier
[0.497s] -- Up-to-date: /home/user/testing/example11_ws1/install/ros2_control_demo_description/share/ros2_control_demo_description/r6bot/meshes/visual/link_6.dae
[0.497s] -- Up-to-date: /home/user/testing/example11_ws1/install/ros2_control_demo_description/share/ros2_control_demo_description/r6bot/srdf
[0.497s] -- Up-to-date: /home/user/testing/example11_ws1/install/ros2_control_demo_description/share/ros2_control_demo_description/r6bot/srdf/r6bot.srdf:Zone.Identifier
[0.498s] -- Up-to-date: /home/user/testing/example11_ws1/install/ros2_control_demo_description/share/ros2_control_demo_description/r6bot/srdf/r6bot.srdf
[0.499s] -- Up-to-date: /home/user/testing/example11_ws1/install/ros2_control_demo_description/share/ros2_control_demo_description/r6bot/urdf
[0.499s] -- Up-to-date: /home/user/testing/example11_ws1/install/ros2_control_demo_description/share/ros2_control_demo_description/r6bot/urdf/r6bot_description.urdf.xacro:Zone.Identifier
[0.499s] -- Up-to-date: /home/user/testing/example11_ws1/install/ros2_control_demo_description/share/ros2_control_demo_description/r6bot/urdf/inc
[0.499s] -- Up-to-date: /home/user/testing/example11_ws1/install/ros2_control_demo_description/share/ros2_control_demo_description/r6bot/urdf/inc/create_link.xacro
[0.500s] -- Up-to-date: /home/user/testing/example11_ws1/install/ros2_control_demo_description/share/ros2_control_demo_description/r6bot/urdf/inc/create_link.xacro:Zone.Identifier
[0.501s] -- Up-to-date: /home/user/testing/example11_ws1/install/ros2_control_demo_description/share/ros2_control_demo_description/r6bot/urdf/r6bot_description.urdf.xacro
[0.501s] -- Up-to-date: /home/user/testing/example11_ws1/install/ros2_control_demo_description/share/ros2_control_demo_description/r6bot/rviz
[0.501s] -- Up-to-date: /home/user/testing/example11_ws1/install/ros2_control_demo_description/share/ros2_control_demo_description/r6bot/rviz/view_robot.rviz
[0.501s] -- Up-to-date: /home/user/testing/example11_ws1/install/ros2_control_demo_description/share/ros2_control_demo_description/r6bot/rviz/view_robot.rviz:Zone.Identifier
[0.501s] -- Up-to-date: /home/user/testing/example11_ws1/install/ros2_control_demo_description/share/ament_index/resource_index/package_run_dependencies/ros2_control_demo_description
[0.501s] -- Up-to-date: /home/user/testing/example11_ws1/install/ros2_control_demo_description/share/ament_index/resource_index/parent_prefix_path/ros2_control_demo_description
[0.502s] -- Up-to-date: /home/user/testing/example11_ws1/install/ros2_control_demo_description/share/ros2_control_demo_description/environment/ament_prefix_path.sh
[0.502s] -- Up-to-date: /home/user/testing/example11_ws1/install/ros2_control_demo_description/share/ros2_control_demo_description/environment/ament_prefix_path.dsv
[0.502s] -- Up-to-date: /home/user/testing/example11_ws1/install/ros2_control_demo_description/share/ros2_control_demo_description/environment/path.sh
[0.502s] -- Up-to-date: /home/user/testing/example11_ws1/install/ros2_control_demo_description/share/ros2_control_demo_description/environment/path.dsv
[0.502s] -- Up-to-date: /home/user/testing/example11_ws1/install/ros2_control_demo_description/share/ros2_control_demo_description/local_setup.bash
[0.503s] -- Up-to-date: /home/user/testing/example11_ws1/install/ros2_control_demo_description/share/ros2_control_demo_description/local_setup.sh
[0.503s] -- Up-to-date: /home/user/testing/example11_ws1/install/ros2_control_demo_description/share/ros2_control_demo_description/local_setup.zsh
[0.503s] -- Up-to-date: /home/user/testing/example11_ws1/install/ros2_control_demo_description/share/ros2_control_demo_description/local_setup.dsv
[0.503s] -- Installing: /home/user/testing/example11_ws1/install/ros2_control_demo_description/share/ros2_control_demo_description/package.dsv
[0.503s] -- Up-to-date: /home/user/testing/example11_ws1/install/ros2_control_demo_description/share/ament_index/resource_index/packages/ros2_control_demo_description
[0.504s] -- Up-to-date: /home/user/testing/example11_ws1/install/ros2_control_demo_description/share/ros2_control_demo_description/cmake/ros2_control_demo_descriptionConfig.cmake
[0.504s] -- Up-to-date: /home/user/testing/example11_ws1/install/ros2_control_demo_description/share/ros2_control_demo_description/cmake/ros2_control_demo_descriptionConfig-version.cmake
[0.504s] -- Up-to-date: /home/user/testing/example11_ws1/install/ros2_control_demo_description/share/ros2_control_demo_description/package.xml
[0.505s] Invoked command in '/home/user/testing/example11_ws1/build/ros2_control_demo_description' returned '0': CMAKE_PREFIX_PATH=${CMAKE_PREFIX_PATH}:/home/user/testing/example11_ws1/install/ros2_control_demo_testing:/home/user/workspace_world/ws_1/install/ros2_control_demo_testing:/home/user/ros2_ws/install/workspace_mapping:/home/user/ros2_ws/install/my_robot_controller:/home/user/ros2_ws/install/fake_imu_package:/home/user/turtlebot3_ws/install/turtlebot3_teleop:/home/user/turtlebot3_ws/install/turtlebot3_example:/opt/ros/humble /usr/bin/cmake --install /home/user/testing/example11_ws1/build/ros2_control_demo_description
