[0.553s] DEBUG:colcon:Command line arguments: ['/usr/bin/colcon', 'build', '--packages-select', 'ros2_control_demo_example_11']
[0.553s] DEBUG:colcon:Parsed command line arguments: Namespace(log_base=None, log_level=None, verb_name='build', build_base='build', install_base='install', merge_install=False, symlink_install=False, test_result_base=None, continue_on_error=False, executor='parallel', parallel_workers=8, event_handlers=None, ignore_user_meta=False, metas=['./colcon.meta'], base_paths=['.'], packages_ignore=None, packages_ignore_regex=None, paths=None, packages_up_to=None, packages_up_to_regex=None, packages_above=None, packages_above_and_dependencies=None, packages_above_depth=None, packages_select_by_dep=None, packages_skip_by_dep=None, packages_skip_up_to=None, packages_select_build_failed=False, packages_skip_build_finished=False, packages_select_test_failures=False, packages_skip_test_passed=False, packages_select=['ros2_control_demo_example_11'], packages_skip=None, packages_select_regex=None, packages_skip_regex=None, packages_start=None, packages_end=None, allow_overriding=[], cmake_args=None, cmake_target=None, cmake_target_skip_unavailable=False, cmake_clean_cache=False, cmake_clean_first=False, cmake_force_configure=False, ament_cmake_args=None, catkin_cmake_args=None, catkin_skip_building_tests=False, verb_parser=<colcon_defaults.argument_parser.defaults.DefaultArgumentsDecorator object at 0x7f2d1714a770>, verb_extension=<colcon_core.verb.build.BuildVerb object at 0x7f2d1714a260>, main=<bound method BuildVerb.main of <colcon_core.verb.build.BuildVerb object at 0x7f2d1714a260>>)
[1.008s] Level 1:colcon.colcon_core.package_discovery:discover_packages(colcon_meta) check parameters
[1.009s] Level 1:colcon.colcon_core.package_discovery:discover_packages(recursive) check parameters
[1.009s] Level 1:colcon.colcon_core.package_discovery:discover_packages(ignore) check parameters
[1.009s] Level 1:colcon.colcon_core.package_discovery:discover_packages(path) check parameters
[1.009s] Level 1:colcon.colcon_core.package_discovery:discover_packages(colcon_meta) discover
[1.009s] Level 1:colcon.colcon_core.package_discovery:discover_packages(recursive) discover
[1.010s] INFO:colcon.colcon_core.package_discovery:Crawling recursively for packages in '/home/user/testing/example11_ws1'
[1.010s] Level 1:colcon.colcon_core.package_identification:_identify(.) by extensions ['ignore', 'ignore_ament_install']
[1.010s] Level 1:colcon.colcon_core.package_identification:_identify(.) by extension 'ignore'
[1.010s] Level 1:colcon.colcon_core.package_identification:_identify(.) by extension 'ignore_ament_install'
[1.010s] Level 1:colcon.colcon_core.package_identification:_identify(.) by extensions ['colcon_pkg']
[1.010s] Level 1:colcon.colcon_core.package_identification:_identify(.) by extension 'colcon_pkg'
[1.010s] Level 1:colcon.colcon_core.package_identification:_identify(.) by extensions ['colcon_meta']
[1.010s] Level 1:colcon.colcon_core.package_identification:_identify(.) by extension 'colcon_meta'
[1.011s] Level 1:colcon.colcon_core.package_identification:_identify(.) by extensions ['ros']
[1.011s] Level 1:colcon.colcon_core.package_identification:_identify(.) by extension 'ros'
[1.030s] Level 1:colcon.colcon_core.package_identification:_identify(.) by extensions ['cmake', 'python']
[1.030s] Level 1:colcon.colcon_core.package_identification:_identify(.) by extension 'cmake'
[1.031s] Level 1:colcon.colcon_core.package_identification:_identify(.) by extension 'python'
[1.031s] Level 1:colcon.colcon_core.package_identification:_identify(.) by extensions ['python_setup_py']
[1.031s] Level 1:colcon.colcon_core.package_identification:_identify(.) by extension 'python_setup_py'
[1.031s] Level 1:colcon.colcon_core.package_identification:_identify(build) by extensions ['ignore', 'ignore_ament_install']
[1.031s] Level 1:colcon.colcon_core.package_identification:_identify(build) by extension 'ignore'
[1.032s] Level 1:colcon.colcon_core.package_identification:_identify(build) ignored
[1.032s] Level 1:colcon.colcon_core.package_identification:_identify(install) by extensions ['ignore', 'ignore_ament_install']
[1.033s] Level 1:colcon.colcon_core.package_identification:_identify(install) by extension 'ignore'
[1.037s] Level 1:colcon.colcon_core.package_identification:_identify(install) ignored
[1.038s] Level 1:colcon.colcon_core.package_identification:_identify(log) by extensions ['ignore', 'ignore_ament_install']
[1.039s] Level 1:colcon.colcon_core.package_identification:_identify(log) by extension 'ignore'
[1.039s] Level 1:colcon.colcon_core.package_identification:_identify(log) ignored
[1.040s] Level 1:colcon.colcon_core.package_identification:_identify(src) by extensions ['ignore', 'ignore_ament_install']
[1.040s] Level 1:colcon.colcon_core.package_identification:_identify(src) by extension 'ignore'
[1.041s] Level 1:colcon.colcon_core.package_identification:_identify(src) by extension 'ignore_ament_install'
[1.041s] Level 1:colcon.colcon_core.package_identification:_identify(src) by extensions ['colcon_pkg']
[1.041s] Level 1:colcon.colcon_core.package_identification:_identify(src) by extension 'colcon_pkg'
[1.041s] Level 1:colcon.colcon_core.package_identification:_identify(src) by extensions ['colcon_meta']
[1.041s] Level 1:colcon.colcon_core.package_identification:_identify(src) by extension 'colcon_meta'
[1.042s] Level 1:colcon.colcon_core.package_identification:_identify(src) by extensions ['ros']
[1.042s] Level 1:colcon.colcon_core.package_identification:_identify(src) by extension 'ros'
[1.042s] Level 1:colcon.colcon_core.package_identification:_identify(src) by extensions ['cmake', 'python']
[1.042s] Level 1:colcon.colcon_core.package_identification:_identify(src) by extension 'cmake'
[1.042s] Level 1:colcon.colcon_core.package_identification:_identify(src) by extension 'python'
[1.042s] Level 1:colcon.colcon_core.package_identification:_identify(src) by extensions ['python_setup_py']
[1.042s] Level 1:colcon.colcon_core.package_identification:_identify(src) by extension 'python_setup_py'
[1.043s] Level 1:colcon.colcon_core.package_identification:_identify(src/example_11) by extensions ['ignore', 'ignore_ament_install']
[1.043s] Level 1:colcon.colcon_core.package_identification:_identify(src/example_11) by extension 'ignore'
[1.043s] Level 1:colcon.colcon_core.package_identification:_identify(src/example_11) by extension 'ignore_ament_install'
[1.043s] Level 1:colcon.colcon_core.package_identification:_identify(src/example_11) by extensions ['colcon_pkg']
[1.043s] Level 1:colcon.colcon_core.package_identification:_identify(src/example_11) by extension 'colcon_pkg'
[1.044s] Level 1:colcon.colcon_core.package_identification:_identify(src/example_11) by extensions ['colcon_meta']
[1.044s] Level 1:colcon.colcon_core.package_identification:_identify(src/example_11) by extension 'colcon_meta'
[1.044s] Level 1:colcon.colcon_core.package_identification:_identify(src/example_11) by extensions ['ros']
[1.044s] Level 1:colcon.colcon_core.package_identification:_identify(src/example_11) by extension 'ros'
[1.051s] DEBUG:colcon.colcon_core.package_identification:Package 'src/example_11' with type 'ros.ament_cmake' and name 'ros2_control_demo_example_11'
[1.052s] Level 1:colcon.colcon_core.package_identification:_identify(src/my_robot_hardware_interface) by extensions ['ignore', 'ignore_ament_install']
[1.052s] Level 1:colcon.colcon_core.package_identification:_identify(src/my_robot_hardware_interface) by extension 'ignore'
[1.052s] Level 1:colcon.colcon_core.package_identification:_identify(src/my_robot_hardware_interface) by extension 'ignore_ament_install'
[1.052s] Level 1:colcon.colcon_core.package_identification:_identify(src/my_robot_hardware_interface) by extensions ['colcon_pkg']
[1.052s] Level 1:colcon.colcon_core.package_identification:_identify(src/my_robot_hardware_interface) by extension 'colcon_pkg'
[1.052s] Level 1:colcon.colcon_core.package_identification:_identify(src/my_robot_hardware_interface) by extensions ['colcon_meta']
[1.052s] Level 1:colcon.colcon_core.package_identification:_identify(src/my_robot_hardware_interface) by extension 'colcon_meta'
[1.053s] Level 1:colcon.colcon_core.package_identification:_identify(src/my_robot_hardware_interface) by extensions ['ros']
[1.053s] Level 1:colcon.colcon_core.package_identification:_identify(src/my_robot_hardware_interface) by extension 'ros'
[1.054s] DEBUG:colcon.colcon_core.package_identification:Package 'src/my_robot_hardware_interface' with type 'ros.ament_cmake' and name 'my_robot_hardware_interface'
[1.054s] Level 1:colcon.colcon_core.package_identification:_identify(src/ros2_control_demo_description) by extensions ['ignore', 'ignore_ament_install']
[1.055s] Level 1:colcon.colcon_core.package_identification:_identify(src/ros2_control_demo_description) by extension 'ignore'
[1.055s] Level 1:colcon.colcon_core.package_identification:_identify(src/ros2_control_demo_description) by extension 'ignore_ament_install'
[1.055s] Level 1:colcon.colcon_core.package_identification:_identify(src/ros2_control_demo_description) by extensions ['colcon_pkg']
[1.055s] Level 1:colcon.colcon_core.package_identification:_identify(src/ros2_control_demo_description) by extension 'colcon_pkg'
[1.055s] Level 1:colcon.colcon_core.package_identification:_identify(src/ros2_control_demo_description) by extensions ['colcon_meta']
[1.055s] Level 1:colcon.colcon_core.package_identification:_identify(src/ros2_control_demo_description) by extension 'colcon_meta'
[1.056s] Level 1:colcon.colcon_core.package_identification:_identify(src/ros2_control_demo_description) by extensions ['ros']
[1.056s] Level 1:colcon.colcon_core.package_identification:_identify(src/ros2_control_demo_description) by extension 'ros'
[1.057s] DEBUG:colcon.colcon_core.package_identification:Package 'src/ros2_control_demo_description' with type 'ros.ament_cmake' and name 'ros2_control_demo_description'
[1.058s] Level 1:colcon.colcon_core.package_identification:_identify(src/ros2_control_demo_testing) by extensions ['ignore', 'ignore_ament_install']
[1.058s] Level 1:colcon.colcon_core.package_identification:_identify(src/ros2_control_demo_testing) by extension 'ignore'
[1.058s] Level 1:colcon.colcon_core.package_identification:_identify(src/ros2_control_demo_testing) by extension 'ignore_ament_install'
[1.059s] Level 1:colcon.colcon_core.package_identification:_identify(src/ros2_control_demo_testing) by extensions ['colcon_pkg']
[1.059s] Level 1:colcon.colcon_core.package_identification:_identify(src/ros2_control_demo_testing) by extension 'colcon_pkg'
[1.059s] Level 1:colcon.colcon_core.package_identification:_identify(src/ros2_control_demo_testing) by extensions ['colcon_meta']
[1.059s] Level 1:colcon.colcon_core.package_identification:_identify(src/ros2_control_demo_testing) by extension 'colcon_meta'
[1.059s] Level 1:colcon.colcon_core.package_identification:_identify(src/ros2_control_demo_testing) by extensions ['ros']
[1.059s] Level 1:colcon.colcon_core.package_identification:_identify(src/ros2_control_demo_testing) by extension 'ros'
[1.082s] DEBUG:colcon.colcon_core.package_identification:Package 'src/ros2_control_demo_testing' with type 'ros.ament_python' and name 'ros2_control_demo_testing'
[1.082s] Level 1:colcon.colcon_core.package_identification:_identify(src/ros2_control_demos) by extensions ['ignore', 'ignore_ament_install']
[1.082s] Level 1:colcon.colcon_core.package_identification:_identify(src/ros2_control_demos) by extension 'ignore'
[1.082s] Level 1:colcon.colcon_core.package_identification:_identify(src/ros2_control_demos) by extension 'ignore_ament_install'
[1.083s] Level 1:colcon.colcon_core.package_identification:_identify(src/ros2_control_demos) by extensions ['colcon_pkg']
[1.083s] Level 1:colcon.colcon_core.package_identification:_identify(src/ros2_control_demos) by extension 'colcon_pkg'
[1.083s] Level 1:colcon.colcon_core.package_identification:_identify(src/ros2_control_demos) by extensions ['colcon_meta']
[1.083s] Level 1:colcon.colcon_core.package_identification:_identify(src/ros2_control_demos) by extension 'colcon_meta'
[1.083s] Level 1:colcon.colcon_core.package_identification:_identify(src/ros2_control_demos) by extensions ['ros']
[1.083s] Level 1:colcon.colcon_core.package_identification:_identify(src/ros2_control_demos) by extension 'ros'
[1.084s] DEBUG:colcon.colcon_core.package_identification:Package 'src/ros2_control_demos' with type 'ros.ament_cmake' and name 'ros2_control_demos'
[1.085s] Level 1:colcon.colcon_core.package_discovery:discover_packages(recursive) using defaults
[1.085s] Level 1:colcon.colcon_core.package_discovery:discover_packages(ignore) discover
[1.085s] Level 1:colcon.colcon_core.package_discovery:discover_packages(ignore) using defaults
[1.085s] Level 1:colcon.colcon_core.package_discovery:discover_packages(path) discover
[1.085s] Level 1:colcon.colcon_core.package_discovery:discover_packages(path) using defaults
[1.140s] INFO:colcon.colcon_core.package_selection:Skipping not selected package 'my_robot_hardware_interface' in 'src/my_robot_hardware_interface'
[1.140s] INFO:colcon.colcon_core.package_selection:Skipping not selected package 'ros2_control_demo_description' in 'src/ros2_control_demo_description'
[1.140s] INFO:colcon.colcon_core.package_selection:Skipping not selected package 'ros2_control_demo_testing' in 'src/ros2_control_demo_testing'
[1.140s] INFO:colcon.colcon_core.package_selection:Skipping not selected package 'ros2_control_demos' in 'src/ros2_control_demos'
[1.141s] Level 1:colcon.colcon_core.package_discovery:discover_packages(prefix_path) check parameters
[1.141s] Level 1:colcon.colcon_core.package_discovery:discover_packages(prefix_path) discover
[1.150s] DEBUG:colcon.colcon_installed_package_information.package_discovery:Found 5 installed packages in /home/user/testing/example11_ws1/install
[1.153s] DEBUG:colcon.colcon_installed_package_information.package_discovery:Found 19 installed packages in /home/user/workspace_world/ws_1/install
[1.154s] DEBUG:colcon.colcon_installed_package_information.package_discovery:Found 1 installed packages in /home/user/ros_ws3/install
[1.156s] DEBUG:colcon.colcon_installed_package_information.package_discovery:Found 3 installed packages in /home/user/ros2_ws/install
[1.158s] DEBUG:colcon.colcon_installed_package_information.package_discovery:Found 11 installed packages in /home/user/turtlebot3_ws/install
[1.160s] DEBUG:colcon.colcon_installed_package_information.package_discovery:Found 1 installed packages in /home/user/workspace_world/ws_2/install
[1.165s] DEBUG:colcon.colcon_installed_package_information.package_discovery:Found 432 installed packages in /opt/ros/humble
[1.175s] Level 1:colcon.colcon_core.package_discovery:discover_packages(prefix_path) using defaults
[1.296s] WARNING:colcon.colcon_core.package_selection:Some selected packages are already built in one or more underlay workspaces:
	'ros2_control_demo_example_11' is in: /home/user/testing/example11_ws1/install/ros2_control_demo_example_11, /home/user/workspace_world/ws_1/install/ros2_control_demo_example_11
If a package in a merged underlay workspace is overridden and it installs headers, then all packages in the overlay must sort their include directories by workspace order. Failure to do so may result in build failures or undefined behavior at run time.
If the overridden package is used by another package in any underlay, then the overriding package in the overlay must be API and ABI compatible or undefined behavior at run time may occur.

If you understand the risks and want to override a package anyways, add the following to the command line:
	--allow-overriding ros2_control_demo_example_11

This may be promoted to an error in a future release of colcon-override-check.
[1.300s] Level 5:colcon.colcon_core.verb:set package 'ros2_control_demo_example_11' build argument 'cmake_args' from command line to 'None'
[1.300s] Level 5:colcon.colcon_core.verb:set package 'ros2_control_demo_example_11' build argument 'cmake_target' from command line to 'None'
[1.300s] Level 5:colcon.colcon_core.verb:set package 'ros2_control_demo_example_11' build argument 'cmake_target_skip_unavailable' from command line to 'False'
[1.300s] Level 5:colcon.colcon_core.verb:set package 'ros2_control_demo_example_11' build argument 'cmake_clean_cache' from command line to 'False'
[1.300s] Level 5:colcon.colcon_core.verb:set package 'ros2_control_demo_example_11' build argument 'cmake_clean_first' from command line to 'False'
[1.300s] Level 5:colcon.colcon_core.verb:set package 'ros2_control_demo_example_11' build argument 'cmake_force_configure' from command line to 'False'
[1.300s] Level 5:colcon.colcon_core.verb:set package 'ros2_control_demo_example_11' build argument 'ament_cmake_args' from command line to 'None'
[1.300s] Level 5:colcon.colcon_core.verb:set package 'ros2_control_demo_example_11' build argument 'catkin_cmake_args' from command line to 'None'
[1.300s] Level 5:colcon.colcon_core.verb:set package 'ros2_control_demo_example_11' build argument 'catkin_skip_building_tests' from command line to 'False'
[1.300s] DEBUG:colcon.colcon_core.verb:Building package 'ros2_control_demo_example_11' with the following arguments: {'ament_cmake_args': None, 'build_base': '/home/user/testing/example11_ws1/build/ros2_control_demo_example_11', 'catkin_cmake_args': None, 'catkin_skip_building_tests': False, 'cmake_args': None, 'cmake_clean_cache': False, 'cmake_clean_first': False, 'cmake_force_configure': False, 'cmake_target': None, 'cmake_target_skip_unavailable': False, 'install_base': '/home/user/testing/example11_ws1/install/ros2_control_demo_example_11', 'merge_install': False, 'path': '/home/user/testing/example11_ws1/src/example_11', 'symlink_install': False, 'test_result_base': None}
[1.301s] INFO:colcon.colcon_core.executor:Executing jobs using 'parallel' executor
[1.303s] DEBUG:colcon.colcon_parallel_executor.executor.parallel:run_until_complete
[1.305s] INFO:colcon.colcon_ros.task.ament_cmake.build:Building ROS package in '/home/user/testing/example11_ws1/src/example_11' with build type 'ament_cmake'
[1.305s] INFO:colcon.colcon_cmake.task.cmake.build:Building CMake package in '/home/user/testing/example11_ws1/src/example_11'
[1.310s] INFO:colcon.colcon_core.plugin_system:Skipping extension 'colcon_core.shell.bat': Not used on non-Windows systems
[1.311s] INFO:colcon.colcon_core.shell:Skip shell extension 'powershell' for command environment: Not usable outside of PowerShell
[1.311s] DEBUG:colcon.colcon_core.shell:Skip shell extension 'dsv' for command environment
[1.794s] DEBUG:colcon.colcon_core.event_handler.log_command:Invoking command in '/home/user/testing/example11_ws1/build/ros2_control_demo_example_11': AMENT_PREFIX_PATH=/home/user/testing/example11_ws1/install/ros2_control_demo_testing:/home/user/testing/example11_ws1/install/ros2_control_demos:/home/user/testing/example11_ws1/install/ros2_control_demo_example_11:/home/user/testing/example11_ws1/install/ros2_control_demo_description:/home/user/testing/example11_ws1/install/my_robot_hardware_interface:/home/user/workspace_world/ws_1/install/toy_car_description:/home/user/workspace_world/ws_1/install/ros2_control_demos:/home/user/workspace_world/ws_1/install/ros2_control_demo_testing:/home/user/workspace_world/ws_1/install/ros2_control_demo_example_9:/home/user/workspace_world/ws_1/install/ros2_control_demo_example_8:/home/user/workspace_world/ws_1/install/ros2_control_demo_example_7:/home/user/workspace_world/ws_1/install/ros2_control_demo_example_6:/home/user/workspace_world/ws_1/install/ros2_control_demo_example_15:/home/user/workspace_world/ws_1/install/ros2_control_demo_example_13:/home/user/workspace_world/ws_1/install/ros2_control_demo_example_5:/home/user/workspace_world/ws_1/install/ros2_control_demo_example_4:/home/user/workspace_world/ws_1/install/ros2_control_demo_example_3:/home/user/workspace_world/ws_1/install/ros2_control_demo_example_2:/home/user/workspace_world/ws_1/install/ros2_control_demo_example_14:/home/user/workspace_world/ws_1/install/ros2_control_demo_example_12:/home/user/workspace_world/ws_1/install/ros2_control_demo_example_11:/home/user/workspace_world/ws_1/install/ros2_control_demo_example_10:/home/user/workspace_world/ws_1/install/ros2_control_demo_example_1:/home/user/workspace_world/ws_1/install/ros2_control_demo_description:/home/user/workspace_world/ws_2/install/ros2_control_demo_example_2:/home/user/ros2_ws/install/workspace_mapping:/home/user/ros2_ws/install/my_robot_controller:/home/user/ros2_ws/install/fake_imu_package:/home/user/turtlebot3_ws/install/turtlebot3:/home/user/turtlebot3_ws/install/turtlebot3_teleop:/home/user/turtlebot3_ws/install/turtlebot3_simulations:/home/user/turtlebot3_ws/install/turtlebot3_bringup:/home/user/turtlebot3_ws/install/turtlebot3_node:/home/user/turtlebot3_ws/install/turtlebot3_navigation2:/home/user/turtlebot3_ws/install/turtlebot3_gazebo:/home/user/turtlebot3_ws/install/turtlebot3_fake_node:/home/user/turtlebot3_ws/install/turtlebot3_example:/home/user/turtlebot3_ws/install/turtlebot3_description:/home/user/turtlebot3_ws/install/turtlebot3_cartographer:/opt/ros/humble CMAKE_PREFIX_PATH=/home/user/testing/example11_ws1/install/ros2_control_demo_description:/home/user/testing/example11_ws1/install/ros2_control_demos:/home/user/testing/example11_ws1/install/ros2_control_demo_example_11:/home/user/testing/example11_ws1/install/my_robot_hardware_interface:/home/user/workspace_world/ws_1/install/toy_car_description:/home/user/workspace_world/ws_1/install/ros2_control_demos:/home/user/workspace_world/ws_1/install/ros2_control_demo_example_9:/home/user/workspace_world/ws_1/install/ros2_control_demo_example_8:/home/user/workspace_world/ws_1/install/ros2_control_demo_example_7:/home/user/workspace_world/ws_1/install/ros2_control_demo_example_6:/home/user/workspace_world/ws_1/install/ros2_control_demo_example_15:/home/user/workspace_world/ws_1/install/ros2_control_demo_example_13:/home/user/workspace_world/ws_1/install/ros2_control_demo_example_5:/home/user/workspace_world/ws_1/install/ros2_control_demo_example_4:/home/user/workspace_world/ws_1/install/ros2_control_demo_example_3:/home/user/workspace_world/ws_1/install/ros2_control_demo_example_2:/home/user/workspace_world/ws_1/install/ros2_control_demo_example_14:/home/user/workspace_world/ws_1/install/ros2_control_demo_example_12:/home/user/workspace_world/ws_1/install/ros2_control_demo_example_11:/home/user/workspace_world/ws_1/install/ros2_control_demo_example_10:/home/user/workspace_world/ws_1/install/ros2_control_demo_example_1:/home/user/workspace_world/ws_1/install/ros2_control_demo_description:/home/user/workspace_world/ws_2/install/ros2_control_demo_example_2:/usr/local:/home/user/turtlebot3_ws/install/turtlebot3:/home/user/turtlebot3_ws/install/turtlebot3_simulations:/home/user/turtlebot3_ws/install/turtlebot3_bringup:/home/user/turtlebot3_ws/install/turtlebot3_node:/home/user/turtlebot3_ws/install/turtlebot3_navigation2:/home/user/turtlebot3_ws/install/turtlebot3_gazebo:/home/user/turtlebot3_ws/install/turtlebot3_fake_node:/home/user/turtlebot3_ws/install/turtlebot3_description:/home/user/turtlebot3_ws/install/turtlebot3_cartographer:/home/user/testing/example11_ws1/install/ros2_control_demo_testing:/home/user/workspace_world/ws_1/install/ros2_control_demo_testing:/home/user/ros2_ws/install/workspace_mapping:/home/user/ros2_ws/install/my_robot_controller:/home/user/ros2_ws/install/fake_imu_package:/home/user/turtlebot3_ws/install/turtlebot3_teleop:/home/user/turtlebot3_ws/install/turtlebot3_example:/opt/ros/humble /usr/bin/cmake --build /home/user/testing/example11_ws1/build/ros2_control_demo_example_11 -- -j8 -l8
[11.320s] DEBUG:colcon.colcon_core.event_handler.log_command:Invoked command in '/home/user/testing/example11_ws1/build/ros2_control_demo_example_11' returned '0': AMENT_PREFIX_PATH=/home/user/testing/example11_ws1/install/ros2_control_demo_testing:/home/user/testing/example11_ws1/install/ros2_control_demos:/home/user/testing/example11_ws1/install/ros2_control_demo_example_11:/home/user/testing/example11_ws1/install/ros2_control_demo_description:/home/user/testing/example11_ws1/install/my_robot_hardware_interface:/home/user/workspace_world/ws_1/install/toy_car_description:/home/user/workspace_world/ws_1/install/ros2_control_demos:/home/user/workspace_world/ws_1/install/ros2_control_demo_testing:/home/user/workspace_world/ws_1/install/ros2_control_demo_example_9:/home/user/workspace_world/ws_1/install/ros2_control_demo_example_8:/home/user/workspace_world/ws_1/install/ros2_control_demo_example_7:/home/user/workspace_world/ws_1/install/ros2_control_demo_example_6:/home/user/workspace_world/ws_1/install/ros2_control_demo_example_15:/home/user/workspace_world/ws_1/install/ros2_control_demo_example_13:/home/user/workspace_world/ws_1/install/ros2_control_demo_example_5:/home/user/workspace_world/ws_1/install/ros2_control_demo_example_4:/home/user/workspace_world/ws_1/install/ros2_control_demo_example_3:/home/user/workspace_world/ws_1/install/ros2_control_demo_example_2:/home/user/workspace_world/ws_1/install/ros2_control_demo_example_14:/home/user/workspace_world/ws_1/install/ros2_control_demo_example_12:/home/user/workspace_world/ws_1/install/ros2_control_demo_example_11:/home/user/workspace_world/ws_1/install/ros2_control_demo_example_10:/home/user/workspace_world/ws_1/install/ros2_control_demo_example_1:/home/user/workspace_world/ws_1/install/ros2_control_demo_description:/home/user/workspace_world/ws_2/install/ros2_control_demo_example_2:/home/user/ros2_ws/install/workspace_mapping:/home/user/ros2_ws/install/my_robot_controller:/home/user/ros2_ws/install/fake_imu_package:/home/user/turtlebot3_ws/install/turtlebot3:/home/user/turtlebot3_ws/install/turtlebot3_teleop:/home/user/turtlebot3_ws/install/turtlebot3_simulations:/home/user/turtlebot3_ws/install/turtlebot3_bringup:/home/user/turtlebot3_ws/install/turtlebot3_node:/home/user/turtlebot3_ws/install/turtlebot3_navigation2:/home/user/turtlebot3_ws/install/turtlebot3_gazebo:/home/user/turtlebot3_ws/install/turtlebot3_fake_node:/home/user/turtlebot3_ws/install/turtlebot3_example:/home/user/turtlebot3_ws/install/turtlebot3_description:/home/user/turtlebot3_ws/install/turtlebot3_cartographer:/opt/ros/humble CMAKE_PREFIX_PATH=/home/user/testing/example11_ws1/install/ros2_control_demo_description:/home/user/testing/example11_ws1/install/ros2_control_demos:/home/user/testing/example11_ws1/install/ros2_control_demo_example_11:/home/user/testing/example11_ws1/install/my_robot_hardware_interface:/home/user/workspace_world/ws_1/install/toy_car_description:/home/user/workspace_world/ws_1/install/ros2_control_demos:/home/user/workspace_world/ws_1/install/ros2_control_demo_example_9:/home/user/workspace_world/ws_1/install/ros2_control_demo_example_8:/home/user/workspace_world/ws_1/install/ros2_control_demo_example_7:/home/user/workspace_world/ws_1/install/ros2_control_demo_example_6:/home/user/workspace_world/ws_1/install/ros2_control_demo_example_15:/home/user/workspace_world/ws_1/install/ros2_control_demo_example_13:/home/user/workspace_world/ws_1/install/ros2_control_demo_example_5:/home/user/workspace_world/ws_1/install/ros2_control_demo_example_4:/home/user/workspace_world/ws_1/install/ros2_control_demo_example_3:/home/user/workspace_world/ws_1/install/ros2_control_demo_example_2:/home/user/workspace_world/ws_1/install/ros2_control_demo_example_14:/home/user/workspace_world/ws_1/install/ros2_control_demo_example_12:/home/user/workspace_world/ws_1/install/ros2_control_demo_example_11:/home/user/workspace_world/ws_1/install/ros2_control_demo_example_10:/home/user/workspace_world/ws_1/install/ros2_control_demo_example_1:/home/user/workspace_world/ws_1/install/ros2_control_demo_description:/home/user/workspace_world/ws_2/install/ros2_control_demo_example_2:/usr/local:/home/user/turtlebot3_ws/install/turtlebot3:/home/user/turtlebot3_ws/install/turtlebot3_simulations:/home/user/turtlebot3_ws/install/turtlebot3_bringup:/home/user/turtlebot3_ws/install/turtlebot3_node:/home/user/turtlebot3_ws/install/turtlebot3_navigation2:/home/user/turtlebot3_ws/install/turtlebot3_gazebo:/home/user/turtlebot3_ws/install/turtlebot3_fake_node:/home/user/turtlebot3_ws/install/turtlebot3_description:/home/user/turtlebot3_ws/install/turtlebot3_cartographer:/home/user/testing/example11_ws1/install/ros2_control_demo_testing:/home/user/workspace_world/ws_1/install/ros2_control_demo_testing:/home/user/ros2_ws/install/workspace_mapping:/home/user/ros2_ws/install/my_robot_controller:/home/user/ros2_ws/install/fake_imu_package:/home/user/turtlebot3_ws/install/turtlebot3_teleop:/home/user/turtlebot3_ws/install/turtlebot3_example:/opt/ros/humble /usr/bin/cmake --build /home/user/testing/example11_ws1/build/ros2_control_demo_example_11 -- -j8 -l8
[11.394s] DEBUG:colcon.colcon_core.event_handler.log_command:Invoking command in '/home/user/testing/example11_ws1/build/ros2_control_demo_example_11': AMENT_PREFIX_PATH=/home/user/testing/example11_ws1/install/ros2_control_demo_testing:/home/user/testing/example11_ws1/install/ros2_control_demos:/home/user/testing/example11_ws1/install/ros2_control_demo_example_11:/home/user/testing/example11_ws1/install/ros2_control_demo_description:/home/user/testing/example11_ws1/install/my_robot_hardware_interface:/home/user/workspace_world/ws_1/install/toy_car_description:/home/user/workspace_world/ws_1/install/ros2_control_demos:/home/user/workspace_world/ws_1/install/ros2_control_demo_testing:/home/user/workspace_world/ws_1/install/ros2_control_demo_example_9:/home/user/workspace_world/ws_1/install/ros2_control_demo_example_8:/home/user/workspace_world/ws_1/install/ros2_control_demo_example_7:/home/user/workspace_world/ws_1/install/ros2_control_demo_example_6:/home/user/workspace_world/ws_1/install/ros2_control_demo_example_15:/home/user/workspace_world/ws_1/install/ros2_control_demo_example_13:/home/user/workspace_world/ws_1/install/ros2_control_demo_example_5:/home/user/workspace_world/ws_1/install/ros2_control_demo_example_4:/home/user/workspace_world/ws_1/install/ros2_control_demo_example_3:/home/user/workspace_world/ws_1/install/ros2_control_demo_example_2:/home/user/workspace_world/ws_1/install/ros2_control_demo_example_14:/home/user/workspace_world/ws_1/install/ros2_control_demo_example_12:/home/user/workspace_world/ws_1/install/ros2_control_demo_example_11:/home/user/workspace_world/ws_1/install/ros2_control_demo_example_10:/home/user/workspace_world/ws_1/install/ros2_control_demo_example_1:/home/user/workspace_world/ws_1/install/ros2_control_demo_description:/home/user/workspace_world/ws_2/install/ros2_control_demo_example_2:/home/user/ros2_ws/install/workspace_mapping:/home/user/ros2_ws/install/my_robot_controller:/home/user/ros2_ws/install/fake_imu_package:/home/user/turtlebot3_ws/install/turtlebot3:/home/user/turtlebot3_ws/install/turtlebot3_teleop:/home/user/turtlebot3_ws/install/turtlebot3_simulations:/home/user/turtlebot3_ws/install/turtlebot3_bringup:/home/user/turtlebot3_ws/install/turtlebot3_node:/home/user/turtlebot3_ws/install/turtlebot3_navigation2:/home/user/turtlebot3_ws/install/turtlebot3_gazebo:/home/user/turtlebot3_ws/install/turtlebot3_fake_node:/home/user/turtlebot3_ws/install/turtlebot3_example:/home/user/turtlebot3_ws/install/turtlebot3_description:/home/user/turtlebot3_ws/install/turtlebot3_cartographer:/opt/ros/humble CMAKE_PREFIX_PATH=/home/user/testing/example11_ws1/install/ros2_control_demo_description:/home/user/testing/example11_ws1/install/ros2_control_demos:/home/user/testing/example11_ws1/install/ros2_control_demo_example_11:/home/user/testing/example11_ws1/install/my_robot_hardware_interface:/home/user/workspace_world/ws_1/install/toy_car_description:/home/user/workspace_world/ws_1/install/ros2_control_demos:/home/user/workspace_world/ws_1/install/ros2_control_demo_example_9:/home/user/workspace_world/ws_1/install/ros2_control_demo_example_8:/home/user/workspace_world/ws_1/install/ros2_control_demo_example_7:/home/user/workspace_world/ws_1/install/ros2_control_demo_example_6:/home/user/workspace_world/ws_1/install/ros2_control_demo_example_15:/home/user/workspace_world/ws_1/install/ros2_control_demo_example_13:/home/user/workspace_world/ws_1/install/ros2_control_demo_example_5:/home/user/workspace_world/ws_1/install/ros2_control_demo_example_4:/home/user/workspace_world/ws_1/install/ros2_control_demo_example_3:/home/user/workspace_world/ws_1/install/ros2_control_demo_example_2:/home/user/workspace_world/ws_1/install/ros2_control_demo_example_14:/home/user/workspace_world/ws_1/install/ros2_control_demo_example_12:/home/user/workspace_world/ws_1/install/ros2_control_demo_example_11:/home/user/workspace_world/ws_1/install/ros2_control_demo_example_10:/home/user/workspace_world/ws_1/install/ros2_control_demo_example_1:/home/user/workspace_world/ws_1/install/ros2_control_demo_description:/home/user/workspace_world/ws_2/install/ros2_control_demo_example_2:/usr/local:/home/user/turtlebot3_ws/install/turtlebot3:/home/user/turtlebot3_ws/install/turtlebot3_simulations:/home/user/turtlebot3_ws/install/turtlebot3_bringup:/home/user/turtlebot3_ws/install/turtlebot3_node:/home/user/turtlebot3_ws/install/turtlebot3_navigation2:/home/user/turtlebot3_ws/install/turtlebot3_gazebo:/home/user/turtlebot3_ws/install/turtlebot3_fake_node:/home/user/turtlebot3_ws/install/turtlebot3_description:/home/user/turtlebot3_ws/install/turtlebot3_cartographer:/home/user/testing/example11_ws1/install/ros2_control_demo_testing:/home/user/workspace_world/ws_1/install/ros2_control_demo_testing:/home/user/ros2_ws/install/workspace_mapping:/home/user/ros2_ws/install/my_robot_controller:/home/user/ros2_ws/install/fake_imu_package:/home/user/turtlebot3_ws/install/turtlebot3_teleop:/home/user/turtlebot3_ws/install/turtlebot3_example:/opt/ros/humble /usr/bin/cmake --install /home/user/testing/example11_ws1/build/ros2_control_demo_example_11
[11.451s] Level 1:colcon.colcon_core.environment:create_environment_scripts_only(ros2_control_demo_example_11)
[11.452s] DEBUG:colcon.colcon_core.event_handler.log_command:Invoked command in '/home/user/testing/example11_ws1/build/ros2_control_demo_example_11' returned '0': AMENT_PREFIX_PATH=/home/user/testing/example11_ws1/install/ros2_control_demo_testing:/home/user/testing/example11_ws1/install/ros2_control_demos:/home/user/testing/example11_ws1/install/ros2_control_demo_example_11:/home/user/testing/example11_ws1/install/ros2_control_demo_description:/home/user/testing/example11_ws1/install/my_robot_hardware_interface:/home/user/workspace_world/ws_1/install/toy_car_description:/home/user/workspace_world/ws_1/install/ros2_control_demos:/home/user/workspace_world/ws_1/install/ros2_control_demo_testing:/home/user/workspace_world/ws_1/install/ros2_control_demo_example_9:/home/user/workspace_world/ws_1/install/ros2_control_demo_example_8:/home/user/workspace_world/ws_1/install/ros2_control_demo_example_7:/home/user/workspace_world/ws_1/install/ros2_control_demo_example_6:/home/user/workspace_world/ws_1/install/ros2_control_demo_example_15:/home/user/workspace_world/ws_1/install/ros2_control_demo_example_13:/home/user/workspace_world/ws_1/install/ros2_control_demo_example_5:/home/user/workspace_world/ws_1/install/ros2_control_demo_example_4:/home/user/workspace_world/ws_1/install/ros2_control_demo_example_3:/home/user/workspace_world/ws_1/install/ros2_control_demo_example_2:/home/user/workspace_world/ws_1/install/ros2_control_demo_example_14:/home/user/workspace_world/ws_1/install/ros2_control_demo_example_12:/home/user/workspace_world/ws_1/install/ros2_control_demo_example_11:/home/user/workspace_world/ws_1/install/ros2_control_demo_example_10:/home/user/workspace_world/ws_1/install/ros2_control_demo_example_1:/home/user/workspace_world/ws_1/install/ros2_control_demo_description:/home/user/workspace_world/ws_2/install/ros2_control_demo_example_2:/home/user/ros2_ws/install/workspace_mapping:/home/user/ros2_ws/install/my_robot_controller:/home/user/ros2_ws/install/fake_imu_package:/home/user/turtlebot3_ws/install/turtlebot3:/home/user/turtlebot3_ws/install/turtlebot3_teleop:/home/user/turtlebot3_ws/install/turtlebot3_simulations:/home/user/turtlebot3_ws/install/turtlebot3_bringup:/home/user/turtlebot3_ws/install/turtlebot3_node:/home/user/turtlebot3_ws/install/turtlebot3_navigation2:/home/user/turtlebot3_ws/install/turtlebot3_gazebo:/home/user/turtlebot3_ws/install/turtlebot3_fake_node:/home/user/turtlebot3_ws/install/turtlebot3_example:/home/user/turtlebot3_ws/install/turtlebot3_description:/home/user/turtlebot3_ws/install/turtlebot3_cartographer:/opt/ros/humble CMAKE_PREFIX_PATH=/home/user/testing/example11_ws1/install/ros2_control_demo_description:/home/user/testing/example11_ws1/install/ros2_control_demos:/home/user/testing/example11_ws1/install/ros2_control_demo_example_11:/home/user/testing/example11_ws1/install/my_robot_hardware_interface:/home/user/workspace_world/ws_1/install/toy_car_description:/home/user/workspace_world/ws_1/install/ros2_control_demos:/home/user/workspace_world/ws_1/install/ros2_control_demo_example_9:/home/user/workspace_world/ws_1/install/ros2_control_demo_example_8:/home/user/workspace_world/ws_1/install/ros2_control_demo_example_7:/home/user/workspace_world/ws_1/install/ros2_control_demo_example_6:/home/user/workspace_world/ws_1/install/ros2_control_demo_example_15:/home/user/workspace_world/ws_1/install/ros2_control_demo_example_13:/home/user/workspace_world/ws_1/install/ros2_control_demo_example_5:/home/user/workspace_world/ws_1/install/ros2_control_demo_example_4:/home/user/workspace_world/ws_1/install/ros2_control_demo_example_3:/home/user/workspace_world/ws_1/install/ros2_control_demo_example_2:/home/user/workspace_world/ws_1/install/ros2_control_demo_example_14:/home/user/workspace_world/ws_1/install/ros2_control_demo_example_12:/home/user/workspace_world/ws_1/install/ros2_control_demo_example_11:/home/user/workspace_world/ws_1/install/ros2_control_demo_example_10:/home/user/workspace_world/ws_1/install/ros2_control_demo_example_1:/home/user/workspace_world/ws_1/install/ros2_control_demo_description:/home/user/workspace_world/ws_2/install/ros2_control_demo_example_2:/usr/local:/home/user/turtlebot3_ws/install/turtlebot3:/home/user/turtlebot3_ws/install/turtlebot3_simulations:/home/user/turtlebot3_ws/install/turtlebot3_bringup:/home/user/turtlebot3_ws/install/turtlebot3_node:/home/user/turtlebot3_ws/install/turtlebot3_navigation2:/home/user/turtlebot3_ws/install/turtlebot3_gazebo:/home/user/turtlebot3_ws/install/turtlebot3_fake_node:/home/user/turtlebot3_ws/install/turtlebot3_description:/home/user/turtlebot3_ws/install/turtlebot3_cartographer:/home/user/testing/example11_ws1/install/ros2_control_demo_testing:/home/user/workspace_world/ws_1/install/ros2_control_demo_testing:/home/user/ros2_ws/install/workspace_mapping:/home/user/ros2_ws/install/my_robot_controller:/home/user/ros2_ws/install/fake_imu_package:/home/user/turtlebot3_ws/install/turtlebot3_teleop:/home/user/turtlebot3_ws/install/turtlebot3_example:/opt/ros/humble /usr/bin/cmake --install /home/user/testing/example11_ws1/build/ros2_control_demo_example_11
[11.457s] Level 1:colcon.colcon_core.environment:checking '/home/user/testing/example11_ws1/install/ros2_control_demo_example_11' for CMake module files
[11.457s] Level 1:colcon.colcon_core.environment:checking '/home/user/testing/example11_ws1/install/ros2_control_demo_example_11' for CMake config files
[11.458s] Level 1:colcon.colcon_core.shell:create_environment_hook('ros2_control_demo_example_11', 'cmake_prefix_path')
[11.459s] INFO:colcon.colcon_core.shell:Creating environment hook '/home/user/testing/example11_ws1/install/ros2_control_demo_example_11/share/ros2_control_demo_example_11/hook/cmake_prefix_path.ps1'
[11.460s] INFO:colcon.colcon_core.shell:Creating environment descriptor '/home/user/testing/example11_ws1/install/ros2_control_demo_example_11/share/ros2_control_demo_example_11/hook/cmake_prefix_path.dsv'
[11.461s] INFO:colcon.colcon_core.shell:Creating environment hook '/home/user/testing/example11_ws1/install/ros2_control_demo_example_11/share/ros2_control_demo_example_11/hook/cmake_prefix_path.sh'
[11.462s] Level 1:colcon.colcon_core.environment:checking '/home/user/testing/example11_ws1/install/ros2_control_demo_example_11/lib'
[11.463s] Level 1:colcon.colcon_core.shell:create_environment_hook('ros2_control_demo_example_11', 'ld_library_path_lib')
[11.463s] INFO:colcon.colcon_core.shell:Creating environment hook '/home/user/testing/example11_ws1/install/ros2_control_demo_example_11/share/ros2_control_demo_example_11/hook/ld_library_path_lib.ps1'
[11.464s] INFO:colcon.colcon_core.shell:Creating environment descriptor '/home/user/testing/example11_ws1/install/ros2_control_demo_example_11/share/ros2_control_demo_example_11/hook/ld_library_path_lib.dsv'
[11.465s] INFO:colcon.colcon_core.shell:Creating environment hook '/home/user/testing/example11_ws1/install/ros2_control_demo_example_11/share/ros2_control_demo_example_11/hook/ld_library_path_lib.sh'
[11.467s] Level 1:colcon.colcon_core.environment:checking '/home/user/testing/example11_ws1/install/ros2_control_demo_example_11/bin'
[11.467s] Level 1:colcon.colcon_core.environment:checking '/home/user/testing/example11_ws1/install/ros2_control_demo_example_11/lib/pkgconfig/ros2_control_demo_example_11.pc'
[11.468s] Level 1:colcon.colcon_core.environment:checking '/home/user/testing/example11_ws1/install/ros2_control_demo_example_11/lib/python3.10/site-packages'
[11.469s] Level 1:colcon.colcon_core.environment:checking '/home/user/testing/example11_ws1/install/ros2_control_demo_example_11/bin'
[11.470s] INFO:colcon.colcon_core.shell:Creating package script '/home/user/testing/example11_ws1/install/ros2_control_demo_example_11/share/ros2_control_demo_example_11/package.ps1'
[11.471s] INFO:colcon.colcon_core.shell:Creating package descriptor '/home/user/testing/example11_ws1/install/ros2_control_demo_example_11/share/ros2_control_demo_example_11/package.dsv'
[11.473s] INFO:colcon.colcon_core.shell:Creating package script '/home/user/testing/example11_ws1/install/ros2_control_demo_example_11/share/ros2_control_demo_example_11/package.sh'
[11.474s] INFO:colcon.colcon_core.shell:Creating package script '/home/user/testing/example11_ws1/install/ros2_control_demo_example_11/share/ros2_control_demo_example_11/package.bash'
[11.476s] INFO:colcon.colcon_core.shell:Creating package script '/home/user/testing/example11_ws1/install/ros2_control_demo_example_11/share/ros2_control_demo_example_11/package.zsh'
[11.477s] Level 1:colcon.colcon_core.environment:create_file_with_runtime_dependencies(/home/user/testing/example11_ws1/install/ros2_control_demo_example_11/share/colcon-core/packages/ros2_control_demo_example_11)
[11.540s] Level 1:colcon.colcon_core.environment:create_environment_scripts_only(ros2_control_demo_example_11)
[11.540s] Level 1:colcon.colcon_core.environment:checking '/home/user/testing/example11_ws1/install/ros2_control_demo_example_11' for CMake module files
[11.541s] Level 1:colcon.colcon_core.environment:checking '/home/user/testing/example11_ws1/install/ros2_control_demo_example_11' for CMake config files
[11.542s] Level 1:colcon.colcon_core.shell:create_environment_hook('ros2_control_demo_example_11', 'cmake_prefix_path')
[11.543s] INFO:colcon.colcon_core.shell:Creating environment hook '/home/user/testing/example11_ws1/install/ros2_control_demo_example_11/share/ros2_control_demo_example_11/hook/cmake_prefix_path.ps1'
[11.543s] INFO:colcon.colcon_core.shell:Creating environment descriptor '/home/user/testing/example11_ws1/install/ros2_control_demo_example_11/share/ros2_control_demo_example_11/hook/cmake_prefix_path.dsv'
[11.544s] INFO:colcon.colcon_core.shell:Creating environment hook '/home/user/testing/example11_ws1/install/ros2_control_demo_example_11/share/ros2_control_demo_example_11/hook/cmake_prefix_path.sh'
[11.545s] Level 1:colcon.colcon_core.environment:checking '/home/user/testing/example11_ws1/install/ros2_control_demo_example_11/lib'
[11.546s] Level 1:colcon.colcon_core.shell:create_environment_hook('ros2_control_demo_example_11', 'ld_library_path_lib')
[11.546s] INFO:colcon.colcon_core.shell:Creating environment hook '/home/user/testing/example11_ws1/install/ros2_control_demo_example_11/share/ros2_control_demo_example_11/hook/ld_library_path_lib.ps1'
[11.547s] INFO:colcon.colcon_core.shell:Creating environment descriptor '/home/user/testing/example11_ws1/install/ros2_control_demo_example_11/share/ros2_control_demo_example_11/hook/ld_library_path_lib.dsv'
[11.548s] INFO:colcon.colcon_core.shell:Creating environment hook '/home/user/testing/example11_ws1/install/ros2_control_demo_example_11/share/ros2_control_demo_example_11/hook/ld_library_path_lib.sh'
[11.549s] Level 1:colcon.colcon_core.environment:checking '/home/user/testing/example11_ws1/install/ros2_control_demo_example_11/bin'
[11.549s] Level 1:colcon.colcon_core.environment:checking '/home/user/testing/example11_ws1/install/ros2_control_demo_example_11/lib/pkgconfig/ros2_control_demo_example_11.pc'
[11.549s] Level 1:colcon.colcon_core.environment:checking '/home/user/testing/example11_ws1/install/ros2_control_demo_example_11/lib/python3.10/site-packages'
[11.550s] Level 1:colcon.colcon_core.environment:checking '/home/user/testing/example11_ws1/install/ros2_control_demo_example_11/bin'
[11.551s] INFO:colcon.colcon_core.shell:Creating package script '/home/user/testing/example11_ws1/install/ros2_control_demo_example_11/share/ros2_control_demo_example_11/package.ps1'
[11.552s] INFO:colcon.colcon_core.shell:Creating package descriptor '/home/user/testing/example11_ws1/install/ros2_control_demo_example_11/share/ros2_control_demo_example_11/package.dsv'
[11.554s] INFO:colcon.colcon_core.shell:Creating package script '/home/user/testing/example11_ws1/install/ros2_control_demo_example_11/share/ros2_control_demo_example_11/package.sh'
[11.555s] INFO:colcon.colcon_core.shell:Creating package script '/home/user/testing/example11_ws1/install/ros2_control_demo_example_11/share/ros2_control_demo_example_11/package.bash'
[11.556s] INFO:colcon.colcon_core.shell:Creating package script '/home/user/testing/example11_ws1/install/ros2_control_demo_example_11/share/ros2_control_demo_example_11/package.zsh'
[11.557s] Level 1:colcon.colcon_core.environment:create_file_with_runtime_dependencies(/home/user/testing/example11_ws1/install/ros2_control_demo_example_11/share/colcon-core/packages/ros2_control_demo_example_11)
[11.558s] DEBUG:colcon.colcon_parallel_executor.executor.parallel:closing loop
[11.559s] DEBUG:colcon.colcon_parallel_executor.executor.parallel:loop closed
[11.559s] DEBUG:colcon.colcon_parallel_executor.executor.parallel:run_until_complete finished with '0'
[11.559s] DEBUG:colcon.colcon_core.event_reactor:joining thread
[11.702s] INFO:colcon.colcon_core.plugin_system:Skipping extension 'colcon_notification.desktop_notification.notify_send': Could not find 'notify-send'
[11.702s] INFO:colcon.colcon_core.plugin_system:Skipping extension 'colcon_notification.desktop_notification.terminal_notifier': Not used on non-Darwin systems
[11.702s] INFO:colcon.colcon_core.plugin_system:Skipping extension 'colcon_notification.desktop_notification.win32': Not used on non-Windows systems
[11.702s] INFO:colcon.colcon_notification.desktop_notification:Sending desktop notification using 'notify2'
[11.704s] DEBUG:colcon.colcon_notification.desktop_notification.notify2:Failed to initialize notify2: org.freedesktop.DBus.Error.ServiceUnknown: The name org.freedesktop.Notifications was not provided by any .service files
[11.704s] DEBUG:colcon.colcon_core.event_reactor:joined thread
[11.705s] INFO:colcon.colcon_core.shell:Creating prefix script '/home/user/testing/example11_ws1/install/local_setup.ps1'
[11.707s] INFO:colcon.colcon_core.shell:Creating prefix util module '/home/user/testing/example11_ws1/install/_local_setup_util_ps1.py'
[11.710s] INFO:colcon.colcon_core.shell:Creating prefix chain script '/home/user/testing/example11_ws1/install/setup.ps1'
[11.721s] INFO:colcon.colcon_core.shell:Creating prefix script '/home/user/testing/example11_ws1/install/local_setup.sh'
[11.723s] INFO:colcon.colcon_core.shell:Creating prefix util module '/home/user/testing/example11_ws1/install/_local_setup_util_sh.py'
[11.725s] INFO:colcon.colcon_core.shell:Creating prefix chain script '/home/user/testing/example11_ws1/install/setup.sh'
[11.731s] INFO:colcon.colcon_core.shell:Creating prefix script '/home/user/testing/example11_ws1/install/local_setup.bash'
[11.732s] INFO:colcon.colcon_core.shell:Creating prefix chain script '/home/user/testing/example11_ws1/install/setup.bash'
[11.740s] INFO:colcon.colcon_core.shell:Creating prefix script '/home/user/testing/example11_ws1/install/local_setup.zsh'
[11.741s] INFO:colcon.colcon_core.shell:Creating prefix chain script '/home/user/testing/example11_ws1/install/setup.zsh'
