[0.945s] Invoking command in '/home/seav/Downloads/ros2_ws/src/my_robot_controller': PYTHONPATH=/home/seav/Downloads/ros2_ws/build/my_robot_controller/prefix_override:/usr/lib/python3/dist-packages/colcon_core/task/python/colcon_distutils_commands:/home/seav/Downloads/ros2_ws/install/my_robot_controller/lib/python3.10/site-packages:${PYTHONPATH} /usr/bin/python3 -W ignore:setup.py install is deprecated -W ignore:easy_install command is deprecated setup.py egg_info --egg-base ../../build/my_robot_controller build --build-base /home/seav/Downloads/ros2_ws/build/my_robot_controller/build install --record /home/seav/Downloads/ros2_ws/build/my_robot_controller/install.log --single-version-externally-managed install_data
[1.136s] running egg_info
[1.137s] creating ../../build/my_robot_controller/my_robot_controller.egg-info
[1.137s] writing ../../build/my_robot_controller/my_robot_controller.egg-info/PKG-INFO
[1.138s] writing dependency_links to ../../build/my_robot_controller/my_robot_controller.egg-info/dependency_links.txt
[1.138s] writing entry points to ../../build/my_robot_controller/my_robot_controller.egg-info/entry_points.txt
[1.138s] writing requirements to ../../build/my_robot_controller/my_robot_controller.egg-info/requires.txt
[1.138s] writing top-level names to ../../build/my_robot_controller/my_robot_controller.egg-info/top_level.txt
[1.138s] writing manifest file '../../build/my_robot_controller/my_robot_controller.egg-info/SOURCES.txt'
[1.140s] reading manifest file '../../build/my_robot_controller/my_robot_controller.egg-info/SOURCES.txt'
[1.141s] writing manifest file '../../build/my_robot_controller/my_robot_controller.egg-info/SOURCES.txt'
[1.141s] running build
[1.142s] running build_py
[1.142s] creating /home/seav/Downloads/ros2_ws/build/my_robot_controller/build
[1.142s] creating /home/seav/Downloads/ros2_ws/build/my_robot_controller/build/lib
[1.142s] creating /home/seav/Downloads/ros2_ws/build/my_robot_controller/build/lib/my_robot_controller
[1.142s] copying my_robot_controller/__init__.py -> /home/seav/Downloads/ros2_ws/build/my_robot_controller/build/lib/my_robot_controller
[1.142s] copying my_robot_controller/serial_motor_controller.py -> /home/seav/Downloads/ros2_ws/build/my_robot_controller/build/lib/my_robot_controller
[1.142s] running install
[1.142s] running install_lib
[1.143s] creating /home/seav/Downloads/ros2_ws/install/my_robot_controller/lib/python3.10/site-packages/my_robot_controller
[1.144s] copying /home/seav/Downloads/ros2_ws/build/my_robot_controller/build/lib/my_robot_controller/__init__.py -> /home/seav/Downloads/ros2_ws/install/my_robot_controller/lib/python3.10/site-packages/my_robot_controller
[1.144s] copying /home/seav/Downloads/ros2_ws/build/my_robot_controller/build/lib/my_robot_controller/serial_motor_controller.py -> /home/seav/Downloads/ros2_ws/install/my_robot_controller/lib/python3.10/site-packages/my_robot_controller
[1.144s] byte-compiling /home/seav/Downloads/ros2_ws/install/my_robot_controller/lib/python3.10/site-packages/my_robot_controller/__init__.py to __init__.cpython-310.pyc
[1.144s] byte-compiling /home/seav/Downloads/ros2_ws/install/my_robot_controller/lib/python3.10/site-packages/my_robot_controller/serial_motor_controller.py to serial_motor_controller.cpython-310.pyc
[1.145s] running install_data
[1.146s] creating /home/seav/Downloads/ros2_ws/install/my_robot_controller/share/ament_index
[1.146s] creating /home/seav/Downloads/ros2_ws/install/my_robot_controller/share/ament_index/resource_index
[1.146s] creating /home/seav/Downloads/ros2_ws/install/my_robot_controller/share/ament_index/resource_index/packages
[1.146s] copying resource/my_robot_controller -> /home/seav/Downloads/ros2_ws/install/my_robot_controller/share/ament_index/resource_index/packages
[1.146s] copying package.xml -> /home/seav/Downloads/ros2_ws/install/my_robot_controller/share/my_robot_controller
[1.146s] running install_egg_info
[1.148s] Copying ../../build/my_robot_controller/my_robot_controller.egg-info to /home/seav/Downloads/ros2_ws/install/my_robot_controller/lib/python3.10/site-packages/my_robot_controller-0.0.0-py3.10.egg-info
[1.160s] running install_scripts
[1.181s] Installing serial_motor_controller script to /home/seav/Downloads/ros2_ws/install/my_robot_controller/lib/my_robot_controller
[1.188s] writing list of installed files to '/home/seav/Downloads/ros2_ws/build/my_robot_controller/install.log'
[1.212s] Invoked command in '/home/seav/Downloads/ros2_ws/src/my_robot_controller' returned '0': PYTHONPATH=/home/seav/Downloads/ros2_ws/build/my_robot_controller/prefix_override:/usr/lib/python3/dist-packages/colcon_core/task/python/colcon_distutils_commands:/home/seav/Downloads/ros2_ws/install/my_robot_controller/lib/python3.10/site-packages:${PYTHONPATH} /usr/bin/python3 -W ignore:setup.py install is deprecated -W ignore:easy_install command is deprecated setup.py egg_info --egg-base ../../build/my_robot_controller build --build-base /home/seav/Downloads/ros2_ws/build/my_robot_controller/build install --record /home/seav/Downloads/ros2_ws/build/my_robot_controller/install.log --single-version-externally-managed install_data
