[0.020s] Invoking command in '/home/seav/Downloads/ros2_ws/build/my_nav2_pkg': CMAKE_PREFIX_PATH=/opt/ros/humble /usr/bin/cmake /home/seav/Downloads/ros2_ws/src/my_nav2_pkg -DCMAKE_INSTALL_PREFIX=/home/seav/Downloads/ros2_ws/install/my_nav2_pkg
[0.424s] -- The C compiler identification is GNU 11.4.0
[0.425s] -- The CXX compiler identification is GNU 11.4.0
[0.425s] -- Detecting C compiler ABI info
[0.425s] -- Detecting C compiler ABI info - done
[0.426s] -- Check for working C compiler: /usr/bin/cc - skipped
[0.426s] -- Detecting C compile features
[0.426s] -- Detecting C compile features - done
[0.426s] -- Detecting CXX compiler ABI info
[0.426s] -- Detecting CXX compiler ABI info - done
[0.426s] -- Check for working CXX compiler: /usr/bin/c++ - skipped
[0.427s] -- Detecting CXX compile features
[0.427s] -- Detecting CXX compile features - done
[0.427s] -- Found ament_cmake: 1.3.11 (/opt/ros/humble/share/ament_cmake/cmake)
[0.427s] -- Found Python3: /usr/bin/python3 (found version "3.10.12") found components: Interpreter 
[0.427s] -- Found xacro: 2.0.8 (/opt/ros/humble/share/xacro/cmake)
[0.427s] -- Found ament_lint_auto: 0.12.11 (/opt/ros/humble/share/ament_lint_auto/cmake)
[0.474s] -- Added test 'flake8' to check Python code syntax and style conventions
[0.475s] -- Added test 'lint_cmake' to check CMake code style
[0.476s] -- Added test 'pep257' to check Python code against some of the docstring style conventions in PEP 257
[0.477s] -- Added test 'xmllint' to check XML markup files
[0.478s] -- Configuring done
[0.480s] -- Generating done
[0.482s] -- Build files have been written to: /home/seav/Downloads/ros2_ws/build/my_nav2_pkg
[0.631s] Invoked command in '/home/seav/Downloads/ros2_ws/build/my_nav2_pkg' returned '0': CMAKE_PREFIX_PATH=/opt/ros/humble /usr/bin/cmake /home/seav/Downloads/ros2_ws/src/my_nav2_pkg -DCMAKE_INSTALL_PREFIX=/home/seav/Downloads/ros2_ws/install/my_nav2_pkg
[0.633s] Invoking command in '/home/seav/Downloads/ros2_ws/build/my_nav2_pkg': CMAKE_PREFIX_PATH=/opt/ros/humble /usr/bin/cmake --build /home/seav/Downloads/ros2_ws/build/my_nav2_pkg -- -j8 -l8
[0.672s] Invoked command in '/home/seav/Downloads/ros2_ws/build/my_nav2_pkg' returned '0': CMAKE_PREFIX_PATH=/opt/ros/humble /usr/bin/cmake --build /home/seav/Downloads/ros2_ws/build/my_nav2_pkg -- -j8 -l8
[0.682s] Invoking command in '/home/seav/Downloads/ros2_ws/build/my_nav2_pkg': CMAKE_PREFIX_PATH=/opt/ros/humble /usr/bin/cmake --install /home/seav/Downloads/ros2_ws/build/my_nav2_pkg
[0.690s] -- Install configuration: ""
[0.690s] -- Installing: /home/seav/Downloads/ros2_ws/install/my_nav2_pkg/share/my_nav2_pkg/launch
[0.691s] -- Installing: /home/seav/Downloads/ros2_ws/install/my_nav2_pkg/share/my_nav2_pkg/launch/launch_sim.launch.py
[0.691s] -- Installing: /home/seav/Downloads/ros2_ws/install/my_nav2_pkg/share/my_nav2_pkg/launch/rsp.launch.py
[0.691s] -- Installing: /home/seav/Downloads/ros2_ws/install/my_nav2_pkg/share/my_nav2_pkg/launch/navigation_launch.py
[0.691s] -- Installing: /home/seav/Downloads/ros2_ws/install/my_nav2_pkg/share/my_nav2_pkg/launch/.vscode
[0.691s] -- Installing: /home/seav/Downloads/ros2_ws/install/my_nav2_pkg/share/my_nav2_pkg/launch/.vscode/c_cpp_properties.json
[0.691s] -- Installing: /home/seav/Downloads/ros2_ws/install/my_nav2_pkg/share/my_nav2_pkg/launch/.vscode/settings.json
[0.691s] -- Installing: /home/seav/Downloads/ros2_ws/install/my_nav2_pkg/share/my_nav2_pkg/launch/localization_launch.py
[0.691s] -- Installing: /home/seav/Downloads/ros2_ws/install/my_nav2_pkg/share/my_nav2_pkg/launch/.navigation_launch.py.swp
[0.691s] -- Installing: /home/seav/Downloads/ros2_ws/install/my_nav2_pkg/share/my_nav2_pkg/config
[0.692s] -- Installing: /home/seav/Downloads/ros2_ws/install/my_nav2_pkg/share/my_nav2_pkg/config/slam_map.rviz
[0.692s] -- Installing: /home/seav/Downloads/ros2_ws/install/my_nav2_pkg/share/my_nav2_pkg/config/amcl.yaml
[0.692s] -- Installing: /home/seav/Downloads/ros2_ws/install/my_nav2_pkg/share/my_nav2_pkg/config/nav2_params.yaml
[0.692s] -- Installing: /home/seav/Downloads/ros2_ws/install/my_nav2_pkg/share/my_nav2_pkg/config/main.rviz
[0.692s] -- Installing: /home/seav/Downloads/ros2_ws/install/my_nav2_pkg/share/my_nav2_pkg/config/mapper_params_online_async.yaml
[0.692s] -- Installing: /home/seav/Downloads/ros2_ws/install/my_nav2_pkg/share/my_nav2_pkg/config/drive_bot.rviz
[0.692s] -- Installing: /home/seav/Downloads/ros2_ws/install/my_nav2_pkg/share/my_nav2_pkg/config/nav.rviz
[0.692s] -- Installing: /home/seav/Downloads/ros2_ws/install/my_nav2_pkg/share/my_nav2_pkg/config/view_bot.rviz
[0.692s] -- Installing: /home/seav/Downloads/ros2_ws/install/my_nav2_pkg/share/my_nav2_pkg/config/maze_map_save.yaml
[0.692s] -- Installing: /home/seav/Downloads/ros2_ws/install/my_nav2_pkg/share/my_nav2_pkg/config/maze_map_save.pgm
[0.693s] -- Installing: /home/seav/Downloads/ros2_ws/install/my_nav2_pkg/share/my_nav2_pkg/config/map.rviz
[0.693s] -- Installing: /home/seav/Downloads/ros2_ws/install/my_nav2_pkg/share/my_nav2_pkg/description
[0.693s] -- Installing: /home/seav/Downloads/ros2_ws/install/my_nav2_pkg/share/my_nav2_pkg/description/lidar.xacro
[0.693s] -- Installing: /home/seav/Downloads/ros2_ws/install/my_nav2_pkg/share/my_nav2_pkg/description/robot.urdf.xacro
[0.693s] -- Installing: /home/seav/Downloads/ros2_ws/install/my_nav2_pkg/share/my_nav2_pkg/description/robot_core.xacro
[0.693s] -- Installing: /home/seav/Downloads/ros2_ws/install/my_nav2_pkg/share/my_nav2_pkg/description/camera.xacro
[0.693s] -- Installing: /home/seav/Downloads/ros2_ws/install/my_nav2_pkg/share/my_nav2_pkg/description/face.xacro
[0.693s] -- Installing: /home/seav/Downloads/ros2_ws/install/my_nav2_pkg/share/my_nav2_pkg/description/depth_camera.xacro
[0.694s] -- Installing: /home/seav/Downloads/ros2_ws/install/my_nav2_pkg/share/my_nav2_pkg/description/gazebo_control.xacro
[0.694s] -- Installing: /home/seav/Downloads/ros2_ws/install/my_nav2_pkg/share/my_nav2_pkg/description/inertial_macros.xacro
[0.694s] -- Installing: /home/seav/Downloads/ros2_ws/install/my_nav2_pkg/share/my_nav2_pkg/worlds
[0.694s] -- Installing: /home/seav/Downloads/ros2_ws/install/my_nav2_pkg/share/ament_index/resource_index/package_run_dependencies/my_nav2_pkg
[0.694s] -- Installing: /home/seav/Downloads/ros2_ws/install/my_nav2_pkg/share/ament_index/resource_index/parent_prefix_path/my_nav2_pkg
[0.694s] -- Installing: /home/seav/Downloads/ros2_ws/install/my_nav2_pkg/share/my_nav2_pkg/environment/ament_prefix_path.sh
[0.695s] -- Installing: /home/seav/Downloads/ros2_ws/install/my_nav2_pkg/share/my_nav2_pkg/environment/ament_prefix_path.dsv
[0.695s] -- Installing: /home/seav/Downloads/ros2_ws/install/my_nav2_pkg/share/my_nav2_pkg/environment/path.sh
[0.695s] -- Installing: /home/seav/Downloads/ros2_ws/install/my_nav2_pkg/share/my_nav2_pkg/environment/path.dsv
[0.695s] -- Installing: /home/seav/Downloads/ros2_ws/install/my_nav2_pkg/share/my_nav2_pkg/local_setup.bash
[0.695s] -- Installing: /home/seav/Downloads/ros2_ws/install/my_nav2_pkg/share/my_nav2_pkg/local_setup.sh
[0.695s] -- Installing: /home/seav/Downloads/ros2_ws/install/my_nav2_pkg/share/my_nav2_pkg/local_setup.zsh
[0.696s] -- Installing: /home/seav/Downloads/ros2_ws/install/my_nav2_pkg/share/my_nav2_pkg/local_setup.dsv
[0.696s] -- Installing: /home/seav/Downloads/ros2_ws/install/my_nav2_pkg/share/my_nav2_pkg/package.dsv
[0.696s] -- Installing: /home/seav/Downloads/ros2_ws/install/my_nav2_pkg/share/ament_index/resource_index/packages/my_nav2_pkg
[0.696s] -- Installing: /home/seav/Downloads/ros2_ws/install/my_nav2_pkg/share/my_nav2_pkg/cmake/my_nav2_pkgConfig.cmake
[0.696s] -- Installing: /home/seav/Downloads/ros2_ws/install/my_nav2_pkg/share/my_nav2_pkg/cmake/my_nav2_pkgConfig-version.cmake
[0.696s] -- Installing: /home/seav/Downloads/ros2_ws/install/my_nav2_pkg/share/my_nav2_pkg/package.xml
[0.698s] Invoked command in '/home/seav/Downloads/ros2_ws/build/my_nav2_pkg' returned '0': CMAKE_PREFIX_PATH=/opt/ros/humble /usr/bin/cmake --install /home/seav/Downloads/ros2_ws/build/my_nav2_pkg
