[0.016s] Invoking command in '/home/user/new_workspace/Autonomous-Robot-Obstacle-Avoidance-with-ROS2/build/auto_robot': CMAKE_PREFIX_PATH=${CMAKE_PREFIX_PATH}:/opt/ros/humble /usr/bin/cmake --build /home/user/new_workspace/Autonomous-Robot-Obstacle-Avoidance-with-ROS2/build/auto_robot -- -j8 -l8
[0.054s] Invoked command in '/home/user/new_workspace/Autonomous-Robot-Obstacle-Avoidance-with-ROS2/build/auto_robot' returned '0': CMAKE_PREFIX_PATH=${CMAKE_PREFIX_PATH}:/opt/ros/humble /usr/bin/cmake --build /home/user/new_workspace/Autonomous-Robot-Obstacle-Avoidance-with-ROS2/build/auto_robot -- -j8 -l8
[0.096s] Invoking command in '/home/user/new_workspace/Autonomous-Robot-Obstacle-Avoidance-with-ROS2/build/auto_robot': CMAKE_PREFIX_PATH=${CMAKE_PREFIX_PATH}:/opt/ros/humble /usr/bin/cmake --install /home/user/new_workspace/Autonomous-Robot-Obstacle-Avoidance-with-ROS2/build/auto_robot
[0.104s] -- Install configuration: ""
[0.105s] -- Up-to-date: /home/user/new_workspace/Autonomous-Robot-Obstacle-Avoidance-with-ROS2/install/auto_robot/share/auto_robot/launch
[0.105s] -- Up-to-date: /home/user/new_workspace/Autonomous-Robot-Obstacle-Avoidance-with-ROS2/install/auto_robot/share/auto_robot/launch/launch_robot.launch.py
[0.105s] -- Up-to-date: /home/user/new_workspace/Autonomous-Robot-Obstacle-Avoidance-with-ROS2/install/auto_robot/share/auto_robot/launch/navigation_launch.py
[0.106s] -- Up-to-date: /home/user/new_workspace/Autonomous-Robot-Obstacle-Avoidance-with-ROS2/install/auto_robot/share/auto_robot/launch/launch_robot.launch.py:Zone.Identifier
[0.106s] -- Up-to-date: /home/user/new_workspace/Autonomous-Robot-Obstacle-Avoidance-with-ROS2/install/auto_robot/share/auto_robot/launch/navigation_launch.py:Zone.Identifier
[0.106s] -- Up-to-date: /home/user/new_workspace/Autonomous-Robot-Obstacle-Avoidance-with-ROS2/install/auto_robot/share/auto_robot/launch/localization_launch.py:Zone.Identifier
[0.107s] -- Up-to-date: /home/user/new_workspace/Autonomous-Robot-Obstacle-Avoidance-with-ROS2/install/auto_robot/share/auto_robot/launch/.vscode
[0.107s] -- Up-to-date: /home/user/new_workspace/Autonomous-Robot-Obstacle-Avoidance-with-ROS2/install/auto_robot/share/auto_robot/launch/.vscode/settings.json
[0.107s] -- Up-to-date: /home/user/new_workspace/Autonomous-Robot-Obstacle-Avoidance-with-ROS2/install/auto_robot/share/auto_robot/launch/.vscode/c_cpp_properties.json
[0.108s] -- Up-to-date: /home/user/new_workspace/Autonomous-Robot-Obstacle-Avoidance-with-ROS2/install/auto_robot/share/auto_robot/launch/launch_sim.launch.py
[0.108s] -- Up-to-date: /home/user/new_workspace/Autonomous-Robot-Obstacle-Avoidance-with-ROS2/install/auto_robot/share/auto_robot/launch/online_async_launch.py:Zone.Identifier
[0.108s] -- Up-to-date: /home/user/new_workspace/Autonomous-Robot-Obstacle-Avoidance-with-ROS2/install/auto_robot/share/auto_robot/launch/rsp.launch.py
[0.109s] -- Up-to-date: /home/user/new_workspace/Autonomous-Robot-Obstacle-Avoidance-with-ROS2/install/auto_robot/share/auto_robot/launch/online_async_launch.py
[0.109s] -- Up-to-date: /home/user/new_workspace/Autonomous-Robot-Obstacle-Avoidance-with-ROS2/install/auto_robot/share/auto_robot/launch/localization_launch.py
[0.109s] -- Up-to-date: /home/user/new_workspace/Autonomous-Robot-Obstacle-Avoidance-with-ROS2/install/auto_robot/share/auto_robot/config
[0.109s] -- Up-to-date: /home/user/new_workspace/Autonomous-Robot-Obstacle-Avoidance-with-ROS2/install/auto_robot/share/auto_robot/config/gazebo_params.yaml
[0.109s] -- Up-to-date: /home/user/new_workspace/Autonomous-Robot-Obstacle-Avoidance-with-ROS2/install/auto_robot/share/auto_robot/config/view_bot.rviz
[0.109s] -- Up-to-date: /home/user/new_workspace/Autonomous-Robot-Obstacle-Avoidance-with-ROS2/install/auto_robot/share/auto_robot/config/nav2_params.yaml
[0.109s] -- Up-to-date: /home/user/new_workspace/Autonomous-Robot-Obstacle-Avoidance-with-ROS2/install/auto_robot/share/auto_robot/config/map.rviz
[0.110s] -- Up-to-date: /home/user/new_workspace/Autonomous-Robot-Obstacle-Avoidance-with-ROS2/install/auto_robot/share/auto_robot/config/my_controllers.yaml:Zone.Identifier
[0.110s] -- Up-to-date: /home/user/new_workspace/Autonomous-Robot-Obstacle-Avoidance-with-ROS2/install/auto_robot/share/auto_robot/config/mapper_params_online_async.yaml
[0.110s] -- Up-to-date: /home/user/new_workspace/Autonomous-Robot-Obstacle-Avoidance-with-ROS2/install/auto_robot/share/auto_robot/config/drive_bot.rviz
[0.110s] -- Up-to-date: /home/user/new_workspace/Autonomous-Robot-Obstacle-Avoidance-with-ROS2/install/auto_robot/share/auto_robot/config/empty.yaml
[0.110s] -- Up-to-date: /home/user/new_workspace/Autonomous-Robot-Obstacle-Avoidance-with-ROS2/install/auto_robot/share/auto_robot/config/twist_mux.yaml
[0.110s] -- Up-to-date: /home/user/new_workspace/Autonomous-Robot-Obstacle-Avoidance-with-ROS2/install/auto_robot/share/auto_robot/config/slam_map.rviz
[0.110s] -- Up-to-date: /home/user/new_workspace/Autonomous-Robot-Obstacle-Avoidance-with-ROS2/install/auto_robot/share/auto_robot/config/nav.rviz
[0.110s] -- Up-to-date: /home/user/new_workspace/Autonomous-Robot-Obstacle-Avoidance-with-ROS2/install/auto_robot/share/auto_robot/config/my_controllers.yaml
[0.110s] -- Up-to-date: /home/user/new_workspace/Autonomous-Robot-Obstacle-Avoidance-with-ROS2/install/auto_robot/share/auto_robot/config/main.rviz
[0.110s] -- Up-to-date: /home/user/new_workspace/Autonomous-Robot-Obstacle-Avoidance-with-ROS2/install/auto_robot/share/auto_robot/description
[0.111s] -- Up-to-date: /home/user/new_workspace/Autonomous-Robot-Obstacle-Avoidance-with-ROS2/install/auto_robot/share/auto_robot/description/camera.xacro
[0.112s] -- Up-to-date: /home/user/new_workspace/Autonomous-Robot-Obstacle-Avoidance-with-ROS2/install/auto_robot/share/auto_robot/description/robot_core.xacro
[0.112s] -- Up-to-date: /home/user/new_workspace/Autonomous-Robot-Obstacle-Avoidance-with-ROS2/install/auto_robot/share/auto_robot/description/gazebo_control.xacro
[0.113s] -- Installing: /home/user/new_workspace/Autonomous-Robot-Obstacle-Avoidance-with-ROS2/install/auto_robot/share/auto_robot/description/robot.urdf.xacro
[0.114s] -- Up-to-date: /home/user/new_workspace/Autonomous-Robot-Obstacle-Avoidance-with-ROS2/install/auto_robot/share/auto_robot/description/face.xacro
[0.114s] -- Up-to-date: /home/user/new_workspace/Autonomous-Robot-Obstacle-Avoidance-with-ROS2/install/auto_robot/share/auto_robot/description/lidar.xacro
[0.114s] -- Up-to-date: /home/user/new_workspace/Autonomous-Robot-Obstacle-Avoidance-with-ROS2/install/auto_robot/share/auto_robot/description/inertial_macros.xacro
[0.114s] -- Up-to-date: /home/user/new_workspace/Autonomous-Robot-Obstacle-Avoidance-with-ROS2/install/auto_robot/share/auto_robot/description/depth_camera.xacro
[0.114s] -- Up-to-date: /home/user/new_workspace/Autonomous-Robot-Obstacle-Avoidance-with-ROS2/install/auto_robot/share/auto_robot/worlds
[0.115s] -- Up-to-date: /home/user/new_workspace/Autonomous-Robot-Obstacle-Avoidance-with-ROS2/install/auto_robot/share/auto_robot/worlds/empty.world
[0.115s] -- Up-to-date: /home/user/new_workspace/Autonomous-Robot-Obstacle-Avoidance-with-ROS2/install/auto_robot/share/auto_robot/worlds/maze.world
[0.115s] -- Up-to-date: /home/user/new_workspace/Autonomous-Robot-Obstacle-Avoidance-with-ROS2/install/auto_robot/share/ament_index/resource_index/package_run_dependencies/auto_robot
[0.115s] -- Up-to-date: /home/user/new_workspace/Autonomous-Robot-Obstacle-Avoidance-with-ROS2/install/auto_robot/share/ament_index/resource_index/parent_prefix_path/auto_robot
[0.115s] -- Up-to-date: /home/user/new_workspace/Autonomous-Robot-Obstacle-Avoidance-with-ROS2/install/auto_robot/share/auto_robot/environment/ament_prefix_path.sh
[0.115s] -- Up-to-date: /home/user/new_workspace/Autonomous-Robot-Obstacle-Avoidance-with-ROS2/install/auto_robot/share/auto_robot/environment/ament_prefix_path.dsv
[0.116s] -- Up-to-date: /home/user/new_workspace/Autonomous-Robot-Obstacle-Avoidance-with-ROS2/install/auto_robot/share/auto_robot/environment/path.sh
[0.116s] -- Up-to-date: /home/user/new_workspace/Autonomous-Robot-Obstacle-Avoidance-with-ROS2/install/auto_robot/share/auto_robot/environment/path.dsv
[0.116s] -- Up-to-date: /home/user/new_workspace/Autonomous-Robot-Obstacle-Avoidance-with-ROS2/install/auto_robot/share/auto_robot/local_setup.bash
[0.116s] -- Up-to-date: /home/user/new_workspace/Autonomous-Robot-Obstacle-Avoidance-with-ROS2/install/auto_robot/share/auto_robot/local_setup.sh
[0.117s] -- Up-to-date: /home/user/new_workspace/Autonomous-Robot-Obstacle-Avoidance-with-ROS2/install/auto_robot/share/auto_robot/local_setup.zsh
[0.117s] -- Up-to-date: /home/user/new_workspace/Autonomous-Robot-Obstacle-Avoidance-with-ROS2/install/auto_robot/share/auto_robot/local_setup.dsv
[0.117s] -- Installing: /home/user/new_workspace/Autonomous-Robot-Obstacle-Avoidance-with-ROS2/install/auto_robot/share/auto_robot/package.dsv
[0.117s] -- Up-to-date: /home/user/new_workspace/Autonomous-Robot-Obstacle-Avoidance-with-ROS2/install/auto_robot/share/ament_index/resource_index/packages/auto_robot
[0.117s] -- Up-to-date: /home/user/new_workspace/Autonomous-Robot-Obstacle-Avoidance-with-ROS2/install/auto_robot/share/auto_robot/cmake/auto_robotConfig.cmake
[0.118s] -- Up-to-date: /home/user/new_workspace/Autonomous-Robot-Obstacle-Avoidance-with-ROS2/install/auto_robot/share/auto_robot/cmake/auto_robotConfig-version.cmake
[0.118s] -- Up-to-date: /home/user/new_workspace/Autonomous-Robot-Obstacle-Avoidance-with-ROS2/install/auto_robot/share/auto_robot/package.xml
[0.119s] Invoked command in '/home/user/new_workspace/Autonomous-Robot-Obstacle-Avoidance-with-ROS2/build/auto_robot' returned '0': CMAKE_PREFIX_PATH=${CMAKE_PREFIX_PATH}:/opt/ros/humble /usr/bin/cmake --install /home/user/new_workspace/Autonomous-Robot-Obstacle-Avoidance-with-ROS2/build/auto_robot
