[1.098s] Invoking command in '/home/user/testing/example11_ws1/build/my_robot_hardware_interface': CMAKE_PREFIX_PATH=${CMAKE_PREFIX_PATH}:/home/user/testing/example11_ws1/install/ros2_control_demo_testing:/home/user/workspace_world/ws_1/install/ros2_control_demo_testing:/home/user/ros2_ws/install/workspace_mapping:/home/user/ros2_ws/install/my_robot_controller:/home/user/ros2_ws/install/fake_imu_package:/home/user/turtlebot3_ws/install/turtlebot3_teleop:/home/user/turtlebot3_ws/install/turtlebot3_example:/opt/ros/humble /usr/bin/cmake --build /home/user/testing/example11_ws1/build/my_robot_hardware_interface -- -j8 -l8
[1.197s] Invoked command in '/home/user/testing/example11_ws1/build/my_robot_hardware_interface' returned '0': CMAKE_PREFIX_PATH=${CMAKE_PREFIX_PATH}:/home/user/testing/example11_ws1/install/ros2_control_demo_testing:/home/user/workspace_world/ws_1/install/ros2_control_demo_testing:/home/user/ros2_ws/install/workspace_mapping:/home/user/ros2_ws/install/my_robot_controller:/home/user/ros2_ws/install/fake_imu_package:/home/user/turtlebot3_ws/install/turtlebot3_teleop:/home/user/turtlebot3_ws/install/turtlebot3_example:/opt/ros/humble /usr/bin/cmake --build /home/user/testing/example11_ws1/build/my_robot_hardware_interface -- -j8 -l8
[1.290s] Invoking command in '/home/user/testing/example11_ws1/build/my_robot_hardware_interface': CMAKE_PREFIX_PATH=${CMAKE_PREFIX_PATH}:/home/user/testing/example11_ws1/install/ros2_control_demo_testing:/home/user/workspace_world/ws_1/install/ros2_control_demo_testing:/home/user/ros2_ws/install/workspace_mapping:/home/user/ros2_ws/install/my_robot_controller:/home/user/ros2_ws/install/fake_imu_package:/home/user/turtlebot3_ws/install/turtlebot3_teleop:/home/user/turtlebot3_ws/install/turtlebot3_example:/opt/ros/humble /usr/bin/cmake --install /home/user/testing/example11_ws1/build/my_robot_hardware_interface
[1.326s] -- Install configuration: ""
[1.326s] -- Up-to-date: /home/user/testing/example11_ws1/install/my_robot_hardware_interface/share/my_robot_hardware_interface/launch
[1.326s] -- Up-to-date: /home/user/testing/example11_ws1/install/my_robot_hardware_interface/share/my_robot_hardware_interface/launch/my_robot_control.launch.py
[1.327s] -- Up-to-date: /home/user/testing/example11_ws1/install/my_robot_hardware_interface/share/ament_index/resource_index/package_run_dependencies/my_robot_hardware_interface
[1.327s] -- Up-to-date: /home/user/testing/example11_ws1/install/my_robot_hardware_interface/share/ament_index/resource_index/parent_prefix_path/my_robot_hardware_interface
[1.327s] -- Up-to-date: /home/user/testing/example11_ws1/install/my_robot_hardware_interface/share/my_robot_hardware_interface/environment/ament_prefix_path.sh
[1.327s] -- Up-to-date: /home/user/testing/example11_ws1/install/my_robot_hardware_interface/share/my_robot_hardware_interface/environment/ament_prefix_path.dsv
[1.327s] -- Up-to-date: /home/user/testing/example11_ws1/install/my_robot_hardware_interface/share/my_robot_hardware_interface/environment/path.sh
[1.327s] -- Up-to-date: /home/user/testing/example11_ws1/install/my_robot_hardware_interface/share/my_robot_hardware_interface/environment/path.dsv
[1.328s] -- Up-to-date: /home/user/testing/example11_ws1/install/my_robot_hardware_interface/share/my_robot_hardware_interface/local_setup.bash
[1.328s] -- Up-to-date: /home/user/testing/example11_ws1/install/my_robot_hardware_interface/share/my_robot_hardware_interface/local_setup.sh
[1.328s] -- Up-to-date: /home/user/testing/example11_ws1/install/my_robot_hardware_interface/share/my_robot_hardware_interface/local_setup.zsh
[1.328s] -- Up-to-date: /home/user/testing/example11_ws1/install/my_robot_hardware_interface/share/my_robot_hardware_interface/local_setup.dsv
[1.328s] -- Installing: /home/user/testing/example11_ws1/install/my_robot_hardware_interface/share/my_robot_hardware_interface/package.dsv
[1.345s] -- Up-to-date: /home/user/testing/example11_ws1/install/my_robot_hardware_interface/share/ament_index/resource_index/packages/my_robot_hardware_interface
[1.347s] -- Up-to-date: /home/user/testing/example11_ws1/install/my_robot_hardware_interface/share/my_robot_hardware_interface/cmake/my_robot_hardware_interfaceConfig.cmake
[1.348s] -- Up-to-date: /home/user/testing/example11_ws1/install/my_robot_hardware_interface/share/my_robot_hardware_interface/cmake/my_robot_hardware_interfaceConfig-version.cmake
[1.348s] -- Up-to-date: /home/user/testing/example11_ws1/install/my_robot_hardware_interface/share/my_robot_hardware_interface/package.xml
[1.349s] Invoked command in '/home/user/testing/example11_ws1/build/my_robot_hardware_interface' returned '0': CMAKE_PREFIX_PATH=${CMAKE_PREFIX_PATH}:/home/user/testing/example11_ws1/install/ros2_control_demo_testing:/home/user/workspace_world/ws_1/install/ros2_control_demo_testing:/home/user/ros2_ws/install/workspace_mapping:/home/user/ros2_ws/install/my_robot_controller:/home/user/ros2_ws/install/fake_imu_package:/home/user/turtlebot3_ws/install/turtlebot3_teleop:/home/user/turtlebot3_ws/install/turtlebot3_example:/opt/ros/humble /usr/bin/cmake --install /home/user/testing/example11_ws1/build/my_robot_hardware_interface
