-- Install configuration: ""
-- Up-to-date: /home/user/new_workspace/Autonomous-Robot-Obstacle-Avoidance-with-ROS2/install/auto_robot/share/auto_robot/launch
-- Installing: /home/user/new_workspace/Autonomous-Robot-Obstacle-Avoidance-with-ROS2/install/auto_robot/share/auto_robot/launch/launch_robot.launch.py
-- Installing: /home/user/new_workspace/Autonomous-Robot-Obstacle-Avoidance-with-ROS2/install/auto_robot/share/auto_robot/launch/navigation_launch.py
-- Installing: /home/user/new_workspace/Autonomous-Robot-Obstacle-Avoidance-with-ROS2/install/auto_robot/share/auto_robot/launch/launch_robot.launch.py:Zone.Identifier
-- Installing: /home/user/new_workspace/Autonomous-Robot-Obstacle-Avoidance-with-ROS2/install/auto_robot/share/auto_robot/launch/navigation_launch.py:Zone.Identifier
-- Installing: /home/user/new_workspace/Autonomous-Robot-Obstacle-Avoidance-with-ROS2/install/auto_robot/share/auto_robot/launch/localization_launch.py:Zone.Identifier
-- Installing: /home/user/new_workspace/Autonomous-Robot-Obstacle-Avoidance-with-ROS2/install/auto_robot/share/auto_robot/launch/.vscode
-- Installing: /home/user/new_workspace/Autonomous-Robot-Obstacle-Avoidance-with-ROS2/install/auto_robot/share/auto_robot/launch/.vscode/settings.json
-- Installing: /home/user/new_workspace/Autonomous-Robot-Obstacle-Avoidance-with-ROS2/install/auto_robot/share/auto_robot/launch/.vscode/c_cpp_properties.json
-- Up-to-date: /home/user/new_workspace/Autonomous-Robot-Obstacle-Avoidance-with-ROS2/install/auto_robot/share/auto_robot/launch/launch_sim.launch.py
-- Installing: /home/user/new_workspace/Autonomous-Robot-Obstacle-Avoidance-with-ROS2/install/auto_robot/share/auto_robot/launch/online_async_launch.py:Zone.Identifier
-- Up-to-date: /home/user/new_workspace/Autonomous-Robot-Obstacle-Avoidance-with-ROS2/install/auto_robot/share/auto_robot/launch/rsp.launch.py
-- Installing: /home/user/new_workspace/Autonomous-Robot-Obstacle-Avoidance-with-ROS2/install/auto_robot/share/auto_robot/launch/online_async_launch.py
-- Installing: /home/user/new_workspace/Autonomous-Robot-Obstacle-Avoidance-with-ROS2/install/auto_robot/share/auto_robot/launch/localization_launch.py
-- Up-to-date: /home/user/new_workspace/Autonomous-Robot-Obstacle-Avoidance-with-ROS2/install/auto_robot/share/auto_robot/config
-- Up-to-date: /home/user/new_workspace/Autonomous-Robot-Obstacle-Avoidance-with-ROS2/install/auto_robot/share/auto_robot/config/gazebo_params.yaml
-- Up-to-date: /home/user/new_workspace/Autonomous-Robot-Obstacle-Avoidance-with-ROS2/install/auto_robot/share/auto_robot/config/view_bot.rviz
-- Up-to-date: /home/user/new_workspace/Autonomous-Robot-Obstacle-Avoidance-with-ROS2/install/auto_robot/share/auto_robot/config/nav2_params.yaml
-- Up-to-date: /home/user/new_workspace/Autonomous-Robot-Obstacle-Avoidance-with-ROS2/install/auto_robot/share/auto_robot/config/map.rviz
-- Up-to-date: /home/user/new_workspace/Autonomous-Robot-Obstacle-Avoidance-with-ROS2/install/auto_robot/share/auto_robot/config/mapper_params_online_async.yaml
-- Up-to-date: /home/user/new_workspace/Autonomous-Robot-Obstacle-Avoidance-with-ROS2/install/auto_robot/share/auto_robot/config/drive_bot.rviz
-- Up-to-date: /home/user/new_workspace/Autonomous-Robot-Obstacle-Avoidance-with-ROS2/install/auto_robot/share/auto_robot/config/empty.yaml
-- Up-to-date: /home/user/new_workspace/Autonomous-Robot-Obstacle-Avoidance-with-ROS2/install/auto_robot/share/auto_robot/config/twist_mux.yaml
-- Up-to-date: /home/user/new_workspace/Autonomous-Robot-Obstacle-Avoidance-with-ROS2/install/auto_robot/share/auto_robot/config/slam_map.rviz
-- Up-to-date: /home/user/new_workspace/Autonomous-Robot-Obstacle-Avoidance-with-ROS2/install/auto_robot/share/auto_robot/config/nav.rviz
-- Up-to-date: /home/user/new_workspace/Autonomous-Robot-Obstacle-Avoidance-with-ROS2/install/auto_robot/share/auto_robot/config/main.rviz
-- Up-to-date: /home/user/new_workspace/Autonomous-Robot-Obstacle-Avoidance-with-ROS2/install/auto_robot/share/auto_robot/description
-- Up-to-date: /home/user/new_workspace/Autonomous-Robot-Obstacle-Avoidance-with-ROS2/install/auto_robot/share/auto_robot/description/camera.xacro
-- Up-to-date: /home/user/new_workspace/Autonomous-Robot-Obstacle-Avoidance-with-ROS2/install/auto_robot/share/auto_robot/description/robot_core.xacro
-- Up-to-date: /home/user/new_workspace/Autonomous-Robot-Obstacle-Avoidance-with-ROS2/install/auto_robot/share/auto_robot/description/gazebo_control.xacro
-- Up-to-date: /home/user/new_workspace/Autonomous-Robot-Obstacle-Avoidance-with-ROS2/install/auto_robot/share/auto_robot/description/robot.urdf.xacro
-- Up-to-date: /home/user/new_workspace/Autonomous-Robot-Obstacle-Avoidance-with-ROS2/install/auto_robot/share/auto_robot/description/face.xacro
-- Up-to-date: /home/user/new_workspace/Autonomous-Robot-Obstacle-Avoidance-with-ROS2/install/auto_robot/share/auto_robot/description/lidar.xacro
-- Up-to-date: /home/user/new_workspace/Autonomous-Robot-Obstacle-Avoidance-with-ROS2/install/auto_robot/share/auto_robot/description/inertial_macros.xacro
-- Up-to-date: /home/user/new_workspace/Autonomous-Robot-Obstacle-Avoidance-with-ROS2/install/auto_robot/share/auto_robot/description/depth_camera.xacro
-- Up-to-date: /home/user/new_workspace/Autonomous-Robot-Obstacle-Avoidance-with-ROS2/install/auto_robot/share/auto_robot/worlds
-- Up-to-date: /home/user/new_workspace/Autonomous-Robot-Obstacle-Avoidance-with-ROS2/install/auto_robot/share/auto_robot/worlds/empty.world
-- Up-to-date: /home/user/new_workspace/Autonomous-Robot-Obstacle-Avoidance-with-ROS2/install/auto_robot/share/auto_robot/worlds/maze.world
-- Up-to-date: /home/user/new_workspace/Autonomous-Robot-Obstacle-Avoidance-with-ROS2/install/auto_robot/share/ament_index/resource_index/package_run_dependencies/auto_robot
-- Up-to-date: /home/user/new_workspace/Autonomous-Robot-Obstacle-Avoidance-with-ROS2/install/auto_robot/share/ament_index/resource_index/parent_prefix_path/auto_robot
-- Up-to-date: /home/user/new_workspace/Autonomous-Robot-Obstacle-Avoidance-with-ROS2/install/auto_robot/share/auto_robot/environment/ament_prefix_path.sh
-- Up-to-date: /home/user/new_workspace/Autonomous-Robot-Obstacle-Avoidance-with-ROS2/install/auto_robot/share/auto_robot/environment/ament_prefix_path.dsv
-- Up-to-date: /home/user/new_workspace/Autonomous-Robot-Obstacle-Avoidance-with-ROS2/install/auto_robot/share/auto_robot/environment/path.sh
-- Up-to-date: /home/user/new_workspace/Autonomous-Robot-Obstacle-Avoidance-with-ROS2/install/auto_robot/share/auto_robot/environment/path.dsv
-- Up-to-date: /home/user/new_workspace/Autonomous-Robot-Obstacle-Avoidance-with-ROS2/install/auto_robot/share/auto_robot/local_setup.bash
-- Up-to-date: /home/user/new_workspace/Autonomous-Robot-Obstacle-Avoidance-with-ROS2/install/auto_robot/share/auto_robot/local_setup.sh
-- Up-to-date: /home/user/new_workspace/Autonomous-Robot-Obstacle-Avoidance-with-ROS2/install/auto_robot/share/auto_robot/local_setup.zsh
-- Up-to-date: /home/user/new_workspace/Autonomous-Robot-Obstacle-Avoidance-with-ROS2/install/auto_robot/share/auto_robot/local_setup.dsv
-- Up-to-date: /home/user/new_workspace/Autonomous-Robot-Obstacle-Avoidance-with-ROS2/install/auto_robot/share/auto_robot/package.dsv
-- Up-to-date: /home/user/new_workspace/Autonomous-Robot-Obstacle-Avoidance-with-ROS2/install/auto_robot/share/ament_index/resource_index/packages/auto_robot
-- Up-to-date: /home/user/new_workspace/Autonomous-Robot-Obstacle-Avoidance-with-ROS2/install/auto_robot/share/auto_robot/cmake/auto_robotConfig.cmake
-- Up-to-date: /home/user/new_workspace/Autonomous-Robot-Obstacle-Avoidance-with-ROS2/install/auto_robot/share/auto_robot/cmake/auto_robotConfig-version.cmake
-- Up-to-date: /home/user/new_workspace/Autonomous-Robot-Obstacle-Avoidance-with-ROS2/install/auto_robot/share/auto_robot/package.xml
