[0.404s] Invoking command in '/home/fazilashraf/ros2_ws/build/my_robot_controller': PYTHONPATH=/home/fazilashraf/ros2_ws/build/my_robot_controller/prefix_override:/usr/lib/python3/dist-packages/colcon_core/task/python/colcon_distutils_commands:/home/fazilashraf/ros2_ws/install/my_robot_controller/lib/python3.10/site-packages:${PYTHONPATH} /usr/bin/python3 -W ignore:setup.py install is deprecated setup.py develop --editable --build-directory /home/fazilashraf/ros2_ws/build/my_robot_controller/build --no-deps symlink_data --force
[0.562s] running develop
[0.564s] /usr/lib/python3/dist-packages/setuptools/command/easy_install.py:158: EasyInstallDeprecationWarning: easy_install command is deprecated. Use build and pip and other standards-based tools.
[0.564s]   warnings.warn(
[0.653s] running egg_info
[0.653s] writing my_robot_controller.egg-info/PKG-INFO
[0.653s] writing dependency_links to my_robot_controller.egg-info/dependency_links.txt
[0.653s] writing entry points to my_robot_controller.egg-info/entry_points.txt
[0.653s] writing requirements to my_robot_controller.egg-info/requires.txt
[0.654s] writing top-level names to my_robot_controller.egg-info/top_level.txt
[0.655s] reading manifest file 'my_robot_controller.egg-info/SOURCES.txt'
[0.655s] writing manifest file 'my_robot_controller.egg-info/SOURCES.txt'
[0.656s] running build_ext
[0.656s] Creating /home/fazilashraf/ros2_ws/install/my_robot_controller/lib/python3.10/site-packages/my-robot-controller.egg-link (link to .)
[0.657s] Installing test_node script to /home/fazilashraf/ros2_ws/install/my_robot_controller/lib/my_robot_controller
[0.657s] 
[0.657s] Installed /home/fazilashraf/ros2_ws/build/my_robot_controller
[0.657s] running symlink_data
[0.657s] symbolically linking /home/fazilashraf/ros2_ws/build/my_robot_controller/resource/my_robot_controller -> /home/fazilashraf/ros2_ws/install/my_robot_controller/share/ament_index/resource_index/packages
[0.657s] symbolically linking /home/fazilashraf/ros2_ws/build/my_robot_controller/package.xml -> /home/fazilashraf/ros2_ws/install/my_robot_controller/share/my_robot_controller
[0.680s] Invoked command in '/home/fazilashraf/ros2_ws/build/my_robot_controller' returned '0': PYTHONPATH=/home/fazilashraf/ros2_ws/build/my_robot_controller/prefix_override:/usr/lib/python3/dist-packages/colcon_core/task/python/colcon_distutils_commands:/home/fazilashraf/ros2_ws/install/my_robot_controller/lib/python3.10/site-packages:${PYTHONPATH} /usr/bin/python3 -W ignore:setup.py install is deprecated setup.py develop --editable --build-directory /home/fazilashraf/ros2_ws/build/my_robot_controller/build --no-deps symlink_data --force
