[0.438s] DEBUG:colcon:Command line arguments: ['/usr/bin/colcon', 'build', '--packages-select', 'ros2_control_demo_example_11']
[0.438s] DEBUG:colcon:Parsed command line arguments: Namespace(log_base=None, log_level=None, verb_name='build', build_base='build', install_base='install', merge_install=False, symlink_install=False, test_result_base=None, continue_on_error=False, executor='parallel', parallel_workers=8, event_handlers=None, ignore_user_meta=False, metas=['./colcon.meta'], base_paths=['.'], packages_ignore=None, packages_ignore_regex=None, paths=None, packages_up_to=None, packages_up_to_regex=None, packages_above=None, packages_above_and_dependencies=None, packages_above_depth=None, packages_select_by_dep=None, packages_skip_by_dep=None, packages_skip_up_to=None, packages_select_build_failed=False, packages_skip_build_finished=False, packages_select_test_failures=False, packages_skip_test_passed=False, packages_select=['ros2_control_demo_example_11'], packages_skip=None, packages_select_regex=None, packages_skip_regex=None, packages_start=None, packages_end=None, allow_overriding=[], cmake_args=None, cmake_target=None, cmake_target_skip_unavailable=False, cmake_clean_cache=False, cmake_clean_first=False, cmake_force_configure=False, ament_cmake_args=None, catkin_cmake_args=None, catkin_skip_building_tests=False, verb_parser=<colcon_defaults.argument_parser.defaults.DefaultArgumentsDecorator object at 0x7efd6a66e770>, verb_extension=<colcon_core.verb.build.BuildVerb object at 0x7efd6a66e260>, main=<bound method BuildVerb.main of <colcon_core.verb.build.BuildVerb object at 0x7efd6a66e260>>)
[0.754s] Level 1:colcon.colcon_core.package_discovery:discover_packages(colcon_meta) check parameters
[0.754s] Level 1:colcon.colcon_core.package_discovery:discover_packages(recursive) check parameters
[0.754s] Level 1:colcon.colcon_core.package_discovery:discover_packages(ignore) check parameters
[0.754s] Level 1:colcon.colcon_core.package_discovery:discover_packages(path) check parameters
[0.754s] Level 1:colcon.colcon_core.package_discovery:discover_packages(colcon_meta) discover
[0.754s] Level 1:colcon.colcon_core.package_discovery:discover_packages(recursive) discover
[0.754s] INFO:colcon.colcon_core.package_discovery:Crawling recursively for packages in '/home/user/testing/example11_ws1'
[0.755s] Level 1:colcon.colcon_core.package_identification:_identify(.) by extensions ['ignore', 'ignore_ament_install']
[0.755s] Level 1:colcon.colcon_core.package_identification:_identify(.) by extension 'ignore'
[0.755s] Level 1:colcon.colcon_core.package_identification:_identify(.) by extension 'ignore_ament_install'
[0.755s] Level 1:colcon.colcon_core.package_identification:_identify(.) by extensions ['colcon_pkg']
[0.755s] Level 1:colcon.colcon_core.package_identification:_identify(.) by extension 'colcon_pkg'
[0.755s] Level 1:colcon.colcon_core.package_identification:_identify(.) by extensions ['colcon_meta']
[0.755s] Level 1:colcon.colcon_core.package_identification:_identify(.) by extension 'colcon_meta'
[0.755s] Level 1:colcon.colcon_core.package_identification:_identify(.) by extensions ['ros']
[0.755s] Level 1:colcon.colcon_core.package_identification:_identify(.) by extension 'ros'
[0.785s] Level 1:colcon.colcon_core.package_identification:_identify(.) by extensions ['cmake', 'python']
[0.785s] Level 1:colcon.colcon_core.package_identification:_identify(.) by extension 'cmake'
[0.785s] Level 1:colcon.colcon_core.package_identification:_identify(.) by extension 'python'
[0.785s] Level 1:colcon.colcon_core.package_identification:_identify(.) by extensions ['python_setup_py']
[0.785s] Level 1:colcon.colcon_core.package_identification:_identify(.) by extension 'python_setup_py'
[0.786s] Level 1:colcon.colcon_core.package_identification:_identify(build) by extensions ['ignore', 'ignore_ament_install']
[0.786s] Level 1:colcon.colcon_core.package_identification:_identify(build) by extension 'ignore'
[0.786s] Level 1:colcon.colcon_core.package_identification:_identify(build) ignored
[0.787s] Level 1:colcon.colcon_core.package_identification:_identify(install) by extensions ['ignore', 'ignore_ament_install']
[0.787s] Level 1:colcon.colcon_core.package_identification:_identify(install) by extension 'ignore'
[0.787s] Level 1:colcon.colcon_core.package_identification:_identify(install) ignored
[0.787s] Level 1:colcon.colcon_core.package_identification:_identify(log) by extensions ['ignore', 'ignore_ament_install']
[0.787s] Level 1:colcon.colcon_core.package_identification:_identify(log) by extension 'ignore'
[0.787s] Level 1:colcon.colcon_core.package_identification:_identify(log) ignored
[0.788s] Level 1:colcon.colcon_core.package_identification:_identify(src) by extensions ['ignore', 'ignore_ament_install']
[0.788s] Level 1:colcon.colcon_core.package_identification:_identify(src) by extension 'ignore'
[0.788s] Level 1:colcon.colcon_core.package_identification:_identify(src) by extension 'ignore_ament_install'
[0.788s] Level 1:colcon.colcon_core.package_identification:_identify(src) by extensions ['colcon_pkg']
[0.788s] Level 1:colcon.colcon_core.package_identification:_identify(src) by extension 'colcon_pkg'
[0.788s] Level 1:colcon.colcon_core.package_identification:_identify(src) by extensions ['colcon_meta']
[0.788s] Level 1:colcon.colcon_core.package_identification:_identify(src) by extension 'colcon_meta'
[0.788s] Level 1:colcon.colcon_core.package_identification:_identify(src) by extensions ['ros']
[0.788s] Level 1:colcon.colcon_core.package_identification:_identify(src) by extension 'ros'
[0.788s] Level 1:colcon.colcon_core.package_identification:_identify(src) by extensions ['cmake', 'python']
[0.788s] Level 1:colcon.colcon_core.package_identification:_identify(src) by extension 'cmake'
[0.788s] Level 1:colcon.colcon_core.package_identification:_identify(src) by extension 'python'
[0.788s] Level 1:colcon.colcon_core.package_identification:_identify(src) by extensions ['python_setup_py']
[0.788s] Level 1:colcon.colcon_core.package_identification:_identify(src) by extension 'python_setup_py'
[0.788s] Level 1:colcon.colcon_core.package_identification:_identify(src/example_11) by extensions ['ignore', 'ignore_ament_install']
[0.789s] Level 1:colcon.colcon_core.package_identification:_identify(src/example_11) by extension 'ignore'
[0.789s] Level 1:colcon.colcon_core.package_identification:_identify(src/example_11) by extension 'ignore_ament_install'
[0.789s] Level 1:colcon.colcon_core.package_identification:_identify(src/example_11) by extensions ['colcon_pkg']
[0.789s] Level 1:colcon.colcon_core.package_identification:_identify(src/example_11) by extension 'colcon_pkg'
[0.789s] Level 1:colcon.colcon_core.package_identification:_identify(src/example_11) by extensions ['colcon_meta']
[0.789s] Level 1:colcon.colcon_core.package_identification:_identify(src/example_11) by extension 'colcon_meta'
[0.789s] Level 1:colcon.colcon_core.package_identification:_identify(src/example_11) by extensions ['ros']
[0.789s] Level 1:colcon.colcon_core.package_identification:_identify(src/example_11) by extension 'ros'
[0.793s] DEBUG:colcon.colcon_core.package_identification:Package 'src/example_11' with type 'ros.ament_cmake' and name 'ros2_control_demo_example_11'
[0.793s] Level 1:colcon.colcon_core.package_identification:_identify(src/my_robot_hardware_interface) by extensions ['ignore', 'ignore_ament_install']
[0.793s] Level 1:colcon.colcon_core.package_identification:_identify(src/my_robot_hardware_interface) by extension 'ignore'
[0.793s] Level 1:colcon.colcon_core.package_identification:_identify(src/my_robot_hardware_interface) by extension 'ignore_ament_install'
[0.794s] Level 1:colcon.colcon_core.package_identification:_identify(src/my_robot_hardware_interface) by extensions ['colcon_pkg']
[0.794s] Level 1:colcon.colcon_core.package_identification:_identify(src/my_robot_hardware_interface) by extension 'colcon_pkg'
[0.794s] Level 1:colcon.colcon_core.package_identification:_identify(src/my_robot_hardware_interface) by extensions ['colcon_meta']
[0.794s] Level 1:colcon.colcon_core.package_identification:_identify(src/my_robot_hardware_interface) by extension 'colcon_meta'
[0.794s] Level 1:colcon.colcon_core.package_identification:_identify(src/my_robot_hardware_interface) by extensions ['ros']
[0.794s] Level 1:colcon.colcon_core.package_identification:_identify(src/my_robot_hardware_interface) by extension 'ros'
[0.795s] DEBUG:colcon.colcon_core.package_identification:Package 'src/my_robot_hardware_interface' with type 'ros.ament_cmake' and name 'my_robot_hardware_interface'
[0.795s] Level 1:colcon.colcon_core.package_identification:_identify(src/ros2_control_demo_description) by extensions ['ignore', 'ignore_ament_install']
[0.795s] Level 1:colcon.colcon_core.package_identification:_identify(src/ros2_control_demo_description) by extension 'ignore'
[0.795s] Level 1:colcon.colcon_core.package_identification:_identify(src/ros2_control_demo_description) by extension 'ignore_ament_install'
[0.795s] Level 1:colcon.colcon_core.package_identification:_identify(src/ros2_control_demo_description) by extensions ['colcon_pkg']
[0.795s] Level 1:colcon.colcon_core.package_identification:_identify(src/ros2_control_demo_description) by extension 'colcon_pkg'
[0.795s] Level 1:colcon.colcon_core.package_identification:_identify(src/ros2_control_demo_description) by extensions ['colcon_meta']
[0.795s] Level 1:colcon.colcon_core.package_identification:_identify(src/ros2_control_demo_description) by extension 'colcon_meta'
[0.795s] Level 1:colcon.colcon_core.package_identification:_identify(src/ros2_control_demo_description) by extensions ['ros']
[0.795s] Level 1:colcon.colcon_core.package_identification:_identify(src/ros2_control_demo_description) by extension 'ros'
[0.796s] DEBUG:colcon.colcon_core.package_identification:Package 'src/ros2_control_demo_description' with type 'ros.ament_cmake' and name 'ros2_control_demo_description'
[0.796s] Level 1:colcon.colcon_core.package_identification:_identify(src/ros2_control_demo_testing) by extensions ['ignore', 'ignore_ament_install']
[0.796s] Level 1:colcon.colcon_core.package_identification:_identify(src/ros2_control_demo_testing) by extension 'ignore'
[0.796s] Level 1:colcon.colcon_core.package_identification:_identify(src/ros2_control_demo_testing) by extension 'ignore_ament_install'
[0.797s] Level 1:colcon.colcon_core.package_identification:_identify(src/ros2_control_demo_testing) by extensions ['colcon_pkg']
[0.797s] Level 1:colcon.colcon_core.package_identification:_identify(src/ros2_control_demo_testing) by extension 'colcon_pkg'
[0.797s] Level 1:colcon.colcon_core.package_identification:_identify(src/ros2_control_demo_testing) by extensions ['colcon_meta']
[0.797s] Level 1:colcon.colcon_core.package_identification:_identify(src/ros2_control_demo_testing) by extension 'colcon_meta'
[0.797s] Level 1:colcon.colcon_core.package_identification:_identify(src/ros2_control_demo_testing) by extensions ['ros']
[0.797s] Level 1:colcon.colcon_core.package_identification:_identify(src/ros2_control_demo_testing) by extension 'ros'
[0.808s] DEBUG:colcon.colcon_core.package_identification:Package 'src/ros2_control_demo_testing' with type 'ros.ament_python' and name 'ros2_control_demo_testing'
[0.808s] Level 1:colcon.colcon_core.package_identification:_identify(src/ros2_control_demos) by extensions ['ignore', 'ignore_ament_install']
[0.808s] Level 1:colcon.colcon_core.package_identification:_identify(src/ros2_control_demos) by extension 'ignore'
[0.808s] Level 1:colcon.colcon_core.package_identification:_identify(src/ros2_control_demos) by extension 'ignore_ament_install'
[0.808s] Level 1:colcon.colcon_core.package_identification:_identify(src/ros2_control_demos) by extensions ['colcon_pkg']
[0.808s] Level 1:colcon.colcon_core.package_identification:_identify(src/ros2_control_demos) by extension 'colcon_pkg'
[0.808s] Level 1:colcon.colcon_core.package_identification:_identify(src/ros2_control_demos) by extensions ['colcon_meta']
[0.808s] Level 1:colcon.colcon_core.package_identification:_identify(src/ros2_control_demos) by extension 'colcon_meta'
[0.809s] Level 1:colcon.colcon_core.package_identification:_identify(src/ros2_control_demos) by extensions ['ros']
[0.809s] Level 1:colcon.colcon_core.package_identification:_identify(src/ros2_control_demos) by extension 'ros'
[0.809s] DEBUG:colcon.colcon_core.package_identification:Package 'src/ros2_control_demos' with type 'ros.ament_cmake' and name 'ros2_control_demos'
[0.810s] Level 1:colcon.colcon_core.package_discovery:discover_packages(recursive) using defaults
[0.810s] Level 1:colcon.colcon_core.package_discovery:discover_packages(ignore) discover
[0.810s] Level 1:colcon.colcon_core.package_discovery:discover_packages(ignore) using defaults
[0.810s] Level 1:colcon.colcon_core.package_discovery:discover_packages(path) discover
[0.810s] Level 1:colcon.colcon_core.package_discovery:discover_packages(path) using defaults
[0.845s] INFO:colcon.colcon_core.package_selection:Skipping not selected package 'my_robot_hardware_interface' in 'src/my_robot_hardware_interface'
[0.845s] INFO:colcon.colcon_core.package_selection:Skipping not selected package 'ros2_control_demo_description' in 'src/ros2_control_demo_description'
[0.845s] INFO:colcon.colcon_core.package_selection:Skipping not selected package 'ros2_control_demo_testing' in 'src/ros2_control_demo_testing'
[0.845s] INFO:colcon.colcon_core.package_selection:Skipping not selected package 'ros2_control_demos' in 'src/ros2_control_demos'
[0.845s] Level 1:colcon.colcon_core.package_discovery:discover_packages(prefix_path) check parameters
[0.845s] Level 1:colcon.colcon_core.package_discovery:discover_packages(prefix_path) discover
[0.855s] DEBUG:colcon.colcon_installed_package_information.package_discovery:Found 5 installed packages in /home/user/testing/example11_ws1/install
[0.857s] DEBUG:colcon.colcon_installed_package_information.package_discovery:Found 19 installed packages in /home/user/workspace_world/ws_1/install
[0.858s] DEBUG:colcon.colcon_installed_package_information.package_discovery:Found 1 installed packages in /home/user/ros_ws3/install
[0.859s] DEBUG:colcon.colcon_installed_package_information.package_discovery:Found 3 installed packages in /home/user/ros2_ws/install
[0.860s] DEBUG:colcon.colcon_installed_package_information.package_discovery:Found 11 installed packages in /home/user/turtlebot3_ws/install
[0.861s] DEBUG:colcon.colcon_installed_package_information.package_discovery:Found 1 installed packages in /home/user/workspace_world/ws_2/install
[0.863s] DEBUG:colcon.colcon_installed_package_information.package_discovery:Found 432 installed packages in /opt/ros/humble
[0.868s] Level 1:colcon.colcon_core.package_discovery:discover_packages(prefix_path) using defaults
[0.982s] WARNING:colcon.colcon_core.package_selection:Some selected packages are already built in one or more underlay workspaces:
	'ros2_control_demo_example_11' is in: /home/user/testing/example11_ws1/install/ros2_control_demo_example_11, /home/user/workspace_world/ws_1/install/ros2_control_demo_example_11
If a package in a merged underlay workspace is overridden and it installs headers, then all packages in the overlay must sort their include directories by workspace order. Failure to do so may result in build failures or undefined behavior at run time.
If the overridden package is used by another package in any underlay, then the overriding package in the overlay must be API and ABI compatible or undefined behavior at run time may occur.

If you understand the risks and want to override a package anyways, add the following to the command line:
	--allow-overriding ros2_control_demo_example_11

This may be promoted to an error in a future release of colcon-override-check.
[0.983s] Level 5:colcon.colcon_core.verb:set package 'ros2_control_demo_example_11' build argument 'cmake_args' from command line to 'None'
[0.983s] Level 5:colcon.colcon_core.verb:set package 'ros2_control_demo_example_11' build argument 'cmake_target' from command line to 'None'
[0.984s] Level 5:colcon.colcon_core.verb:set package 'ros2_control_demo_example_11' build argument 'cmake_target_skip_unavailable' from command line to 'False'
[0.984s] Level 5:colcon.colcon_core.verb:set package 'ros2_control_demo_example_11' build argument 'cmake_clean_cache' from command line to 'False'
[0.984s] Level 5:colcon.colcon_core.verb:set package 'ros2_control_demo_example_11' build argument 'cmake_clean_first' from command line to 'False'
[0.984s] Level 5:colcon.colcon_core.verb:set package 'ros2_control_demo_example_11' build argument 'cmake_force_configure' from command line to 'False'
[0.984s] Level 5:colcon.colcon_core.verb:set package 'ros2_control_demo_example_11' build argument 'ament_cmake_args' from command line to 'None'
[0.984s] Level 5:colcon.colcon_core.verb:set package 'ros2_control_demo_example_11' build argument 'catkin_cmake_args' from command line to 'None'
[0.984s] Level 5:colcon.colcon_core.verb:set package 'ros2_control_demo_example_11' build argument 'catkin_skip_building_tests' from command line to 'False'
[0.984s] DEBUG:colcon.colcon_core.verb:Building package 'ros2_control_demo_example_11' with the following arguments: {'ament_cmake_args': None, 'build_base': '/home/user/testing/example11_ws1/build/ros2_control_demo_example_11', 'catkin_cmake_args': None, 'catkin_skip_building_tests': False, 'cmake_args': None, 'cmake_clean_cache': False, 'cmake_clean_first': False, 'cmake_force_configure': False, 'cmake_target': None, 'cmake_target_skip_unavailable': False, 'install_base': '/home/user/testing/example11_ws1/install/ros2_control_demo_example_11', 'merge_install': False, 'path': '/home/user/testing/example11_ws1/src/example_11', 'symlink_install': False, 'test_result_base': None}
[0.984s] INFO:colcon.colcon_core.executor:Executing jobs using 'parallel' executor
[0.985s] DEBUG:colcon.colcon_parallel_executor.executor.parallel:run_until_complete
[0.985s] INFO:colcon.colcon_ros.task.ament_cmake.build:Building ROS package in '/home/user/testing/example11_ws1/src/example_11' with build type 'ament_cmake'
[0.985s] INFO:colcon.colcon_cmake.task.cmake.build:Building CMake package in '/home/user/testing/example11_ws1/src/example_11'
[0.990s] INFO:colcon.colcon_core.plugin_system:Skipping extension 'colcon_core.shell.bat': Not used on non-Windows systems
[0.990s] INFO:colcon.colcon_core.shell:Skip shell extension 'powershell' for command environment: Not usable outside of PowerShell
[0.990s] DEBUG:colcon.colcon_core.shell:Skip shell extension 'dsv' for command environment
[1.286s] DEBUG:colcon.colcon_core.event_handler.log_command:Invoking command in '/home/user/testing/example11_ws1/build/ros2_control_demo_example_11': AMENT_PREFIX_PATH=/home/user/testing/example11_ws1/install/ros2_control_demo_testing:/home/user/testing/example11_ws1/install/ros2_control_demos:/home/user/testing/example11_ws1/install/ros2_control_demo_example_11:/home/user/testing/example11_ws1/install/ros2_control_demo_description:/home/user/testing/example11_ws1/install/my_robot_hardware_interface:/home/user/workspace_world/ws_1/install/toy_car_description:/home/user/workspace_world/ws_1/install/ros2_control_demos:/home/user/workspace_world/ws_1/install/ros2_control_demo_testing:/home/user/workspace_world/ws_1/install/ros2_control_demo_example_9:/home/user/workspace_world/ws_1/install/ros2_control_demo_example_8:/home/user/workspace_world/ws_1/install/ros2_control_demo_example_7:/home/user/workspace_world/ws_1/install/ros2_control_demo_example_6:/home/user/workspace_world/ws_1/install/ros2_control_demo_example_15:/home/user/workspace_world/ws_1/install/ros2_control_demo_example_13:/home/user/workspace_world/ws_1/install/ros2_control_demo_example_5:/home/user/workspace_world/ws_1/install/ros2_control_demo_example_4:/home/user/workspace_world/ws_1/install/ros2_control_demo_example_3:/home/user/workspace_world/ws_1/install/ros2_control_demo_example_2:/home/user/workspace_world/ws_1/install/ros2_control_demo_example_14:/home/user/workspace_world/ws_1/install/ros2_control_demo_example_12:/home/user/workspace_world/ws_1/install/ros2_control_demo_example_11:/home/user/workspace_world/ws_1/install/ros2_control_demo_example_10:/home/user/workspace_world/ws_1/install/ros2_control_demo_example_1:/home/user/workspace_world/ws_1/install/ros2_control_demo_description:/home/user/workspace_world/ws_2/install/ros2_control_demo_example_2:/home/user/ros2_ws/install/workspace_mapping:/home/user/ros2_ws/install/my_robot_controller:/home/user/ros2_ws/install/fake_imu_package:/home/user/turtlebot3_ws/install/turtlebot3:/home/user/turtlebot3_ws/install/turtlebot3_teleop:/home/user/turtlebot3_ws/install/turtlebot3_simulations:/home/user/turtlebot3_ws/install/turtlebot3_bringup:/home/user/turtlebot3_ws/install/turtlebot3_node:/home/user/turtlebot3_ws/install/turtlebot3_navigation2:/home/user/turtlebot3_ws/install/turtlebot3_gazebo:/home/user/turtlebot3_ws/install/turtlebot3_fake_node:/home/user/turtlebot3_ws/install/turtlebot3_example:/home/user/turtlebot3_ws/install/turtlebot3_description:/home/user/turtlebot3_ws/install/turtlebot3_cartographer:/opt/ros/humble CMAKE_PREFIX_PATH=/home/user/testing/example11_ws1/install/ros2_control_demo_description:/home/user/testing/example11_ws1/install/ros2_control_demos:/home/user/testing/example11_ws1/install/ros2_control_demo_example_11:/home/user/testing/example11_ws1/install/my_robot_hardware_interface:/home/user/workspace_world/ws_1/install/toy_car_description:/home/user/workspace_world/ws_1/install/ros2_control_demos:/home/user/workspace_world/ws_1/install/ros2_control_demo_example_9:/home/user/workspace_world/ws_1/install/ros2_control_demo_example_8:/home/user/workspace_world/ws_1/install/ros2_control_demo_example_7:/home/user/workspace_world/ws_1/install/ros2_control_demo_example_6:/home/user/workspace_world/ws_1/install/ros2_control_demo_example_15:/home/user/workspace_world/ws_1/install/ros2_control_demo_example_13:/home/user/workspace_world/ws_1/install/ros2_control_demo_example_5:/home/user/workspace_world/ws_1/install/ros2_control_demo_example_4:/home/user/workspace_world/ws_1/install/ros2_control_demo_example_3:/home/user/workspace_world/ws_1/install/ros2_control_demo_example_2:/home/user/workspace_world/ws_1/install/ros2_control_demo_example_14:/home/user/workspace_world/ws_1/install/ros2_control_demo_example_12:/home/user/workspace_world/ws_1/install/ros2_control_demo_example_11:/home/user/workspace_world/ws_1/install/ros2_control_demo_example_10:/home/user/workspace_world/ws_1/install/ros2_control_demo_example_1:/home/user/workspace_world/ws_1/install/ros2_control_demo_description:/home/user/workspace_world/ws_2/install/ros2_control_demo_example_2:/usr/local:/home/user/turtlebot3_ws/install/turtlebot3:/home/user/turtlebot3_ws/install/turtlebot3_simulations:/home/user/turtlebot3_ws/install/turtlebot3_bringup:/home/user/turtlebot3_ws/install/turtlebot3_node:/home/user/turtlebot3_ws/install/turtlebot3_navigation2:/home/user/turtlebot3_ws/install/turtlebot3_gazebo:/home/user/turtlebot3_ws/install/turtlebot3_fake_node:/home/user/turtlebot3_ws/install/turtlebot3_description:/home/user/turtlebot3_ws/install/turtlebot3_cartographer:/home/user/testing/example11_ws1/install/ros2_control_demo_testing:/home/user/workspace_world/ws_1/install/ros2_control_demo_testing:/home/user/ros2_ws/install/workspace_mapping:/home/user/ros2_ws/install/my_robot_controller:/home/user/ros2_ws/install/fake_imu_package:/home/user/turtlebot3_ws/install/turtlebot3_teleop:/home/user/turtlebot3_ws/install/turtlebot3_example:/opt/ros/humble /usr/bin/cmake --build /home/user/testing/example11_ws1/build/ros2_control_demo_example_11 -- -j8 -l8
[1.435s] DEBUG:colcon.colcon_core.event_handler.log_command:Invoked command in '/home/user/testing/example11_ws1/build/ros2_control_demo_example_11' returned '0': AMENT_PREFIX_PATH=/home/user/testing/example11_ws1/install/ros2_control_demo_testing:/home/user/testing/example11_ws1/install/ros2_control_demos:/home/user/testing/example11_ws1/install/ros2_control_demo_example_11:/home/user/testing/example11_ws1/install/ros2_control_demo_description:/home/user/testing/example11_ws1/install/my_robot_hardware_interface:/home/user/workspace_world/ws_1/install/toy_car_description:/home/user/workspace_world/ws_1/install/ros2_control_demos:/home/user/workspace_world/ws_1/install/ros2_control_demo_testing:/home/user/workspace_world/ws_1/install/ros2_control_demo_example_9:/home/user/workspace_world/ws_1/install/ros2_control_demo_example_8:/home/user/workspace_world/ws_1/install/ros2_control_demo_example_7:/home/user/workspace_world/ws_1/install/ros2_control_demo_example_6:/home/user/workspace_world/ws_1/install/ros2_control_demo_example_15:/home/user/workspace_world/ws_1/install/ros2_control_demo_example_13:/home/user/workspace_world/ws_1/install/ros2_control_demo_example_5:/home/user/workspace_world/ws_1/install/ros2_control_demo_example_4:/home/user/workspace_world/ws_1/install/ros2_control_demo_example_3:/home/user/workspace_world/ws_1/install/ros2_control_demo_example_2:/home/user/workspace_world/ws_1/install/ros2_control_demo_example_14:/home/user/workspace_world/ws_1/install/ros2_control_demo_example_12:/home/user/workspace_world/ws_1/install/ros2_control_demo_example_11:/home/user/workspace_world/ws_1/install/ros2_control_demo_example_10:/home/user/workspace_world/ws_1/install/ros2_control_demo_example_1:/home/user/workspace_world/ws_1/install/ros2_control_demo_description:/home/user/workspace_world/ws_2/install/ros2_control_demo_example_2:/home/user/ros2_ws/install/workspace_mapping:/home/user/ros2_ws/install/my_robot_controller:/home/user/ros2_ws/install/fake_imu_package:/home/user/turtlebot3_ws/install/turtlebot3:/home/user/turtlebot3_ws/install/turtlebot3_teleop:/home/user/turtlebot3_ws/install/turtlebot3_simulations:/home/user/turtlebot3_ws/install/turtlebot3_bringup:/home/user/turtlebot3_ws/install/turtlebot3_node:/home/user/turtlebot3_ws/install/turtlebot3_navigation2:/home/user/turtlebot3_ws/install/turtlebot3_gazebo:/home/user/turtlebot3_ws/install/turtlebot3_fake_node:/home/user/turtlebot3_ws/install/turtlebot3_example:/home/user/turtlebot3_ws/install/turtlebot3_description:/home/user/turtlebot3_ws/install/turtlebot3_cartographer:/opt/ros/humble CMAKE_PREFIX_PATH=/home/user/testing/example11_ws1/install/ros2_control_demo_description:/home/user/testing/example11_ws1/install/ros2_control_demos:/home/user/testing/example11_ws1/install/ros2_control_demo_example_11:/home/user/testing/example11_ws1/install/my_robot_hardware_interface:/home/user/workspace_world/ws_1/install/toy_car_description:/home/user/workspace_world/ws_1/install/ros2_control_demos:/home/user/workspace_world/ws_1/install/ros2_control_demo_example_9:/home/user/workspace_world/ws_1/install/ros2_control_demo_example_8:/home/user/workspace_world/ws_1/install/ros2_control_demo_example_7:/home/user/workspace_world/ws_1/install/ros2_control_demo_example_6:/home/user/workspace_world/ws_1/install/ros2_control_demo_example_15:/home/user/workspace_world/ws_1/install/ros2_control_demo_example_13:/home/user/workspace_world/ws_1/install/ros2_control_demo_example_5:/home/user/workspace_world/ws_1/install/ros2_control_demo_example_4:/home/user/workspace_world/ws_1/install/ros2_control_demo_example_3:/home/user/workspace_world/ws_1/install/ros2_control_demo_example_2:/home/user/workspace_world/ws_1/install/ros2_control_demo_example_14:/home/user/workspace_world/ws_1/install/ros2_control_demo_example_12:/home/user/workspace_world/ws_1/install/ros2_control_demo_example_11:/home/user/workspace_world/ws_1/install/ros2_control_demo_example_10:/home/user/workspace_world/ws_1/install/ros2_control_demo_example_1:/home/user/workspace_world/ws_1/install/ros2_control_demo_description:/home/user/workspace_world/ws_2/install/ros2_control_demo_example_2:/usr/local:/home/user/turtlebot3_ws/install/turtlebot3:/home/user/turtlebot3_ws/install/turtlebot3_simulations:/home/user/turtlebot3_ws/install/turtlebot3_bringup:/home/user/turtlebot3_ws/install/turtlebot3_node:/home/user/turtlebot3_ws/install/turtlebot3_navigation2:/home/user/turtlebot3_ws/install/turtlebot3_gazebo:/home/user/turtlebot3_ws/install/turtlebot3_fake_node:/home/user/turtlebot3_ws/install/turtlebot3_description:/home/user/turtlebot3_ws/install/turtlebot3_cartographer:/home/user/testing/example11_ws1/install/ros2_control_demo_testing:/home/user/workspace_world/ws_1/install/ros2_control_demo_testing:/home/user/ros2_ws/install/workspace_mapping:/home/user/ros2_ws/install/my_robot_controller:/home/user/ros2_ws/install/fake_imu_package:/home/user/turtlebot3_ws/install/turtlebot3_teleop:/home/user/turtlebot3_ws/install/turtlebot3_example:/opt/ros/humble /usr/bin/cmake --build /home/user/testing/example11_ws1/build/ros2_control_demo_example_11 -- -j8 -l8
[1.489s] DEBUG:colcon.colcon_core.event_handler.log_command:Invoking command in '/home/user/testing/example11_ws1/build/ros2_control_demo_example_11': AMENT_PREFIX_PATH=/home/user/testing/example11_ws1/install/ros2_control_demo_testing:/home/user/testing/example11_ws1/install/ros2_control_demos:/home/user/testing/example11_ws1/install/ros2_control_demo_example_11:/home/user/testing/example11_ws1/install/ros2_control_demo_description:/home/user/testing/example11_ws1/install/my_robot_hardware_interface:/home/user/workspace_world/ws_1/install/toy_car_description:/home/user/workspace_world/ws_1/install/ros2_control_demos:/home/user/workspace_world/ws_1/install/ros2_control_demo_testing:/home/user/workspace_world/ws_1/install/ros2_control_demo_example_9:/home/user/workspace_world/ws_1/install/ros2_control_demo_example_8:/home/user/workspace_world/ws_1/install/ros2_control_demo_example_7:/home/user/workspace_world/ws_1/install/ros2_control_demo_example_6:/home/user/workspace_world/ws_1/install/ros2_control_demo_example_15:/home/user/workspace_world/ws_1/install/ros2_control_demo_example_13:/home/user/workspace_world/ws_1/install/ros2_control_demo_example_5:/home/user/workspace_world/ws_1/install/ros2_control_demo_example_4:/home/user/workspace_world/ws_1/install/ros2_control_demo_example_3:/home/user/workspace_world/ws_1/install/ros2_control_demo_example_2:/home/user/workspace_world/ws_1/install/ros2_control_demo_example_14:/home/user/workspace_world/ws_1/install/ros2_control_demo_example_12:/home/user/workspace_world/ws_1/install/ros2_control_demo_example_11:/home/user/workspace_world/ws_1/install/ros2_control_demo_example_10:/home/user/workspace_world/ws_1/install/ros2_control_demo_example_1:/home/user/workspace_world/ws_1/install/ros2_control_demo_description:/home/user/workspace_world/ws_2/install/ros2_control_demo_example_2:/home/user/ros2_ws/install/workspace_mapping:/home/user/ros2_ws/install/my_robot_controller:/home/user/ros2_ws/install/fake_imu_package:/home/user/turtlebot3_ws/install/turtlebot3:/home/user/turtlebot3_ws/install/turtlebot3_teleop:/home/user/turtlebot3_ws/install/turtlebot3_simulations:/home/user/turtlebot3_ws/install/turtlebot3_bringup:/home/user/turtlebot3_ws/install/turtlebot3_node:/home/user/turtlebot3_ws/install/turtlebot3_navigation2:/home/user/turtlebot3_ws/install/turtlebot3_gazebo:/home/user/turtlebot3_ws/install/turtlebot3_fake_node:/home/user/turtlebot3_ws/install/turtlebot3_example:/home/user/turtlebot3_ws/install/turtlebot3_description:/home/user/turtlebot3_ws/install/turtlebot3_cartographer:/opt/ros/humble CMAKE_PREFIX_PATH=/home/user/testing/example11_ws1/install/ros2_control_demo_description:/home/user/testing/example11_ws1/install/ros2_control_demos:/home/user/testing/example11_ws1/install/ros2_control_demo_example_11:/home/user/testing/example11_ws1/install/my_robot_hardware_interface:/home/user/workspace_world/ws_1/install/toy_car_description:/home/user/workspace_world/ws_1/install/ros2_control_demos:/home/user/workspace_world/ws_1/install/ros2_control_demo_example_9:/home/user/workspace_world/ws_1/install/ros2_control_demo_example_8:/home/user/workspace_world/ws_1/install/ros2_control_demo_example_7:/home/user/workspace_world/ws_1/install/ros2_control_demo_example_6:/home/user/workspace_world/ws_1/install/ros2_control_demo_example_15:/home/user/workspace_world/ws_1/install/ros2_control_demo_example_13:/home/user/workspace_world/ws_1/install/ros2_control_demo_example_5:/home/user/workspace_world/ws_1/install/ros2_control_demo_example_4:/home/user/workspace_world/ws_1/install/ros2_control_demo_example_3:/home/user/workspace_world/ws_1/install/ros2_control_demo_example_2:/home/user/workspace_world/ws_1/install/ros2_control_demo_example_14:/home/user/workspace_world/ws_1/install/ros2_control_demo_example_12:/home/user/workspace_world/ws_1/install/ros2_control_demo_example_11:/home/user/workspace_world/ws_1/install/ros2_control_demo_example_10:/home/user/workspace_world/ws_1/install/ros2_control_demo_example_1:/home/user/workspace_world/ws_1/install/ros2_control_demo_description:/home/user/workspace_world/ws_2/install/ros2_control_demo_example_2:/usr/local:/home/user/turtlebot3_ws/install/turtlebot3:/home/user/turtlebot3_ws/install/turtlebot3_simulations:/home/user/turtlebot3_ws/install/turtlebot3_bringup:/home/user/turtlebot3_ws/install/turtlebot3_node:/home/user/turtlebot3_ws/install/turtlebot3_navigation2:/home/user/turtlebot3_ws/install/turtlebot3_gazebo:/home/user/turtlebot3_ws/install/turtlebot3_fake_node:/home/user/turtlebot3_ws/install/turtlebot3_description:/home/user/turtlebot3_ws/install/turtlebot3_cartographer:/home/user/testing/example11_ws1/install/ros2_control_demo_testing:/home/user/workspace_world/ws_1/install/ros2_control_demo_testing:/home/user/ros2_ws/install/workspace_mapping:/home/user/ros2_ws/install/my_robot_controller:/home/user/ros2_ws/install/fake_imu_package:/home/user/turtlebot3_ws/install/turtlebot3_teleop:/home/user/turtlebot3_ws/install/turtlebot3_example:/opt/ros/humble /usr/bin/cmake --install /home/user/testing/example11_ws1/build/ros2_control_demo_example_11
[1.510s] Level 1:colcon.colcon_core.environment:create_environment_scripts_only(ros2_control_demo_example_11)
[1.510s] DEBUG:colcon.colcon_core.event_handler.log_command:Invoked command in '/home/user/testing/example11_ws1/build/ros2_control_demo_example_11' returned '0': AMENT_PREFIX_PATH=/home/user/testing/example11_ws1/install/ros2_control_demo_testing:/home/user/testing/example11_ws1/install/ros2_control_demos:/home/user/testing/example11_ws1/install/ros2_control_demo_example_11:/home/user/testing/example11_ws1/install/ros2_control_demo_description:/home/user/testing/example11_ws1/install/my_robot_hardware_interface:/home/user/workspace_world/ws_1/install/toy_car_description:/home/user/workspace_world/ws_1/install/ros2_control_demos:/home/user/workspace_world/ws_1/install/ros2_control_demo_testing:/home/user/workspace_world/ws_1/install/ros2_control_demo_example_9:/home/user/workspace_world/ws_1/install/ros2_control_demo_example_8:/home/user/workspace_world/ws_1/install/ros2_control_demo_example_7:/home/user/workspace_world/ws_1/install/ros2_control_demo_example_6:/home/user/workspace_world/ws_1/install/ros2_control_demo_example_15:/home/user/workspace_world/ws_1/install/ros2_control_demo_example_13:/home/user/workspace_world/ws_1/install/ros2_control_demo_example_5:/home/user/workspace_world/ws_1/install/ros2_control_demo_example_4:/home/user/workspace_world/ws_1/install/ros2_control_demo_example_3:/home/user/workspace_world/ws_1/install/ros2_control_demo_example_2:/home/user/workspace_world/ws_1/install/ros2_control_demo_example_14:/home/user/workspace_world/ws_1/install/ros2_control_demo_example_12:/home/user/workspace_world/ws_1/install/ros2_control_demo_example_11:/home/user/workspace_world/ws_1/install/ros2_control_demo_example_10:/home/user/workspace_world/ws_1/install/ros2_control_demo_example_1:/home/user/workspace_world/ws_1/install/ros2_control_demo_description:/home/user/workspace_world/ws_2/install/ros2_control_demo_example_2:/home/user/ros2_ws/install/workspace_mapping:/home/user/ros2_ws/install/my_robot_controller:/home/user/ros2_ws/install/fake_imu_package:/home/user/turtlebot3_ws/install/turtlebot3:/home/user/turtlebot3_ws/install/turtlebot3_teleop:/home/user/turtlebot3_ws/install/turtlebot3_simulations:/home/user/turtlebot3_ws/install/turtlebot3_bringup:/home/user/turtlebot3_ws/install/turtlebot3_node:/home/user/turtlebot3_ws/install/turtlebot3_navigation2:/home/user/turtlebot3_ws/install/turtlebot3_gazebo:/home/user/turtlebot3_ws/install/turtlebot3_fake_node:/home/user/turtlebot3_ws/install/turtlebot3_example:/home/user/turtlebot3_ws/install/turtlebot3_description:/home/user/turtlebot3_ws/install/turtlebot3_cartographer:/opt/ros/humble CMAKE_PREFIX_PATH=/home/user/testing/example11_ws1/install/ros2_control_demo_description:/home/user/testing/example11_ws1/install/ros2_control_demos:/home/user/testing/example11_ws1/install/ros2_control_demo_example_11:/home/user/testing/example11_ws1/install/my_robot_hardware_interface:/home/user/workspace_world/ws_1/install/toy_car_description:/home/user/workspace_world/ws_1/install/ros2_control_demos:/home/user/workspace_world/ws_1/install/ros2_control_demo_example_9:/home/user/workspace_world/ws_1/install/ros2_control_demo_example_8:/home/user/workspace_world/ws_1/install/ros2_control_demo_example_7:/home/user/workspace_world/ws_1/install/ros2_control_demo_example_6:/home/user/workspace_world/ws_1/install/ros2_control_demo_example_15:/home/user/workspace_world/ws_1/install/ros2_control_demo_example_13:/home/user/workspace_world/ws_1/install/ros2_control_demo_example_5:/home/user/workspace_world/ws_1/install/ros2_control_demo_example_4:/home/user/workspace_world/ws_1/install/ros2_control_demo_example_3:/home/user/workspace_world/ws_1/install/ros2_control_demo_example_2:/home/user/workspace_world/ws_1/install/ros2_control_demo_example_14:/home/user/workspace_world/ws_1/install/ros2_control_demo_example_12:/home/user/workspace_world/ws_1/install/ros2_control_demo_example_11:/home/user/workspace_world/ws_1/install/ros2_control_demo_example_10:/home/user/workspace_world/ws_1/install/ros2_control_demo_example_1:/home/user/workspace_world/ws_1/install/ros2_control_demo_description:/home/user/workspace_world/ws_2/install/ros2_control_demo_example_2:/usr/local:/home/user/turtlebot3_ws/install/turtlebot3:/home/user/turtlebot3_ws/install/turtlebot3_simulations:/home/user/turtlebot3_ws/install/turtlebot3_bringup:/home/user/turtlebot3_ws/install/turtlebot3_node:/home/user/turtlebot3_ws/install/turtlebot3_navigation2:/home/user/turtlebot3_ws/install/turtlebot3_gazebo:/home/user/turtlebot3_ws/install/turtlebot3_fake_node:/home/user/turtlebot3_ws/install/turtlebot3_description:/home/user/turtlebot3_ws/install/turtlebot3_cartographer:/home/user/testing/example11_ws1/install/ros2_control_demo_testing:/home/user/workspace_world/ws_1/install/ros2_control_demo_testing:/home/user/ros2_ws/install/workspace_mapping:/home/user/ros2_ws/install/my_robot_controller:/home/user/ros2_ws/install/fake_imu_package:/home/user/turtlebot3_ws/install/turtlebot3_teleop:/home/user/turtlebot3_ws/install/turtlebot3_example:/opt/ros/humble /usr/bin/cmake --install /home/user/testing/example11_ws1/build/ros2_control_demo_example_11
[1.516s] Level 1:colcon.colcon_core.environment:checking '/home/user/testing/example11_ws1/install/ros2_control_demo_example_11' for CMake module files
[1.516s] Level 1:colcon.colcon_core.environment:checking '/home/user/testing/example11_ws1/install/ros2_control_demo_example_11' for CMake config files
[1.517s] Level 1:colcon.colcon_core.shell:create_environment_hook('ros2_control_demo_example_11', 'cmake_prefix_path')
[1.517s] INFO:colcon.colcon_core.shell:Creating environment hook '/home/user/testing/example11_ws1/install/ros2_control_demo_example_11/share/ros2_control_demo_example_11/hook/cmake_prefix_path.ps1'
[1.518s] INFO:colcon.colcon_core.shell:Creating environment descriptor '/home/user/testing/example11_ws1/install/ros2_control_demo_example_11/share/ros2_control_demo_example_11/hook/cmake_prefix_path.dsv'
[1.519s] INFO:colcon.colcon_core.shell:Creating environment hook '/home/user/testing/example11_ws1/install/ros2_control_demo_example_11/share/ros2_control_demo_example_11/hook/cmake_prefix_path.sh'
[1.519s] Level 1:colcon.colcon_core.environment:checking '/home/user/testing/example11_ws1/install/ros2_control_demo_example_11/lib'
[1.520s] Level 1:colcon.colcon_core.shell:create_environment_hook('ros2_control_demo_example_11', 'ld_library_path_lib')
[1.520s] INFO:colcon.colcon_core.shell:Creating environment hook '/home/user/testing/example11_ws1/install/ros2_control_demo_example_11/share/ros2_control_demo_example_11/hook/ld_library_path_lib.ps1'
[1.520s] INFO:colcon.colcon_core.shell:Creating environment descriptor '/home/user/testing/example11_ws1/install/ros2_control_demo_example_11/share/ros2_control_demo_example_11/hook/ld_library_path_lib.dsv'
[1.521s] INFO:colcon.colcon_core.shell:Creating environment hook '/home/user/testing/example11_ws1/install/ros2_control_demo_example_11/share/ros2_control_demo_example_11/hook/ld_library_path_lib.sh'
[1.522s] Level 1:colcon.colcon_core.environment:checking '/home/user/testing/example11_ws1/install/ros2_control_demo_example_11/bin'
[1.522s] Level 1:colcon.colcon_core.environment:checking '/home/user/testing/example11_ws1/install/ros2_control_demo_example_11/lib/pkgconfig/ros2_control_demo_example_11.pc'
[1.522s] Level 1:colcon.colcon_core.environment:checking '/home/user/testing/example11_ws1/install/ros2_control_demo_example_11/lib/python3.10/site-packages'
[1.523s] Level 1:colcon.colcon_core.environment:checking '/home/user/testing/example11_ws1/install/ros2_control_demo_example_11/bin'
[1.523s] INFO:colcon.colcon_core.shell:Creating package script '/home/user/testing/example11_ws1/install/ros2_control_demo_example_11/share/ros2_control_demo_example_11/package.ps1'
[1.524s] INFO:colcon.colcon_core.shell:Creating package descriptor '/home/user/testing/example11_ws1/install/ros2_control_demo_example_11/share/ros2_control_demo_example_11/package.dsv'
[1.525s] INFO:colcon.colcon_core.shell:Creating package script '/home/user/testing/example11_ws1/install/ros2_control_demo_example_11/share/ros2_control_demo_example_11/package.sh'
[1.526s] INFO:colcon.colcon_core.shell:Creating package script '/home/user/testing/example11_ws1/install/ros2_control_demo_example_11/share/ros2_control_demo_example_11/package.bash'
[1.526s] INFO:colcon.colcon_core.shell:Creating package script '/home/user/testing/example11_ws1/install/ros2_control_demo_example_11/share/ros2_control_demo_example_11/package.zsh'
[1.527s] Level 1:colcon.colcon_core.environment:create_file_with_runtime_dependencies(/home/user/testing/example11_ws1/install/ros2_control_demo_example_11/share/colcon-core/packages/ros2_control_demo_example_11)
[1.563s] Level 1:colcon.colcon_core.environment:create_environment_scripts_only(ros2_control_demo_example_11)
[1.563s] Level 1:colcon.colcon_core.environment:checking '/home/user/testing/example11_ws1/install/ros2_control_demo_example_11' for CMake module files
[1.564s] Level 1:colcon.colcon_core.environment:checking '/home/user/testing/example11_ws1/install/ros2_control_demo_example_11' for CMake config files
[1.564s] Level 1:colcon.colcon_core.shell:create_environment_hook('ros2_control_demo_example_11', 'cmake_prefix_path')
[1.564s] INFO:colcon.colcon_core.shell:Creating environment hook '/home/user/testing/example11_ws1/install/ros2_control_demo_example_11/share/ros2_control_demo_example_11/hook/cmake_prefix_path.ps1'
[1.565s] INFO:colcon.colcon_core.shell:Creating environment descriptor '/home/user/testing/example11_ws1/install/ros2_control_demo_example_11/share/ros2_control_demo_example_11/hook/cmake_prefix_path.dsv'
[1.565s] INFO:colcon.colcon_core.shell:Creating environment hook '/home/user/testing/example11_ws1/install/ros2_control_demo_example_11/share/ros2_control_demo_example_11/hook/cmake_prefix_path.sh'
[1.566s] Level 1:colcon.colcon_core.environment:checking '/home/user/testing/example11_ws1/install/ros2_control_demo_example_11/lib'
[1.566s] Level 1:colcon.colcon_core.shell:create_environment_hook('ros2_control_demo_example_11', 'ld_library_path_lib')
[1.566s] INFO:colcon.colcon_core.shell:Creating environment hook '/home/user/testing/example11_ws1/install/ros2_control_demo_example_11/share/ros2_control_demo_example_11/hook/ld_library_path_lib.ps1'
[1.566s] INFO:colcon.colcon_core.shell:Creating environment descriptor '/home/user/testing/example11_ws1/install/ros2_control_demo_example_11/share/ros2_control_demo_example_11/hook/ld_library_path_lib.dsv'
[1.567s] INFO:colcon.colcon_core.shell:Creating environment hook '/home/user/testing/example11_ws1/install/ros2_control_demo_example_11/share/ros2_control_demo_example_11/hook/ld_library_path_lib.sh'
[1.567s] Level 1:colcon.colcon_core.environment:checking '/home/user/testing/example11_ws1/install/ros2_control_demo_example_11/bin'
[1.567s] Level 1:colcon.colcon_core.environment:checking '/home/user/testing/example11_ws1/install/ros2_control_demo_example_11/lib/pkgconfig/ros2_control_demo_example_11.pc'
[1.567s] Level 1:colcon.colcon_core.environment:checking '/home/user/testing/example11_ws1/install/ros2_control_demo_example_11/lib/python3.10/site-packages'
[1.567s] Level 1:colcon.colcon_core.environment:checking '/home/user/testing/example11_ws1/install/ros2_control_demo_example_11/bin'
[1.568s] INFO:colcon.colcon_core.shell:Creating package script '/home/user/testing/example11_ws1/install/ros2_control_demo_example_11/share/ros2_control_demo_example_11/package.ps1'
[1.568s] INFO:colcon.colcon_core.shell:Creating package descriptor '/home/user/testing/example11_ws1/install/ros2_control_demo_example_11/share/ros2_control_demo_example_11/package.dsv'
[1.569s] INFO:colcon.colcon_core.shell:Creating package script '/home/user/testing/example11_ws1/install/ros2_control_demo_example_11/share/ros2_control_demo_example_11/package.sh'
[1.569s] INFO:colcon.colcon_core.shell:Creating package script '/home/user/testing/example11_ws1/install/ros2_control_demo_example_11/share/ros2_control_demo_example_11/package.bash'
[1.570s] INFO:colcon.colcon_core.shell:Creating package script '/home/user/testing/example11_ws1/install/ros2_control_demo_example_11/share/ros2_control_demo_example_11/package.zsh'
[1.570s] Level 1:colcon.colcon_core.environment:create_file_with_runtime_dependencies(/home/user/testing/example11_ws1/install/ros2_control_demo_example_11/share/colcon-core/packages/ros2_control_demo_example_11)
[1.571s] DEBUG:colcon.colcon_parallel_executor.executor.parallel:closing loop
[1.571s] DEBUG:colcon.colcon_parallel_executor.executor.parallel:loop closed
[1.571s] DEBUG:colcon.colcon_parallel_executor.executor.parallel:run_until_complete finished with '0'
[1.572s] DEBUG:colcon.colcon_core.event_reactor:joining thread
[1.676s] INFO:colcon.colcon_core.plugin_system:Skipping extension 'colcon_notification.desktop_notification.notify_send': Could not find 'notify-send'
[1.677s] INFO:colcon.colcon_core.plugin_system:Skipping extension 'colcon_notification.desktop_notification.terminal_notifier': Not used on non-Darwin systems
[1.677s] INFO:colcon.colcon_core.plugin_system:Skipping extension 'colcon_notification.desktop_notification.win32': Not used on non-Windows systems
[1.677s] INFO:colcon.colcon_notification.desktop_notification:Sending desktop notification using 'notify2'
[1.679s] DEBUG:colcon.colcon_notification.desktop_notification.notify2:Failed to initialize notify2: org.freedesktop.DBus.Error.ServiceUnknown: The name org.freedesktop.Notifications was not provided by any .service files
[1.680s] DEBUG:colcon.colcon_core.event_reactor:joined thread
[1.680s] INFO:colcon.colcon_core.shell:Creating prefix script '/home/user/testing/example11_ws1/install/local_setup.ps1'
[1.681s] INFO:colcon.colcon_core.shell:Creating prefix util module '/home/user/testing/example11_ws1/install/_local_setup_util_ps1.py'
[1.683s] INFO:colcon.colcon_core.shell:Creating prefix chain script '/home/user/testing/example11_ws1/install/setup.ps1'
[1.688s] INFO:colcon.colcon_core.shell:Creating prefix script '/home/user/testing/example11_ws1/install/local_setup.sh'
[1.690s] INFO:colcon.colcon_core.shell:Creating prefix util module '/home/user/testing/example11_ws1/install/_local_setup_util_sh.py'
[1.691s] INFO:colcon.colcon_core.shell:Creating prefix chain script '/home/user/testing/example11_ws1/install/setup.sh'
[1.698s] INFO:colcon.colcon_core.shell:Creating prefix script '/home/user/testing/example11_ws1/install/local_setup.bash'
[1.699s] INFO:colcon.colcon_core.shell:Creating prefix chain script '/home/user/testing/example11_ws1/install/setup.bash'
[1.704s] INFO:colcon.colcon_core.shell:Creating prefix script '/home/user/testing/example11_ws1/install/local_setup.zsh'
[1.704s] INFO:colcon.colcon_core.shell:Creating prefix chain script '/home/user/testing/example11_ws1/install/setup.zsh'
