[0.259s] DEBUG:colcon:Command line arguments: ['/usr/bin/colcon', 'build']
[0.259s] DEBUG:colcon:Parsed command line arguments: Namespace(log_base=None, log_level=None, verb_name='build', build_base='build', install_base='install', merge_install=False, symlink_install=False, test_result_base=None, continue_on_error=False, executor='parallel', parallel_workers=8, event_handlers=None, ignore_user_meta=False, metas=['./colcon.meta'], base_paths=['.'], packages_ignore=None, packages_ignore_regex=None, paths=None, packages_up_to=None, packages_up_to_regex=None, packages_above=None, packages_above_and_dependencies=None, packages_above_depth=None, packages_select_by_dep=None, packages_skip_by_dep=None, packages_skip_up_to=None, packages_select_build_failed=False, packages_skip_build_finished=False, packages_select_test_failures=False, packages_skip_test_passed=False, packages_select=None, packages_skip=None, packages_select_regex=None, packages_skip_regex=None, packages_start=None, packages_end=None, allow_overriding=[], cmake_args=None, cmake_target=None, cmake_target_skip_unavailable=False, cmake_clean_cache=False, cmake_clean_first=False, cmake_force_configure=False, ament_cmake_args=None, catkin_cmake_args=None, catkin_skip_building_tests=False, verb_parser=<colcon_defaults.argument_parser.defaults.DefaultArgumentsDecorator object at 0x7f909c94a590>, verb_extension=<colcon_core.verb.build.BuildVerb object at 0x7f909c94a080>, main=<bound method BuildVerb.main of <colcon_core.verb.build.BuildVerb object at 0x7f909c94a080>>)
[0.498s] Level 1:colcon.colcon_core.package_discovery:discover_packages(colcon_meta) check parameters
[0.498s] Level 1:colcon.colcon_core.package_discovery:discover_packages(recursive) check parameters
[0.498s] Level 1:colcon.colcon_core.package_discovery:discover_packages(ignore) check parameters
[0.498s] Level 1:colcon.colcon_core.package_discovery:discover_packages(path) check parameters
[0.498s] Level 1:colcon.colcon_core.package_discovery:discover_packages(colcon_meta) discover
[0.498s] Level 1:colcon.colcon_core.package_discovery:discover_packages(recursive) discover
[0.498s] INFO:colcon.colcon_core.package_discovery:Crawling recursively for packages in '/home/user/testing/example11_ws1'
[0.498s] Level 1:colcon.colcon_core.package_identification:_identify(.) by extensions ['ignore', 'ignore_ament_install']
[0.498s] Level 1:colcon.colcon_core.package_identification:_identify(.) by extension 'ignore'
[0.498s] Level 1:colcon.colcon_core.package_identification:_identify(.) by extension 'ignore_ament_install'
[0.498s] Level 1:colcon.colcon_core.package_identification:_identify(.) by extensions ['colcon_pkg']
[0.498s] Level 1:colcon.colcon_core.package_identification:_identify(.) by extension 'colcon_pkg'
[0.498s] Level 1:colcon.colcon_core.package_identification:_identify(.) by extensions ['colcon_meta']
[0.499s] Level 1:colcon.colcon_core.package_identification:_identify(.) by extension 'colcon_meta'
[0.499s] Level 1:colcon.colcon_core.package_identification:_identify(.) by extensions ['ros']
[0.499s] Level 1:colcon.colcon_core.package_identification:_identify(.) by extension 'ros'
[0.509s] Level 1:colcon.colcon_core.package_identification:_identify(.) by extensions ['cmake', 'python']
[0.509s] Level 1:colcon.colcon_core.package_identification:_identify(.) by extension 'cmake'
[0.509s] Level 1:colcon.colcon_core.package_identification:_identify(.) by extension 'python'
[0.509s] Level 1:colcon.colcon_core.package_identification:_identify(.) by extensions ['python_setup_py']
[0.509s] Level 1:colcon.colcon_core.package_identification:_identify(.) by extension 'python_setup_py'
[0.509s] Level 1:colcon.colcon_core.package_identification:_identify(build) by extensions ['ignore', 'ignore_ament_install']
[0.509s] Level 1:colcon.colcon_core.package_identification:_identify(build) by extension 'ignore'
[0.509s] Level 1:colcon.colcon_core.package_identification:_identify(build) ignored
[0.509s] Level 1:colcon.colcon_core.package_identification:_identify(install) by extensions ['ignore', 'ignore_ament_install']
[0.509s] Level 1:colcon.colcon_core.package_identification:_identify(install) by extension 'ignore'
[0.509s] Level 1:colcon.colcon_core.package_identification:_identify(install) ignored
[0.509s] Level 1:colcon.colcon_core.package_identification:_identify(log) by extensions ['ignore', 'ignore_ament_install']
[0.509s] Level 1:colcon.colcon_core.package_identification:_identify(log) by extension 'ignore'
[0.509s] Level 1:colcon.colcon_core.package_identification:_identify(log) ignored
[0.510s] Level 1:colcon.colcon_core.package_identification:_identify(src) by extensions ['ignore', 'ignore_ament_install']
[0.510s] Level 1:colcon.colcon_core.package_identification:_identify(src) by extension 'ignore'
[0.510s] Level 1:colcon.colcon_core.package_identification:_identify(src) by extension 'ignore_ament_install'
[0.510s] Level 1:colcon.colcon_core.package_identification:_identify(src) by extensions ['colcon_pkg']
[0.510s] Level 1:colcon.colcon_core.package_identification:_identify(src) by extension 'colcon_pkg'
[0.510s] Level 1:colcon.colcon_core.package_identification:_identify(src) by extensions ['colcon_meta']
[0.510s] Level 1:colcon.colcon_core.package_identification:_identify(src) by extension 'colcon_meta'
[0.510s] Level 1:colcon.colcon_core.package_identification:_identify(src) by extensions ['ros']
[0.510s] Level 1:colcon.colcon_core.package_identification:_identify(src) by extension 'ros'
[0.510s] Level 1:colcon.colcon_core.package_identification:_identify(src) by extensions ['cmake', 'python']
[0.510s] Level 1:colcon.colcon_core.package_identification:_identify(src) by extension 'cmake'
[0.510s] Level 1:colcon.colcon_core.package_identification:_identify(src) by extension 'python'
[0.510s] Level 1:colcon.colcon_core.package_identification:_identify(src) by extensions ['python_setup_py']
[0.510s] Level 1:colcon.colcon_core.package_identification:_identify(src) by extension 'python_setup_py'
[0.510s] Level 1:colcon.colcon_core.package_identification:_identify(src/example_11) by extensions ['ignore', 'ignore_ament_install']
[0.510s] Level 1:colcon.colcon_core.package_identification:_identify(src/example_11) by extension 'ignore'
[0.511s] Level 1:colcon.colcon_core.package_identification:_identify(src/example_11) by extension 'ignore_ament_install'
[0.511s] Level 1:colcon.colcon_core.package_identification:_identify(src/example_11) by extensions ['colcon_pkg']
[0.511s] Level 1:colcon.colcon_core.package_identification:_identify(src/example_11) by extension 'colcon_pkg'
[0.511s] Level 1:colcon.colcon_core.package_identification:_identify(src/example_11) by extensions ['colcon_meta']
[0.511s] Level 1:colcon.colcon_core.package_identification:_identify(src/example_11) by extension 'colcon_meta'
[0.511s] Level 1:colcon.colcon_core.package_identification:_identify(src/example_11) by extensions ['ros']
[0.511s] Level 1:colcon.colcon_core.package_identification:_identify(src/example_11) by extension 'ros'
[0.514s] DEBUG:colcon.colcon_core.package_identification:Package 'src/example_11' with type 'ros.ament_cmake' and name 'ros2_control_demo_example_11'
[0.514s] Level 1:colcon.colcon_core.package_identification:_identify(src/my_robot_hardware_interface) by extensions ['ignore', 'ignore_ament_install']
[0.515s] Level 1:colcon.colcon_core.package_identification:_identify(src/my_robot_hardware_interface) by extension 'ignore'
[0.515s] Level 1:colcon.colcon_core.package_identification:_identify(src/my_robot_hardware_interface) by extension 'ignore_ament_install'
[0.515s] Level 1:colcon.colcon_core.package_identification:_identify(src/my_robot_hardware_interface) by extensions ['colcon_pkg']
[0.515s] Level 1:colcon.colcon_core.package_identification:_identify(src/my_robot_hardware_interface) by extension 'colcon_pkg'
[0.515s] Level 1:colcon.colcon_core.package_identification:_identify(src/my_robot_hardware_interface) by extensions ['colcon_meta']
[0.515s] Level 1:colcon.colcon_core.package_identification:_identify(src/my_robot_hardware_interface) by extension 'colcon_meta'
[0.515s] Level 1:colcon.colcon_core.package_identification:_identify(src/my_robot_hardware_interface) by extensions ['ros']
[0.515s] Level 1:colcon.colcon_core.package_identification:_identify(src/my_robot_hardware_interface) by extension 'ros'
[0.516s] DEBUG:colcon.colcon_core.package_identification:Package 'src/my_robot_hardware_interface' with type 'ros.ament_cmake' and name 'my_robot_hardware_interface'
[0.516s] Level 1:colcon.colcon_core.package_identification:_identify(src/ros2_control_demo_description) by extensions ['ignore', 'ignore_ament_install']
[0.516s] Level 1:colcon.colcon_core.package_identification:_identify(src/ros2_control_demo_description) by extension 'ignore'
[0.516s] Level 1:colcon.colcon_core.package_identification:_identify(src/ros2_control_demo_description) by extension 'ignore_ament_install'
[0.516s] Level 1:colcon.colcon_core.package_identification:_identify(src/ros2_control_demo_description) by extensions ['colcon_pkg']
[0.516s] Level 1:colcon.colcon_core.package_identification:_identify(src/ros2_control_demo_description) by extension 'colcon_pkg'
[0.516s] Level 1:colcon.colcon_core.package_identification:_identify(src/ros2_control_demo_description) by extensions ['colcon_meta']
[0.516s] Level 1:colcon.colcon_core.package_identification:_identify(src/ros2_control_demo_description) by extension 'colcon_meta'
[0.516s] Level 1:colcon.colcon_core.package_identification:_identify(src/ros2_control_demo_description) by extensions ['ros']
[0.516s] Level 1:colcon.colcon_core.package_identification:_identify(src/ros2_control_demo_description) by extension 'ros'
[0.517s] DEBUG:colcon.colcon_core.package_identification:Package 'src/ros2_control_demo_description' with type 'ros.ament_cmake' and name 'ros2_control_demo_description'
[0.517s] Level 1:colcon.colcon_core.package_identification:_identify(src/ros2_control_demo_testing) by extensions ['ignore', 'ignore_ament_install']
[0.517s] Level 1:colcon.colcon_core.package_identification:_identify(src/ros2_control_demo_testing) by extension 'ignore'
[0.517s] Level 1:colcon.colcon_core.package_identification:_identify(src/ros2_control_demo_testing) by extension 'ignore_ament_install'
[0.517s] Level 1:colcon.colcon_core.package_identification:_identify(src/ros2_control_demo_testing) by extensions ['colcon_pkg']
[0.517s] Level 1:colcon.colcon_core.package_identification:_identify(src/ros2_control_demo_testing) by extension 'colcon_pkg'
[0.517s] Level 1:colcon.colcon_core.package_identification:_identify(src/ros2_control_demo_testing) by extensions ['colcon_meta']
[0.517s] Level 1:colcon.colcon_core.package_identification:_identify(src/ros2_control_demo_testing) by extension 'colcon_meta'
[0.517s] Level 1:colcon.colcon_core.package_identification:_identify(src/ros2_control_demo_testing) by extensions ['ros']
[0.517s] Level 1:colcon.colcon_core.package_identification:_identify(src/ros2_control_demo_testing) by extension 'ros'
[0.518s] DEBUG:colcon.colcon_core.package_identification:Package 'src/ros2_control_demo_testing' with type 'ros.ament_python' and name 'ros2_control_demo_testing'
[0.518s] Level 1:colcon.colcon_core.package_identification:_identify(src/ros2_control_demos) by extensions ['ignore', 'ignore_ament_install']
[0.518s] Level 1:colcon.colcon_core.package_identification:_identify(src/ros2_control_demos) by extension 'ignore'
[0.518s] Level 1:colcon.colcon_core.package_identification:_identify(src/ros2_control_demos) by extension 'ignore_ament_install'
[0.518s] Level 1:colcon.colcon_core.package_identification:_identify(src/ros2_control_demos) by extensions ['colcon_pkg']
[0.518s] Level 1:colcon.colcon_core.package_identification:_identify(src/ros2_control_demos) by extension 'colcon_pkg'
[0.518s] Level 1:colcon.colcon_core.package_identification:_identify(src/ros2_control_demos) by extensions ['colcon_meta']
[0.518s] Level 1:colcon.colcon_core.package_identification:_identify(src/ros2_control_demos) by extension 'colcon_meta'
[0.518s] Level 1:colcon.colcon_core.package_identification:_identify(src/ros2_control_demos) by extensions ['ros']
[0.518s] Level 1:colcon.colcon_core.package_identification:_identify(src/ros2_control_demos) by extension 'ros'
[0.527s] DEBUG:colcon.colcon_core.package_identification:Package 'src/ros2_control_demos' with type 'ros.ament_cmake' and name 'ros2_control_demos'
[0.527s] Level 1:colcon.colcon_core.package_discovery:discover_packages(recursive) using defaults
[0.527s] Level 1:colcon.colcon_core.package_discovery:discover_packages(ignore) discover
[0.527s] Level 1:colcon.colcon_core.package_discovery:discover_packages(ignore) using defaults
[0.527s] Level 1:colcon.colcon_core.package_discovery:discover_packages(path) discover
[0.527s] Level 1:colcon.colcon_core.package_discovery:discover_packages(path) using defaults
[0.547s] Level 1:colcon.colcon_core.package_discovery:discover_packages(prefix_path) check parameters
[0.547s] Level 1:colcon.colcon_core.package_discovery:discover_packages(prefix_path) discover
[0.550s] DEBUG:colcon.colcon_installed_package_information.package_discovery:Found 19 installed packages in /home/user/workspace_world/ws_1/install
[0.551s] DEBUG:colcon.colcon_installed_package_information.package_discovery:Found 1 installed packages in /home/user/ros_ws3/install
[0.551s] DEBUG:colcon.colcon_installed_package_information.package_discovery:Found 3 installed packages in /home/user/ros2_ws/install
[0.552s] DEBUG:colcon.colcon_installed_package_information.package_discovery:Found 11 installed packages in /home/user/turtlebot3_ws/install
[0.552s] DEBUG:colcon.colcon_installed_package_information.package_discovery:Found 1 installed packages in /home/user/workspace_world/ws_2/install
[0.554s] DEBUG:colcon.colcon_installed_package_information.package_discovery:Found 432 installed packages in /opt/ros/humble
[0.556s] Level 1:colcon.colcon_core.package_discovery:discover_packages(prefix_path) using defaults
[0.615s] WARNING:colcon.colcon_core.package_selection:Some selected packages are already built in one or more underlay workspaces:
	'ros2_control_demo_description' is in: /home/user/workspace_world/ws_1/install/ros2_control_demo_description
	'ros2_control_demo_testing' is in: /home/user/workspace_world/ws_1/install/ros2_control_demo_testing
If a package in a merged underlay workspace is overridden and it installs headers, then all packages in the overlay must sort their include directories by workspace order. Failure to do so may result in build failures or undefined behavior at run time.
If the overridden package is used by another package in any underlay, then the overriding package in the overlay must be API and ABI compatible or undefined behavior at run time may occur.

If you understand the risks and want to override a package anyways, add the following to the command line:
	--allow-overriding ros2_control_demo_description ros2_control_demo_testing

This may be promoted to an error in a future release of colcon-override-check.
[0.616s] Level 5:colcon.colcon_core.verb:set package 'my_robot_hardware_interface' build argument 'cmake_args' from command line to 'None'
[0.616s] Level 5:colcon.colcon_core.verb:set package 'my_robot_hardware_interface' build argument 'cmake_target' from command line to 'None'
[0.616s] Level 5:colcon.colcon_core.verb:set package 'my_robot_hardware_interface' build argument 'cmake_target_skip_unavailable' from command line to 'False'
[0.616s] Level 5:colcon.colcon_core.verb:set package 'my_robot_hardware_interface' build argument 'cmake_clean_cache' from command line to 'False'
[0.616s] Level 5:colcon.colcon_core.verb:set package 'my_robot_hardware_interface' build argument 'cmake_clean_first' from command line to 'False'
[0.616s] Level 5:colcon.colcon_core.verb:set package 'my_robot_hardware_interface' build argument 'cmake_force_configure' from command line to 'False'
[0.616s] Level 5:colcon.colcon_core.verb:set package 'my_robot_hardware_interface' build argument 'ament_cmake_args' from command line to 'None'
[0.616s] Level 5:colcon.colcon_core.verb:set package 'my_robot_hardware_interface' build argument 'catkin_cmake_args' from command line to 'None'
[0.616s] Level 5:colcon.colcon_core.verb:set package 'my_robot_hardware_interface' build argument 'catkin_skip_building_tests' from command line to 'False'
[0.617s] DEBUG:colcon.colcon_core.verb:Building package 'my_robot_hardware_interface' with the following arguments: {'ament_cmake_args': None, 'build_base': '/home/user/testing/example11_ws1/build/my_robot_hardware_interface', 'catkin_cmake_args': None, 'catkin_skip_building_tests': False, 'cmake_args': None, 'cmake_clean_cache': False, 'cmake_clean_first': False, 'cmake_force_configure': False, 'cmake_target': None, 'cmake_target_skip_unavailable': False, 'install_base': '/home/user/testing/example11_ws1/install/my_robot_hardware_interface', 'merge_install': False, 'path': '/home/user/testing/example11_ws1/src/my_robot_hardware_interface', 'symlink_install': False, 'test_result_base': None}
[0.617s] Level 5:colcon.colcon_core.verb:set package 'ros2_control_demo_description' build argument 'cmake_args' from command line to 'None'
[0.617s] Level 5:colcon.colcon_core.verb:set package 'ros2_control_demo_description' build argument 'cmake_target' from command line to 'None'
[0.617s] Level 5:colcon.colcon_core.verb:set package 'ros2_control_demo_description' build argument 'cmake_target_skip_unavailable' from command line to 'False'
[0.617s] Level 5:colcon.colcon_core.verb:set package 'ros2_control_demo_description' build argument 'cmake_clean_cache' from command line to 'False'
[0.617s] Level 5:colcon.colcon_core.verb:set package 'ros2_control_demo_description' build argument 'cmake_clean_first' from command line to 'False'
[0.617s] Level 5:colcon.colcon_core.verb:set package 'ros2_control_demo_description' build argument 'cmake_force_configure' from command line to 'False'
[0.617s] Level 5:colcon.colcon_core.verb:set package 'ros2_control_demo_description' build argument 'ament_cmake_args' from command line to 'None'
[0.617s] Level 5:colcon.colcon_core.verb:set package 'ros2_control_demo_description' build argument 'catkin_cmake_args' from command line to 'None'
[0.617s] Level 5:colcon.colcon_core.verb:set package 'ros2_control_demo_description' build argument 'catkin_skip_building_tests' from command line to 'False'
[0.617s] DEBUG:colcon.colcon_core.verb:Building package 'ros2_control_demo_description' with the following arguments: {'ament_cmake_args': None, 'build_base': '/home/user/testing/example11_ws1/build/ros2_control_demo_description', 'catkin_cmake_args': None, 'catkin_skip_building_tests': False, 'cmake_args': None, 'cmake_clean_cache': False, 'cmake_clean_first': False, 'cmake_force_configure': False, 'cmake_target': None, 'cmake_target_skip_unavailable': False, 'install_base': '/home/user/testing/example11_ws1/install/ros2_control_demo_description', 'merge_install': False, 'path': '/home/user/testing/example11_ws1/src/ros2_control_demo_description', 'symlink_install': False, 'test_result_base': None}
[0.617s] Level 5:colcon.colcon_core.verb:set package 'ros2_control_demo_testing' build argument 'cmake_args' from command line to 'None'
[0.617s] Level 5:colcon.colcon_core.verb:set package 'ros2_control_demo_testing' build argument 'cmake_target' from command line to 'None'
[0.618s] Level 5:colcon.colcon_core.verb:set package 'ros2_control_demo_testing' build argument 'cmake_target_skip_unavailable' from command line to 'False'
[0.618s] Level 5:colcon.colcon_core.verb:set package 'ros2_control_demo_testing' build argument 'cmake_clean_cache' from command line to 'False'
[0.618s] Level 5:colcon.colcon_core.verb:set package 'ros2_control_demo_testing' build argument 'cmake_clean_first' from command line to 'False'
[0.618s] Level 5:colcon.colcon_core.verb:set package 'ros2_control_demo_testing' build argument 'cmake_force_configure' from command line to 'False'
[0.618s] Level 5:colcon.colcon_core.verb:set package 'ros2_control_demo_testing' build argument 'ament_cmake_args' from command line to 'None'
[0.618s] Level 5:colcon.colcon_core.verb:set package 'ros2_control_demo_testing' build argument 'catkin_cmake_args' from command line to 'None'
[0.618s] Level 5:colcon.colcon_core.verb:set package 'ros2_control_demo_testing' build argument 'catkin_skip_building_tests' from command line to 'False'
[0.618s] DEBUG:colcon.colcon_core.verb:Building package 'ros2_control_demo_testing' with the following arguments: {'ament_cmake_args': None, 'build_base': '/home/user/testing/example11_ws1/build/ros2_control_demo_testing', 'catkin_cmake_args': None, 'catkin_skip_building_tests': False, 'cmake_args': None, 'cmake_clean_cache': False, 'cmake_clean_first': False, 'cmake_force_configure': False, 'cmake_target': None, 'cmake_target_skip_unavailable': False, 'install_base': '/home/user/testing/example11_ws1/install/ros2_control_demo_testing', 'merge_install': False, 'path': '/home/user/testing/example11_ws1/src/ros2_control_demo_testing', 'symlink_install': False, 'test_result_base': None}
[0.618s] Level 5:colcon.colcon_core.verb:set package 'ros2_control_demo_example_11' build argument 'cmake_args' from command line to 'None'
[0.618s] Level 5:colcon.colcon_core.verb:set package 'ros2_control_demo_example_11' build argument 'cmake_target' from command line to 'None'
[0.618s] Level 5:colcon.colcon_core.verb:set package 'ros2_control_demo_example_11' build argument 'cmake_target_skip_unavailable' from command line to 'False'
[0.618s] Level 5:colcon.colcon_core.verb:set package 'ros2_control_demo_example_11' build argument 'cmake_clean_cache' from command line to 'False'
[0.618s] Level 5:colcon.colcon_core.verb:set package 'ros2_control_demo_example_11' build argument 'cmake_clean_first' from command line to 'False'
[0.618s] Level 5:colcon.colcon_core.verb:set package 'ros2_control_demo_example_11' build argument 'cmake_force_configure' from command line to 'False'
[0.618s] Level 5:colcon.colcon_core.verb:set package 'ros2_control_demo_example_11' build argument 'ament_cmake_args' from command line to 'None'
[0.618s] Level 5:colcon.colcon_core.verb:set package 'ros2_control_demo_example_11' build argument 'catkin_cmake_args' from command line to 'None'
[0.618s] Level 5:colcon.colcon_core.verb:set package 'ros2_control_demo_example_11' build argument 'catkin_skip_building_tests' from command line to 'False'
[0.618s] DEBUG:colcon.colcon_core.verb:Building package 'ros2_control_demo_example_11' with the following arguments: {'ament_cmake_args': None, 'build_base': '/home/user/testing/example11_ws1/build/ros2_control_demo_example_11', 'catkin_cmake_args': None, 'catkin_skip_building_tests': False, 'cmake_args': None, 'cmake_clean_cache': False, 'cmake_clean_first': False, 'cmake_force_configure': False, 'cmake_target': None, 'cmake_target_skip_unavailable': False, 'install_base': '/home/user/testing/example11_ws1/install/ros2_control_demo_example_11', 'merge_install': False, 'path': '/home/user/testing/example11_ws1/src/example_11', 'symlink_install': False, 'test_result_base': None}
[0.619s] Level 5:colcon.colcon_core.verb:set package 'ros2_control_demos' build argument 'cmake_args' from command line to 'None'
[0.619s] Level 5:colcon.colcon_core.verb:set package 'ros2_control_demos' build argument 'cmake_target' from command line to 'None'
[0.619s] Level 5:colcon.colcon_core.verb:set package 'ros2_control_demos' build argument 'cmake_target_skip_unavailable' from command line to 'False'
[0.619s] Level 5:colcon.colcon_core.verb:set package 'ros2_control_demos' build argument 'cmake_clean_cache' from command line to 'False'
[0.619s] Level 5:colcon.colcon_core.verb:set package 'ros2_control_demos' build argument 'cmake_clean_first' from command line to 'False'
[0.619s] Level 5:colcon.colcon_core.verb:set package 'ros2_control_demos' build argument 'cmake_force_configure' from command line to 'False'
[0.619s] Level 5:colcon.colcon_core.verb:set package 'ros2_control_demos' build argument 'ament_cmake_args' from command line to 'None'
[0.619s] Level 5:colcon.colcon_core.verb:set package 'ros2_control_demos' build argument 'catkin_cmake_args' from command line to 'None'
[0.619s] Level 5:colcon.colcon_core.verb:set package 'ros2_control_demos' build argument 'catkin_skip_building_tests' from command line to 'False'
[0.619s] DEBUG:colcon.colcon_core.verb:Building package 'ros2_control_demos' with the following arguments: {'ament_cmake_args': None, 'build_base': '/home/user/testing/example11_ws1/build/ros2_control_demos', 'catkin_cmake_args': None, 'catkin_skip_building_tests': False, 'cmake_args': None, 'cmake_clean_cache': False, 'cmake_clean_first': False, 'cmake_force_configure': False, 'cmake_target': None, 'cmake_target_skip_unavailable': False, 'install_base': '/home/user/testing/example11_ws1/install/ros2_control_demos', 'merge_install': False, 'path': '/home/user/testing/example11_ws1/src/ros2_control_demos', 'symlink_install': False, 'test_result_base': None}
[0.619s] INFO:colcon.colcon_core.executor:Executing jobs using 'parallel' executor
[0.621s] DEBUG:colcon.colcon_parallel_executor.executor.parallel:run_until_complete
[0.621s] INFO:colcon.colcon_ros.task.ament_cmake.build:Building ROS package in '/home/user/testing/example11_ws1/src/ros2_control_demo_description' with build type 'ament_cmake'
[0.621s] INFO:colcon.colcon_cmake.task.cmake.build:Building CMake package in '/home/user/testing/example11_ws1/src/ros2_control_demo_description'
[0.623s] INFO:colcon.colcon_core.plugin_system:Skipping extension 'colcon_core.shell.bat': Not used on non-Windows systems
[0.623s] INFO:colcon.colcon_core.shell:Skip shell extension 'powershell' for command environment: Not usable outside of PowerShell
[0.623s] DEBUG:colcon.colcon_core.shell:Skip shell extension 'dsv' for command environment
[0.630s] INFO:colcon.colcon_ros.task.ament_python.build:Building ROS package in '/home/user/testing/example11_ws1/src/ros2_control_demo_testing' with build type 'ament_python'
[0.631s] Level 1:colcon.colcon_core.shell:create_environment_hook('ros2_control_demo_testing', 'ament_prefix_path')
[0.631s] INFO:colcon.colcon_core.shell:Creating environment hook '/home/user/testing/example11_ws1/install/ros2_control_demo_testing/share/ros2_control_demo_testing/hook/ament_prefix_path.ps1'
[0.633s] INFO:colcon.colcon_core.shell:Creating environment descriptor '/home/user/testing/example11_ws1/install/ros2_control_demo_testing/share/ros2_control_demo_testing/hook/ament_prefix_path.dsv'
[0.634s] INFO:colcon.colcon_core.shell:Creating environment hook '/home/user/testing/example11_ws1/install/ros2_control_demo_testing/share/ros2_control_demo_testing/hook/ament_prefix_path.sh'
[0.634s] INFO:colcon.colcon_core.shell:Skip shell extension 'powershell' for command environment: Not usable outside of PowerShell
[0.635s] DEBUG:colcon.colcon_core.shell:Skip shell extension 'dsv' for command environment
[0.642s] INFO:colcon.colcon_ros.task.ament_cmake.build:Building ROS package in '/home/user/testing/example11_ws1/src/my_robot_hardware_interface' with build type 'ament_cmake'
[0.642s] INFO:colcon.colcon_cmake.task.cmake.build:Building CMake package in '/home/user/testing/example11_ws1/src/my_robot_hardware_interface'
[0.642s] INFO:colcon.colcon_core.shell:Skip shell extension 'powershell' for command environment: Not usable outside of PowerShell
[0.642s] DEBUG:colcon.colcon_core.shell:Skip shell extension 'dsv' for command environment
[0.658s] DEBUG:colcon.colcon_core.event_handler.log_command:Invoking command in '/home/user/testing/example11_ws1/build/ros2_control_demo_description': CMAKE_PREFIX_PATH=${CMAKE_PREFIX_PATH}:/home/user/workspace_world/ws_1/install/ros2_control_demo_testing:/home/user/ros2_ws/install/workspace_mapping:/home/user/ros2_ws/install/my_robot_controller:/home/user/ros2_ws/install/fake_imu_package:/home/user/turtlebot3_ws/install/turtlebot3_teleop:/home/user/turtlebot3_ws/install/turtlebot3_example:/opt/ros/humble /usr/bin/cmake /home/user/testing/example11_ws1/src/ros2_control_demo_description -DCMAKE_INSTALL_PREFIX=/home/user/testing/example11_ws1/install/ros2_control_demo_description
[1.102s] INFO:colcon.colcon_core.task.python.build:Building Python package in '/home/user/testing/example11_ws1/src/ros2_control_demo_testing'
[1.103s] INFO:colcon.colcon_core.shell:Skip shell extension 'powershell' for command environment: Not usable outside of PowerShell
[1.103s] DEBUG:colcon.colcon_core.shell:Skip shell extension 'dsv' for command environment
[1.121s] DEBUG:colcon.colcon_core.event_handler.log_command:Invoking command in '/home/user/testing/example11_ws1/build/my_robot_hardware_interface': CMAKE_PREFIX_PATH=${CMAKE_PREFIX_PATH}:/home/user/workspace_world/ws_1/install/ros2_control_demo_testing:/home/user/ros2_ws/install/workspace_mapping:/home/user/ros2_ws/install/my_robot_controller:/home/user/ros2_ws/install/fake_imu_package:/home/user/turtlebot3_ws/install/turtlebot3_teleop:/home/user/turtlebot3_ws/install/turtlebot3_example:/opt/ros/humble /usr/bin/cmake --build /home/user/testing/example11_ws1/build/my_robot_hardware_interface -- -j8 -l8
[1.193s] DEBUG:colcon.colcon_core.event_handler.log_command:Invoked command in '/home/user/testing/example11_ws1/build/my_robot_hardware_interface' returned '0': CMAKE_PREFIX_PATH=${CMAKE_PREFIX_PATH}:/home/user/workspace_world/ws_1/install/ros2_control_demo_testing:/home/user/ros2_ws/install/workspace_mapping:/home/user/ros2_ws/install/my_robot_controller:/home/user/ros2_ws/install/fake_imu_package:/home/user/turtlebot3_ws/install/turtlebot3_teleop:/home/user/turtlebot3_ws/install/turtlebot3_example:/opt/ros/humble /usr/bin/cmake --build /home/user/testing/example11_ws1/build/my_robot_hardware_interface -- -j8 -l8
[1.261s] DEBUG:colcon.colcon_core.event_handler.log_command:Invoking command in '/home/user/testing/example11_ws1/build/my_robot_hardware_interface': CMAKE_PREFIX_PATH=${CMAKE_PREFIX_PATH}:/home/user/workspace_world/ws_1/install/ros2_control_demo_testing:/home/user/ros2_ws/install/workspace_mapping:/home/user/ros2_ws/install/my_robot_controller:/home/user/ros2_ws/install/fake_imu_package:/home/user/turtlebot3_ws/install/turtlebot3_teleop:/home/user/turtlebot3_ws/install/turtlebot3_example:/opt/ros/humble /usr/bin/cmake --install /home/user/testing/example11_ws1/build/my_robot_hardware_interface
[1.283s] Level 1:colcon.colcon_core.environment:create_environment_scripts_only(my_robot_hardware_interface)
[1.284s] DEBUG:colcon.colcon_core.event_handler.log_command:Invoked command in '/home/user/testing/example11_ws1/build/my_robot_hardware_interface' returned '0': CMAKE_PREFIX_PATH=${CMAKE_PREFIX_PATH}:/home/user/workspace_world/ws_1/install/ros2_control_demo_testing:/home/user/ros2_ws/install/workspace_mapping:/home/user/ros2_ws/install/my_robot_controller:/home/user/ros2_ws/install/fake_imu_package:/home/user/turtlebot3_ws/install/turtlebot3_teleop:/home/user/turtlebot3_ws/install/turtlebot3_example:/opt/ros/humble /usr/bin/cmake --install /home/user/testing/example11_ws1/build/my_robot_hardware_interface
[1.289s] Level 1:colcon.colcon_core.environment:checking '/home/user/testing/example11_ws1/install/my_robot_hardware_interface' for CMake module files
[1.289s] Level 1:colcon.colcon_core.environment:checking '/home/user/testing/example11_ws1/install/my_robot_hardware_interface' for CMake config files
[1.291s] Level 1:colcon.colcon_core.shell:create_environment_hook('my_robot_hardware_interface', 'cmake_prefix_path')
[1.292s] INFO:colcon.colcon_core.shell:Creating environment hook '/home/user/testing/example11_ws1/install/my_robot_hardware_interface/share/my_robot_hardware_interface/hook/cmake_prefix_path.ps1'
[1.293s] INFO:colcon.colcon_core.shell:Creating environment descriptor '/home/user/testing/example11_ws1/install/my_robot_hardware_interface/share/my_robot_hardware_interface/hook/cmake_prefix_path.dsv'
[1.294s] INFO:colcon.colcon_core.shell:Creating environment hook '/home/user/testing/example11_ws1/install/my_robot_hardware_interface/share/my_robot_hardware_interface/hook/cmake_prefix_path.sh'
[1.296s] Level 1:colcon.colcon_core.environment:checking '/home/user/testing/example11_ws1/install/my_robot_hardware_interface/bin'
[1.296s] Level 1:colcon.colcon_core.environment:checking '/home/user/testing/example11_ws1/install/my_robot_hardware_interface/lib/pkgconfig/my_robot_hardware_interface.pc'
[1.297s] Level 1:colcon.colcon_core.environment:checking '/home/user/testing/example11_ws1/install/my_robot_hardware_interface/lib/python3.10/site-packages'
[1.298s] Level 1:colcon.colcon_core.environment:checking '/home/user/testing/example11_ws1/install/my_robot_hardware_interface/bin'
[1.298s] INFO:colcon.colcon_core.shell:Creating package script '/home/user/testing/example11_ws1/install/my_robot_hardware_interface/share/my_robot_hardware_interface/package.ps1'
[1.300s] INFO:colcon.colcon_core.shell:Creating package descriptor '/home/user/testing/example11_ws1/install/my_robot_hardware_interface/share/my_robot_hardware_interface/package.dsv'
[1.301s] INFO:colcon.colcon_core.shell:Creating package script '/home/user/testing/example11_ws1/install/my_robot_hardware_interface/share/my_robot_hardware_interface/package.sh'
[1.303s] INFO:colcon.colcon_core.shell:Creating package script '/home/user/testing/example11_ws1/install/my_robot_hardware_interface/share/my_robot_hardware_interface/package.bash'
[1.305s] INFO:colcon.colcon_core.shell:Creating package script '/home/user/testing/example11_ws1/install/my_robot_hardware_interface/share/my_robot_hardware_interface/package.zsh'
[1.306s] Level 1:colcon.colcon_core.environment:create_file_with_runtime_dependencies(/home/user/testing/example11_ws1/install/my_robot_hardware_interface/share/colcon-core/packages/my_robot_hardware_interface)
[1.355s] Level 1:colcon.colcon_core.environment:create_environment_scripts_only(my_robot_hardware_interface)
[1.355s] Level 1:colcon.colcon_core.environment:checking '/home/user/testing/example11_ws1/install/my_robot_hardware_interface' for CMake module files
[1.356s] Level 1:colcon.colcon_core.environment:checking '/home/user/testing/example11_ws1/install/my_robot_hardware_interface' for CMake config files
[1.356s] Level 1:colcon.colcon_core.shell:create_environment_hook('my_robot_hardware_interface', 'cmake_prefix_path')
[1.357s] INFO:colcon.colcon_core.shell:Creating environment hook '/home/user/testing/example11_ws1/install/my_robot_hardware_interface/share/my_robot_hardware_interface/hook/cmake_prefix_path.ps1'
[1.358s] INFO:colcon.colcon_core.shell:Creating environment descriptor '/home/user/testing/example11_ws1/install/my_robot_hardware_interface/share/my_robot_hardware_interface/hook/cmake_prefix_path.dsv'
[1.359s] INFO:colcon.colcon_core.shell:Creating environment hook '/home/user/testing/example11_ws1/install/my_robot_hardware_interface/share/my_robot_hardware_interface/hook/cmake_prefix_path.sh'
[1.360s] Level 1:colcon.colcon_core.environment:checking '/home/user/testing/example11_ws1/install/my_robot_hardware_interface/bin'
[1.360s] Level 1:colcon.colcon_core.environment:checking '/home/user/testing/example11_ws1/install/my_robot_hardware_interface/lib/pkgconfig/my_robot_hardware_interface.pc'
[1.361s] Level 1:colcon.colcon_core.environment:checking '/home/user/testing/example11_ws1/install/my_robot_hardware_interface/lib/python3.10/site-packages'
[1.361s] Level 1:colcon.colcon_core.environment:checking '/home/user/testing/example11_ws1/install/my_robot_hardware_interface/bin'
[1.362s] INFO:colcon.colcon_core.shell:Creating package script '/home/user/testing/example11_ws1/install/my_robot_hardware_interface/share/my_robot_hardware_interface/package.ps1'
[1.363s] INFO:colcon.colcon_core.shell:Creating package descriptor '/home/user/testing/example11_ws1/install/my_robot_hardware_interface/share/my_robot_hardware_interface/package.dsv'
[1.365s] INFO:colcon.colcon_core.shell:Creating package script '/home/user/testing/example11_ws1/install/my_robot_hardware_interface/share/my_robot_hardware_interface/package.sh'
[1.366s] INFO:colcon.colcon_core.shell:Creating package script '/home/user/testing/example11_ws1/install/my_robot_hardware_interface/share/my_robot_hardware_interface/package.bash'
[1.367s] INFO:colcon.colcon_core.shell:Creating package script '/home/user/testing/example11_ws1/install/my_robot_hardware_interface/share/my_robot_hardware_interface/package.zsh'
[1.367s] Level 1:colcon.colcon_core.environment:create_file_with_runtime_dependencies(/home/user/testing/example11_ws1/install/my_robot_hardware_interface/share/colcon-core/packages/my_robot_hardware_interface)
[1.841s] DEBUG:colcon.colcon_core.event_handler.log_command:Invoking command in '/home/user/testing/example11_ws1/src/ros2_control_demo_testing': PYTHONPATH=/home/user/testing/example11_ws1/build/ros2_control_demo_testing/prefix_override:/usr/lib/python3/dist-packages/colcon_core/task/python/colcon_distutils_commands:/home/user/testing/example11_ws1/install/ros2_control_demo_testing/lib/python3.10/site-packages:${PYTHONPATH} /usr/bin/python3 -W ignore:setup.py install is deprecated setup.py egg_info --egg-base ../../build/ros2_control_demo_testing build --build-base /home/user/testing/example11_ws1/build/ros2_control_demo_testing/build install --record /home/user/testing/example11_ws1/build/ros2_control_demo_testing/install.log --single-version-externally-managed install_data
[2.329s] Level 1:colcon.colcon_core.environment:checking '/home/user/testing/example11_ws1/install/ros2_control_demo_testing' for CMake module files
[2.330s] DEBUG:colcon.colcon_core.event_handler.log_command:Invoked command in '/home/user/testing/example11_ws1/src/ros2_control_demo_testing' returned '0': PYTHONPATH=/home/user/testing/example11_ws1/build/ros2_control_demo_testing/prefix_override:/usr/lib/python3/dist-packages/colcon_core/task/python/colcon_distutils_commands:/home/user/testing/example11_ws1/install/ros2_control_demo_testing/lib/python3.10/site-packages:${PYTHONPATH} /usr/bin/python3 -W ignore:setup.py install is deprecated setup.py egg_info --egg-base ../../build/ros2_control_demo_testing build --build-base /home/user/testing/example11_ws1/build/ros2_control_demo_testing/build install --record /home/user/testing/example11_ws1/build/ros2_control_demo_testing/install.log --single-version-externally-managed install_data
[2.330s] Level 1:colcon.colcon_core.environment:checking '/home/user/testing/example11_ws1/install/ros2_control_demo_testing' for CMake config files
[2.331s] Level 1:colcon.colcon_core.environment:checking '/home/user/testing/example11_ws1/install/ros2_control_demo_testing/lib'
[2.332s] Level 1:colcon.colcon_core.environment:checking '/home/user/testing/example11_ws1/install/ros2_control_demo_testing/bin'
[2.332s] Level 1:colcon.colcon_core.environment:checking '/home/user/testing/example11_ws1/install/ros2_control_demo_testing/lib/pkgconfig/ros2_control_demo_testing.pc'
[2.332s] Level 1:colcon.colcon_core.environment:checking '/home/user/testing/example11_ws1/install/ros2_control_demo_testing/lib/python3.10/site-packages'
[2.332s] Level 1:colcon.colcon_core.shell:create_environment_hook('ros2_control_demo_testing', 'pythonpath')
[2.333s] INFO:colcon.colcon_core.shell:Creating environment hook '/home/user/testing/example11_ws1/install/ros2_control_demo_testing/share/ros2_control_demo_testing/hook/pythonpath.ps1'
[2.333s] INFO:colcon.colcon_core.shell:Creating environment descriptor '/home/user/testing/example11_ws1/install/ros2_control_demo_testing/share/ros2_control_demo_testing/hook/pythonpath.dsv'
[2.334s] INFO:colcon.colcon_core.shell:Creating environment hook '/home/user/testing/example11_ws1/install/ros2_control_demo_testing/share/ros2_control_demo_testing/hook/pythonpath.sh'
[2.335s] Level 1:colcon.colcon_core.environment:checking '/home/user/testing/example11_ws1/install/ros2_control_demo_testing/bin'
[2.335s] Level 1:colcon.colcon_core.environment:create_environment_scripts_only(ros2_control_demo_testing)
[2.335s] INFO:colcon.colcon_core.shell:Creating package script '/home/user/testing/example11_ws1/install/ros2_control_demo_testing/share/ros2_control_demo_testing/package.ps1'
[2.336s] INFO:colcon.colcon_core.shell:Creating package descriptor '/home/user/testing/example11_ws1/install/ros2_control_demo_testing/share/ros2_control_demo_testing/package.dsv'
[2.337s] INFO:colcon.colcon_core.shell:Creating package script '/home/user/testing/example11_ws1/install/ros2_control_demo_testing/share/ros2_control_demo_testing/package.sh'
[2.338s] INFO:colcon.colcon_core.shell:Creating package script '/home/user/testing/example11_ws1/install/ros2_control_demo_testing/share/ros2_control_demo_testing/package.bash'
[2.338s] INFO:colcon.colcon_core.shell:Creating package script '/home/user/testing/example11_ws1/install/ros2_control_demo_testing/share/ros2_control_demo_testing/package.zsh'
[2.339s] Level 1:colcon.colcon_core.environment:create_file_with_runtime_dependencies(/home/user/testing/example11_ws1/install/ros2_control_demo_testing/share/colcon-core/packages/ros2_control_demo_testing)
[3.461s] DEBUG:colcon.colcon_core.event_handler.log_command:Invoked command in '/home/user/testing/example11_ws1/build/ros2_control_demo_description' returned '0': CMAKE_PREFIX_PATH=${CMAKE_PREFIX_PATH}:/home/user/workspace_world/ws_1/install/ros2_control_demo_testing:/home/user/ros2_ws/install/workspace_mapping:/home/user/ros2_ws/install/my_robot_controller:/home/user/ros2_ws/install/fake_imu_package:/home/user/turtlebot3_ws/install/turtlebot3_teleop:/home/user/turtlebot3_ws/install/turtlebot3_example:/opt/ros/humble /usr/bin/cmake /home/user/testing/example11_ws1/src/ros2_control_demo_description -DCMAKE_INSTALL_PREFIX=/home/user/testing/example11_ws1/install/ros2_control_demo_description
[3.464s] DEBUG:colcon.colcon_core.event_handler.log_command:Invoking command in '/home/user/testing/example11_ws1/build/ros2_control_demo_description': CMAKE_PREFIX_PATH=${CMAKE_PREFIX_PATH}:/home/user/workspace_world/ws_1/install/ros2_control_demo_testing:/home/user/ros2_ws/install/workspace_mapping:/home/user/ros2_ws/install/my_robot_controller:/home/user/ros2_ws/install/fake_imu_package:/home/user/turtlebot3_ws/install/turtlebot3_teleop:/home/user/turtlebot3_ws/install/turtlebot3_example:/opt/ros/humble /usr/bin/cmake --build /home/user/testing/example11_ws1/build/ros2_control_demo_description -- -j8 -l8
[3.506s] DEBUG:colcon.colcon_core.event_handler.log_command:Invoked command in '/home/user/testing/example11_ws1/build/ros2_control_demo_description' returned '0': CMAKE_PREFIX_PATH=${CMAKE_PREFIX_PATH}:/home/user/workspace_world/ws_1/install/ros2_control_demo_testing:/home/user/ros2_ws/install/workspace_mapping:/home/user/ros2_ws/install/my_robot_controller:/home/user/ros2_ws/install/fake_imu_package:/home/user/turtlebot3_ws/install/turtlebot3_teleop:/home/user/turtlebot3_ws/install/turtlebot3_example:/opt/ros/humble /usr/bin/cmake --build /home/user/testing/example11_ws1/build/ros2_control_demo_description -- -j8 -l8
[3.542s] DEBUG:colcon.colcon_core.event_handler.log_command:Invoking command in '/home/user/testing/example11_ws1/build/ros2_control_demo_description': CMAKE_PREFIX_PATH=${CMAKE_PREFIX_PATH}:/home/user/workspace_world/ws_1/install/ros2_control_demo_testing:/home/user/ros2_ws/install/workspace_mapping:/home/user/ros2_ws/install/my_robot_controller:/home/user/ros2_ws/install/fake_imu_package:/home/user/turtlebot3_ws/install/turtlebot3_teleop:/home/user/turtlebot3_ws/install/turtlebot3_example:/opt/ros/humble /usr/bin/cmake --install /home/user/testing/example11_ws1/build/ros2_control_demo_description
[3.610s] Level 1:colcon.colcon_core.environment:create_environment_scripts_only(ros2_control_demo_description)
[3.611s] Level 1:colcon.colcon_core.environment:checking '/home/user/testing/example11_ws1/install/ros2_control_demo_description' for CMake module files
[3.612s] DEBUG:colcon.colcon_core.event_handler.log_command:Invoked command in '/home/user/testing/example11_ws1/build/ros2_control_demo_description' returned '0': CMAKE_PREFIX_PATH=${CMAKE_PREFIX_PATH}:/home/user/workspace_world/ws_1/install/ros2_control_demo_testing:/home/user/ros2_ws/install/workspace_mapping:/home/user/ros2_ws/install/my_robot_controller:/home/user/ros2_ws/install/fake_imu_package:/home/user/turtlebot3_ws/install/turtlebot3_teleop:/home/user/turtlebot3_ws/install/turtlebot3_example:/opt/ros/humble /usr/bin/cmake --install /home/user/testing/example11_ws1/build/ros2_control_demo_description
[3.612s] Level 1:colcon.colcon_core.environment:checking '/home/user/testing/example11_ws1/install/ros2_control_demo_description' for CMake config files
[3.613s] Level 1:colcon.colcon_core.shell:create_environment_hook('ros2_control_demo_description', 'cmake_prefix_path')
[3.613s] INFO:colcon.colcon_core.shell:Creating environment hook '/home/user/testing/example11_ws1/install/ros2_control_demo_description/share/ros2_control_demo_description/hook/cmake_prefix_path.ps1'
[3.614s] INFO:colcon.colcon_core.shell:Creating environment descriptor '/home/user/testing/example11_ws1/install/ros2_control_demo_description/share/ros2_control_demo_description/hook/cmake_prefix_path.dsv'
[3.614s] INFO:colcon.colcon_core.shell:Creating environment hook '/home/user/testing/example11_ws1/install/ros2_control_demo_description/share/ros2_control_demo_description/hook/cmake_prefix_path.sh'
[3.614s] Level 1:colcon.colcon_core.environment:checking '/home/user/testing/example11_ws1/install/ros2_control_demo_description/bin'
[3.614s] Level 1:colcon.colcon_core.environment:checking '/home/user/testing/example11_ws1/install/ros2_control_demo_description/lib/pkgconfig/ros2_control_demo_description.pc'
[3.615s] Level 1:colcon.colcon_core.environment:checking '/home/user/testing/example11_ws1/install/ros2_control_demo_description/lib/python3.10/site-packages'
[3.615s] Level 1:colcon.colcon_core.environment:checking '/home/user/testing/example11_ws1/install/ros2_control_demo_description/bin'
[3.615s] INFO:colcon.colcon_core.shell:Creating package script '/home/user/testing/example11_ws1/install/ros2_control_demo_description/share/ros2_control_demo_description/package.ps1'
[3.616s] INFO:colcon.colcon_core.shell:Creating package descriptor '/home/user/testing/example11_ws1/install/ros2_control_demo_description/share/ros2_control_demo_description/package.dsv'
[3.616s] INFO:colcon.colcon_core.shell:Creating package script '/home/user/testing/example11_ws1/install/ros2_control_demo_description/share/ros2_control_demo_description/package.sh'
[3.616s] INFO:colcon.colcon_core.shell:Creating package script '/home/user/testing/example11_ws1/install/ros2_control_demo_description/share/ros2_control_demo_description/package.bash'
[3.617s] INFO:colcon.colcon_core.shell:Creating package script '/home/user/testing/example11_ws1/install/ros2_control_demo_description/share/ros2_control_demo_description/package.zsh'
[3.617s] Level 1:colcon.colcon_core.environment:create_file_with_runtime_dependencies(/home/user/testing/example11_ws1/install/ros2_control_demo_description/share/colcon-core/packages/ros2_control_demo_description)
[3.651s] Level 1:colcon.colcon_core.environment:create_environment_scripts_only(ros2_control_demo_description)
[3.651s] Level 1:colcon.colcon_core.environment:checking '/home/user/testing/example11_ws1/install/ros2_control_demo_description' for CMake module files
[3.652s] Level 1:colcon.colcon_core.environment:checking '/home/user/testing/example11_ws1/install/ros2_control_demo_description' for CMake config files
[3.652s] Level 1:colcon.colcon_core.shell:create_environment_hook('ros2_control_demo_description', 'cmake_prefix_path')
[3.652s] INFO:colcon.colcon_core.shell:Creating environment hook '/home/user/testing/example11_ws1/install/ros2_control_demo_description/share/ros2_control_demo_description/hook/cmake_prefix_path.ps1'
[3.653s] INFO:colcon.colcon_core.shell:Creating environment descriptor '/home/user/testing/example11_ws1/install/ros2_control_demo_description/share/ros2_control_demo_description/hook/cmake_prefix_path.dsv'
[3.653s] INFO:colcon.colcon_core.shell:Creating environment hook '/home/user/testing/example11_ws1/install/ros2_control_demo_description/share/ros2_control_demo_description/hook/cmake_prefix_path.sh'
[3.653s] Level 1:colcon.colcon_core.environment:checking '/home/user/testing/example11_ws1/install/ros2_control_demo_description/bin'
[3.654s] Level 1:colcon.colcon_core.environment:checking '/home/user/testing/example11_ws1/install/ros2_control_demo_description/lib/pkgconfig/ros2_control_demo_description.pc'
[3.654s] Level 1:colcon.colcon_core.environment:checking '/home/user/testing/example11_ws1/install/ros2_control_demo_description/lib/python3.10/site-packages'
[3.654s] Level 1:colcon.colcon_core.environment:checking '/home/user/testing/example11_ws1/install/ros2_control_demo_description/bin'
[3.654s] INFO:colcon.colcon_core.shell:Creating package script '/home/user/testing/example11_ws1/install/ros2_control_demo_description/share/ros2_control_demo_description/package.ps1'
[3.655s] INFO:colcon.colcon_core.shell:Creating package descriptor '/home/user/testing/example11_ws1/install/ros2_control_demo_description/share/ros2_control_demo_description/package.dsv'
[3.655s] INFO:colcon.colcon_core.shell:Creating package script '/home/user/testing/example11_ws1/install/ros2_control_demo_description/share/ros2_control_demo_description/package.sh'
[3.656s] INFO:colcon.colcon_core.shell:Creating package script '/home/user/testing/example11_ws1/install/ros2_control_demo_description/share/ros2_control_demo_description/package.bash'
[3.656s] INFO:colcon.colcon_core.shell:Creating package script '/home/user/testing/example11_ws1/install/ros2_control_demo_description/share/ros2_control_demo_description/package.zsh'
[3.657s] Level 1:colcon.colcon_core.environment:create_file_with_runtime_dependencies(/home/user/testing/example11_ws1/install/ros2_control_demo_description/share/colcon-core/packages/ros2_control_demo_description)
[3.657s] INFO:colcon.colcon_ros.task.ament_cmake.build:Building ROS package in '/home/user/testing/example11_ws1/src/example_11' with build type 'ament_cmake'
[3.657s] INFO:colcon.colcon_cmake.task.cmake.build:Building CMake package in '/home/user/testing/example11_ws1/src/example_11'
[3.658s] INFO:colcon.colcon_core.shell:Skip shell extension 'powershell' for command environment: Not usable outside of PowerShell
[3.658s] DEBUG:colcon.colcon_core.shell:Skip shell extension 'dsv' for command environment
[3.864s] DEBUG:colcon.colcon_core.event_handler.log_command:Invoking command in '/home/user/testing/example11_ws1/build/ros2_control_demo_example_11': AMENT_PREFIX_PATH=/home/user/testing/example11_ws1/install/ros2_control_demo_testing:/home/user/testing/example11_ws1/install/ros2_control_demo_description:${AMENT_PREFIX_PATH} CMAKE_PREFIX_PATH=/home/user/testing/example11_ws1/install/ros2_control_demo_description:/home/user/workspace_world/ws_1/install/toy_car_description:/home/user/workspace_world/ws_1/install/ros2_control_demos:/home/user/workspace_world/ws_1/install/ros2_control_demo_example_9:/home/user/workspace_world/ws_1/install/ros2_control_demo_example_8:/home/user/workspace_world/ws_1/install/ros2_control_demo_example_7:/home/user/workspace_world/ws_1/install/ros2_control_demo_example_6:/home/user/workspace_world/ws_1/install/ros2_control_demo_example_15:/home/user/workspace_world/ws_1/install/ros2_control_demo_example_13:/home/user/workspace_world/ws_1/install/ros2_control_demo_example_5:/home/user/workspace_world/ws_1/install/ros2_control_demo_example_4:/home/user/workspace_world/ws_1/install/ros2_control_demo_example_3:/home/user/workspace_world/ws_1/install/ros2_control_demo_example_2:/home/user/workspace_world/ws_1/install/ros2_control_demo_example_14:/home/user/workspace_world/ws_1/install/ros2_control_demo_example_12:/home/user/workspace_world/ws_1/install/ros2_control_demo_example_11:/home/user/workspace_world/ws_1/install/ros2_control_demo_example_10:/home/user/workspace_world/ws_1/install/ros2_control_demo_example_1:/home/user/workspace_world/ws_1/install/ros2_control_demo_description:/home/user/workspace_world/ws_2/install/ros2_control_demo_example_2:/usr/local:/home/user/turtlebot3_ws/install/turtlebot3:/home/user/turtlebot3_ws/install/turtlebot3_simulations:/home/user/turtlebot3_ws/install/turtlebot3_bringup:/home/user/turtlebot3_ws/install/turtlebot3_node:/home/user/turtlebot3_ws/install/turtlebot3_navigation2:/home/user/turtlebot3_ws/install/turtlebot3_gazebo:/home/user/turtlebot3_ws/install/turtlebot3_fake_node:/home/user/turtlebot3_ws/install/turtlebot3_description:/home/user/turtlebot3_ws/install/turtlebot3_cartographer:/home/user/workspace_world/ws_1/install/ros2_control_demo_testing:/home/user/ros2_ws/install/workspace_mapping:/home/user/ros2_ws/install/my_robot_controller:/home/user/ros2_ws/install/fake_imu_package:/home/user/turtlebot3_ws/install/turtlebot3_teleop:/home/user/turtlebot3_ws/install/turtlebot3_example:/opt/ros/humble PYTHONPATH=/home/user/testing/example11_ws1/install/ros2_control_demo_testing/lib/python3.10/site-packages:${PYTHONPATH} /usr/bin/cmake --build /home/user/testing/example11_ws1/build/ros2_control_demo_example_11 -- -j8 -l8
[3.967s] DEBUG:colcon.colcon_core.event_handler.log_command:Invoked command in '/home/user/testing/example11_ws1/build/ros2_control_demo_example_11' returned '0': AMENT_PREFIX_PATH=/home/user/testing/example11_ws1/install/ros2_control_demo_testing:/home/user/testing/example11_ws1/install/ros2_control_demo_description:${AMENT_PREFIX_PATH} CMAKE_PREFIX_PATH=/home/user/testing/example11_ws1/install/ros2_control_demo_description:/home/user/workspace_world/ws_1/install/toy_car_description:/home/user/workspace_world/ws_1/install/ros2_control_demos:/home/user/workspace_world/ws_1/install/ros2_control_demo_example_9:/home/user/workspace_world/ws_1/install/ros2_control_demo_example_8:/home/user/workspace_world/ws_1/install/ros2_control_demo_example_7:/home/user/workspace_world/ws_1/install/ros2_control_demo_example_6:/home/user/workspace_world/ws_1/install/ros2_control_demo_example_15:/home/user/workspace_world/ws_1/install/ros2_control_demo_example_13:/home/user/workspace_world/ws_1/install/ros2_control_demo_example_5:/home/user/workspace_world/ws_1/install/ros2_control_demo_example_4:/home/user/workspace_world/ws_1/install/ros2_control_demo_example_3:/home/user/workspace_world/ws_1/install/ros2_control_demo_example_2:/home/user/workspace_world/ws_1/install/ros2_control_demo_example_14:/home/user/workspace_world/ws_1/install/ros2_control_demo_example_12:/home/user/workspace_world/ws_1/install/ros2_control_demo_example_11:/home/user/workspace_world/ws_1/install/ros2_control_demo_example_10:/home/user/workspace_world/ws_1/install/ros2_control_demo_example_1:/home/user/workspace_world/ws_1/install/ros2_control_demo_description:/home/user/workspace_world/ws_2/install/ros2_control_demo_example_2:/usr/local:/home/user/turtlebot3_ws/install/turtlebot3:/home/user/turtlebot3_ws/install/turtlebot3_simulations:/home/user/turtlebot3_ws/install/turtlebot3_bringup:/home/user/turtlebot3_ws/install/turtlebot3_node:/home/user/turtlebot3_ws/install/turtlebot3_navigation2:/home/user/turtlebot3_ws/install/turtlebot3_gazebo:/home/user/turtlebot3_ws/install/turtlebot3_fake_node:/home/user/turtlebot3_ws/install/turtlebot3_description:/home/user/turtlebot3_ws/install/turtlebot3_cartographer:/home/user/workspace_world/ws_1/install/ros2_control_demo_testing:/home/user/ros2_ws/install/workspace_mapping:/home/user/ros2_ws/install/my_robot_controller:/home/user/ros2_ws/install/fake_imu_package:/home/user/turtlebot3_ws/install/turtlebot3_teleop:/home/user/turtlebot3_ws/install/turtlebot3_example:/opt/ros/humble PYTHONPATH=/home/user/testing/example11_ws1/install/ros2_control_demo_testing/lib/python3.10/site-packages:${PYTHONPATH} /usr/bin/cmake --build /home/user/testing/example11_ws1/build/ros2_control_demo_example_11 -- -j8 -l8
[4.016s] DEBUG:colcon.colcon_core.event_handler.log_command:Invoking command in '/home/user/testing/example11_ws1/build/ros2_control_demo_example_11': AMENT_PREFIX_PATH=/home/user/testing/example11_ws1/install/ros2_control_demo_testing:/home/user/testing/example11_ws1/install/ros2_control_demo_description:${AMENT_PREFIX_PATH} CMAKE_PREFIX_PATH=/home/user/testing/example11_ws1/install/ros2_control_demo_description:/home/user/workspace_world/ws_1/install/toy_car_description:/home/user/workspace_world/ws_1/install/ros2_control_demos:/home/user/workspace_world/ws_1/install/ros2_control_demo_example_9:/home/user/workspace_world/ws_1/install/ros2_control_demo_example_8:/home/user/workspace_world/ws_1/install/ros2_control_demo_example_7:/home/user/workspace_world/ws_1/install/ros2_control_demo_example_6:/home/user/workspace_world/ws_1/install/ros2_control_demo_example_15:/home/user/workspace_world/ws_1/install/ros2_control_demo_example_13:/home/user/workspace_world/ws_1/install/ros2_control_demo_example_5:/home/user/workspace_world/ws_1/install/ros2_control_demo_example_4:/home/user/workspace_world/ws_1/install/ros2_control_demo_example_3:/home/user/workspace_world/ws_1/install/ros2_control_demo_example_2:/home/user/workspace_world/ws_1/install/ros2_control_demo_example_14:/home/user/workspace_world/ws_1/install/ros2_control_demo_example_12:/home/user/workspace_world/ws_1/install/ros2_control_demo_example_11:/home/user/workspace_world/ws_1/install/ros2_control_demo_example_10:/home/user/workspace_world/ws_1/install/ros2_control_demo_example_1:/home/user/workspace_world/ws_1/install/ros2_control_demo_description:/home/user/workspace_world/ws_2/install/ros2_control_demo_example_2:/usr/local:/home/user/turtlebot3_ws/install/turtlebot3:/home/user/turtlebot3_ws/install/turtlebot3_simulations:/home/user/turtlebot3_ws/install/turtlebot3_bringup:/home/user/turtlebot3_ws/install/turtlebot3_node:/home/user/turtlebot3_ws/install/turtlebot3_navigation2:/home/user/turtlebot3_ws/install/turtlebot3_gazebo:/home/user/turtlebot3_ws/install/turtlebot3_fake_node:/home/user/turtlebot3_ws/install/turtlebot3_description:/home/user/turtlebot3_ws/install/turtlebot3_cartographer:/home/user/workspace_world/ws_1/install/ros2_control_demo_testing:/home/user/ros2_ws/install/workspace_mapping:/home/user/ros2_ws/install/my_robot_controller:/home/user/ros2_ws/install/fake_imu_package:/home/user/turtlebot3_ws/install/turtlebot3_teleop:/home/user/turtlebot3_ws/install/turtlebot3_example:/opt/ros/humble PYTHONPATH=/home/user/testing/example11_ws1/install/ros2_control_demo_testing/lib/python3.10/site-packages:${PYTHONPATH} /usr/bin/cmake --install /home/user/testing/example11_ws1/build/ros2_control_demo_example_11
[4.033s] Level 1:colcon.colcon_core.environment:create_environment_scripts_only(ros2_control_demo_example_11)
[4.033s] Level 1:colcon.colcon_core.environment:checking '/home/user/testing/example11_ws1/install/ros2_control_demo_example_11' for CMake module files
[4.036s] Level 1:colcon.colcon_core.environment:checking '/home/user/testing/example11_ws1/install/ros2_control_demo_example_11' for CMake config files
[4.037s] Level 1:colcon.colcon_core.shell:create_environment_hook('ros2_control_demo_example_11', 'cmake_prefix_path')
[4.037s] INFO:colcon.colcon_core.shell:Creating environment hook '/home/user/testing/example11_ws1/install/ros2_control_demo_example_11/share/ros2_control_demo_example_11/hook/cmake_prefix_path.ps1'
[4.039s] INFO:colcon.colcon_core.shell:Creating environment descriptor '/home/user/testing/example11_ws1/install/ros2_control_demo_example_11/share/ros2_control_demo_example_11/hook/cmake_prefix_path.dsv'
[4.042s] DEBUG:colcon.colcon_core.event_handler.log_command:Invoked command in '/home/user/testing/example11_ws1/build/ros2_control_demo_example_11' returned '0': AMENT_PREFIX_PATH=/home/user/testing/example11_ws1/install/ros2_control_demo_testing:/home/user/testing/example11_ws1/install/ros2_control_demo_description:${AMENT_PREFIX_PATH} CMAKE_PREFIX_PATH=/home/user/testing/example11_ws1/install/ros2_control_demo_description:/home/user/workspace_world/ws_1/install/toy_car_description:/home/user/workspace_world/ws_1/install/ros2_control_demos:/home/user/workspace_world/ws_1/install/ros2_control_demo_example_9:/home/user/workspace_world/ws_1/install/ros2_control_demo_example_8:/home/user/workspace_world/ws_1/install/ros2_control_demo_example_7:/home/user/workspace_world/ws_1/install/ros2_control_demo_example_6:/home/user/workspace_world/ws_1/install/ros2_control_demo_example_15:/home/user/workspace_world/ws_1/install/ros2_control_demo_example_13:/home/user/workspace_world/ws_1/install/ros2_control_demo_example_5:/home/user/workspace_world/ws_1/install/ros2_control_demo_example_4:/home/user/workspace_world/ws_1/install/ros2_control_demo_example_3:/home/user/workspace_world/ws_1/install/ros2_control_demo_example_2:/home/user/workspace_world/ws_1/install/ros2_control_demo_example_14:/home/user/workspace_world/ws_1/install/ros2_control_demo_example_12:/home/user/workspace_world/ws_1/install/ros2_control_demo_example_11:/home/user/workspace_world/ws_1/install/ros2_control_demo_example_10:/home/user/workspace_world/ws_1/install/ros2_control_demo_example_1:/home/user/workspace_world/ws_1/install/ros2_control_demo_description:/home/user/workspace_world/ws_2/install/ros2_control_demo_example_2:/usr/local:/home/user/turtlebot3_ws/install/turtlebot3:/home/user/turtlebot3_ws/install/turtlebot3_simulations:/home/user/turtlebot3_ws/install/turtlebot3_bringup:/home/user/turtlebot3_ws/install/turtlebot3_node:/home/user/turtlebot3_ws/install/turtlebot3_navigation2:/home/user/turtlebot3_ws/install/turtlebot3_gazebo:/home/user/turtlebot3_ws/install/turtlebot3_fake_node:/home/user/turtlebot3_ws/install/turtlebot3_description:/home/user/turtlebot3_ws/install/turtlebot3_cartographer:/home/user/workspace_world/ws_1/install/ros2_control_demo_testing:/home/user/ros2_ws/install/workspace_mapping:/home/user/ros2_ws/install/my_robot_controller:/home/user/ros2_ws/install/fake_imu_package:/home/user/turtlebot3_ws/install/turtlebot3_teleop:/home/user/turtlebot3_ws/install/turtlebot3_example:/opt/ros/humble PYTHONPATH=/home/user/testing/example11_ws1/install/ros2_control_demo_testing/lib/python3.10/site-packages:${PYTHONPATH} /usr/bin/cmake --install /home/user/testing/example11_ws1/build/ros2_control_demo_example_11
[4.042s] INFO:colcon.colcon_core.shell:Creating environment hook '/home/user/testing/example11_ws1/install/ros2_control_demo_example_11/share/ros2_control_demo_example_11/hook/cmake_prefix_path.sh'
[4.043s] Level 1:colcon.colcon_core.environment:checking '/home/user/testing/example11_ws1/install/ros2_control_demo_example_11/lib'
[4.043s] Level 1:colcon.colcon_core.shell:create_environment_hook('ros2_control_demo_example_11', 'ld_library_path_lib')
[4.043s] INFO:colcon.colcon_core.shell:Creating environment hook '/home/user/testing/example11_ws1/install/ros2_control_demo_example_11/share/ros2_control_demo_example_11/hook/ld_library_path_lib.ps1'
[4.044s] INFO:colcon.colcon_core.shell:Creating environment descriptor '/home/user/testing/example11_ws1/install/ros2_control_demo_example_11/share/ros2_control_demo_example_11/hook/ld_library_path_lib.dsv'
[4.045s] INFO:colcon.colcon_core.shell:Creating environment hook '/home/user/testing/example11_ws1/install/ros2_control_demo_example_11/share/ros2_control_demo_example_11/hook/ld_library_path_lib.sh'
[4.045s] Level 1:colcon.colcon_core.environment:checking '/home/user/testing/example11_ws1/install/ros2_control_demo_example_11/bin'
[4.045s] Level 1:colcon.colcon_core.environment:checking '/home/user/testing/example11_ws1/install/ros2_control_demo_example_11/lib/pkgconfig/ros2_control_demo_example_11.pc'
[4.045s] Level 1:colcon.colcon_core.environment:checking '/home/user/testing/example11_ws1/install/ros2_control_demo_example_11/lib/python3.10/site-packages'
[4.045s] Level 1:colcon.colcon_core.environment:checking '/home/user/testing/example11_ws1/install/ros2_control_demo_example_11/bin'
[4.046s] INFO:colcon.colcon_core.shell:Creating package script '/home/user/testing/example11_ws1/install/ros2_control_demo_example_11/share/ros2_control_demo_example_11/package.ps1'
[4.046s] INFO:colcon.colcon_core.shell:Creating package descriptor '/home/user/testing/example11_ws1/install/ros2_control_demo_example_11/share/ros2_control_demo_example_11/package.dsv'
[4.047s] INFO:colcon.colcon_core.shell:Creating package script '/home/user/testing/example11_ws1/install/ros2_control_demo_example_11/share/ros2_control_demo_example_11/package.sh'
[4.047s] INFO:colcon.colcon_core.shell:Creating package script '/home/user/testing/example11_ws1/install/ros2_control_demo_example_11/share/ros2_control_demo_example_11/package.bash'
[4.047s] INFO:colcon.colcon_core.shell:Creating package script '/home/user/testing/example11_ws1/install/ros2_control_demo_example_11/share/ros2_control_demo_example_11/package.zsh'
[4.048s] Level 1:colcon.colcon_core.environment:create_file_with_runtime_dependencies(/home/user/testing/example11_ws1/install/ros2_control_demo_example_11/share/colcon-core/packages/ros2_control_demo_example_11)
[4.085s] Level 1:colcon.colcon_core.environment:create_environment_scripts_only(ros2_control_demo_example_11)
[4.085s] Level 1:colcon.colcon_core.environment:checking '/home/user/testing/example11_ws1/install/ros2_control_demo_example_11' for CMake module files
[4.086s] Level 1:colcon.colcon_core.environment:checking '/home/user/testing/example11_ws1/install/ros2_control_demo_example_11' for CMake config files
[4.086s] Level 1:colcon.colcon_core.shell:create_environment_hook('ros2_control_demo_example_11', 'cmake_prefix_path')
[4.086s] INFO:colcon.colcon_core.shell:Creating environment hook '/home/user/testing/example11_ws1/install/ros2_control_demo_example_11/share/ros2_control_demo_example_11/hook/cmake_prefix_path.ps1'
[4.086s] INFO:colcon.colcon_core.shell:Creating environment descriptor '/home/user/testing/example11_ws1/install/ros2_control_demo_example_11/share/ros2_control_demo_example_11/hook/cmake_prefix_path.dsv'
[4.087s] INFO:colcon.colcon_core.shell:Creating environment hook '/home/user/testing/example11_ws1/install/ros2_control_demo_example_11/share/ros2_control_demo_example_11/hook/cmake_prefix_path.sh'
[4.087s] Level 1:colcon.colcon_core.environment:checking '/home/user/testing/example11_ws1/install/ros2_control_demo_example_11/lib'
[4.087s] Level 1:colcon.colcon_core.shell:create_environment_hook('ros2_control_demo_example_11', 'ld_library_path_lib')
[4.087s] INFO:colcon.colcon_core.shell:Creating environment hook '/home/user/testing/example11_ws1/install/ros2_control_demo_example_11/share/ros2_control_demo_example_11/hook/ld_library_path_lib.ps1'
[4.088s] INFO:colcon.colcon_core.shell:Creating environment descriptor '/home/user/testing/example11_ws1/install/ros2_control_demo_example_11/share/ros2_control_demo_example_11/hook/ld_library_path_lib.dsv'
[4.088s] INFO:colcon.colcon_core.shell:Creating environment hook '/home/user/testing/example11_ws1/install/ros2_control_demo_example_11/share/ros2_control_demo_example_11/hook/ld_library_path_lib.sh'
[4.089s] Level 1:colcon.colcon_core.environment:checking '/home/user/testing/example11_ws1/install/ros2_control_demo_example_11/bin'
[4.089s] Level 1:colcon.colcon_core.environment:checking '/home/user/testing/example11_ws1/install/ros2_control_demo_example_11/lib/pkgconfig/ros2_control_demo_example_11.pc'
[4.089s] Level 1:colcon.colcon_core.environment:checking '/home/user/testing/example11_ws1/install/ros2_control_demo_example_11/lib/python3.10/site-packages'
[4.089s] Level 1:colcon.colcon_core.environment:checking '/home/user/testing/example11_ws1/install/ros2_control_demo_example_11/bin'
[4.089s] INFO:colcon.colcon_core.shell:Creating package script '/home/user/testing/example11_ws1/install/ros2_control_demo_example_11/share/ros2_control_demo_example_11/package.ps1'
[4.090s] INFO:colcon.colcon_core.shell:Creating package descriptor '/home/user/testing/example11_ws1/install/ros2_control_demo_example_11/share/ros2_control_demo_example_11/package.dsv'
[4.090s] INFO:colcon.colcon_core.shell:Creating package script '/home/user/testing/example11_ws1/install/ros2_control_demo_example_11/share/ros2_control_demo_example_11/package.sh'
[4.091s] INFO:colcon.colcon_core.shell:Creating package script '/home/user/testing/example11_ws1/install/ros2_control_demo_example_11/share/ros2_control_demo_example_11/package.bash'
[4.091s] INFO:colcon.colcon_core.shell:Creating package script '/home/user/testing/example11_ws1/install/ros2_control_demo_example_11/share/ros2_control_demo_example_11/package.zsh'
[4.092s] Level 1:colcon.colcon_core.environment:create_file_with_runtime_dependencies(/home/user/testing/example11_ws1/install/ros2_control_demo_example_11/share/colcon-core/packages/ros2_control_demo_example_11)
[4.092s] INFO:colcon.colcon_ros.task.ament_cmake.build:Building ROS package in '/home/user/testing/example11_ws1/src/ros2_control_demos' with build type 'ament_cmake'
[4.092s] INFO:colcon.colcon_cmake.task.cmake.build:Building CMake package in '/home/user/testing/example11_ws1/src/ros2_control_demos'
[4.093s] INFO:colcon.colcon_core.shell:Skip shell extension 'powershell' for command environment: Not usable outside of PowerShell
[4.093s] DEBUG:colcon.colcon_core.shell:Skip shell extension 'dsv' for command environment
[4.438s] DEBUG:colcon.colcon_core.event_handler.log_command:Invoking command in '/home/user/testing/example11_ws1/build/ros2_control_demos': AMENT_PREFIX_PATH=/home/user/testing/example11_ws1/install/ros2_control_demo_example_11:/home/user/testing/example11_ws1/install/ros2_control_demo_testing:/home/user/testing/example11_ws1/install/ros2_control_demo_description:${AMENT_PREFIX_PATH} CMAKE_PREFIX_PATH=/home/user/testing/example11_ws1/install/ros2_control_demo_example_11:/home/user/testing/example11_ws1/install/ros2_control_demo_description:/home/user/workspace_world/ws_1/install/toy_car_description:/home/user/workspace_world/ws_1/install/ros2_control_demos:/home/user/workspace_world/ws_1/install/ros2_control_demo_example_9:/home/user/workspace_world/ws_1/install/ros2_control_demo_example_8:/home/user/workspace_world/ws_1/install/ros2_control_demo_example_7:/home/user/workspace_world/ws_1/install/ros2_control_demo_example_6:/home/user/workspace_world/ws_1/install/ros2_control_demo_example_15:/home/user/workspace_world/ws_1/install/ros2_control_demo_example_13:/home/user/workspace_world/ws_1/install/ros2_control_demo_example_5:/home/user/workspace_world/ws_1/install/ros2_control_demo_example_4:/home/user/workspace_world/ws_1/install/ros2_control_demo_example_3:/home/user/workspace_world/ws_1/install/ros2_control_demo_example_2:/home/user/workspace_world/ws_1/install/ros2_control_demo_example_14:/home/user/workspace_world/ws_1/install/ros2_control_demo_example_12:/home/user/workspace_world/ws_1/install/ros2_control_demo_example_11:/home/user/workspace_world/ws_1/install/ros2_control_demo_example_10:/home/user/workspace_world/ws_1/install/ros2_control_demo_example_1:/home/user/workspace_world/ws_1/install/ros2_control_demo_description:/home/user/workspace_world/ws_2/install/ros2_control_demo_example_2:/usr/local:/home/user/turtlebot3_ws/install/turtlebot3:/home/user/turtlebot3_ws/install/turtlebot3_simulations:/home/user/turtlebot3_ws/install/turtlebot3_bringup:/home/user/turtlebot3_ws/install/turtlebot3_node:/home/user/turtlebot3_ws/install/turtlebot3_navigation2:/home/user/turtlebot3_ws/install/turtlebot3_gazebo:/home/user/turtlebot3_ws/install/turtlebot3_fake_node:/home/user/turtlebot3_ws/install/turtlebot3_description:/home/user/turtlebot3_ws/install/turtlebot3_cartographer:/home/user/workspace_world/ws_1/install/ros2_control_demo_testing:/home/user/ros2_ws/install/workspace_mapping:/home/user/ros2_ws/install/my_robot_controller:/home/user/ros2_ws/install/fake_imu_package:/home/user/turtlebot3_ws/install/turtlebot3_teleop:/home/user/turtlebot3_ws/install/turtlebot3_example:/opt/ros/humble LD_LIBRARY_PATH=/home/user/testing/example11_ws1/install/ros2_control_demo_example_11/lib:${LD_LIBRARY_PATH} PYTHONPATH=/home/user/testing/example11_ws1/install/ros2_control_demo_testing/lib/python3.10/site-packages:${PYTHONPATH} /usr/bin/cmake /home/user/testing/example11_ws1/src/ros2_control_demos -DCMAKE_INSTALL_PREFIX=/home/user/testing/example11_ws1/install/ros2_control_demos
[6.889s] DEBUG:colcon.colcon_core.event_handler.log_command:Invoked command in '/home/user/testing/example11_ws1/build/ros2_control_demos' returned '0': AMENT_PREFIX_PATH=/home/user/testing/example11_ws1/install/ros2_control_demo_example_11:/home/user/testing/example11_ws1/install/ros2_control_demo_testing:/home/user/testing/example11_ws1/install/ros2_control_demo_description:${AMENT_PREFIX_PATH} CMAKE_PREFIX_PATH=/home/user/testing/example11_ws1/install/ros2_control_demo_example_11:/home/user/testing/example11_ws1/install/ros2_control_demo_description:/home/user/workspace_world/ws_1/install/toy_car_description:/home/user/workspace_world/ws_1/install/ros2_control_demos:/home/user/workspace_world/ws_1/install/ros2_control_demo_example_9:/home/user/workspace_world/ws_1/install/ros2_control_demo_example_8:/home/user/workspace_world/ws_1/install/ros2_control_demo_example_7:/home/user/workspace_world/ws_1/install/ros2_control_demo_example_6:/home/user/workspace_world/ws_1/install/ros2_control_demo_example_15:/home/user/workspace_world/ws_1/install/ros2_control_demo_example_13:/home/user/workspace_world/ws_1/install/ros2_control_demo_example_5:/home/user/workspace_world/ws_1/install/ros2_control_demo_example_4:/home/user/workspace_world/ws_1/install/ros2_control_demo_example_3:/home/user/workspace_world/ws_1/install/ros2_control_demo_example_2:/home/user/workspace_world/ws_1/install/ros2_control_demo_example_14:/home/user/workspace_world/ws_1/install/ros2_control_demo_example_12:/home/user/workspace_world/ws_1/install/ros2_control_demo_example_11:/home/user/workspace_world/ws_1/install/ros2_control_demo_example_10:/home/user/workspace_world/ws_1/install/ros2_control_demo_example_1:/home/user/workspace_world/ws_1/install/ros2_control_demo_description:/home/user/workspace_world/ws_2/install/ros2_control_demo_example_2:/usr/local:/home/user/turtlebot3_ws/install/turtlebot3:/home/user/turtlebot3_ws/install/turtlebot3_simulations:/home/user/turtlebot3_ws/install/turtlebot3_bringup:/home/user/turtlebot3_ws/install/turtlebot3_node:/home/user/turtlebot3_ws/install/turtlebot3_navigation2:/home/user/turtlebot3_ws/install/turtlebot3_gazebo:/home/user/turtlebot3_ws/install/turtlebot3_fake_node:/home/user/turtlebot3_ws/install/turtlebot3_description:/home/user/turtlebot3_ws/install/turtlebot3_cartographer:/home/user/workspace_world/ws_1/install/ros2_control_demo_testing:/home/user/ros2_ws/install/workspace_mapping:/home/user/ros2_ws/install/my_robot_controller:/home/user/ros2_ws/install/fake_imu_package:/home/user/turtlebot3_ws/install/turtlebot3_teleop:/home/user/turtlebot3_ws/install/turtlebot3_example:/opt/ros/humble LD_LIBRARY_PATH=/home/user/testing/example11_ws1/install/ros2_control_demo_example_11/lib:${LD_LIBRARY_PATH} PYTHONPATH=/home/user/testing/example11_ws1/install/ros2_control_demo_testing/lib/python3.10/site-packages:${PYTHONPATH} /usr/bin/cmake /home/user/testing/example11_ws1/src/ros2_control_demos -DCMAKE_INSTALL_PREFIX=/home/user/testing/example11_ws1/install/ros2_control_demos
[6.890s] DEBUG:colcon.colcon_core.event_handler.log_command:Invoking command in '/home/user/testing/example11_ws1/build/ros2_control_demos': AMENT_PREFIX_PATH=/home/user/testing/example11_ws1/install/ros2_control_demo_example_11:/home/user/testing/example11_ws1/install/ros2_control_demo_testing:/home/user/testing/example11_ws1/install/ros2_control_demo_description:${AMENT_PREFIX_PATH} CMAKE_PREFIX_PATH=/home/user/testing/example11_ws1/install/ros2_control_demo_example_11:/home/user/testing/example11_ws1/install/ros2_control_demo_description:/home/user/workspace_world/ws_1/install/toy_car_description:/home/user/workspace_world/ws_1/install/ros2_control_demos:/home/user/workspace_world/ws_1/install/ros2_control_demo_example_9:/home/user/workspace_world/ws_1/install/ros2_control_demo_example_8:/home/user/workspace_world/ws_1/install/ros2_control_demo_example_7:/home/user/workspace_world/ws_1/install/ros2_control_demo_example_6:/home/user/workspace_world/ws_1/install/ros2_control_demo_example_15:/home/user/workspace_world/ws_1/install/ros2_control_demo_example_13:/home/user/workspace_world/ws_1/install/ros2_control_demo_example_5:/home/user/workspace_world/ws_1/install/ros2_control_demo_example_4:/home/user/workspace_world/ws_1/install/ros2_control_demo_example_3:/home/user/workspace_world/ws_1/install/ros2_control_demo_example_2:/home/user/workspace_world/ws_1/install/ros2_control_demo_example_14:/home/user/workspace_world/ws_1/install/ros2_control_demo_example_12:/home/user/workspace_world/ws_1/install/ros2_control_demo_example_11:/home/user/workspace_world/ws_1/install/ros2_control_demo_example_10:/home/user/workspace_world/ws_1/install/ros2_control_demo_example_1:/home/user/workspace_world/ws_1/install/ros2_control_demo_description:/home/user/workspace_world/ws_2/install/ros2_control_demo_example_2:/usr/local:/home/user/turtlebot3_ws/install/turtlebot3:/home/user/turtlebot3_ws/install/turtlebot3_simulations:/home/user/turtlebot3_ws/install/turtlebot3_bringup:/home/user/turtlebot3_ws/install/turtlebot3_node:/home/user/turtlebot3_ws/install/turtlebot3_navigation2:/home/user/turtlebot3_ws/install/turtlebot3_gazebo:/home/user/turtlebot3_ws/install/turtlebot3_fake_node:/home/user/turtlebot3_ws/install/turtlebot3_description:/home/user/turtlebot3_ws/install/turtlebot3_cartographer:/home/user/workspace_world/ws_1/install/ros2_control_demo_testing:/home/user/ros2_ws/install/workspace_mapping:/home/user/ros2_ws/install/my_robot_controller:/home/user/ros2_ws/install/fake_imu_package:/home/user/turtlebot3_ws/install/turtlebot3_teleop:/home/user/turtlebot3_ws/install/turtlebot3_example:/opt/ros/humble LD_LIBRARY_PATH=/home/user/testing/example11_ws1/install/ros2_control_demo_example_11/lib:${LD_LIBRARY_PATH} PYTHONPATH=/home/user/testing/example11_ws1/install/ros2_control_demo_testing/lib/python3.10/site-packages:${PYTHONPATH} /usr/bin/cmake --build /home/user/testing/example11_ws1/build/ros2_control_demos -- -j8 -l8
[6.932s] DEBUG:colcon.colcon_core.event_handler.log_command:Invoked command in '/home/user/testing/example11_ws1/build/ros2_control_demos' returned '0': AMENT_PREFIX_PATH=/home/user/testing/example11_ws1/install/ros2_control_demo_example_11:/home/user/testing/example11_ws1/install/ros2_control_demo_testing:/home/user/testing/example11_ws1/install/ros2_control_demo_description:${AMENT_PREFIX_PATH} CMAKE_PREFIX_PATH=/home/user/testing/example11_ws1/install/ros2_control_demo_example_11:/home/user/testing/example11_ws1/install/ros2_control_demo_description:/home/user/workspace_world/ws_1/install/toy_car_description:/home/user/workspace_world/ws_1/install/ros2_control_demos:/home/user/workspace_world/ws_1/install/ros2_control_demo_example_9:/home/user/workspace_world/ws_1/install/ros2_control_demo_example_8:/home/user/workspace_world/ws_1/install/ros2_control_demo_example_7:/home/user/workspace_world/ws_1/install/ros2_control_demo_example_6:/home/user/workspace_world/ws_1/install/ros2_control_demo_example_15:/home/user/workspace_world/ws_1/install/ros2_control_demo_example_13:/home/user/workspace_world/ws_1/install/ros2_control_demo_example_5:/home/user/workspace_world/ws_1/install/ros2_control_demo_example_4:/home/user/workspace_world/ws_1/install/ros2_control_demo_example_3:/home/user/workspace_world/ws_1/install/ros2_control_demo_example_2:/home/user/workspace_world/ws_1/install/ros2_control_demo_example_14:/home/user/workspace_world/ws_1/install/ros2_control_demo_example_12:/home/user/workspace_world/ws_1/install/ros2_control_demo_example_11:/home/user/workspace_world/ws_1/install/ros2_control_demo_example_10:/home/user/workspace_world/ws_1/install/ros2_control_demo_example_1:/home/user/workspace_world/ws_1/install/ros2_control_demo_description:/home/user/workspace_world/ws_2/install/ros2_control_demo_example_2:/usr/local:/home/user/turtlebot3_ws/install/turtlebot3:/home/user/turtlebot3_ws/install/turtlebot3_simulations:/home/user/turtlebot3_ws/install/turtlebot3_bringup:/home/user/turtlebot3_ws/install/turtlebot3_node:/home/user/turtlebot3_ws/install/turtlebot3_navigation2:/home/user/turtlebot3_ws/install/turtlebot3_gazebo:/home/user/turtlebot3_ws/install/turtlebot3_fake_node:/home/user/turtlebot3_ws/install/turtlebot3_description:/home/user/turtlebot3_ws/install/turtlebot3_cartographer:/home/user/workspace_world/ws_1/install/ros2_control_demo_testing:/home/user/ros2_ws/install/workspace_mapping:/home/user/ros2_ws/install/my_robot_controller:/home/user/ros2_ws/install/fake_imu_package:/home/user/turtlebot3_ws/install/turtlebot3_teleop:/home/user/turtlebot3_ws/install/turtlebot3_example:/opt/ros/humble LD_LIBRARY_PATH=/home/user/testing/example11_ws1/install/ros2_control_demo_example_11/lib:${LD_LIBRARY_PATH} PYTHONPATH=/home/user/testing/example11_ws1/install/ros2_control_demo_testing/lib/python3.10/site-packages:${PYTHONPATH} /usr/bin/cmake --build /home/user/testing/example11_ws1/build/ros2_control_demos -- -j8 -l8
[6.968s] DEBUG:colcon.colcon_core.event_handler.log_command:Invoking command in '/home/user/testing/example11_ws1/build/ros2_control_demos': AMENT_PREFIX_PATH=/home/user/testing/example11_ws1/install/ros2_control_demo_example_11:/home/user/testing/example11_ws1/install/ros2_control_demo_testing:/home/user/testing/example11_ws1/install/ros2_control_demo_description:${AMENT_PREFIX_PATH} CMAKE_PREFIX_PATH=/home/user/testing/example11_ws1/install/ros2_control_demo_example_11:/home/user/testing/example11_ws1/install/ros2_control_demo_description:/home/user/workspace_world/ws_1/install/toy_car_description:/home/user/workspace_world/ws_1/install/ros2_control_demos:/home/user/workspace_world/ws_1/install/ros2_control_demo_example_9:/home/user/workspace_world/ws_1/install/ros2_control_demo_example_8:/home/user/workspace_world/ws_1/install/ros2_control_demo_example_7:/home/user/workspace_world/ws_1/install/ros2_control_demo_example_6:/home/user/workspace_world/ws_1/install/ros2_control_demo_example_15:/home/user/workspace_world/ws_1/install/ros2_control_demo_example_13:/home/user/workspace_world/ws_1/install/ros2_control_demo_example_5:/home/user/workspace_world/ws_1/install/ros2_control_demo_example_4:/home/user/workspace_world/ws_1/install/ros2_control_demo_example_3:/home/user/workspace_world/ws_1/install/ros2_control_demo_example_2:/home/user/workspace_world/ws_1/install/ros2_control_demo_example_14:/home/user/workspace_world/ws_1/install/ros2_control_demo_example_12:/home/user/workspace_world/ws_1/install/ros2_control_demo_example_11:/home/user/workspace_world/ws_1/install/ros2_control_demo_example_10:/home/user/workspace_world/ws_1/install/ros2_control_demo_example_1:/home/user/workspace_world/ws_1/install/ros2_control_demo_description:/home/user/workspace_world/ws_2/install/ros2_control_demo_example_2:/usr/local:/home/user/turtlebot3_ws/install/turtlebot3:/home/user/turtlebot3_ws/install/turtlebot3_simulations:/home/user/turtlebot3_ws/install/turtlebot3_bringup:/home/user/turtlebot3_ws/install/turtlebot3_node:/home/user/turtlebot3_ws/install/turtlebot3_navigation2:/home/user/turtlebot3_ws/install/turtlebot3_gazebo:/home/user/turtlebot3_ws/install/turtlebot3_fake_node:/home/user/turtlebot3_ws/install/turtlebot3_description:/home/user/turtlebot3_ws/install/turtlebot3_cartographer:/home/user/workspace_world/ws_1/install/ros2_control_demo_testing:/home/user/ros2_ws/install/workspace_mapping:/home/user/ros2_ws/install/my_robot_controller:/home/user/ros2_ws/install/fake_imu_package:/home/user/turtlebot3_ws/install/turtlebot3_teleop:/home/user/turtlebot3_ws/install/turtlebot3_example:/opt/ros/humble LD_LIBRARY_PATH=/home/user/testing/example11_ws1/install/ros2_control_demo_example_11/lib:${LD_LIBRARY_PATH} PYTHONPATH=/home/user/testing/example11_ws1/install/ros2_control_demo_testing/lib/python3.10/site-packages:${PYTHONPATH} /usr/bin/cmake --install /home/user/testing/example11_ws1/build/ros2_control_demos
[6.984s] Level 1:colcon.colcon_core.environment:create_environment_scripts_only(ros2_control_demos)
[6.984s] Level 1:colcon.colcon_core.environment:checking '/home/user/testing/example11_ws1/install/ros2_control_demos' for CMake module files
[6.984s] DEBUG:colcon.colcon_core.event_handler.log_command:Invoked command in '/home/user/testing/example11_ws1/build/ros2_control_demos' returned '0': AMENT_PREFIX_PATH=/home/user/testing/example11_ws1/install/ros2_control_demo_example_11:/home/user/testing/example11_ws1/install/ros2_control_demo_testing:/home/user/testing/example11_ws1/install/ros2_control_demo_description:${AMENT_PREFIX_PATH} CMAKE_PREFIX_PATH=/home/user/testing/example11_ws1/install/ros2_control_demo_example_11:/home/user/testing/example11_ws1/install/ros2_control_demo_description:/home/user/workspace_world/ws_1/install/toy_car_description:/home/user/workspace_world/ws_1/install/ros2_control_demos:/home/user/workspace_world/ws_1/install/ros2_control_demo_example_9:/home/user/workspace_world/ws_1/install/ros2_control_demo_example_8:/home/user/workspace_world/ws_1/install/ros2_control_demo_example_7:/home/user/workspace_world/ws_1/install/ros2_control_demo_example_6:/home/user/workspace_world/ws_1/install/ros2_control_demo_example_15:/home/user/workspace_world/ws_1/install/ros2_control_demo_example_13:/home/user/workspace_world/ws_1/install/ros2_control_demo_example_5:/home/user/workspace_world/ws_1/install/ros2_control_demo_example_4:/home/user/workspace_world/ws_1/install/ros2_control_demo_example_3:/home/user/workspace_world/ws_1/install/ros2_control_demo_example_2:/home/user/workspace_world/ws_1/install/ros2_control_demo_example_14:/home/user/workspace_world/ws_1/install/ros2_control_demo_example_12:/home/user/workspace_world/ws_1/install/ros2_control_demo_example_11:/home/user/workspace_world/ws_1/install/ros2_control_demo_example_10:/home/user/workspace_world/ws_1/install/ros2_control_demo_example_1:/home/user/workspace_world/ws_1/install/ros2_control_demo_description:/home/user/workspace_world/ws_2/install/ros2_control_demo_example_2:/usr/local:/home/user/turtlebot3_ws/install/turtlebot3:/home/user/turtlebot3_ws/install/turtlebot3_simulations:/home/user/turtlebot3_ws/install/turtlebot3_bringup:/home/user/turtlebot3_ws/install/turtlebot3_node:/home/user/turtlebot3_ws/install/turtlebot3_navigation2:/home/user/turtlebot3_ws/install/turtlebot3_gazebo:/home/user/turtlebot3_ws/install/turtlebot3_fake_node:/home/user/turtlebot3_ws/install/turtlebot3_description:/home/user/turtlebot3_ws/install/turtlebot3_cartographer:/home/user/workspace_world/ws_1/install/ros2_control_demo_testing:/home/user/ros2_ws/install/workspace_mapping:/home/user/ros2_ws/install/my_robot_controller:/home/user/ros2_ws/install/fake_imu_package:/home/user/turtlebot3_ws/install/turtlebot3_teleop:/home/user/turtlebot3_ws/install/turtlebot3_example:/opt/ros/humble LD_LIBRARY_PATH=/home/user/testing/example11_ws1/install/ros2_control_demo_example_11/lib:${LD_LIBRARY_PATH} PYTHONPATH=/home/user/testing/example11_ws1/install/ros2_control_demo_testing/lib/python3.10/site-packages:${PYTHONPATH} /usr/bin/cmake --install /home/user/testing/example11_ws1/build/ros2_control_demos
[6.985s] Level 1:colcon.colcon_core.environment:checking '/home/user/testing/example11_ws1/install/ros2_control_demos' for CMake config files
[6.985s] Level 1:colcon.colcon_core.shell:create_environment_hook('ros2_control_demos', 'cmake_prefix_path')
[6.985s] INFO:colcon.colcon_core.shell:Creating environment hook '/home/user/testing/example11_ws1/install/ros2_control_demos/share/ros2_control_demos/hook/cmake_prefix_path.ps1'
[6.986s] INFO:colcon.colcon_core.shell:Creating environment descriptor '/home/user/testing/example11_ws1/install/ros2_control_demos/share/ros2_control_demos/hook/cmake_prefix_path.dsv'
[6.986s] INFO:colcon.colcon_core.shell:Creating environment hook '/home/user/testing/example11_ws1/install/ros2_control_demos/share/ros2_control_demos/hook/cmake_prefix_path.sh'
[6.986s] Level 1:colcon.colcon_core.environment:checking '/home/user/testing/example11_ws1/install/ros2_control_demos/bin'
[6.986s] Level 1:colcon.colcon_core.environment:checking '/home/user/testing/example11_ws1/install/ros2_control_demos/lib/pkgconfig/ros2_control_demos.pc'
[6.987s] Level 1:colcon.colcon_core.environment:checking '/home/user/testing/example11_ws1/install/ros2_control_demos/lib/python3.10/site-packages'
[6.987s] Level 1:colcon.colcon_core.environment:checking '/home/user/testing/example11_ws1/install/ros2_control_demos/bin'
[6.987s] INFO:colcon.colcon_core.shell:Creating package script '/home/user/testing/example11_ws1/install/ros2_control_demos/share/ros2_control_demos/package.ps1'
[6.987s] INFO:colcon.colcon_core.shell:Creating package descriptor '/home/user/testing/example11_ws1/install/ros2_control_demos/share/ros2_control_demos/package.dsv'
[6.988s] INFO:colcon.colcon_core.shell:Creating package script '/home/user/testing/example11_ws1/install/ros2_control_demos/share/ros2_control_demos/package.sh'
[6.988s] INFO:colcon.colcon_core.shell:Creating package script '/home/user/testing/example11_ws1/install/ros2_control_demos/share/ros2_control_demos/package.bash'
[6.988s] INFO:colcon.colcon_core.shell:Creating package script '/home/user/testing/example11_ws1/install/ros2_control_demos/share/ros2_control_demos/package.zsh'
[6.989s] Level 1:colcon.colcon_core.environment:create_file_with_runtime_dependencies(/home/user/testing/example11_ws1/install/ros2_control_demos/share/colcon-core/packages/ros2_control_demos)
[7.022s] Level 1:colcon.colcon_core.environment:create_environment_scripts_only(ros2_control_demos)
[7.022s] Level 1:colcon.colcon_core.environment:checking '/home/user/testing/example11_ws1/install/ros2_control_demos' for CMake module files
[7.023s] Level 1:colcon.colcon_core.environment:checking '/home/user/testing/example11_ws1/install/ros2_control_demos' for CMake config files
[7.023s] Level 1:colcon.colcon_core.shell:create_environment_hook('ros2_control_demos', 'cmake_prefix_path')
[7.023s] INFO:colcon.colcon_core.shell:Creating environment hook '/home/user/testing/example11_ws1/install/ros2_control_demos/share/ros2_control_demos/hook/cmake_prefix_path.ps1'
[7.024s] INFO:colcon.colcon_core.shell:Creating environment descriptor '/home/user/testing/example11_ws1/install/ros2_control_demos/share/ros2_control_demos/hook/cmake_prefix_path.dsv'
[7.024s] INFO:colcon.colcon_core.shell:Creating environment hook '/home/user/testing/example11_ws1/install/ros2_control_demos/share/ros2_control_demos/hook/cmake_prefix_path.sh'
[7.024s] Level 1:colcon.colcon_core.environment:checking '/home/user/testing/example11_ws1/install/ros2_control_demos/bin'
[7.024s] Level 1:colcon.colcon_core.environment:checking '/home/user/testing/example11_ws1/install/ros2_control_demos/lib/pkgconfig/ros2_control_demos.pc'
[7.025s] Level 1:colcon.colcon_core.environment:checking '/home/user/testing/example11_ws1/install/ros2_control_demos/lib/python3.10/site-packages'
[7.025s] Level 1:colcon.colcon_core.environment:checking '/home/user/testing/example11_ws1/install/ros2_control_demos/bin'
[7.025s] INFO:colcon.colcon_core.shell:Creating package script '/home/user/testing/example11_ws1/install/ros2_control_demos/share/ros2_control_demos/package.ps1'
[7.025s] INFO:colcon.colcon_core.shell:Creating package descriptor '/home/user/testing/example11_ws1/install/ros2_control_demos/share/ros2_control_demos/package.dsv'
[7.026s] INFO:colcon.colcon_core.shell:Creating package script '/home/user/testing/example11_ws1/install/ros2_control_demos/share/ros2_control_demos/package.sh'
[7.026s] INFO:colcon.colcon_core.shell:Creating package script '/home/user/testing/example11_ws1/install/ros2_control_demos/share/ros2_control_demos/package.bash'
[7.027s] INFO:colcon.colcon_core.shell:Creating package script '/home/user/testing/example11_ws1/install/ros2_control_demos/share/ros2_control_demos/package.zsh'
[7.027s] Level 1:colcon.colcon_core.environment:create_file_with_runtime_dependencies(/home/user/testing/example11_ws1/install/ros2_control_demos/share/colcon-core/packages/ros2_control_demos)
[7.027s] DEBUG:colcon.colcon_parallel_executor.executor.parallel:closing loop
[7.027s] DEBUG:colcon.colcon_parallel_executor.executor.parallel:loop closed
[7.028s] DEBUG:colcon.colcon_parallel_executor.executor.parallel:run_until_complete finished with '0'
[7.028s] DEBUG:colcon.colcon_core.event_reactor:joining thread
[7.101s] INFO:colcon.colcon_core.plugin_system:Skipping extension 'colcon_notification.desktop_notification.notify_send': Could not find 'notify-send'
[7.101s] INFO:colcon.colcon_core.plugin_system:Skipping extension 'colcon_notification.desktop_notification.terminal_notifier': Not used on non-Darwin systems
[7.102s] INFO:colcon.colcon_core.plugin_system:Skipping extension 'colcon_notification.desktop_notification.win32': Not used on non-Windows systems
[7.102s] INFO:colcon.colcon_notification.desktop_notification:Sending desktop notification using 'notify2'
[7.103s] DEBUG:colcon.colcon_notification.desktop_notification.notify2:Failed to initialize notify2: org.freedesktop.DBus.Error.ServiceUnknown: The name org.freedesktop.Notifications was not provided by any .service files
[7.103s] DEBUG:colcon.colcon_core.event_reactor:joined thread
[7.103s] INFO:colcon.colcon_core.shell:Creating prefix script '/home/user/testing/example11_ws1/install/local_setup.ps1'
[7.104s] INFO:colcon.colcon_core.shell:Creating prefix util module '/home/user/testing/example11_ws1/install/_local_setup_util_ps1.py'
[7.105s] INFO:colcon.colcon_core.shell:Creating prefix chain script '/home/user/testing/example11_ws1/install/setup.ps1'
[7.107s] INFO:colcon.colcon_core.shell:Creating prefix script '/home/user/testing/example11_ws1/install/local_setup.sh'
[7.108s] INFO:colcon.colcon_core.shell:Creating prefix util module '/home/user/testing/example11_ws1/install/_local_setup_util_sh.py'
[7.108s] INFO:colcon.colcon_core.shell:Creating prefix chain script '/home/user/testing/example11_ws1/install/setup.sh'
[7.110s] INFO:colcon.colcon_core.shell:Creating prefix script '/home/user/testing/example11_ws1/install/local_setup.bash'
[7.111s] INFO:colcon.colcon_core.shell:Creating prefix chain script '/home/user/testing/example11_ws1/install/setup.bash'
[7.113s] INFO:colcon.colcon_core.shell:Creating prefix script '/home/user/testing/example11_ws1/install/local_setup.zsh'
[7.113s] INFO:colcon.colcon_core.shell:Creating prefix chain script '/home/user/testing/example11_ws1/install/setup.zsh'
