[0.060s] Invoking command in '/home/user/testing/example11_ws1/build/ros2_control_demo_description': CMAKE_PREFIX_PATH=${CMAKE_PREFIX_PATH}:/home/user/testing/example11_ws1/install/ros2_control_demo_testing:/home/user/workspace_world/ws_1/install/ros2_control_demo_testing:/home/user/ros2_ws/install/workspace_mapping:/home/user/ros2_ws/install/my_robot_controller:/home/user/ros2_ws/install/fake_imu_package:/home/user/turtlebot3_ws/install/turtlebot3_teleop:/home/user/turtlebot3_ws/install/turtlebot3_example:/opt/ros/humble /usr/bin/cmake --build /home/user/testing/example11_ws1/build/ros2_control_demo_description -- -j8 -l8
[0.486s] Invoked command in '/home/user/testing/example11_ws1/build/ros2_control_demo_description' returned '0': CMAKE_PREFIX_PATH=${CMAKE_PREFIX_PATH}:/home/user/testing/example11_ws1/install/ros2_control_demo_testing:/home/user/workspace_world/ws_1/install/ros2_control_demo_testing:/home/user/ros2_ws/install/workspace_mapping:/home/user/ros2_ws/install/my_robot_controller:/home/user/ros2_ws/install/fake_imu_package:/home/user/turtlebot3_ws/install/turtlebot3_teleop:/home/user/turtlebot3_ws/install/turtlebot3_example:/opt/ros/humble /usr/bin/cmake --build /home/user/testing/example11_ws1/build/ros2_control_demo_description -- -j8 -l8
[0.535s] Invoking command in '/home/user/testing/example11_ws1/build/ros2_control_demo_description': CMAKE_PREFIX_PATH=${CMAKE_PREFIX_PATH}:/home/user/testing/example11_ws1/install/ros2_control_demo_testing:/home/user/workspace_world/ws_1/install/ros2_control_demo_testing:/home/user/ros2_ws/install/workspace_mapping:/home/user/ros2_ws/install/my_robot_controller:/home/user/ros2_ws/install/fake_imu_package:/home/user/turtlebot3_ws/install/turtlebot3_teleop:/home/user/turtlebot3_ws/install/turtlebot3_example:/opt/ros/humble /usr/bin/cmake --install /home/user/testing/example11_ws1/build/ros2_control_demo_description
[0.550s] -- Install configuration: ""
[0.551s] -- Up-to-date: /home/user/testing/example11_ws1/install/ros2_control_demo_description/share/ros2_control_demo_description/rrbot/urdf
[0.551s] -- Up-to-date: /home/user/testing/example11_ws1/install/ros2_control_demo_description/share/ros2_control_demo_description/rrbot/urdf/rrbot.materials.xacro
[0.551s] -- Up-to-date: /home/user/testing/example11_ws1/install/ros2_control_demo_description/share/ros2_control_demo_description/rrbot/urdf/rrbot.materials.xacro:Zone.Identifier
[0.551s] -- Up-to-date: /home/user/testing/example11_ws1/install/ros2_control_demo_description/share/ros2_control_demo_description/rrbot/urdf/rrbot_description.urdf.xacro
[0.551s] -- Up-to-date: /home/user/testing/example11_ws1/install/ros2_control_demo_description/share/ros2_control_demo_description/rrbot/urdf/rrbot_description.urdf.xacro:Zone.Identifier
[0.551s] -- Up-to-date: /home/user/testing/example11_ws1/install/ros2_control_demo_description/share/ros2_control_demo_description/rrbot/rviz
[0.552s] -- Up-to-date: /home/user/testing/example11_ws1/install/ros2_control_demo_description/share/ros2_control_demo_description/rrbot/rviz/rrbot.rviz:Zone.Identifier
[0.552s] -- Up-to-date: /home/user/testing/example11_ws1/install/ros2_control_demo_description/share/ros2_control_demo_description/rrbot/rviz/rrbot.rviz
[0.552s] -- Up-to-date: /home/user/testing/example11_ws1/install/ros2_control_demo_description/share/ros2_control_demo_description/diffbot/urdf
[0.552s] -- Up-to-date: /home/user/testing/example11_ws1/install/ros2_control_demo_description/share/ros2_control_demo_description/diffbot/urdf/diffbot.materials.xacro:Zone.Identifier
[0.552s] -- Up-to-date: /home/user/testing/example11_ws1/install/ros2_control_demo_description/share/ros2_control_demo_description/diffbot/urdf/diffbot_description.urdf.xacro:Zone.Identifier
[0.552s] -- Up-to-date: /home/user/testing/example11_ws1/install/ros2_control_demo_description/share/ros2_control_demo_description/diffbot/urdf/diffbot.materials.xacro
[0.553s] -- Up-to-date: /home/user/testing/example11_ws1/install/ros2_control_demo_description/share/ros2_control_demo_description/diffbot/urdf/diffbot_description.urdf.xacro
[0.553s] -- Up-to-date: /home/user/testing/example11_ws1/install/ros2_control_demo_description/share/ros2_control_demo_description/diffbot/rviz
[0.553s] -- Up-to-date: /home/user/testing/example11_ws1/install/ros2_control_demo_description/share/ros2_control_demo_description/diffbot/rviz/diffbot.rviz:Zone.Identifier
[0.553s] -- Up-to-date: /home/user/testing/example11_ws1/install/ros2_control_demo_description/share/ros2_control_demo_description/diffbot/rviz/diffbot_view.rviz:Zone.Identifier
[0.554s] -- Up-to-date: /home/user/testing/example11_ws1/install/ros2_control_demo_description/share/ros2_control_demo_description/diffbot/rviz/diffbot.rviz
[0.554s] -- Up-to-date: /home/user/testing/example11_ws1/install/ros2_control_demo_description/share/ros2_control_demo_description/diffbot/rviz/diffbot_view.rviz
[0.554s] -- Up-to-date: /home/user/testing/example11_ws1/install/ros2_control_demo_description/share/ros2_control_demo_description/carlikebot/urdf
[0.555s] -- Up-to-date: /home/user/testing/example11_ws1/install/ros2_control_demo_description/share/ros2_control_demo_description/carlikebot/urdf/carlikebot_description.urdf.xacro
[0.556s] -- Up-to-date: /home/user/testing/example11_ws1/install/ros2_control_demo_description/share/ros2_control_demo_description/carlikebot/urdf/carlikebot_description.urdf.xacro:Zone.Identifier
[0.556s] -- Up-to-date: /home/user/testing/example11_ws1/install/ros2_control_demo_description/share/ros2_control_demo_description/carlikebot/urdf/carlikebot_description.urdf
[0.556s] -- Up-to-date: /home/user/testing/example11_ws1/install/ros2_control_demo_description/share/ros2_control_demo_description/carlikebot/urdf/carlikebot.materials.xacro:Zone.Identifier
[0.556s] -- Up-to-date: /home/user/testing/example11_ws1/install/ros2_control_demo_description/share/ros2_control_demo_description/carlikebot/urdf/carlikebot.materials.xacro
[0.556s] -- Up-to-date: /home/user/testing/example11_ws1/install/ros2_control_demo_description/share/ros2_control_demo_description/carlikebot/rviz
[0.556s] -- Up-to-date: /home/user/testing/example11_ws1/install/ros2_control_demo_description/share/ros2_control_demo_description/carlikebot/rviz/carlikebot.rviz:Zone.Identifier
[0.557s] -- Up-to-date: /home/user/testing/example11_ws1/install/ros2_control_demo_description/share/ros2_control_demo_description/carlikebot/rviz/carlikebot_view.rviz
[0.557s] -- Up-to-date: /home/user/testing/example11_ws1/install/ros2_control_demo_description/share/ros2_control_demo_description/carlikebot/rviz/carlikebot_view.rviz:Zone.Identifier
[0.557s] -- Up-to-date: /home/user/testing/example11_ws1/install/ros2_control_demo_description/share/ros2_control_demo_description/carlikebot/rviz/carlikebot.rviz
[0.557s] -- Up-to-date: /home/user/testing/example11_ws1/install/ros2_control_demo_description/share/ros2_control_demo_description/r3bot/urdf
[0.558s] -- Up-to-date: /home/user/testing/example11_ws1/install/ros2_control_demo_description/share/ros2_control_demo_description/r3bot/urdf/threedofbot_description.urdf.xacro
[0.558s] -- Up-to-date: /home/user/testing/example11_ws1/install/ros2_control_demo_description/share/ros2_control_demo_description/r3bot/urdf/threedofbot_description.urdf.xacro:Zone.Identifier
[0.558s] -- Up-to-date: /home/user/testing/example11_ws1/install/ros2_control_demo_description/share/ros2_control_demo_description/r6bot/meshes
[0.558s] -- Up-to-date: /home/user/testing/example11_ws1/install/ros2_control_demo_description/share/ros2_control_demo_description/r6bot/meshes/collision
[0.559s] -- Up-to-date: /home/user/testing/example11_ws1/install/ros2_control_demo_description/share/ros2_control_demo_description/r6bot/meshes/collision/link_5.stl
[0.559s] -- Up-to-date: /home/user/testing/example11_ws1/install/ros2_control_demo_description/share/ros2_control_demo_description/r6bot/meshes/collision/link_2.stl:Zone.Identifier
[0.560s] -- Up-to-date: /home/user/testing/example11_ws1/install/ros2_control_demo_description/share/ros2_control_demo_description/r6bot/meshes/collision/link_3.stl
[0.562s] -- Up-to-date: /home/user/testing/example11_ws1/install/ros2_control_demo_description/share/ros2_control_demo_description/r6bot/meshes/collision/link_6.stl:Zone.Identifier
[0.562s] -- Up-to-date: /home/user/testing/example11_ws1/install/ros2_control_demo_description/share/ros2_control_demo_description/r6bot/meshes/collision/link_2.stl
[0.563s] -- Up-to-date: /home/user/testing/example11_ws1/install/ros2_control_demo_description/share/ros2_control_demo_description/r6bot/meshes/collision/link_6.stl
[0.564s] -- Up-to-date: /home/user/testing/example11_ws1/install/ros2_control_demo_description/share/ros2_control_demo_description/r6bot/meshes/collision/link_0.stl
[0.564s] -- Up-to-date: /home/user/testing/example11_ws1/install/ros2_control_demo_description/share/ros2_control_demo_description/r6bot/meshes/collision/link_0.stl:Zone.Identifier
[0.564s] -- Up-to-date: /home/user/testing/example11_ws1/install/ros2_control_demo_description/share/ros2_control_demo_description/r6bot/meshes/collision/link_1.stl
[0.565s] -- Up-to-date: /home/user/testing/example11_ws1/install/ros2_control_demo_description/share/ros2_control_demo_description/r6bot/meshes/collision/link_4.stl:Zone.Identifier
[0.565s] -- Up-to-date: /home/user/testing/example11_ws1/install/ros2_control_demo_description/share/ros2_control_demo_description/r6bot/meshes/collision/link_4.stl
[0.565s] -- Up-to-date: /home/user/testing/example11_ws1/install/ros2_control_demo_description/share/ros2_control_demo_description/r6bot/meshes/collision/link_3.stl:Zone.Identifier
[0.565s] -- Up-to-date: /home/user/testing/example11_ws1/install/ros2_control_demo_description/share/ros2_control_demo_description/r6bot/meshes/collision/link_5.stl:Zone.Identifier
[0.566s] -- Up-to-date: /home/user/testing/example11_ws1/install/ros2_control_demo_description/share/ros2_control_demo_description/r6bot/meshes/collision/link_1.stl:Zone.Identifier
[0.566s] -- Up-to-date: /home/user/testing/example11_ws1/install/ros2_control_demo_description/share/ros2_control_demo_description/r6bot/meshes/visual
[0.566s] -- Up-to-date: /home/user/testing/example11_ws1/install/ros2_control_demo_description/share/ros2_control_demo_description/r6bot/meshes/visual/link_3.dae
[0.566s] -- Up-to-date: /home/user/testing/example11_ws1/install/ros2_control_demo_description/share/ros2_control_demo_description/r6bot/meshes/visual/link_1.dae
[0.567s] -- Up-to-date: /home/user/testing/example11_ws1/install/ros2_control_demo_description/share/ros2_control_demo_description/r6bot/meshes/visual/link_0.dae:Zone.Identifier
[0.567s] -- Up-to-date: /home/user/testing/example11_ws1/install/ros2_control_demo_description/share/ros2_control_demo_description/r6bot/meshes/visual/link_2.dae:Zone.Identifier
[0.567s] -- Up-to-date: /home/user/testing/example11_ws1/install/ros2_control_demo_description/share/ros2_control_demo_description/r6bot/meshes/visual/link_6.dae:Zone.Identifier
[0.567s] -- Up-to-date: /home/user/testing/example11_ws1/install/ros2_control_demo_description/share/ros2_control_demo_description/r6bot/meshes/visual/link_4.dae
[0.567s] -- Up-to-date: /home/user/testing/example11_ws1/install/ros2_control_demo_description/share/ros2_control_demo_description/r6bot/meshes/visual/link_2.dae
[0.568s] -- Up-to-date: /home/user/testing/example11_ws1/install/ros2_control_demo_description/share/ros2_control_demo_description/r6bot/meshes/visual/link_0.dae
[0.568s] -- Up-to-date: /home/user/testing/example11_ws1/install/ros2_control_demo_description/share/ros2_control_demo_description/r6bot/meshes/visual/link_4.dae:Zone.Identifier
[0.568s] -- Up-to-date: /home/user/testing/example11_ws1/install/ros2_control_demo_description/share/ros2_control_demo_description/r6bot/meshes/visual/link_3.dae:Zone.Identifier
[0.568s] -- Up-to-date: /home/user/testing/example11_ws1/install/ros2_control_demo_description/share/ros2_control_demo_description/r6bot/meshes/visual/link_5.dae
[0.569s] -- Up-to-date: /home/user/testing/example11_ws1/install/ros2_control_demo_description/share/ros2_control_demo_description/r6bot/meshes/visual/link_1.dae:Zone.Identifier
[0.569s] -- Up-to-date: /home/user/testing/example11_ws1/install/ros2_control_demo_description/share/ros2_control_demo_description/r6bot/meshes/visual/link_5.dae:Zone.Identifier
[0.570s] -- Up-to-date: /home/user/testing/example11_ws1/install/ros2_control_demo_description/share/ros2_control_demo_description/r6bot/meshes/visual/link_6.dae
[0.570s] -- Up-to-date: /home/user/testing/example11_ws1/install/ros2_control_demo_description/share/ros2_control_demo_description/r6bot/srdf
[0.571s] -- Up-to-date: /home/user/testing/example11_ws1/install/ros2_control_demo_description/share/ros2_control_demo_description/r6bot/srdf/r6bot.srdf:Zone.Identifier
[0.571s] -- Up-to-date: /home/user/testing/example11_ws1/install/ros2_control_demo_description/share/ros2_control_demo_description/r6bot/srdf/r6bot.srdf
[0.571s] -- Up-to-date: /home/user/testing/example11_ws1/install/ros2_control_demo_description/share/ros2_control_demo_description/r6bot/urdf
[0.571s] -- Up-to-date: /home/user/testing/example11_ws1/install/ros2_control_demo_description/share/ros2_control_demo_description/r6bot/urdf/r6bot_description.urdf.xacro:Zone.Identifier
[0.571s] -- Up-to-date: /home/user/testing/example11_ws1/install/ros2_control_demo_description/share/ros2_control_demo_description/r6bot/urdf/inc
[0.572s] -- Up-to-date: /home/user/testing/example11_ws1/install/ros2_control_demo_description/share/ros2_control_demo_description/r6bot/urdf/inc/create_link.xacro
[0.572s] -- Up-to-date: /home/user/testing/example11_ws1/install/ros2_control_demo_description/share/ros2_control_demo_description/r6bot/urdf/inc/create_link.xacro:Zone.Identifier
[0.573s] -- Up-to-date: /home/user/testing/example11_ws1/install/ros2_control_demo_description/share/ros2_control_demo_description/r6bot/urdf/r6bot_description.urdf.xacro
[0.573s] -- Up-to-date: /home/user/testing/example11_ws1/install/ros2_control_demo_description/share/ros2_control_demo_description/r6bot/rviz
[0.574s] -- Up-to-date: /home/user/testing/example11_ws1/install/ros2_control_demo_description/share/ros2_control_demo_description/r6bot/rviz/view_robot.rviz
[0.574s] -- Up-to-date: /home/user/testing/example11_ws1/install/ros2_control_demo_description/share/ros2_control_demo_description/r6bot/rviz/view_robot.rviz:Zone.Identifier
[0.574s] -- Up-to-date: /home/user/testing/example11_ws1/install/ros2_control_demo_description/share/ament_index/resource_index/package_run_dependencies/ros2_control_demo_description
[0.575s] -- Up-to-date: /home/user/testing/example11_ws1/install/ros2_control_demo_description/share/ament_index/resource_index/parent_prefix_path/ros2_control_demo_description
[0.576s] -- Up-to-date: /home/user/testing/example11_ws1/install/ros2_control_demo_description/share/ros2_control_demo_description/environment/ament_prefix_path.sh
[0.576s] -- Up-to-date: /home/user/testing/example11_ws1/install/ros2_control_demo_description/share/ros2_control_demo_description/environment/ament_prefix_path.dsv
[0.576s] -- Up-to-date: /home/user/testing/example11_ws1/install/ros2_control_demo_description/share/ros2_control_demo_description/environment/path.sh
[0.577s] -- Up-to-date: /home/user/testing/example11_ws1/install/ros2_control_demo_description/share/ros2_control_demo_description/environment/path.dsv
[0.577s] -- Up-to-date: /home/user/testing/example11_ws1/install/ros2_control_demo_description/share/ros2_control_demo_description/local_setup.bash
[0.577s] -- Up-to-date: /home/user/testing/example11_ws1/install/ros2_control_demo_description/share/ros2_control_demo_description/local_setup.sh
[0.577s] -- Up-to-date: /home/user/testing/example11_ws1/install/ros2_control_demo_description/share/ros2_control_demo_description/local_setup.zsh
[0.578s] -- Up-to-date: /home/user/testing/example11_ws1/install/ros2_control_demo_description/share/ros2_control_demo_description/local_setup.dsv
[0.578s] -- Installing: /home/user/testing/example11_ws1/install/ros2_control_demo_description/share/ros2_control_demo_description/package.dsv
[0.579s] -- Up-to-date: /home/user/testing/example11_ws1/install/ros2_control_demo_description/share/ament_index/resource_index/packages/ros2_control_demo_description
[0.579s] -- Up-to-date: /home/user/testing/example11_ws1/install/ros2_control_demo_description/share/ros2_control_demo_description/cmake/ros2_control_demo_descriptionConfig.cmake
[0.579s] -- Up-to-date: /home/user/testing/example11_ws1/install/ros2_control_demo_description/share/ros2_control_demo_description/cmake/ros2_control_demo_descriptionConfig-version.cmake
[0.580s] -- Up-to-date: /home/user/testing/example11_ws1/install/ros2_control_demo_description/share/ros2_control_demo_description/package.xml
[0.580s] Invoked command in '/home/user/testing/example11_ws1/build/ros2_control_demo_description' returned '0': CMAKE_PREFIX_PATH=${CMAKE_PREFIX_PATH}:/home/user/testing/example11_ws1/install/ros2_control_demo_testing:/home/user/workspace_world/ws_1/install/ros2_control_demo_testing:/home/user/ros2_ws/install/workspace_mapping:/home/user/ros2_ws/install/my_robot_controller:/home/user/ros2_ws/install/fake_imu_package:/home/user/turtlebot3_ws/install/turtlebot3_teleop:/home/user/turtlebot3_ws/install/turtlebot3_example:/opt/ros/humble /usr/bin/cmake --install /home/user/testing/example11_ws1/build/ros2_control_demo_description
