[0.493s] DEBUG:colcon:Command line arguments: ['/usr/bin/colcon', 'build']
[0.493s] DEBUG:colcon:Parsed command line arguments: Namespace(log_base=None, log_level=None, verb_name='build', build_base='build', install_base='install', merge_install=False, symlink_install=False, test_result_base=None, continue_on_error=False, executor='parallel', parallel_workers=8, event_handlers=None, ignore_user_meta=False, metas=['./colcon.meta'], base_paths=['.'], packages_ignore=None, packages_ignore_regex=None, paths=None, packages_up_to=None, packages_up_to_regex=None, packages_above=None, packages_above_and_dependencies=None, packages_above_depth=None, packages_select_by_dep=None, packages_skip_by_dep=None, packages_skip_up_to=None, packages_select_build_failed=False, packages_skip_build_finished=False, packages_select_test_failures=False, packages_skip_test_passed=False, packages_select=None, packages_skip=None, packages_select_regex=None, packages_skip_regex=None, packages_start=None, packages_end=None, allow_overriding=[], cmake_args=None, cmake_target=None, cmake_target_skip_unavailable=False, cmake_clean_cache=False, cmake_clean_first=False, cmake_force_configure=False, ament_cmake_args=None, catkin_cmake_args=None, catkin_skip_building_tests=False, verb_parser=<colcon_defaults.argument_parser.defaults.DefaultArgumentsDecorator object at 0x7fe7941f9ae0>, verb_extension=<colcon_core.verb.build.BuildVerb object at 0x7fe7941f95d0>, main=<bound method BuildVerb.main of <colcon_core.verb.build.BuildVerb object at 0x7fe7941f95d0>>)
[0.987s] Level 1:colcon.colcon_core.package_discovery:discover_packages(colcon_meta) check parameters
[0.987s] Level 1:colcon.colcon_core.package_discovery:discover_packages(recursive) check parameters
[0.987s] Level 1:colcon.colcon_core.package_discovery:discover_packages(ignore) check parameters
[0.987s] Level 1:colcon.colcon_core.package_discovery:discover_packages(path) check parameters
[0.987s] Level 1:colcon.colcon_core.package_discovery:discover_packages(colcon_meta) discover
[0.988s] Level 1:colcon.colcon_core.package_discovery:discover_packages(recursive) discover
[0.988s] INFO:colcon.colcon_core.package_discovery:Crawling recursively for packages in '/home/user/new_workspace/Autonomous-Robot-Obstacle-Avoidance-with-ROS2'
[0.988s] Level 1:colcon.colcon_core.package_identification:_identify(.) by extensions ['ignore', 'ignore_ament_install']
[0.988s] Level 1:colcon.colcon_core.package_identification:_identify(.) by extension 'ignore'
[0.988s] Level 1:colcon.colcon_core.package_identification:_identify(.) by extension 'ignore_ament_install'
[0.988s] Level 1:colcon.colcon_core.package_identification:_identify(.) by extensions ['colcon_pkg']
[0.988s] Level 1:colcon.colcon_core.package_identification:_identify(.) by extension 'colcon_pkg'
[0.988s] Level 1:colcon.colcon_core.package_identification:_identify(.) by extensions ['colcon_meta']
[0.988s] Level 1:colcon.colcon_core.package_identification:_identify(.) by extension 'colcon_meta'
[0.988s] Level 1:colcon.colcon_core.package_identification:_identify(.) by extensions ['ros']
[0.988s] Level 1:colcon.colcon_core.package_identification:_identify(.) by extension 'ros'
[1.002s] Level 1:colcon.colcon_core.package_identification:_identify(.) by extensions ['cmake', 'python']
[1.002s] Level 1:colcon.colcon_core.package_identification:_identify(.) by extension 'cmake'
[1.003s] Level 1:colcon.colcon_core.package_identification:_identify(.) by extension 'python'
[1.003s] Level 1:colcon.colcon_core.package_identification:_identify(.) by extensions ['python_setup_py']
[1.003s] Level 1:colcon.colcon_core.package_identification:_identify(.) by extension 'python_setup_py'
[1.003s] Level 1:colcon.colcon_core.package_identification:_identify(build) by extensions ['ignore', 'ignore_ament_install']
[1.003s] Level 1:colcon.colcon_core.package_identification:_identify(build) by extension 'ignore'
[1.003s] Level 1:colcon.colcon_core.package_identification:_identify(build) ignored
[1.004s] Level 1:colcon.colcon_core.package_identification:_identify(install) by extensions ['ignore', 'ignore_ament_install']
[1.004s] Level 1:colcon.colcon_core.package_identification:_identify(install) by extension 'ignore'
[1.004s] Level 1:colcon.colcon_core.package_identification:_identify(install) ignored
[1.004s] Level 1:colcon.colcon_core.package_identification:_identify(log) by extensions ['ignore', 'ignore_ament_install']
[1.004s] Level 1:colcon.colcon_core.package_identification:_identify(log) by extension 'ignore'
[1.004s] Level 1:colcon.colcon_core.package_identification:_identify(log) ignored
[1.005s] Level 1:colcon.colcon_core.package_identification:_identify(src) by extensions ['ignore', 'ignore_ament_install']
[1.005s] Level 1:colcon.colcon_core.package_identification:_identify(src) by extension 'ignore'
[1.005s] Level 1:colcon.colcon_core.package_identification:_identify(src) by extension 'ignore_ament_install'
[1.005s] Level 1:colcon.colcon_core.package_identification:_identify(src) by extensions ['colcon_pkg']
[1.005s] Level 1:colcon.colcon_core.package_identification:_identify(src) by extension 'colcon_pkg'
[1.005s] Level 1:colcon.colcon_core.package_identification:_identify(src) by extensions ['colcon_meta']
[1.005s] Level 1:colcon.colcon_core.package_identification:_identify(src) by extension 'colcon_meta'
[1.005s] Level 1:colcon.colcon_core.package_identification:_identify(src) by extensions ['ros']
[1.005s] Level 1:colcon.colcon_core.package_identification:_identify(src) by extension 'ros'
[1.005s] Level 1:colcon.colcon_core.package_identification:_identify(src) by extensions ['cmake', 'python']
[1.005s] Level 1:colcon.colcon_core.package_identification:_identify(src) by extension 'cmake'
[1.005s] Level 1:colcon.colcon_core.package_identification:_identify(src) by extension 'python'
[1.005s] Level 1:colcon.colcon_core.package_identification:_identify(src) by extensions ['python_setup_py']
[1.005s] Level 1:colcon.colcon_core.package_identification:_identify(src) by extension 'python_setup_py'
[1.005s] Level 1:colcon.colcon_core.package_identification:_identify(src/auto_robot) by extensions ['ignore', 'ignore_ament_install']
[1.005s] Level 1:colcon.colcon_core.package_identification:_identify(src/auto_robot) by extension 'ignore'
[1.006s] Level 1:colcon.colcon_core.package_identification:_identify(src/auto_robot) by extension 'ignore_ament_install'
[1.006s] Level 1:colcon.colcon_core.package_identification:_identify(src/auto_robot) by extensions ['colcon_pkg']
[1.006s] Level 1:colcon.colcon_core.package_identification:_identify(src/auto_robot) by extension 'colcon_pkg'
[1.006s] Level 1:colcon.colcon_core.package_identification:_identify(src/auto_robot) by extensions ['colcon_meta']
[1.006s] Level 1:colcon.colcon_core.package_identification:_identify(src/auto_robot) by extension 'colcon_meta'
[1.006s] Level 1:colcon.colcon_core.package_identification:_identify(src/auto_robot) by extensions ['ros']
[1.006s] Level 1:colcon.colcon_core.package_identification:_identify(src/auto_robot) by extension 'ros'
[1.009s] DEBUG:colcon.colcon_core.package_identification:Package 'src/auto_robot' with type 'ros.ament_cmake' and name 'auto_robot'
[1.009s] Level 1:colcon.colcon_core.package_discovery:discover_packages(recursive) using defaults
[1.009s] Level 1:colcon.colcon_core.package_discovery:discover_packages(ignore) discover
[1.009s] Level 1:colcon.colcon_core.package_discovery:discover_packages(ignore) using defaults
[1.009s] Level 1:colcon.colcon_core.package_discovery:discover_packages(path) discover
[1.009s] Level 1:colcon.colcon_core.package_discovery:discover_packages(path) using defaults
[1.081s] Level 1:colcon.colcon_core.package_discovery:discover_packages(prefix_path) check parameters
[1.081s] Level 1:colcon.colcon_core.package_discovery:discover_packages(prefix_path) discover
[1.090s] DEBUG:colcon.colcon_installed_package_information.package_discovery:Found 439 installed packages in /opt/ros/humble
[1.097s] Level 1:colcon.colcon_core.package_discovery:discover_packages(prefix_path) using defaults
[1.203s] Level 5:colcon.colcon_core.verb:set package 'auto_robot' build argument 'cmake_args' from command line to 'None'
[1.203s] Level 5:colcon.colcon_core.verb:set package 'auto_robot' build argument 'cmake_target' from command line to 'None'
[1.203s] Level 5:colcon.colcon_core.verb:set package 'auto_robot' build argument 'cmake_target_skip_unavailable' from command line to 'False'
[1.203s] Level 5:colcon.colcon_core.verb:set package 'auto_robot' build argument 'cmake_clean_cache' from command line to 'False'
[1.203s] Level 5:colcon.colcon_core.verb:set package 'auto_robot' build argument 'cmake_clean_first' from command line to 'False'
[1.204s] Level 5:colcon.colcon_core.verb:set package 'auto_robot' build argument 'cmake_force_configure' from command line to 'False'
[1.204s] Level 5:colcon.colcon_core.verb:set package 'auto_robot' build argument 'ament_cmake_args' from command line to 'None'
[1.204s] Level 5:colcon.colcon_core.verb:set package 'auto_robot' build argument 'catkin_cmake_args' from command line to 'None'
[1.204s] Level 5:colcon.colcon_core.verb:set package 'auto_robot' build argument 'catkin_skip_building_tests' from command line to 'False'
[1.204s] DEBUG:colcon.colcon_core.verb:Building package 'auto_robot' with the following arguments: {'ament_cmake_args': None, 'build_base': '/home/user/new_workspace/Autonomous-Robot-Obstacle-Avoidance-with-ROS2/build/auto_robot', 'catkin_cmake_args': None, 'catkin_skip_building_tests': False, 'cmake_args': None, 'cmake_clean_cache': False, 'cmake_clean_first': False, 'cmake_force_configure': False, 'cmake_target': None, 'cmake_target_skip_unavailable': False, 'install_base': '/home/user/new_workspace/Autonomous-Robot-Obstacle-Avoidance-with-ROS2/install/auto_robot', 'merge_install': False, 'path': '/home/user/new_workspace/Autonomous-Robot-Obstacle-Avoidance-with-ROS2/src/auto_robot', 'symlink_install': False, 'test_result_base': None}
[1.204s] INFO:colcon.colcon_core.executor:Executing jobs using 'parallel' executor
[1.205s] DEBUG:colcon.colcon_parallel_executor.executor.parallel:run_until_complete
[1.205s] INFO:colcon.colcon_ros.task.ament_cmake.build:Building ROS package in '/home/user/new_workspace/Autonomous-Robot-Obstacle-Avoidance-with-ROS2/src/auto_robot' with build type 'ament_cmake'
[1.205s] INFO:colcon.colcon_cmake.task.cmake.build:Building CMake package in '/home/user/new_workspace/Autonomous-Robot-Obstacle-Avoidance-with-ROS2/src/auto_robot'
[1.214s] INFO:colcon.colcon_core.plugin_system:Skipping extension 'colcon_core.shell.bat': Not used on non-Windows systems
[1.214s] INFO:colcon.colcon_core.shell:Skip shell extension 'powershell' for command environment: Not usable outside of PowerShell
[1.214s] DEBUG:colcon.colcon_core.shell:Skip shell extension 'dsv' for command environment
[1.229s] DEBUG:colcon.colcon_core.event_handler.log_command:Invoking command in '/home/user/new_workspace/Autonomous-Robot-Obstacle-Avoidance-with-ROS2/build/auto_robot': CMAKE_PREFIX_PATH=${CMAKE_PREFIX_PATH}:/opt/ros/humble /usr/bin/cmake /home/user/new_workspace/Autonomous-Robot-Obstacle-Avoidance-with-ROS2/src/auto_robot -DCMAKE_INSTALL_PREFIX=/home/user/new_workspace/Autonomous-Robot-Obstacle-Avoidance-with-ROS2/install/auto_robot
[5.209s] DEBUG:colcon.colcon_core.event_handler.log_command:Invoked command in '/home/user/new_workspace/Autonomous-Robot-Obstacle-Avoidance-with-ROS2/build/auto_robot' returned '0': CMAKE_PREFIX_PATH=${CMAKE_PREFIX_PATH}:/opt/ros/humble /usr/bin/cmake /home/user/new_workspace/Autonomous-Robot-Obstacle-Avoidance-with-ROS2/src/auto_robot -DCMAKE_INSTALL_PREFIX=/home/user/new_workspace/Autonomous-Robot-Obstacle-Avoidance-with-ROS2/install/auto_robot
[5.212s] DEBUG:colcon.colcon_core.event_handler.log_command:Invoking command in '/home/user/new_workspace/Autonomous-Robot-Obstacle-Avoidance-with-ROS2/build/auto_robot': CMAKE_PREFIX_PATH=${CMAKE_PREFIX_PATH}:/opt/ros/humble /usr/bin/cmake --build /home/user/new_workspace/Autonomous-Robot-Obstacle-Avoidance-with-ROS2/build/auto_robot -- -j8 -l8
[5.264s] DEBUG:colcon.colcon_core.event_handler.log_command:Invoked command in '/home/user/new_workspace/Autonomous-Robot-Obstacle-Avoidance-with-ROS2/build/auto_robot' returned '0': CMAKE_PREFIX_PATH=${CMAKE_PREFIX_PATH}:/opt/ros/humble /usr/bin/cmake --build /home/user/new_workspace/Autonomous-Robot-Obstacle-Avoidance-with-ROS2/build/auto_robot -- -j8 -l8
[5.311s] DEBUG:colcon.colcon_core.event_handler.log_command:Invoking command in '/home/user/new_workspace/Autonomous-Robot-Obstacle-Avoidance-with-ROS2/build/auto_robot': CMAKE_PREFIX_PATH=${CMAKE_PREFIX_PATH}:/opt/ros/humble /usr/bin/cmake --install /home/user/new_workspace/Autonomous-Robot-Obstacle-Avoidance-with-ROS2/build/auto_robot
[5.341s] Level 1:colcon.colcon_core.environment:create_environment_scripts_only(auto_robot)
[5.342s] DEBUG:colcon.colcon_core.event_handler.log_command:Invoked command in '/home/user/new_workspace/Autonomous-Robot-Obstacle-Avoidance-with-ROS2/build/auto_robot' returned '0': CMAKE_PREFIX_PATH=${CMAKE_PREFIX_PATH}:/opt/ros/humble /usr/bin/cmake --install /home/user/new_workspace/Autonomous-Robot-Obstacle-Avoidance-with-ROS2/build/auto_robot
[5.354s] Level 1:colcon.colcon_core.environment:checking '/home/user/new_workspace/Autonomous-Robot-Obstacle-Avoidance-with-ROS2/install/auto_robot' for CMake module files
[5.356s] Level 1:colcon.colcon_core.environment:checking '/home/user/new_workspace/Autonomous-Robot-Obstacle-Avoidance-with-ROS2/install/auto_robot' for CMake config files
[5.357s] Level 1:colcon.colcon_core.shell:create_environment_hook('auto_robot', 'cmake_prefix_path')
[5.358s] INFO:colcon.colcon_core.shell:Creating environment hook '/home/user/new_workspace/Autonomous-Robot-Obstacle-Avoidance-with-ROS2/install/auto_robot/share/auto_robot/hook/cmake_prefix_path.ps1'
[5.362s] INFO:colcon.colcon_core.shell:Creating environment descriptor '/home/user/new_workspace/Autonomous-Robot-Obstacle-Avoidance-with-ROS2/install/auto_robot/share/auto_robot/hook/cmake_prefix_path.dsv'
[5.364s] INFO:colcon.colcon_core.shell:Creating environment hook '/home/user/new_workspace/Autonomous-Robot-Obstacle-Avoidance-with-ROS2/install/auto_robot/share/auto_robot/hook/cmake_prefix_path.sh'
[5.367s] Level 1:colcon.colcon_core.environment:checking '/home/user/new_workspace/Autonomous-Robot-Obstacle-Avoidance-with-ROS2/install/auto_robot/bin'
[5.367s] Level 1:colcon.colcon_core.environment:checking '/home/user/new_workspace/Autonomous-Robot-Obstacle-Avoidance-with-ROS2/install/auto_robot/lib/pkgconfig/auto_robot.pc'
[5.367s] Level 1:colcon.colcon_core.environment:checking '/home/user/new_workspace/Autonomous-Robot-Obstacle-Avoidance-with-ROS2/install/auto_robot/lib/python3.10/site-packages'
[5.368s] Level 1:colcon.colcon_core.environment:checking '/home/user/new_workspace/Autonomous-Robot-Obstacle-Avoidance-with-ROS2/install/auto_robot/bin'
[5.368s] INFO:colcon.colcon_core.shell:Creating package script '/home/user/new_workspace/Autonomous-Robot-Obstacle-Avoidance-with-ROS2/install/auto_robot/share/auto_robot/package.ps1'
[5.370s] INFO:colcon.colcon_core.shell:Creating package descriptor '/home/user/new_workspace/Autonomous-Robot-Obstacle-Avoidance-with-ROS2/install/auto_robot/share/auto_robot/package.dsv'
[5.371s] INFO:colcon.colcon_core.shell:Creating package script '/home/user/new_workspace/Autonomous-Robot-Obstacle-Avoidance-with-ROS2/install/auto_robot/share/auto_robot/package.sh'
[5.373s] INFO:colcon.colcon_core.shell:Creating package script '/home/user/new_workspace/Autonomous-Robot-Obstacle-Avoidance-with-ROS2/install/auto_robot/share/auto_robot/package.bash'
[5.375s] INFO:colcon.colcon_core.shell:Creating package script '/home/user/new_workspace/Autonomous-Robot-Obstacle-Avoidance-with-ROS2/install/auto_robot/share/auto_robot/package.zsh'
[5.378s] Level 1:colcon.colcon_core.environment:create_file_with_runtime_dependencies(/home/user/new_workspace/Autonomous-Robot-Obstacle-Avoidance-with-ROS2/install/auto_robot/share/colcon-core/packages/auto_robot)
[5.413s] Level 1:colcon.colcon_core.environment:create_environment_scripts_only(auto_robot)
[5.413s] Level 1:colcon.colcon_core.environment:checking '/home/user/new_workspace/Autonomous-Robot-Obstacle-Avoidance-with-ROS2/install/auto_robot' for CMake module files
[5.414s] Level 1:colcon.colcon_core.environment:checking '/home/user/new_workspace/Autonomous-Robot-Obstacle-Avoidance-with-ROS2/install/auto_robot' for CMake config files
[5.414s] Level 1:colcon.colcon_core.shell:create_environment_hook('auto_robot', 'cmake_prefix_path')
[5.414s] INFO:colcon.colcon_core.shell:Creating environment hook '/home/user/new_workspace/Autonomous-Robot-Obstacle-Avoidance-with-ROS2/install/auto_robot/share/auto_robot/hook/cmake_prefix_path.ps1'
[5.415s] INFO:colcon.colcon_core.shell:Creating environment descriptor '/home/user/new_workspace/Autonomous-Robot-Obstacle-Avoidance-with-ROS2/install/auto_robot/share/auto_robot/hook/cmake_prefix_path.dsv'
[5.415s] INFO:colcon.colcon_core.shell:Creating environment hook '/home/user/new_workspace/Autonomous-Robot-Obstacle-Avoidance-with-ROS2/install/auto_robot/share/auto_robot/hook/cmake_prefix_path.sh'
[5.416s] Level 1:colcon.colcon_core.environment:checking '/home/user/new_workspace/Autonomous-Robot-Obstacle-Avoidance-with-ROS2/install/auto_robot/bin'
[5.416s] Level 1:colcon.colcon_core.environment:checking '/home/user/new_workspace/Autonomous-Robot-Obstacle-Avoidance-with-ROS2/install/auto_robot/lib/pkgconfig/auto_robot.pc'
[5.416s] Level 1:colcon.colcon_core.environment:checking '/home/user/new_workspace/Autonomous-Robot-Obstacle-Avoidance-with-ROS2/install/auto_robot/lib/python3.10/site-packages'
[5.416s] Level 1:colcon.colcon_core.environment:checking '/home/user/new_workspace/Autonomous-Robot-Obstacle-Avoidance-with-ROS2/install/auto_robot/bin'
[5.417s] INFO:colcon.colcon_core.shell:Creating package script '/home/user/new_workspace/Autonomous-Robot-Obstacle-Avoidance-with-ROS2/install/auto_robot/share/auto_robot/package.ps1'
[5.417s] INFO:colcon.colcon_core.shell:Creating package descriptor '/home/user/new_workspace/Autonomous-Robot-Obstacle-Avoidance-with-ROS2/install/auto_robot/share/auto_robot/package.dsv'
[5.418s] INFO:colcon.colcon_core.shell:Creating package script '/home/user/new_workspace/Autonomous-Robot-Obstacle-Avoidance-with-ROS2/install/auto_robot/share/auto_robot/package.sh'
[5.418s] INFO:colcon.colcon_core.shell:Creating package script '/home/user/new_workspace/Autonomous-Robot-Obstacle-Avoidance-with-ROS2/install/auto_robot/share/auto_robot/package.bash'
[5.419s] INFO:colcon.colcon_core.shell:Creating package script '/home/user/new_workspace/Autonomous-Robot-Obstacle-Avoidance-with-ROS2/install/auto_robot/share/auto_robot/package.zsh'
[5.419s] Level 1:colcon.colcon_core.environment:create_file_with_runtime_dependencies(/home/user/new_workspace/Autonomous-Robot-Obstacle-Avoidance-with-ROS2/install/auto_robot/share/colcon-core/packages/auto_robot)
[5.420s] DEBUG:colcon.colcon_parallel_executor.executor.parallel:closing loop
[5.420s] DEBUG:colcon.colcon_parallel_executor.executor.parallel:loop closed
[5.420s] DEBUG:colcon.colcon_parallel_executor.executor.parallel:run_until_complete finished with '0'
[5.420s] DEBUG:colcon.colcon_core.event_reactor:joining thread
[5.554s] INFO:colcon.colcon_core.plugin_system:Skipping extension 'colcon_notification.desktop_notification.notify_send': Could not find 'notify-send'
[5.554s] INFO:colcon.colcon_core.plugin_system:Skipping extension 'colcon_notification.desktop_notification.terminal_notifier': Not used on non-Darwin systems
[5.556s] INFO:colcon.colcon_core.plugin_system:Skipping extension 'colcon_notification.desktop_notification.win32': Not used on non-Windows systems
[5.556s] INFO:colcon.colcon_notification.desktop_notification:Sending desktop notification using 'notify2'
[30.558s] DEBUG:colcon.colcon_notification.desktop_notification.notify2:Failed to initialize notify2: org.freedesktop.DBus.Error.NoReply: Did not receive a reply. Possible causes include: the remote application did not send a reply, the message bus security policy blocked the reply, the reply timeout expired, or the network connection was broken.
[30.558s] DEBUG:colcon.colcon_core.event_reactor:joined thread
[30.559s] INFO:colcon.colcon_core.shell:Creating prefix script '/home/user/new_workspace/Autonomous-Robot-Obstacle-Avoidance-with-ROS2/install/local_setup.ps1'
[30.561s] INFO:colcon.colcon_core.shell:Creating prefix util module '/home/user/new_workspace/Autonomous-Robot-Obstacle-Avoidance-with-ROS2/install/_local_setup_util_ps1.py'
[30.563s] INFO:colcon.colcon_core.shell:Creating prefix chain script '/home/user/new_workspace/Autonomous-Robot-Obstacle-Avoidance-with-ROS2/install/setup.ps1'
[30.565s] INFO:colcon.colcon_core.shell:Creating prefix script '/home/user/new_workspace/Autonomous-Robot-Obstacle-Avoidance-with-ROS2/install/local_setup.sh'
[30.566s] INFO:colcon.colcon_core.shell:Creating prefix util module '/home/user/new_workspace/Autonomous-Robot-Obstacle-Avoidance-with-ROS2/install/_local_setup_util_sh.py'
[30.568s] INFO:colcon.colcon_core.shell:Creating prefix chain script '/home/user/new_workspace/Autonomous-Robot-Obstacle-Avoidance-with-ROS2/install/setup.sh'
[30.570s] INFO:colcon.colcon_core.shell:Creating prefix script '/home/user/new_workspace/Autonomous-Robot-Obstacle-Avoidance-with-ROS2/install/local_setup.bash'
[30.571s] INFO:colcon.colcon_core.shell:Creating prefix chain script '/home/user/new_workspace/Autonomous-Robot-Obstacle-Avoidance-with-ROS2/install/setup.bash'
[30.573s] INFO:colcon.colcon_core.shell:Creating prefix script '/home/user/new_workspace/Autonomous-Robot-Obstacle-Avoidance-with-ROS2/install/local_setup.zsh'
[30.574s] INFO:colcon.colcon_core.shell:Creating prefix chain script '/home/user/new_workspace/Autonomous-Robot-Obstacle-Avoidance-with-ROS2/install/setup.zsh'
