[0.345s] DEBUG:colcon:Command line arguments: ['/usr/bin/colcon', 'build']
[0.345s] DEBUG:colcon:Parsed command line arguments: Namespace(log_base=None, log_level=None, verb_name='build', build_base='build', install_base='install', merge_install=False, symlink_install=False, test_result_base=None, continue_on_error=False, executor='parallel', parallel_workers=8, event_handlers=None, ignore_user_meta=False, metas=['./colcon.meta'], base_paths=['.'], packages_ignore=None, packages_ignore_regex=None, paths=None, packages_up_to=None, packages_up_to_regex=None, packages_above=None, packages_above_and_dependencies=None, packages_above_depth=None, packages_select_by_dep=None, packages_skip_by_dep=None, packages_skip_up_to=None, packages_select_build_failed=False, packages_skip_build_finished=False, packages_select_test_failures=False, packages_skip_test_passed=False, packages_select=None, packages_skip=None, packages_select_regex=None, packages_skip_regex=None, packages_start=None, packages_end=None, allow_overriding=[], cmake_args=None, cmake_target=None, cmake_target_skip_unavailable=False, cmake_clean_cache=False, cmake_clean_first=False, cmake_force_configure=False, ament_cmake_args=None, catkin_cmake_args=None, catkin_skip_building_tests=False, verb_parser=<colcon_defaults.argument_parser.defaults.DefaultArgumentsDecorator object at 0x7fb1d4239c30>, verb_extension=<colcon_core.verb.build.BuildVerb object at 0x7fb1d4239720>, main=<bound method BuildVerb.main of <colcon_core.verb.build.BuildVerb object at 0x7fb1d4239720>>)
[0.628s] Level 1:colcon.colcon_core.package_discovery:discover_packages(colcon_meta) check parameters
[0.628s] Level 1:colcon.colcon_core.package_discovery:discover_packages(recursive) check parameters
[0.628s] Level 1:colcon.colcon_core.package_discovery:discover_packages(ignore) check parameters
[0.628s] Level 1:colcon.colcon_core.package_discovery:discover_packages(path) check parameters
[0.628s] Level 1:colcon.colcon_core.package_discovery:discover_packages(colcon_meta) discover
[0.629s] Level 1:colcon.colcon_core.package_discovery:discover_packages(recursive) discover
[0.629s] INFO:colcon.colcon_core.package_discovery:Crawling recursively for packages in '/home/user/new_workspace/Autonomous-Robot-Obstacle-Avoidance-with-ROS2'
[0.629s] Level 1:colcon.colcon_core.package_identification:_identify(.) by extensions ['ignore', 'ignore_ament_install']
[0.629s] Level 1:colcon.colcon_core.package_identification:_identify(.) by extension 'ignore'
[0.629s] Level 1:colcon.colcon_core.package_identification:_identify(.) by extension 'ignore_ament_install'
[0.629s] Level 1:colcon.colcon_core.package_identification:_identify(.) by extensions ['colcon_pkg']
[0.629s] Level 1:colcon.colcon_core.package_identification:_identify(.) by extension 'colcon_pkg'
[0.629s] Level 1:colcon.colcon_core.package_identification:_identify(.) by extensions ['colcon_meta']
[0.629s] Level 1:colcon.colcon_core.package_identification:_identify(.) by extension 'colcon_meta'
[0.629s] Level 1:colcon.colcon_core.package_identification:_identify(.) by extensions ['ros']
[0.629s] Level 1:colcon.colcon_core.package_identification:_identify(.) by extension 'ros'
[0.649s] Level 1:colcon.colcon_core.package_identification:_identify(.) by extensions ['cmake', 'python']
[0.649s] Level 1:colcon.colcon_core.package_identification:_identify(.) by extension 'cmake'
[0.649s] Level 1:colcon.colcon_core.package_identification:_identify(.) by extension 'python'
[0.649s] Level 1:colcon.colcon_core.package_identification:_identify(.) by extensions ['python_setup_py']
[0.649s] Level 1:colcon.colcon_core.package_identification:_identify(.) by extension 'python_setup_py'
[0.650s] Level 1:colcon.colcon_core.package_identification:_identify(build) by extensions ['ignore', 'ignore_ament_install']
[0.650s] Level 1:colcon.colcon_core.package_identification:_identify(build) by extension 'ignore'
[0.650s] Level 1:colcon.colcon_core.package_identification:_identify(build) ignored
[0.650s] Level 1:colcon.colcon_core.package_identification:_identify(install) by extensions ['ignore', 'ignore_ament_install']
[0.650s] Level 1:colcon.colcon_core.package_identification:_identify(install) by extension 'ignore'
[0.650s] Level 1:colcon.colcon_core.package_identification:_identify(install) ignored
[0.651s] Level 1:colcon.colcon_core.package_identification:_identify(log) by extensions ['ignore', 'ignore_ament_install']
[0.651s] Level 1:colcon.colcon_core.package_identification:_identify(log) by extension 'ignore'
[0.651s] Level 1:colcon.colcon_core.package_identification:_identify(log) ignored
[0.651s] Level 1:colcon.colcon_core.package_identification:_identify(src) by extensions ['ignore', 'ignore_ament_install']
[0.651s] Level 1:colcon.colcon_core.package_identification:_identify(src) by extension 'ignore'
[0.651s] Level 1:colcon.colcon_core.package_identification:_identify(src) by extension 'ignore_ament_install'
[0.652s] Level 1:colcon.colcon_core.package_identification:_identify(src) by extensions ['colcon_pkg']
[0.652s] Level 1:colcon.colcon_core.package_identification:_identify(src) by extension 'colcon_pkg'
[0.652s] Level 1:colcon.colcon_core.package_identification:_identify(src) by extensions ['colcon_meta']
[0.652s] Level 1:colcon.colcon_core.package_identification:_identify(src) by extension 'colcon_meta'
[0.652s] Level 1:colcon.colcon_core.package_identification:_identify(src) by extensions ['ros']
[0.652s] Level 1:colcon.colcon_core.package_identification:_identify(src) by extension 'ros'
[0.652s] Level 1:colcon.colcon_core.package_identification:_identify(src) by extensions ['cmake', 'python']
[0.652s] Level 1:colcon.colcon_core.package_identification:_identify(src) by extension 'cmake'
[0.652s] Level 1:colcon.colcon_core.package_identification:_identify(src) by extension 'python'
[0.652s] Level 1:colcon.colcon_core.package_identification:_identify(src) by extensions ['python_setup_py']
[0.652s] Level 1:colcon.colcon_core.package_identification:_identify(src) by extension 'python_setup_py'
[0.653s] Level 1:colcon.colcon_core.package_identification:_identify(src/auto_robot) by extensions ['ignore', 'ignore_ament_install']
[0.653s] Level 1:colcon.colcon_core.package_identification:_identify(src/auto_robot) by extension 'ignore'
[0.653s] Level 1:colcon.colcon_core.package_identification:_identify(src/auto_robot) by extension 'ignore_ament_install'
[0.653s] Level 1:colcon.colcon_core.package_identification:_identify(src/auto_robot) by extensions ['colcon_pkg']
[0.653s] Level 1:colcon.colcon_core.package_identification:_identify(src/auto_robot) by extension 'colcon_pkg'
[0.653s] Level 1:colcon.colcon_core.package_identification:_identify(src/auto_robot) by extensions ['colcon_meta']
[0.653s] Level 1:colcon.colcon_core.package_identification:_identify(src/auto_robot) by extension 'colcon_meta'
[0.653s] Level 1:colcon.colcon_core.package_identification:_identify(src/auto_robot) by extensions ['ros']
[0.654s] Level 1:colcon.colcon_core.package_identification:_identify(src/auto_robot) by extension 'ros'
[0.658s] DEBUG:colcon.colcon_core.package_identification:Package 'src/auto_robot' with type 'ros.ament_cmake' and name 'auto_robot'
[0.659s] Level 1:colcon.colcon_core.package_discovery:discover_packages(recursive) using defaults
[0.659s] Level 1:colcon.colcon_core.package_discovery:discover_packages(ignore) discover
[0.659s] Level 1:colcon.colcon_core.package_discovery:discover_packages(ignore) using defaults
[0.659s] Level 1:colcon.colcon_core.package_discovery:discover_packages(path) discover
[0.659s] Level 1:colcon.colcon_core.package_discovery:discover_packages(path) using defaults
[0.730s] Level 1:colcon.colcon_core.package_discovery:discover_packages(prefix_path) check parameters
[0.730s] Level 1:colcon.colcon_core.package_discovery:discover_packages(prefix_path) discover
[1.144s] DEBUG:colcon.colcon_installed_package_information.package_discovery:Found 1 installed packages in /home/user/new_workspace/Autonomous-Robot-Obstacle-Avoidance-with-ROS2/install
[1.147s] DEBUG:colcon.colcon_installed_package_information.package_discovery:Found 439 installed packages in /opt/ros/humble
[1.150s] Level 1:colcon.colcon_core.package_discovery:discover_packages(prefix_path) using defaults
[1.246s] Level 5:colcon.colcon_core.verb:set package 'auto_robot' build argument 'cmake_args' from command line to 'None'
[1.246s] Level 5:colcon.colcon_core.verb:set package 'auto_robot' build argument 'cmake_target' from command line to 'None'
[1.246s] Level 5:colcon.colcon_core.verb:set package 'auto_robot' build argument 'cmake_target_skip_unavailable' from command line to 'False'
[1.246s] Level 5:colcon.colcon_core.verb:set package 'auto_robot' build argument 'cmake_clean_cache' from command line to 'False'
[1.246s] Level 5:colcon.colcon_core.verb:set package 'auto_robot' build argument 'cmake_clean_first' from command line to 'False'
[1.246s] Level 5:colcon.colcon_core.verb:set package 'auto_robot' build argument 'cmake_force_configure' from command line to 'False'
[1.246s] Level 5:colcon.colcon_core.verb:set package 'auto_robot' build argument 'ament_cmake_args' from command line to 'None'
[1.246s] Level 5:colcon.colcon_core.verb:set package 'auto_robot' build argument 'catkin_cmake_args' from command line to 'None'
[1.246s] Level 5:colcon.colcon_core.verb:set package 'auto_robot' build argument 'catkin_skip_building_tests' from command line to 'False'
[1.246s] DEBUG:colcon.colcon_core.verb:Building package 'auto_robot' with the following arguments: {'ament_cmake_args': None, 'build_base': '/home/user/new_workspace/Autonomous-Robot-Obstacle-Avoidance-with-ROS2/build/auto_robot', 'catkin_cmake_args': None, 'catkin_skip_building_tests': False, 'cmake_args': None, 'cmake_clean_cache': False, 'cmake_clean_first': False, 'cmake_force_configure': False, 'cmake_target': None, 'cmake_target_skip_unavailable': False, 'install_base': '/home/user/new_workspace/Autonomous-Robot-Obstacle-Avoidance-with-ROS2/install/auto_robot', 'merge_install': False, 'path': '/home/user/new_workspace/Autonomous-Robot-Obstacle-Avoidance-with-ROS2/src/auto_robot', 'symlink_install': False, 'test_result_base': None}
[1.247s] INFO:colcon.colcon_core.executor:Executing jobs using 'parallel' executor
[1.248s] DEBUG:colcon.colcon_parallel_executor.executor.parallel:run_until_complete
[1.248s] INFO:colcon.colcon_ros.task.ament_cmake.build:Building ROS package in '/home/user/new_workspace/Autonomous-Robot-Obstacle-Avoidance-with-ROS2/src/auto_robot' with build type 'ament_cmake'
[1.249s] INFO:colcon.colcon_cmake.task.cmake.build:Building CMake package in '/home/user/new_workspace/Autonomous-Robot-Obstacle-Avoidance-with-ROS2/src/auto_robot'
[1.255s] INFO:colcon.colcon_core.plugin_system:Skipping extension 'colcon_core.shell.bat': Not used on non-Windows systems
[1.255s] INFO:colcon.colcon_core.shell:Skip shell extension 'powershell' for command environment: Not usable outside of PowerShell
[1.255s] DEBUG:colcon.colcon_core.shell:Skip shell extension 'dsv' for command environment
[1.271s] DEBUG:colcon.colcon_core.event_handler.log_command:Invoking command in '/home/user/new_workspace/Autonomous-Robot-Obstacle-Avoidance-with-ROS2/build/auto_robot': CMAKE_PREFIX_PATH=${CMAKE_PREFIX_PATH}:/opt/ros/humble /usr/bin/cmake --build /home/user/new_workspace/Autonomous-Robot-Obstacle-Avoidance-with-ROS2/build/auto_robot -- -j8 -l8
[1.373s] DEBUG:colcon.colcon_core.event_handler.log_command:Invoked command in '/home/user/new_workspace/Autonomous-Robot-Obstacle-Avoidance-with-ROS2/build/auto_robot' returned '0': CMAKE_PREFIX_PATH=${CMAKE_PREFIX_PATH}:/opt/ros/humble /usr/bin/cmake --build /home/user/new_workspace/Autonomous-Robot-Obstacle-Avoidance-with-ROS2/build/auto_robot -- -j8 -l8
[1.423s] DEBUG:colcon.colcon_core.event_handler.log_command:Invoking command in '/home/user/new_workspace/Autonomous-Robot-Obstacle-Avoidance-with-ROS2/build/auto_robot': CMAKE_PREFIX_PATH=${CMAKE_PREFIX_PATH}:/opt/ros/humble /usr/bin/cmake --install /home/user/new_workspace/Autonomous-Robot-Obstacle-Avoidance-with-ROS2/build/auto_robot
[1.446s] Level 1:colcon.colcon_core.environment:create_environment_scripts_only(auto_robot)
[1.453s] DEBUG:colcon.colcon_core.event_handler.log_command:Invoked command in '/home/user/new_workspace/Autonomous-Robot-Obstacle-Avoidance-with-ROS2/build/auto_robot' returned '0': CMAKE_PREFIX_PATH=${CMAKE_PREFIX_PATH}:/opt/ros/humble /usr/bin/cmake --install /home/user/new_workspace/Autonomous-Robot-Obstacle-Avoidance-with-ROS2/build/auto_robot
[1.459s] Level 1:colcon.colcon_core.environment:checking '/home/user/new_workspace/Autonomous-Robot-Obstacle-Avoidance-with-ROS2/install/auto_robot' for CMake module files
[1.459s] Level 1:colcon.colcon_core.environment:checking '/home/user/new_workspace/Autonomous-Robot-Obstacle-Avoidance-with-ROS2/install/auto_robot' for CMake config files
[1.460s] Level 1:colcon.colcon_core.shell:create_environment_hook('auto_robot', 'cmake_prefix_path')
[1.460s] INFO:colcon.colcon_core.shell:Creating environment hook '/home/user/new_workspace/Autonomous-Robot-Obstacle-Avoidance-with-ROS2/install/auto_robot/share/auto_robot/hook/cmake_prefix_path.ps1'
[1.462s] INFO:colcon.colcon_core.shell:Creating environment descriptor '/home/user/new_workspace/Autonomous-Robot-Obstacle-Avoidance-with-ROS2/install/auto_robot/share/auto_robot/hook/cmake_prefix_path.dsv'
[1.463s] INFO:colcon.colcon_core.shell:Creating environment hook '/home/user/new_workspace/Autonomous-Robot-Obstacle-Avoidance-with-ROS2/install/auto_robot/share/auto_robot/hook/cmake_prefix_path.sh'
[1.465s] Level 1:colcon.colcon_core.environment:checking '/home/user/new_workspace/Autonomous-Robot-Obstacle-Avoidance-with-ROS2/install/auto_robot/bin'
[1.465s] Level 1:colcon.colcon_core.environment:checking '/home/user/new_workspace/Autonomous-Robot-Obstacle-Avoidance-with-ROS2/install/auto_robot/lib/pkgconfig/auto_robot.pc'
[1.466s] Level 1:colcon.colcon_core.environment:checking '/home/user/new_workspace/Autonomous-Robot-Obstacle-Avoidance-with-ROS2/install/auto_robot/lib/python3.10/site-packages'
[1.466s] Level 1:colcon.colcon_core.environment:checking '/home/user/new_workspace/Autonomous-Robot-Obstacle-Avoidance-with-ROS2/install/auto_robot/bin'
[1.467s] INFO:colcon.colcon_core.shell:Creating package script '/home/user/new_workspace/Autonomous-Robot-Obstacle-Avoidance-with-ROS2/install/auto_robot/share/auto_robot/package.ps1'
[1.469s] INFO:colcon.colcon_core.shell:Creating package descriptor '/home/user/new_workspace/Autonomous-Robot-Obstacle-Avoidance-with-ROS2/install/auto_robot/share/auto_robot/package.dsv'
[1.470s] INFO:colcon.colcon_core.shell:Creating package script '/home/user/new_workspace/Autonomous-Robot-Obstacle-Avoidance-with-ROS2/install/auto_robot/share/auto_robot/package.sh'
[1.472s] INFO:colcon.colcon_core.shell:Creating package script '/home/user/new_workspace/Autonomous-Robot-Obstacle-Avoidance-with-ROS2/install/auto_robot/share/auto_robot/package.bash'
[1.473s] INFO:colcon.colcon_core.shell:Creating package script '/home/user/new_workspace/Autonomous-Robot-Obstacle-Avoidance-with-ROS2/install/auto_robot/share/auto_robot/package.zsh'
[1.475s] Level 1:colcon.colcon_core.environment:create_file_with_runtime_dependencies(/home/user/new_workspace/Autonomous-Robot-Obstacle-Avoidance-with-ROS2/install/auto_robot/share/colcon-core/packages/auto_robot)
[1.501s] Level 1:colcon.colcon_core.environment:create_environment_scripts_only(auto_robot)
[1.501s] Level 1:colcon.colcon_core.environment:checking '/home/user/new_workspace/Autonomous-Robot-Obstacle-Avoidance-with-ROS2/install/auto_robot' for CMake module files
[1.501s] Level 1:colcon.colcon_core.environment:checking '/home/user/new_workspace/Autonomous-Robot-Obstacle-Avoidance-with-ROS2/install/auto_robot' for CMake config files
[1.502s] Level 1:colcon.colcon_core.shell:create_environment_hook('auto_robot', 'cmake_prefix_path')
[1.502s] INFO:colcon.colcon_core.shell:Creating environment hook '/home/user/new_workspace/Autonomous-Robot-Obstacle-Avoidance-with-ROS2/install/auto_robot/share/auto_robot/hook/cmake_prefix_path.ps1'
[1.502s] INFO:colcon.colcon_core.shell:Creating environment descriptor '/home/user/new_workspace/Autonomous-Robot-Obstacle-Avoidance-with-ROS2/install/auto_robot/share/auto_robot/hook/cmake_prefix_path.dsv'
[1.503s] INFO:colcon.colcon_core.shell:Creating environment hook '/home/user/new_workspace/Autonomous-Robot-Obstacle-Avoidance-with-ROS2/install/auto_robot/share/auto_robot/hook/cmake_prefix_path.sh'
[1.503s] Level 1:colcon.colcon_core.environment:checking '/home/user/new_workspace/Autonomous-Robot-Obstacle-Avoidance-with-ROS2/install/auto_robot/bin'
[1.503s] Level 1:colcon.colcon_core.environment:checking '/home/user/new_workspace/Autonomous-Robot-Obstacle-Avoidance-with-ROS2/install/auto_robot/lib/pkgconfig/auto_robot.pc'
[1.503s] Level 1:colcon.colcon_core.environment:checking '/home/user/new_workspace/Autonomous-Robot-Obstacle-Avoidance-with-ROS2/install/auto_robot/lib/python3.10/site-packages'
[1.504s] Level 1:colcon.colcon_core.environment:checking '/home/user/new_workspace/Autonomous-Robot-Obstacle-Avoidance-with-ROS2/install/auto_robot/bin'
[1.504s] INFO:colcon.colcon_core.shell:Creating package script '/home/user/new_workspace/Autonomous-Robot-Obstacle-Avoidance-with-ROS2/install/auto_robot/share/auto_robot/package.ps1'
[1.505s] INFO:colcon.colcon_core.shell:Creating package descriptor '/home/user/new_workspace/Autonomous-Robot-Obstacle-Avoidance-with-ROS2/install/auto_robot/share/auto_robot/package.dsv'
[1.505s] INFO:colcon.colcon_core.shell:Creating package script '/home/user/new_workspace/Autonomous-Robot-Obstacle-Avoidance-with-ROS2/install/auto_robot/share/auto_robot/package.sh'
[1.506s] INFO:colcon.colcon_core.shell:Creating package script '/home/user/new_workspace/Autonomous-Robot-Obstacle-Avoidance-with-ROS2/install/auto_robot/share/auto_robot/package.bash'
[1.506s] INFO:colcon.colcon_core.shell:Creating package script '/home/user/new_workspace/Autonomous-Robot-Obstacle-Avoidance-with-ROS2/install/auto_robot/share/auto_robot/package.zsh'
[1.506s] Level 1:colcon.colcon_core.environment:create_file_with_runtime_dependencies(/home/user/new_workspace/Autonomous-Robot-Obstacle-Avoidance-with-ROS2/install/auto_robot/share/colcon-core/packages/auto_robot)
[1.507s] DEBUG:colcon.colcon_parallel_executor.executor.parallel:closing loop
[1.507s] DEBUG:colcon.colcon_parallel_executor.executor.parallel:loop closed
[1.508s] DEBUG:colcon.colcon_parallel_executor.executor.parallel:run_until_complete finished with '0'
[1.508s] DEBUG:colcon.colcon_core.event_reactor:joining thread
[1.593s] INFO:colcon.colcon_core.plugin_system:Skipping extension 'colcon_notification.desktop_notification.notify_send': Could not find 'notify-send'
[1.593s] INFO:colcon.colcon_core.plugin_system:Skipping extension 'colcon_notification.desktop_notification.terminal_notifier': Not used on non-Darwin systems
[1.593s] INFO:colcon.colcon_core.plugin_system:Skipping extension 'colcon_notification.desktop_notification.win32': Not used on non-Windows systems
[1.593s] INFO:colcon.colcon_notification.desktop_notification:Sending desktop notification using 'notify2'
[26.619s] DEBUG:colcon.colcon_notification.desktop_notification.notify2:Failed to initialize notify2: org.freedesktop.DBus.Error.NoReply: Did not receive a reply. Possible causes include: the remote application did not send a reply, the message bus security policy blocked the reply, the reply timeout expired, or the network connection was broken.
[26.619s] DEBUG:colcon.colcon_core.event_reactor:joined thread
[26.620s] INFO:colcon.colcon_core.shell:Creating prefix script '/home/user/new_workspace/Autonomous-Robot-Obstacle-Avoidance-with-ROS2/install/local_setup.ps1'
[26.622s] INFO:colcon.colcon_core.shell:Creating prefix util module '/home/user/new_workspace/Autonomous-Robot-Obstacle-Avoidance-with-ROS2/install/_local_setup_util_ps1.py'
[26.624s] INFO:colcon.colcon_core.shell:Creating prefix chain script '/home/user/new_workspace/Autonomous-Robot-Obstacle-Avoidance-with-ROS2/install/setup.ps1'
[26.626s] INFO:colcon.colcon_core.shell:Creating prefix script '/home/user/new_workspace/Autonomous-Robot-Obstacle-Avoidance-with-ROS2/install/local_setup.sh'
[26.627s] INFO:colcon.colcon_core.shell:Creating prefix util module '/home/user/new_workspace/Autonomous-Robot-Obstacle-Avoidance-with-ROS2/install/_local_setup_util_sh.py'
[26.628s] INFO:colcon.colcon_core.shell:Creating prefix chain script '/home/user/new_workspace/Autonomous-Robot-Obstacle-Avoidance-with-ROS2/install/setup.sh'
[26.630s] INFO:colcon.colcon_core.shell:Creating prefix script '/home/user/new_workspace/Autonomous-Robot-Obstacle-Avoidance-with-ROS2/install/local_setup.bash'
[26.631s] INFO:colcon.colcon_core.shell:Creating prefix chain script '/home/user/new_workspace/Autonomous-Robot-Obstacle-Avoidance-with-ROS2/install/setup.bash'
[26.633s] INFO:colcon.colcon_core.shell:Creating prefix script '/home/user/new_workspace/Autonomous-Robot-Obstacle-Avoidance-with-ROS2/install/local_setup.zsh'
[26.634s] INFO:colcon.colcon_core.shell:Creating prefix chain script '/home/user/new_workspace/Autonomous-Robot-Obstacle-Avoidance-with-ROS2/install/setup.zsh'
