[0.078s] DEBUG:colcon:Command line arguments: ['/usr/bin/colcon', 'build']
[0.078s] DEBUG:colcon:Parsed command line arguments: Namespace(log_base=None, log_level=None, verb_name='build', build_base='build', install_base='install', merge_install=False, symlink_install=False, test_result_base=None, continue_on_error=False, executor='parallel', parallel_workers=8, event_handlers=None, ignore_user_meta=False, metas=['./colcon.meta'], base_paths=['.'], packages_ignore=None, packages_ignore_regex=None, paths=None, packages_up_to=None, packages_up_to_regex=None, packages_above=None, packages_above_and_dependencies=None, packages_above_depth=None, packages_select_by_dep=None, packages_skip_by_dep=None, packages_skip_up_to=None, packages_select_build_failed=False, packages_skip_build_finished=False, packages_select_test_failures=False, packages_skip_test_passed=False, packages_select=None, packages_skip=None, packages_select_regex=None, packages_skip_regex=None, packages_start=None, packages_end=None, allow_overriding=[], cmake_args=None, cmake_target=None, cmake_target_skip_unavailable=False, cmake_clean_cache=False, cmake_clean_first=False, cmake_force_configure=False, ament_cmake_args=None, catkin_cmake_args=None, catkin_skip_building_tests=False, verb_parser=<colcon_defaults.argument_parser.defaults.DefaultArgumentsDecorator object at 0x7a2fb35eb4c0>, verb_extension=<colcon_core.verb.build.BuildVerb object at 0x7a2fb35eaef0>, main=<bound method BuildVerb.main of <colcon_core.verb.build.BuildVerb object at 0x7a2fb35eaef0>>)
[0.207s] Level 1:colcon.colcon_core.package_discovery:discover_packages(colcon_meta) check parameters
[0.207s] Level 1:colcon.colcon_core.package_discovery:discover_packages(recursive) check parameters
[0.207s] Level 1:colcon.colcon_core.package_discovery:discover_packages(ignore) check parameters
[0.207s] Level 1:colcon.colcon_core.package_discovery:discover_packages(path) check parameters
[0.207s] Level 1:colcon.colcon_core.package_discovery:discover_packages(colcon_meta) discover
[0.207s] Level 1:colcon.colcon_core.package_discovery:discover_packages(recursive) discover
[0.207s] INFO:colcon.colcon_core.package_discovery:Crawling recursively for packages in '/home/seav/Downloads/ros2_ws'
[0.207s] Level 1:colcon.colcon_core.package_identification:_identify(.) by extensions ['ignore', 'ignore_ament_install']
[0.207s] Level 1:colcon.colcon_core.package_identification:_identify(.) by extension 'ignore'
[0.207s] Level 1:colcon.colcon_core.package_identification:_identify(.) by extension 'ignore_ament_install'
[0.207s] Level 1:colcon.colcon_core.package_identification:_identify(.) by extensions ['colcon_pkg']
[0.207s] Level 1:colcon.colcon_core.package_identification:_identify(.) by extension 'colcon_pkg'
[0.207s] Level 1:colcon.colcon_core.package_identification:_identify(.) by extensions ['colcon_meta']
[0.207s] Level 1:colcon.colcon_core.package_identification:_identify(.) by extension 'colcon_meta'
[0.207s] Level 1:colcon.colcon_core.package_identification:_identify(.) by extensions ['ros']
[0.207s] Level 1:colcon.colcon_core.package_identification:_identify(.) by extension 'ros'
[0.216s] Level 1:colcon.colcon_core.package_identification:_identify(.) by extensions ['cmake', 'python']
[0.216s] Level 1:colcon.colcon_core.package_identification:_identify(.) by extension 'cmake'
[0.216s] Level 1:colcon.colcon_core.package_identification:_identify(.) by extension 'python'
[0.216s] Level 1:colcon.colcon_core.package_identification:_identify(.) by extensions ['python_setup_py']
[0.216s] Level 1:colcon.colcon_core.package_identification:_identify(.) by extension 'python_setup_py'
[0.216s] Level 1:colcon.colcon_core.package_identification:_identify(build) by extensions ['ignore', 'ignore_ament_install']
[0.216s] Level 1:colcon.colcon_core.package_identification:_identify(build) by extension 'ignore'
[0.216s] Level 1:colcon.colcon_core.package_identification:_identify(build) ignored
[0.216s] Level 1:colcon.colcon_core.package_identification:_identify(install) by extensions ['ignore', 'ignore_ament_install']
[0.216s] Level 1:colcon.colcon_core.package_identification:_identify(install) by extension 'ignore'
[0.216s] Level 1:colcon.colcon_core.package_identification:_identify(install) ignored
[0.216s] Level 1:colcon.colcon_core.package_identification:_identify(log) by extensions ['ignore', 'ignore_ament_install']
[0.216s] Level 1:colcon.colcon_core.package_identification:_identify(log) by extension 'ignore'
[0.216s] Level 1:colcon.colcon_core.package_identification:_identify(log) ignored
[0.216s] Level 1:colcon.colcon_core.package_identification:_identify(src) by extensions ['ignore', 'ignore_ament_install']
[0.216s] Level 1:colcon.colcon_core.package_identification:_identify(src) by extension 'ignore'
[0.217s] Level 1:colcon.colcon_core.package_identification:_identify(src) by extension 'ignore_ament_install'
[0.217s] Level 1:colcon.colcon_core.package_identification:_identify(src) by extensions ['colcon_pkg']
[0.217s] Level 1:colcon.colcon_core.package_identification:_identify(src) by extension 'colcon_pkg'
[0.217s] Level 1:colcon.colcon_core.package_identification:_identify(src) by extensions ['colcon_meta']
[0.217s] Level 1:colcon.colcon_core.package_identification:_identify(src) by extension 'colcon_meta'
[0.217s] Level 1:colcon.colcon_core.package_identification:_identify(src) by extensions ['ros']
[0.217s] Level 1:colcon.colcon_core.package_identification:_identify(src) by extension 'ros'
[0.217s] Level 1:colcon.colcon_core.package_identification:_identify(src) by extensions ['cmake', 'python']
[0.217s] Level 1:colcon.colcon_core.package_identification:_identify(src) by extension 'cmake'
[0.217s] Level 1:colcon.colcon_core.package_identification:_identify(src) by extension 'python'
[0.217s] Level 1:colcon.colcon_core.package_identification:_identify(src) by extensions ['python_setup_py']
[0.217s] Level 1:colcon.colcon_core.package_identification:_identify(src) by extension 'python_setup_py'
[0.217s] Level 1:colcon.colcon_core.package_identification:_identify(src/imu) by extensions ['ignore', 'ignore_ament_install']
[0.217s] Level 1:colcon.colcon_core.package_identification:_identify(src/imu) by extension 'ignore'
[0.217s] Level 1:colcon.colcon_core.package_identification:_identify(src/imu) by extension 'ignore_ament_install'
[0.217s] Level 1:colcon.colcon_core.package_identification:_identify(src/imu) by extensions ['colcon_pkg']
[0.217s] Level 1:colcon.colcon_core.package_identification:_identify(src/imu) by extension 'colcon_pkg'
[0.217s] Level 1:colcon.colcon_core.package_identification:_identify(src/imu) by extensions ['colcon_meta']
[0.217s] Level 1:colcon.colcon_core.package_identification:_identify(src/imu) by extension 'colcon_meta'
[0.217s] Level 1:colcon.colcon_core.package_identification:_identify(src/imu) by extensions ['ros']
[0.217s] Level 1:colcon.colcon_core.package_identification:_identify(src/imu) by extension 'ros'
[0.217s] Level 1:colcon.colcon_core.package_identification:_identify(src/imu) by extensions ['cmake', 'python']
[0.217s] Level 1:colcon.colcon_core.package_identification:_identify(src/imu) by extension 'cmake'
[0.217s] Level 1:colcon.colcon_core.package_identification:_identify(src/imu) by extension 'python'
[0.217s] Level 1:colcon.colcon_core.package_identification:_identify(src/imu) by extensions ['python_setup_py']
[0.217s] Level 1:colcon.colcon_core.package_identification:_identify(src/imu) by extension 'python_setup_py'
[0.217s] Level 1:colcon.colcon_core.package_identification:_identify(src/my_nav2_pkg) by extensions ['ignore', 'ignore_ament_install']
[0.218s] Level 1:colcon.colcon_core.package_identification:_identify(src/my_nav2_pkg) by extension 'ignore'
[0.218s] Level 1:colcon.colcon_core.package_identification:_identify(src/my_nav2_pkg) by extension 'ignore_ament_install'
[0.218s] Level 1:colcon.colcon_core.package_identification:_identify(src/my_nav2_pkg) by extensions ['colcon_pkg']
[0.218s] Level 1:colcon.colcon_core.package_identification:_identify(src/my_nav2_pkg) by extension 'colcon_pkg'
[0.218s] Level 1:colcon.colcon_core.package_identification:_identify(src/my_nav2_pkg) by extensions ['colcon_meta']
[0.218s] Level 1:colcon.colcon_core.package_identification:_identify(src/my_nav2_pkg) by extension 'colcon_meta'
[0.218s] Level 1:colcon.colcon_core.package_identification:_identify(src/my_nav2_pkg) by extensions ['ros']
[0.218s] Level 1:colcon.colcon_core.package_identification:_identify(src/my_nav2_pkg) by extension 'ros'
[0.220s] DEBUG:colcon.colcon_core.package_identification:Package 'src/my_nav2_pkg' with type 'ros.ament_cmake' and name 'my_nav2_pkg'
[0.220s] Level 1:colcon.colcon_core.package_identification:_identify(src/my_robot_controller) by extensions ['ignore', 'ignore_ament_install']
[0.220s] Level 1:colcon.colcon_core.package_identification:_identify(src/my_robot_controller) by extension 'ignore'
[0.220s] Level 1:colcon.colcon_core.package_identification:_identify(src/my_robot_controller) by extension 'ignore_ament_install'
[0.220s] Level 1:colcon.colcon_core.package_identification:_identify(src/my_robot_controller) by extensions ['colcon_pkg']
[0.220s] Level 1:colcon.colcon_core.package_identification:_identify(src/my_robot_controller) by extension 'colcon_pkg'
[0.220s] Level 1:colcon.colcon_core.package_identification:_identify(src/my_robot_controller) by extensions ['colcon_meta']
[0.220s] Level 1:colcon.colcon_core.package_identification:_identify(src/my_robot_controller) by extension 'colcon_meta'
[0.220s] Level 1:colcon.colcon_core.package_identification:_identify(src/my_robot_controller) by extensions ['ros']
[0.220s] Level 1:colcon.colcon_core.package_identification:_identify(src/my_robot_controller) by extension 'ros'
[0.220s] DEBUG:colcon.colcon_core.package_identification:Package 'src/my_robot_controller' with type 'ros.ament_python' and name 'my_robot_controller'
[0.220s] Level 1:colcon.colcon_core.package_identification:_identify(src/rplidar_ros) by extensions ['ignore', 'ignore_ament_install']
[0.220s] Level 1:colcon.colcon_core.package_identification:_identify(src/rplidar_ros) by extension 'ignore'
[0.221s] Level 1:colcon.colcon_core.package_identification:_identify(src/rplidar_ros) by extension 'ignore_ament_install'
[0.221s] Level 1:colcon.colcon_core.package_identification:_identify(src/rplidar_ros) by extensions ['colcon_pkg']
[0.221s] Level 1:colcon.colcon_core.package_identification:_identify(src/rplidar_ros) by extension 'colcon_pkg'
[0.221s] Level 1:colcon.colcon_core.package_identification:_identify(src/rplidar_ros) by extensions ['colcon_meta']
[0.221s] Level 1:colcon.colcon_core.package_identification:_identify(src/rplidar_ros) by extension 'colcon_meta'
[0.221s] Level 1:colcon.colcon_core.package_identification:_identify(src/rplidar_ros) by extensions ['ros']
[0.221s] Level 1:colcon.colcon_core.package_identification:_identify(src/rplidar_ros) by extension 'ros'
[0.221s] DEBUG:colcon.colcon_core.package_identification:Package 'src/rplidar_ros' with type 'ros.ament_cmake' and name 'rplidar_ros'
[0.221s] Level 1:colcon.colcon_core.package_identification:_identify(src/scripts) by extensions ['ignore', 'ignore_ament_install']
[0.221s] Level 1:colcon.colcon_core.package_identification:_identify(src/scripts) by extension 'ignore'
[0.221s] Level 1:colcon.colcon_core.package_identification:_identify(src/scripts) by extension 'ignore_ament_install'
[0.221s] Level 1:colcon.colcon_core.package_identification:_identify(src/scripts) by extensions ['colcon_pkg']
[0.221s] Level 1:colcon.colcon_core.package_identification:_identify(src/scripts) by extension 'colcon_pkg'
[0.221s] Level 1:colcon.colcon_core.package_identification:_identify(src/scripts) by extensions ['colcon_meta']
[0.221s] Level 1:colcon.colcon_core.package_identification:_identify(src/scripts) by extension 'colcon_meta'
[0.222s] Level 1:colcon.colcon_core.package_identification:_identify(src/scripts) by extensions ['ros']
[0.222s] Level 1:colcon.colcon_core.package_identification:_identify(src/scripts) by extension 'ros'
[0.222s] Level 1:colcon.colcon_core.package_identification:_identify(src/scripts) by extensions ['cmake', 'python']
[0.222s] Level 1:colcon.colcon_core.package_identification:_identify(src/scripts) by extension 'cmake'
[0.222s] Level 1:colcon.colcon_core.package_identification:_identify(src/scripts) by extension 'python'
[0.222s] Level 1:colcon.colcon_core.package_identification:_identify(src/scripts) by extensions ['python_setup_py']
[0.222s] Level 1:colcon.colcon_core.package_identification:_identify(src/scripts) by extension 'python_setup_py'
[0.222s] Level 1:colcon.colcon_core.package_identification:_identify(src/seav_slam) by extensions ['ignore', 'ignore_ament_install']
[0.222s] Level 1:colcon.colcon_core.package_identification:_identify(src/seav_slam) by extension 'ignore'
[0.222s] Level 1:colcon.colcon_core.package_identification:_identify(src/seav_slam) by extension 'ignore_ament_install'
[0.222s] Level 1:colcon.colcon_core.package_identification:_identify(src/seav_slam) by extensions ['colcon_pkg']
[0.222s] Level 1:colcon.colcon_core.package_identification:_identify(src/seav_slam) by extension 'colcon_pkg'
[0.222s] Level 1:colcon.colcon_core.package_identification:_identify(src/seav_slam) by extensions ['colcon_meta']
[0.222s] Level 1:colcon.colcon_core.package_identification:_identify(src/seav_slam) by extension 'colcon_meta'
[0.222s] Level 1:colcon.colcon_core.package_identification:_identify(src/seav_slam) by extensions ['ros']
[0.222s] Level 1:colcon.colcon_core.package_identification:_identify(src/seav_slam) by extension 'ros'
[0.222s] Level 1:colcon.colcon_core.package_identification:_identify(src/seav_slam) by extensions ['cmake', 'python']
[0.222s] Level 1:colcon.colcon_core.package_identification:_identify(src/seav_slam) by extension 'cmake'
[0.222s] Level 1:colcon.colcon_core.package_identification:_identify(src/seav_slam) by extension 'python'
[0.222s] Level 1:colcon.colcon_core.package_identification:_identify(src/seav_slam) by extensions ['python_setup_py']
[0.222s] Level 1:colcon.colcon_core.package_identification:_identify(src/seav_slam) by extension 'python_setup_py'
[0.222s] Level 1:colcon.colcon_core.package_identification:_identify(src/seav_slam/launch) by extensions ['ignore', 'ignore_ament_install']
[0.222s] Level 1:colcon.colcon_core.package_identification:_identify(src/seav_slam/launch) by extension 'ignore'
[0.222s] Level 1:colcon.colcon_core.package_identification:_identify(src/seav_slam/launch) by extension 'ignore_ament_install'
[0.222s] Level 1:colcon.colcon_core.package_identification:_identify(src/seav_slam/launch) by extensions ['colcon_pkg']
[0.222s] Level 1:colcon.colcon_core.package_identification:_identify(src/seav_slam/launch) by extension 'colcon_pkg'
[0.222s] Level 1:colcon.colcon_core.package_identification:_identify(src/seav_slam/launch) by extensions ['colcon_meta']
[0.222s] Level 1:colcon.colcon_core.package_identification:_identify(src/seav_slam/launch) by extension 'colcon_meta'
[0.223s] Level 1:colcon.colcon_core.package_identification:_identify(src/seav_slam/launch) by extensions ['ros']
[0.223s] Level 1:colcon.colcon_core.package_identification:_identify(src/seav_slam/launch) by extension 'ros'
[0.223s] Level 1:colcon.colcon_core.package_identification:_identify(src/seav_slam/launch) by extensions ['cmake', 'python']
[0.223s] Level 1:colcon.colcon_core.package_identification:_identify(src/seav_slam/launch) by extension 'cmake'
[0.223s] Level 1:colcon.colcon_core.package_identification:_identify(src/seav_slam/launch) by extension 'python'
[0.223s] Level 1:colcon.colcon_core.package_identification:_identify(src/seav_slam/launch) by extensions ['python_setup_py']
[0.223s] Level 1:colcon.colcon_core.package_identification:_identify(src/seav_slam/launch) by extension 'python_setup_py'
[0.223s] Level 1:colcon.colcon_core.package_identification:_identify(src/seav_test_sensors) by extensions ['ignore', 'ignore_ament_install']
[0.223s] Level 1:colcon.colcon_core.package_identification:_identify(src/seav_test_sensors) by extension 'ignore'
[0.223s] Level 1:colcon.colcon_core.package_identification:_identify(src/seav_test_sensors) by extension 'ignore_ament_install'
[0.223s] Level 1:colcon.colcon_core.package_identification:_identify(src/seav_test_sensors) by extensions ['colcon_pkg']
[0.223s] Level 1:colcon.colcon_core.package_identification:_identify(src/seav_test_sensors) by extension 'colcon_pkg'
[0.223s] Level 1:colcon.colcon_core.package_identification:_identify(src/seav_test_sensors) by extensions ['colcon_meta']
[0.223s] Level 1:colcon.colcon_core.package_identification:_identify(src/seav_test_sensors) by extension 'colcon_meta'
[0.223s] Level 1:colcon.colcon_core.package_identification:_identify(src/seav_test_sensors) by extensions ['ros']
[0.223s] Level 1:colcon.colcon_core.package_identification:_identify(src/seav_test_sensors) by extension 'ros'
[0.224s] DEBUG:colcon.colcon_core.package_identification:Package 'src/seav_test_sensors' with type 'ros.ament_python' and name 'seav_test_sensors'
[0.224s] Level 1:colcon.colcon_core.package_identification:_identify(src/static_tf_publisher) by extensions ['ignore', 'ignore_ament_install']
[0.224s] Level 1:colcon.colcon_core.package_identification:_identify(src/static_tf_publisher) by extension 'ignore'
[0.224s] Level 1:colcon.colcon_core.package_identification:_identify(src/static_tf_publisher) by extension 'ignore_ament_install'
[0.224s] Level 1:colcon.colcon_core.package_identification:_identify(src/static_tf_publisher) by extensions ['colcon_pkg']
[0.224s] Level 1:colcon.colcon_core.package_identification:_identify(src/static_tf_publisher) by extension 'colcon_pkg'
[0.224s] Level 1:colcon.colcon_core.package_identification:_identify(src/static_tf_publisher) by extensions ['colcon_meta']
[0.224s] Level 1:colcon.colcon_core.package_identification:_identify(src/static_tf_publisher) by extension 'colcon_meta'
[0.224s] Level 1:colcon.colcon_core.package_identification:_identify(src/static_tf_publisher) by extensions ['ros']
[0.224s] Level 1:colcon.colcon_core.package_identification:_identify(src/static_tf_publisher) by extension 'ros'
[0.224s] DEBUG:colcon.colcon_core.package_identification:Package 'src/static_tf_publisher' with type 'ros.ament_python' and name 'static_tf_publisher'
[0.224s] Level 1:colcon.colcon_core.package_discovery:discover_packages(recursive) using defaults
[0.224s] Level 1:colcon.colcon_core.package_discovery:discover_packages(ignore) discover
[0.224s] Level 1:colcon.colcon_core.package_discovery:discover_packages(ignore) using defaults
[0.224s] Level 1:colcon.colcon_core.package_discovery:discover_packages(path) discover
[0.225s] Level 1:colcon.colcon_core.package_discovery:discover_packages(path) using defaults
[0.246s] Level 1:colcon.colcon_core.package_discovery:discover_packages(prefix_path) check parameters
[0.246s] Level 1:colcon.colcon_core.package_discovery:discover_packages(prefix_path) discover
[0.248s] DEBUG:colcon.colcon_installed_package_information.package_discovery:Found 322 installed packages in /opt/ros/humble
[0.249s] Level 1:colcon.colcon_core.package_discovery:discover_packages(prefix_path) using defaults
[0.281s] Level 5:colcon.colcon_core.verb:set package 'my_nav2_pkg' build argument 'cmake_args' from command line to 'None'
[0.281s] Level 5:colcon.colcon_core.verb:set package 'my_nav2_pkg' build argument 'cmake_target' from command line to 'None'
[0.281s] Level 5:colcon.colcon_core.verb:set package 'my_nav2_pkg' build argument 'cmake_target_skip_unavailable' from command line to 'False'
[0.281s] Level 5:colcon.colcon_core.verb:set package 'my_nav2_pkg' build argument 'cmake_clean_cache' from command line to 'False'
[0.281s] Level 5:colcon.colcon_core.verb:set package 'my_nav2_pkg' build argument 'cmake_clean_first' from command line to 'False'
[0.281s] Level 5:colcon.colcon_core.verb:set package 'my_nav2_pkg' build argument 'cmake_force_configure' from command line to 'False'
[0.281s] Level 5:colcon.colcon_core.verb:set package 'my_nav2_pkg' build argument 'ament_cmake_args' from command line to 'None'
[0.281s] Level 5:colcon.colcon_core.verb:set package 'my_nav2_pkg' build argument 'catkin_cmake_args' from command line to 'None'
[0.281s] Level 5:colcon.colcon_core.verb:set package 'my_nav2_pkg' build argument 'catkin_skip_building_tests' from command line to 'False'
[0.281s] DEBUG:colcon.colcon_core.verb:Building package 'my_nav2_pkg' with the following arguments: {'ament_cmake_args': None, 'build_base': '/home/seav/Downloads/ros2_ws/build/my_nav2_pkg', 'catkin_cmake_args': None, 'catkin_skip_building_tests': False, 'cmake_args': None, 'cmake_clean_cache': False, 'cmake_clean_first': False, 'cmake_force_configure': False, 'cmake_target': None, 'cmake_target_skip_unavailable': False, 'install_base': '/home/seav/Downloads/ros2_ws/install/my_nav2_pkg', 'merge_install': False, 'path': '/home/seav/Downloads/ros2_ws/src/my_nav2_pkg', 'symlink_install': False, 'test_result_base': None}
[0.281s] Level 5:colcon.colcon_core.verb:set package 'my_robot_controller' build argument 'cmake_args' from command line to 'None'
[0.281s] Level 5:colcon.colcon_core.verb:set package 'my_robot_controller' build argument 'cmake_target' from command line to 'None'
[0.281s] Level 5:colcon.colcon_core.verb:set package 'my_robot_controller' build argument 'cmake_target_skip_unavailable' from command line to 'False'
[0.281s] Level 5:colcon.colcon_core.verb:set package 'my_robot_controller' build argument 'cmake_clean_cache' from command line to 'False'
[0.281s] Level 5:colcon.colcon_core.verb:set package 'my_robot_controller' build argument 'cmake_clean_first' from command line to 'False'
[0.281s] Level 5:colcon.colcon_core.verb:set package 'my_robot_controller' build argument 'cmake_force_configure' from command line to 'False'
[0.281s] Level 5:colcon.colcon_core.verb:set package 'my_robot_controller' build argument 'ament_cmake_args' from command line to 'None'
[0.282s] Level 5:colcon.colcon_core.verb:set package 'my_robot_controller' build argument 'catkin_cmake_args' from command line to 'None'
[0.282s] Level 5:colcon.colcon_core.verb:set package 'my_robot_controller' build argument 'catkin_skip_building_tests' from command line to 'False'
[0.282s] DEBUG:colcon.colcon_core.verb:Building package 'my_robot_controller' with the following arguments: {'ament_cmake_args': None, 'build_base': '/home/seav/Downloads/ros2_ws/build/my_robot_controller', 'catkin_cmake_args': None, 'catkin_skip_building_tests': False, 'cmake_args': None, 'cmake_clean_cache': False, 'cmake_clean_first': False, 'cmake_force_configure': False, 'cmake_target': None, 'cmake_target_skip_unavailable': False, 'install_base': '/home/seav/Downloads/ros2_ws/install/my_robot_controller', 'merge_install': False, 'path': '/home/seav/Downloads/ros2_ws/src/my_robot_controller', 'symlink_install': False, 'test_result_base': None}
[0.282s] Level 5:colcon.colcon_core.verb:set package 'rplidar_ros' build argument 'cmake_args' from command line to 'None'
[0.282s] Level 5:colcon.colcon_core.verb:set package 'rplidar_ros' build argument 'cmake_target' from command line to 'None'
[0.282s] Level 5:colcon.colcon_core.verb:set package 'rplidar_ros' build argument 'cmake_target_skip_unavailable' from command line to 'False'
[0.282s] Level 5:colcon.colcon_core.verb:set package 'rplidar_ros' build argument 'cmake_clean_cache' from command line to 'False'
[0.282s] Level 5:colcon.colcon_core.verb:set package 'rplidar_ros' build argument 'cmake_clean_first' from command line to 'False'
[0.282s] Level 5:colcon.colcon_core.verb:set package 'rplidar_ros' build argument 'cmake_force_configure' from command line to 'False'
[0.282s] Level 5:colcon.colcon_core.verb:set package 'rplidar_ros' build argument 'ament_cmake_args' from command line to 'None'
[0.282s] Level 5:colcon.colcon_core.verb:set package 'rplidar_ros' build argument 'catkin_cmake_args' from command line to 'None'
[0.282s] Level 5:colcon.colcon_core.verb:set package 'rplidar_ros' build argument 'catkin_skip_building_tests' from command line to 'False'
[0.282s] DEBUG:colcon.colcon_core.verb:Building package 'rplidar_ros' with the following arguments: {'ament_cmake_args': None, 'build_base': '/home/seav/Downloads/ros2_ws/build/rplidar_ros', 'catkin_cmake_args': None, 'catkin_skip_building_tests': False, 'cmake_args': None, 'cmake_clean_cache': False, 'cmake_clean_first': False, 'cmake_force_configure': False, 'cmake_target': None, 'cmake_target_skip_unavailable': False, 'install_base': '/home/seav/Downloads/ros2_ws/install/rplidar_ros', 'merge_install': False, 'path': '/home/seav/Downloads/ros2_ws/src/rplidar_ros', 'symlink_install': False, 'test_result_base': None}
[0.282s] Level 5:colcon.colcon_core.verb:set package 'seav_test_sensors' build argument 'cmake_args' from command line to 'None'
[0.282s] Level 5:colcon.colcon_core.verb:set package 'seav_test_sensors' build argument 'cmake_target' from command line to 'None'
[0.282s] Level 5:colcon.colcon_core.verb:set package 'seav_test_sensors' build argument 'cmake_target_skip_unavailable' from command line to 'False'
[0.282s] Level 5:colcon.colcon_core.verb:set package 'seav_test_sensors' build argument 'cmake_clean_cache' from command line to 'False'
[0.282s] Level 5:colcon.colcon_core.verb:set package 'seav_test_sensors' build argument 'cmake_clean_first' from command line to 'False'
[0.282s] Level 5:colcon.colcon_core.verb:set package 'seav_test_sensors' build argument 'cmake_force_configure' from command line to 'False'
[0.282s] Level 5:colcon.colcon_core.verb:set package 'seav_test_sensors' build argument 'ament_cmake_args' from command line to 'None'
[0.282s] Level 5:colcon.colcon_core.verb:set package 'seav_test_sensors' build argument 'catkin_cmake_args' from command line to 'None'
[0.282s] Level 5:colcon.colcon_core.verb:set package 'seav_test_sensors' build argument 'catkin_skip_building_tests' from command line to 'False'
[0.282s] DEBUG:colcon.colcon_core.verb:Building package 'seav_test_sensors' with the following arguments: {'ament_cmake_args': None, 'build_base': '/home/seav/Downloads/ros2_ws/build/seav_test_sensors', 'catkin_cmake_args': None, 'catkin_skip_building_tests': False, 'cmake_args': None, 'cmake_clean_cache': False, 'cmake_clean_first': False, 'cmake_force_configure': False, 'cmake_target': None, 'cmake_target_skip_unavailable': False, 'install_base': '/home/seav/Downloads/ros2_ws/install/seav_test_sensors', 'merge_install': False, 'path': '/home/seav/Downloads/ros2_ws/src/seav_test_sensors', 'symlink_install': False, 'test_result_base': None}
[0.283s] Level 5:colcon.colcon_core.verb:set package 'static_tf_publisher' build argument 'cmake_args' from command line to 'None'
[0.283s] Level 5:colcon.colcon_core.verb:set package 'static_tf_publisher' build argument 'cmake_target' from command line to 'None'
[0.283s] Level 5:colcon.colcon_core.verb:set package 'static_tf_publisher' build argument 'cmake_target_skip_unavailable' from command line to 'False'
[0.283s] Level 5:colcon.colcon_core.verb:set package 'static_tf_publisher' build argument 'cmake_clean_cache' from command line to 'False'
[0.283s] Level 5:colcon.colcon_core.verb:set package 'static_tf_publisher' build argument 'cmake_clean_first' from command line to 'False'
[0.283s] Level 5:colcon.colcon_core.verb:set package 'static_tf_publisher' build argument 'cmake_force_configure' from command line to 'False'
[0.283s] Level 5:colcon.colcon_core.verb:set package 'static_tf_publisher' build argument 'ament_cmake_args' from command line to 'None'
[0.283s] Level 5:colcon.colcon_core.verb:set package 'static_tf_publisher' build argument 'catkin_cmake_args' from command line to 'None'
[0.283s] Level 5:colcon.colcon_core.verb:set package 'static_tf_publisher' build argument 'catkin_skip_building_tests' from command line to 'False'
[0.283s] DEBUG:colcon.colcon_core.verb:Building package 'static_tf_publisher' with the following arguments: {'ament_cmake_args': None, 'build_base': '/home/seav/Downloads/ros2_ws/build/static_tf_publisher', 'catkin_cmake_args': None, 'catkin_skip_building_tests': False, 'cmake_args': None, 'cmake_clean_cache': False, 'cmake_clean_first': False, 'cmake_force_configure': False, 'cmake_target': None, 'cmake_target_skip_unavailable': False, 'install_base': '/home/seav/Downloads/ros2_ws/install/static_tf_publisher', 'merge_install': False, 'path': '/home/seav/Downloads/ros2_ws/src/static_tf_publisher', 'symlink_install': False, 'test_result_base': None}
[0.283s] INFO:colcon.colcon_core.executor:Executing jobs using 'parallel' executor
[0.284s] DEBUG:colcon.colcon_parallel_executor.executor.parallel:run_until_complete
[0.284s] INFO:colcon.colcon_ros.task.ament_cmake.build:Building ROS package in '/home/seav/Downloads/ros2_ws/src/my_nav2_pkg' with build type 'ament_cmake'
[0.284s] INFO:colcon.colcon_cmake.task.cmake.build:Building CMake package in '/home/seav/Downloads/ros2_ws/src/my_nav2_pkg'
[0.285s] INFO:colcon.colcon_core.plugin_system:Skipping extension 'colcon_core.shell.bat': Not used on non-Windows systems
[0.285s] INFO:colcon.colcon_core.shell:Skip shell extension 'powershell' for command environment: Not usable outside of PowerShell
[0.285s] DEBUG:colcon.colcon_core.shell:Skip shell extension 'dsv' for command environment
[0.288s] INFO:colcon.colcon_ros.task.ament_python.build:Building ROS package in '/home/seav/Downloads/ros2_ws/src/my_robot_controller' with build type 'ament_python'
[0.288s] Level 1:colcon.colcon_core.shell:create_environment_hook('my_robot_controller', 'ament_prefix_path')
[0.288s] INFO:colcon.colcon_core.shell:Creating environment hook '/home/seav/Downloads/ros2_ws/install/my_robot_controller/share/my_robot_controller/hook/ament_prefix_path.ps1'
[0.288s] INFO:colcon.colcon_core.shell:Creating environment descriptor '/home/seav/Downloads/ros2_ws/install/my_robot_controller/share/my_robot_controller/hook/ament_prefix_path.dsv'
[0.289s] INFO:colcon.colcon_core.shell:Creating environment hook '/home/seav/Downloads/ros2_ws/install/my_robot_controller/share/my_robot_controller/hook/ament_prefix_path.sh'
[0.289s] INFO:colcon.colcon_core.shell:Skip shell extension 'powershell' for command environment: Not usable outside of PowerShell
[0.289s] DEBUG:colcon.colcon_core.shell:Skip shell extension 'dsv' for command environment
[0.291s] INFO:colcon.colcon_ros.task.ament_cmake.build:Building ROS package in '/home/seav/Downloads/ros2_ws/src/rplidar_ros' with build type 'ament_cmake'
[0.291s] INFO:colcon.colcon_cmake.task.cmake.build:Building CMake package in '/home/seav/Downloads/ros2_ws/src/rplidar_ros'
[0.291s] INFO:colcon.colcon_core.shell:Skip shell extension 'powershell' for command environment: Not usable outside of PowerShell
[0.291s] DEBUG:colcon.colcon_core.shell:Skip shell extension 'dsv' for command environment
[0.293s] INFO:colcon.colcon_ros.task.ament_python.build:Building ROS package in '/home/seav/Downloads/ros2_ws/src/seav_test_sensors' with build type 'ament_python'
[0.293s] Level 1:colcon.colcon_core.shell:create_environment_hook('seav_test_sensors', 'ament_prefix_path')
[0.293s] INFO:colcon.colcon_core.shell:Creating environment hook '/home/seav/Downloads/ros2_ws/install/seav_test_sensors/share/seav_test_sensors/hook/ament_prefix_path.ps1'
[0.294s] INFO:colcon.colcon_core.shell:Creating environment descriptor '/home/seav/Downloads/ros2_ws/install/seav_test_sensors/share/seav_test_sensors/hook/ament_prefix_path.dsv'
[0.294s] INFO:colcon.colcon_core.shell:Creating environment hook '/home/seav/Downloads/ros2_ws/install/seav_test_sensors/share/seav_test_sensors/hook/ament_prefix_path.sh'
[0.294s] INFO:colcon.colcon_core.shell:Skip shell extension 'powershell' for command environment: Not usable outside of PowerShell
[0.295s] DEBUG:colcon.colcon_core.shell:Skip shell extension 'dsv' for command environment
[0.297s] INFO:colcon.colcon_ros.task.ament_python.build:Building ROS package in '/home/seav/Downloads/ros2_ws/src/static_tf_publisher' with build type 'ament_python'
[0.297s] Level 1:colcon.colcon_core.shell:create_environment_hook('static_tf_publisher', 'ament_prefix_path')
[0.297s] INFO:colcon.colcon_core.shell:Creating environment hook '/home/seav/Downloads/ros2_ws/install/static_tf_publisher/share/static_tf_publisher/hook/ament_prefix_path.ps1'
[0.298s] INFO:colcon.colcon_core.shell:Creating environment descriptor '/home/seav/Downloads/ros2_ws/install/static_tf_publisher/share/static_tf_publisher/hook/ament_prefix_path.dsv'
[0.298s] INFO:colcon.colcon_core.shell:Creating environment hook '/home/seav/Downloads/ros2_ws/install/static_tf_publisher/share/static_tf_publisher/hook/ament_prefix_path.sh'
[0.298s] INFO:colcon.colcon_core.shell:Skip shell extension 'powershell' for command environment: Not usable outside of PowerShell
[0.298s] DEBUG:colcon.colcon_core.shell:Skip shell extension 'dsv' for command environment
[0.304s] DEBUG:colcon.colcon_core.event_handler.log_command:Invoking command in '/home/seav/Downloads/ros2_ws/build/my_nav2_pkg': CMAKE_PREFIX_PATH=/opt/ros/humble /usr/bin/cmake /home/seav/Downloads/ros2_ws/src/my_nav2_pkg -DCMAKE_INSTALL_PREFIX=/home/seav/Downloads/ros2_ws/install/my_nav2_pkg
[0.501s] INFO:colcon.colcon_core.task.python.build:Building Python package in '/home/seav/Downloads/ros2_ws/src/my_robot_controller'
[0.501s] INFO:colcon.colcon_core.shell:Skip shell extension 'powershell' for command environment: Not usable outside of PowerShell
[0.501s] DEBUG:colcon.colcon_core.shell:Skip shell extension 'dsv' for command environment
[0.505s] DEBUG:colcon.colcon_core.event_handler.log_command:Invoking command in '/home/seav/Downloads/ros2_ws/build/rplidar_ros': CMAKE_PREFIX_PATH=/opt/ros/humble /usr/bin/cmake /home/seav/Downloads/ros2_ws/src/rplidar_ros -DCMAKE_INSTALL_PREFIX=/home/seav/Downloads/ros2_ws/install/rplidar_ros
[0.704s] INFO:colcon.colcon_core.task.python.build:Building Python package in '/home/seav/Downloads/ros2_ws/src/seav_test_sensors'
[0.705s] INFO:colcon.colcon_core.shell:Skip shell extension 'powershell' for command environment: Not usable outside of PowerShell
[0.705s] DEBUG:colcon.colcon_core.shell:Skip shell extension 'dsv' for command environment
[0.908s] INFO:colcon.colcon_core.task.python.build:Building Python package in '/home/seav/Downloads/ros2_ws/src/static_tf_publisher'
[0.909s] INFO:colcon.colcon_core.shell:Skip shell extension 'powershell' for command environment: Not usable outside of PowerShell
[0.909s] DEBUG:colcon.colcon_core.shell:Skip shell extension 'dsv' for command environment
[0.915s] DEBUG:colcon.colcon_core.event_handler.log_command:Invoked command in '/home/seav/Downloads/ros2_ws/build/my_nav2_pkg' returned '0': CMAKE_PREFIX_PATH=/opt/ros/humble /usr/bin/cmake /home/seav/Downloads/ros2_ws/src/my_nav2_pkg -DCMAKE_INSTALL_PREFIX=/home/seav/Downloads/ros2_ws/install/my_nav2_pkg
[0.917s] DEBUG:colcon.colcon_core.event_handler.log_command:Invoking command in '/home/seav/Downloads/ros2_ws/build/my_nav2_pkg': CMAKE_PREFIX_PATH=/opt/ros/humble /usr/bin/cmake --build /home/seav/Downloads/ros2_ws/build/my_nav2_pkg -- -j8 -l8
[0.956s] DEBUG:colcon.colcon_core.event_handler.log_command:Invoked command in '/home/seav/Downloads/ros2_ws/build/my_nav2_pkg' returned '0': CMAKE_PREFIX_PATH=/opt/ros/humble /usr/bin/cmake --build /home/seav/Downloads/ros2_ws/build/my_nav2_pkg -- -j8 -l8
[0.966s] DEBUG:colcon.colcon_core.event_handler.log_command:Invoking command in '/home/seav/Downloads/ros2_ws/build/my_nav2_pkg': CMAKE_PREFIX_PATH=/opt/ros/humble /usr/bin/cmake --install /home/seav/Downloads/ros2_ws/build/my_nav2_pkg
[0.982s] Level 1:colcon.colcon_core.environment:create_environment_scripts_only(my_nav2_pkg)
[0.983s] DEBUG:colcon.colcon_core.event_handler.log_command:Invoked command in '/home/seav/Downloads/ros2_ws/build/my_nav2_pkg' returned '0': CMAKE_PREFIX_PATH=/opt/ros/humble /usr/bin/cmake --install /home/seav/Downloads/ros2_ws/build/my_nav2_pkg
[0.985s] Level 1:colcon.colcon_core.environment:checking '/home/seav/Downloads/ros2_ws/install/my_nav2_pkg' for CMake module files
[0.986s] Level 1:colcon.colcon_core.environment:checking '/home/seav/Downloads/ros2_ws/install/my_nav2_pkg' for CMake config files
[0.986s] Level 1:colcon.colcon_core.shell:create_environment_hook('my_nav2_pkg', 'cmake_prefix_path')
[0.986s] INFO:colcon.colcon_core.shell:Creating environment hook '/home/seav/Downloads/ros2_ws/install/my_nav2_pkg/share/my_nav2_pkg/hook/cmake_prefix_path.ps1'
[0.987s] INFO:colcon.colcon_core.shell:Creating environment descriptor '/home/seav/Downloads/ros2_ws/install/my_nav2_pkg/share/my_nav2_pkg/hook/cmake_prefix_path.dsv'
[0.987s] INFO:colcon.colcon_core.shell:Creating environment hook '/home/seav/Downloads/ros2_ws/install/my_nav2_pkg/share/my_nav2_pkg/hook/cmake_prefix_path.sh'
[0.988s] Level 1:colcon.colcon_core.environment:checking '/home/seav/Downloads/ros2_ws/install/my_nav2_pkg/bin'
[0.988s] Level 1:colcon.colcon_core.environment:checking '/home/seav/Downloads/ros2_ws/install/my_nav2_pkg/lib/pkgconfig/my_nav2_pkg.pc'
[0.988s] Level 1:colcon.colcon_core.environment:checking '/home/seav/Downloads/ros2_ws/install/my_nav2_pkg/lib/python3.10/site-packages'
[0.988s] Level 1:colcon.colcon_core.environment:checking '/home/seav/Downloads/ros2_ws/install/my_nav2_pkg/bin'
[0.989s] INFO:colcon.colcon_core.shell:Creating package script '/home/seav/Downloads/ros2_ws/install/my_nav2_pkg/share/my_nav2_pkg/package.ps1'
[0.990s] INFO:colcon.colcon_core.shell:Creating package descriptor '/home/seav/Downloads/ros2_ws/install/my_nav2_pkg/share/my_nav2_pkg/package.dsv'
[0.990s] INFO:colcon.colcon_core.shell:Creating package script '/home/seav/Downloads/ros2_ws/install/my_nav2_pkg/share/my_nav2_pkg/package.sh'
[0.991s] INFO:colcon.colcon_core.shell:Creating package script '/home/seav/Downloads/ros2_ws/install/my_nav2_pkg/share/my_nav2_pkg/package.bash'
[0.992s] INFO:colcon.colcon_core.shell:Creating package script '/home/seav/Downloads/ros2_ws/install/my_nav2_pkg/share/my_nav2_pkg/package.zsh'
[0.993s] Level 1:colcon.colcon_core.environment:create_file_with_runtime_dependencies(/home/seav/Downloads/ros2_ws/install/my_nav2_pkg/share/colcon-core/packages/my_nav2_pkg)
[0.994s] Level 1:colcon.colcon_core.environment:create_environment_scripts_only(my_nav2_pkg)
[0.994s] Level 1:colcon.colcon_core.environment:checking '/home/seav/Downloads/ros2_ws/install/my_nav2_pkg' for CMake module files
[0.994s] Level 1:colcon.colcon_core.environment:checking '/home/seav/Downloads/ros2_ws/install/my_nav2_pkg' for CMake config files
[0.995s] Level 1:colcon.colcon_core.shell:create_environment_hook('my_nav2_pkg', 'cmake_prefix_path')
[0.995s] INFO:colcon.colcon_core.shell:Creating environment hook '/home/seav/Downloads/ros2_ws/install/my_nav2_pkg/share/my_nav2_pkg/hook/cmake_prefix_path.ps1'
[0.995s] INFO:colcon.colcon_core.shell:Creating environment descriptor '/home/seav/Downloads/ros2_ws/install/my_nav2_pkg/share/my_nav2_pkg/hook/cmake_prefix_path.dsv'
[0.996s] INFO:colcon.colcon_core.shell:Creating environment hook '/home/seav/Downloads/ros2_ws/install/my_nav2_pkg/share/my_nav2_pkg/hook/cmake_prefix_path.sh'
[0.996s] Level 1:colcon.colcon_core.environment:checking '/home/seav/Downloads/ros2_ws/install/my_nav2_pkg/bin'
[0.996s] Level 1:colcon.colcon_core.environment:checking '/home/seav/Downloads/ros2_ws/install/my_nav2_pkg/lib/pkgconfig/my_nav2_pkg.pc'
[0.997s] Level 1:colcon.colcon_core.environment:checking '/home/seav/Downloads/ros2_ws/install/my_nav2_pkg/lib/python3.10/site-packages'
[0.997s] Level 1:colcon.colcon_core.environment:checking '/home/seav/Downloads/ros2_ws/install/my_nav2_pkg/bin'
[0.997s] INFO:colcon.colcon_core.shell:Creating package script '/home/seav/Downloads/ros2_ws/install/my_nav2_pkg/share/my_nav2_pkg/package.ps1'
[0.998s] INFO:colcon.colcon_core.shell:Creating package descriptor '/home/seav/Downloads/ros2_ws/install/my_nav2_pkg/share/my_nav2_pkg/package.dsv'
[0.999s] INFO:colcon.colcon_core.shell:Creating package script '/home/seav/Downloads/ros2_ws/install/my_nav2_pkg/share/my_nav2_pkg/package.sh'
[0.999s] INFO:colcon.colcon_core.shell:Creating package script '/home/seav/Downloads/ros2_ws/install/my_nav2_pkg/share/my_nav2_pkg/package.bash'
[0.999s] INFO:colcon.colcon_core.shell:Creating package script '/home/seav/Downloads/ros2_ws/install/my_nav2_pkg/share/my_nav2_pkg/package.zsh'
[1.000s] Level 1:colcon.colcon_core.environment:create_file_with_runtime_dependencies(/home/seav/Downloads/ros2_ws/install/my_nav2_pkg/share/colcon-core/packages/my_nav2_pkg)
[1.208s] DEBUG:colcon.colcon_core.event_handler.log_command:Invoking command in '/home/seav/Downloads/ros2_ws/src/seav_test_sensors': PYTHONPATH=/home/seav/Downloads/ros2_ws/build/seav_test_sensors/prefix_override:/usr/lib/python3/dist-packages/colcon_core/task/python/colcon_distutils_commands:/home/seav/Downloads/ros2_ws/install/seav_test_sensors/lib/python3.10/site-packages:${PYTHONPATH} /usr/bin/python3 -W ignore:setup.py install is deprecated -W ignore:easy_install command is deprecated setup.py egg_info --egg-base ../../build/seav_test_sensors build --build-base /home/seav/Downloads/ros2_ws/build/seav_test_sensors/build install --record /home/seav/Downloads/ros2_ws/build/seav_test_sensors/install.log --single-version-externally-managed install_data
[1.233s] DEBUG:colcon.colcon_core.event_handler.log_command:Invoking command in '/home/seav/Downloads/ros2_ws/src/my_robot_controller': PYTHONPATH=/home/seav/Downloads/ros2_ws/build/my_robot_controller/prefix_override:/usr/lib/python3/dist-packages/colcon_core/task/python/colcon_distutils_commands:/home/seav/Downloads/ros2_ws/install/my_robot_controller/lib/python3.10/site-packages:${PYTHONPATH} /usr/bin/python3 -W ignore:setup.py install is deprecated -W ignore:easy_install command is deprecated setup.py egg_info --egg-base ../../build/my_robot_controller build --build-base /home/seav/Downloads/ros2_ws/build/my_robot_controller/build install --record /home/seav/Downloads/ros2_ws/build/my_robot_controller/install.log --single-version-externally-managed install_data
[1.236s] DEBUG:colcon.colcon_core.event_handler.log_command:Invoking command in '/home/seav/Downloads/ros2_ws/src/static_tf_publisher': PYTHONPATH=/home/seav/Downloads/ros2_ws/build/static_tf_publisher/prefix_override:/usr/lib/python3/dist-packages/colcon_core/task/python/colcon_distutils_commands:/home/seav/Downloads/ros2_ws/install/static_tf_publisher/lib/python3.10/site-packages:${PYTHONPATH} /usr/bin/python3 -W ignore:setup.py install is deprecated -W ignore:easy_install command is deprecated setup.py egg_info --egg-base ../../build/static_tf_publisher build --build-base /home/seav/Downloads/ros2_ws/build/static_tf_publisher/build install --record /home/seav/Downloads/ros2_ws/build/static_tf_publisher/install.log --single-version-externally-managed install_data
[1.398s] DEBUG:colcon.colcon_core.event_handler.log_command:Invoked command in '/home/seav/Downloads/ros2_ws/build/rplidar_ros' returned '0': CMAKE_PREFIX_PATH=/opt/ros/humble /usr/bin/cmake /home/seav/Downloads/ros2_ws/src/rplidar_ros -DCMAKE_INSTALL_PREFIX=/home/seav/Downloads/ros2_ws/install/rplidar_ros
[1.399s] DEBUG:colcon.colcon_core.event_handler.log_command:Invoking command in '/home/seav/Downloads/ros2_ws/build/rplidar_ros': CMAKE_PREFIX_PATH=/opt/ros/humble /usr/bin/cmake --build /home/seav/Downloads/ros2_ws/build/rplidar_ros -- -j8 -l8
[1.463s] Level 1:colcon.colcon_core.environment:checking '/home/seav/Downloads/ros2_ws/install/seav_test_sensors' for CMake module files
[1.465s] Level 1:colcon.colcon_core.environment:checking '/home/seav/Downloads/ros2_ws/install/seav_test_sensors' for CMake config files
[1.466s] Level 1:colcon.colcon_core.environment:checking '/home/seav/Downloads/ros2_ws/install/seav_test_sensors/lib'
[1.466s] Level 1:colcon.colcon_core.environment:checking '/home/seav/Downloads/ros2_ws/install/seav_test_sensors/bin'
[1.466s] Level 1:colcon.colcon_core.environment:checking '/home/seav/Downloads/ros2_ws/install/seav_test_sensors/lib/pkgconfig/seav_test_sensors.pc'
[1.468s] Level 1:colcon.colcon_core.environment:checking '/home/seav/Downloads/ros2_ws/install/seav_test_sensors/lib/python3.10/site-packages'
[1.469s] DEBUG:colcon.colcon_core.event_handler.log_command:Invoked command in '/home/seav/Downloads/ros2_ws/src/seav_test_sensors' returned '0': PYTHONPATH=/home/seav/Downloads/ros2_ws/build/seav_test_sensors/prefix_override:/usr/lib/python3/dist-packages/colcon_core/task/python/colcon_distutils_commands:/home/seav/Downloads/ros2_ws/install/seav_test_sensors/lib/python3.10/site-packages:${PYTHONPATH} /usr/bin/python3 -W ignore:setup.py install is deprecated -W ignore:easy_install command is deprecated setup.py egg_info --egg-base ../../build/seav_test_sensors build --build-base /home/seav/Downloads/ros2_ws/build/seav_test_sensors/build install --record /home/seav/Downloads/ros2_ws/build/seav_test_sensors/install.log --single-version-externally-managed install_data
[1.469s] Level 1:colcon.colcon_core.shell:create_environment_hook('seav_test_sensors', 'pythonpath')
[1.469s] INFO:colcon.colcon_core.shell:Creating environment hook '/home/seav/Downloads/ros2_ws/install/seav_test_sensors/share/seav_test_sensors/hook/pythonpath.ps1'
[1.470s] INFO:colcon.colcon_core.shell:Creating environment descriptor '/home/seav/Downloads/ros2_ws/install/seav_test_sensors/share/seav_test_sensors/hook/pythonpath.dsv'
[1.471s] INFO:colcon.colcon_core.shell:Creating environment hook '/home/seav/Downloads/ros2_ws/install/seav_test_sensors/share/seav_test_sensors/hook/pythonpath.sh'
[1.475s] Level 1:colcon.colcon_core.environment:checking '/home/seav/Downloads/ros2_ws/install/seav_test_sensors/bin'
[1.475s] Level 1:colcon.colcon_core.environment:create_environment_scripts_only(seav_test_sensors)
[1.475s] INFO:colcon.colcon_core.shell:Creating package script '/home/seav/Downloads/ros2_ws/install/seav_test_sensors/share/seav_test_sensors/package.ps1'
[1.476s] INFO:colcon.colcon_core.shell:Creating package descriptor '/home/seav/Downloads/ros2_ws/install/seav_test_sensors/share/seav_test_sensors/package.dsv'
[1.477s] INFO:colcon.colcon_core.shell:Creating package script '/home/seav/Downloads/ros2_ws/install/seav_test_sensors/share/seav_test_sensors/package.sh'
[1.477s] INFO:colcon.colcon_core.shell:Creating package script '/home/seav/Downloads/ros2_ws/install/seav_test_sensors/share/seav_test_sensors/package.bash'
[1.478s] INFO:colcon.colcon_core.shell:Creating package script '/home/seav/Downloads/ros2_ws/install/seav_test_sensors/share/seav_test_sensors/package.zsh'
[1.478s] Level 1:colcon.colcon_core.environment:create_file_with_runtime_dependencies(/home/seav/Downloads/ros2_ws/install/seav_test_sensors/share/colcon-core/packages/seav_test_sensors)
[1.500s] Level 1:colcon.colcon_core.environment:checking '/home/seav/Downloads/ros2_ws/install/my_robot_controller' for CMake module files
[1.500s] DEBUG:colcon.colcon_core.event_handler.log_command:Invoked command in '/home/seav/Downloads/ros2_ws/src/my_robot_controller' returned '0': PYTHONPATH=/home/seav/Downloads/ros2_ws/build/my_robot_controller/prefix_override:/usr/lib/python3/dist-packages/colcon_core/task/python/colcon_distutils_commands:/home/seav/Downloads/ros2_ws/install/my_robot_controller/lib/python3.10/site-packages:${PYTHONPATH} /usr/bin/python3 -W ignore:setup.py install is deprecated -W ignore:easy_install command is deprecated setup.py egg_info --egg-base ../../build/my_robot_controller build --build-base /home/seav/Downloads/ros2_ws/build/my_robot_controller/build install --record /home/seav/Downloads/ros2_ws/build/my_robot_controller/install.log --single-version-externally-managed install_data
[1.504s] Level 1:colcon.colcon_core.environment:checking '/home/seav/Downloads/ros2_ws/install/my_robot_controller' for CMake config files
[1.504s] Level 1:colcon.colcon_core.environment:checking '/home/seav/Downloads/ros2_ws/install/my_robot_controller/lib'
[1.504s] Level 1:colcon.colcon_core.environment:checking '/home/seav/Downloads/ros2_ws/install/my_robot_controller/bin'
[1.504s] Level 1:colcon.colcon_core.environment:checking '/home/seav/Downloads/ros2_ws/install/my_robot_controller/lib/pkgconfig/my_robot_controller.pc'
[1.505s] Level 1:colcon.colcon_core.environment:checking '/home/seav/Downloads/ros2_ws/install/my_robot_controller/lib/python3.10/site-packages'
[1.505s] Level 1:colcon.colcon_core.shell:create_environment_hook('my_robot_controller', 'pythonpath')
[1.505s] INFO:colcon.colcon_core.shell:Creating environment hook '/home/seav/Downloads/ros2_ws/install/my_robot_controller/share/my_robot_controller/hook/pythonpath.ps1'
[1.505s] INFO:colcon.colcon_core.shell:Creating environment descriptor '/home/seav/Downloads/ros2_ws/install/my_robot_controller/share/my_robot_controller/hook/pythonpath.dsv'
[1.506s] INFO:colcon.colcon_core.shell:Creating environment hook '/home/seav/Downloads/ros2_ws/install/my_robot_controller/share/my_robot_controller/hook/pythonpath.sh'
[1.506s] Level 1:colcon.colcon_core.environment:checking '/home/seav/Downloads/ros2_ws/install/my_robot_controller/bin'
[1.507s] Level 1:colcon.colcon_core.environment:create_environment_scripts_only(my_robot_controller)
[1.507s] INFO:colcon.colcon_core.shell:Creating package script '/home/seav/Downloads/ros2_ws/install/my_robot_controller/share/my_robot_controller/package.ps1'
[1.511s] INFO:colcon.colcon_core.shell:Creating package descriptor '/home/seav/Downloads/ros2_ws/install/my_robot_controller/share/my_robot_controller/package.dsv'
[1.511s] INFO:colcon.colcon_core.shell:Creating package script '/home/seav/Downloads/ros2_ws/install/my_robot_controller/share/my_robot_controller/package.sh'
[1.512s] INFO:colcon.colcon_core.shell:Creating package script '/home/seav/Downloads/ros2_ws/install/my_robot_controller/share/my_robot_controller/package.bash'
[1.512s] INFO:colcon.colcon_core.shell:Creating package script '/home/seav/Downloads/ros2_ws/install/my_robot_controller/share/my_robot_controller/package.zsh'
[1.512s] Level 1:colcon.colcon_core.environment:create_file_with_runtime_dependencies(/home/seav/Downloads/ros2_ws/install/my_robot_controller/share/colcon-core/packages/my_robot_controller)
[1.541s] Level 1:colcon.colcon_core.environment:checking '/home/seav/Downloads/ros2_ws/install/static_tf_publisher' for CMake module files
[1.541s] Level 1:colcon.colcon_core.environment:checking '/home/seav/Downloads/ros2_ws/install/static_tf_publisher' for CMake config files
[1.542s] Level 1:colcon.colcon_core.environment:checking '/home/seav/Downloads/ros2_ws/install/static_tf_publisher/lib'
[1.542s] Level 1:colcon.colcon_core.environment:checking '/home/seav/Downloads/ros2_ws/install/static_tf_publisher/bin'
[1.542s] Level 1:colcon.colcon_core.environment:checking '/home/seav/Downloads/ros2_ws/install/static_tf_publisher/lib/pkgconfig/static_tf_publisher.pc'
[1.542s] Level 1:colcon.colcon_core.environment:checking '/home/seav/Downloads/ros2_ws/install/static_tf_publisher/lib/python3.10/site-packages'
[1.543s] Level 1:colcon.colcon_core.shell:create_environment_hook('static_tf_publisher', 'pythonpath')
[1.543s] INFO:colcon.colcon_core.shell:Creating environment hook '/home/seav/Downloads/ros2_ws/install/static_tf_publisher/share/static_tf_publisher/hook/pythonpath.ps1'
[1.543s] INFO:colcon.colcon_core.shell:Creating environment descriptor '/home/seav/Downloads/ros2_ws/install/static_tf_publisher/share/static_tf_publisher/hook/pythonpath.dsv'
[1.544s] INFO:colcon.colcon_core.shell:Creating environment hook '/home/seav/Downloads/ros2_ws/install/static_tf_publisher/share/static_tf_publisher/hook/pythonpath.sh'
[1.545s] DEBUG:colcon.colcon_core.event_handler.log_command:Invoked command in '/home/seav/Downloads/ros2_ws/src/static_tf_publisher' returned '0': PYTHONPATH=/home/seav/Downloads/ros2_ws/build/static_tf_publisher/prefix_override:/usr/lib/python3/dist-packages/colcon_core/task/python/colcon_distutils_commands:/home/seav/Downloads/ros2_ws/install/static_tf_publisher/lib/python3.10/site-packages:${PYTHONPATH} /usr/bin/python3 -W ignore:setup.py install is deprecated -W ignore:easy_install command is deprecated setup.py egg_info --egg-base ../../build/static_tf_publisher build --build-base /home/seav/Downloads/ros2_ws/build/static_tf_publisher/build install --record /home/seav/Downloads/ros2_ws/build/static_tf_publisher/install.log --single-version-externally-managed install_data
[1.546s] Level 1:colcon.colcon_core.environment:checking '/home/seav/Downloads/ros2_ws/install/static_tf_publisher/bin'
[1.547s] Level 1:colcon.colcon_core.environment:create_environment_scripts_only(static_tf_publisher)
[1.547s] INFO:colcon.colcon_core.shell:Creating package script '/home/seav/Downloads/ros2_ws/install/static_tf_publisher/share/static_tf_publisher/package.ps1'
[1.548s] INFO:colcon.colcon_core.shell:Creating package descriptor '/home/seav/Downloads/ros2_ws/install/static_tf_publisher/share/static_tf_publisher/package.dsv'
[1.548s] INFO:colcon.colcon_core.shell:Creating package script '/home/seav/Downloads/ros2_ws/install/static_tf_publisher/share/static_tf_publisher/package.sh'
[1.549s] INFO:colcon.colcon_core.shell:Creating package script '/home/seav/Downloads/ros2_ws/install/static_tf_publisher/share/static_tf_publisher/package.bash'
[1.553s] INFO:colcon.colcon_core.shell:Creating package script '/home/seav/Downloads/ros2_ws/install/static_tf_publisher/share/static_tf_publisher/package.zsh'
[1.554s] Level 1:colcon.colcon_core.environment:create_file_with_runtime_dependencies(/home/seav/Downloads/ros2_ws/install/static_tf_publisher/share/colcon-core/packages/static_tf_publisher)
[9.721s] DEBUG:colcon.colcon_core.event_handler.log_command:Invoked command in '/home/seav/Downloads/ros2_ws/build/rplidar_ros' returned '0': CMAKE_PREFIX_PATH=/opt/ros/humble /usr/bin/cmake --build /home/seav/Downloads/ros2_ws/build/rplidar_ros -- -j8 -l8
[9.722s] DEBUG:colcon.colcon_core.event_handler.log_command:Invoking command in '/home/seav/Downloads/ros2_ws/build/rplidar_ros': CMAKE_PREFIX_PATH=/opt/ros/humble /usr/bin/cmake --install /home/seav/Downloads/ros2_ws/build/rplidar_ros
[9.737s] Level 1:colcon.colcon_core.environment:create_environment_scripts_only(rplidar_ros)
[9.738s] Level 1:colcon.colcon_core.environment:checking '/home/seav/Downloads/ros2_ws/install/rplidar_ros' for CMake module files
[9.738s] DEBUG:colcon.colcon_core.event_handler.log_command:Invoked command in '/home/seav/Downloads/ros2_ws/build/rplidar_ros' returned '0': CMAKE_PREFIX_PATH=/opt/ros/humble /usr/bin/cmake --install /home/seav/Downloads/ros2_ws/build/rplidar_ros
[9.738s] Level 1:colcon.colcon_core.environment:checking '/home/seav/Downloads/ros2_ws/install/rplidar_ros' for CMake config files
[9.739s] Level 1:colcon.colcon_core.shell:create_environment_hook('rplidar_ros', 'cmake_prefix_path')
[9.739s] INFO:colcon.colcon_core.shell:Creating environment hook '/home/seav/Downloads/ros2_ws/install/rplidar_ros/share/rplidar_ros/hook/cmake_prefix_path.ps1'
[9.739s] INFO:colcon.colcon_core.shell:Creating environment descriptor '/home/seav/Downloads/ros2_ws/install/rplidar_ros/share/rplidar_ros/hook/cmake_prefix_path.dsv'
[9.739s] INFO:colcon.colcon_core.shell:Creating environment hook '/home/seav/Downloads/ros2_ws/install/rplidar_ros/share/rplidar_ros/hook/cmake_prefix_path.sh'
[9.740s] Level 1:colcon.colcon_core.environment:checking '/home/seav/Downloads/ros2_ws/install/rplidar_ros/lib'
[9.740s] Level 1:colcon.colcon_core.environment:checking '/home/seav/Downloads/ros2_ws/install/rplidar_ros/bin'
[9.740s] Level 1:colcon.colcon_core.environment:checking '/home/seav/Downloads/ros2_ws/install/rplidar_ros/lib/pkgconfig/rplidar_ros.pc'
[9.740s] Level 1:colcon.colcon_core.environment:checking '/home/seav/Downloads/ros2_ws/install/rplidar_ros/lib/python3.10/site-packages'
[9.740s] Level 1:colcon.colcon_core.environment:checking '/home/seav/Downloads/ros2_ws/install/rplidar_ros/bin'
[9.740s] INFO:colcon.colcon_core.shell:Creating package script '/home/seav/Downloads/ros2_ws/install/rplidar_ros/share/rplidar_ros/package.ps1'
[9.741s] INFO:colcon.colcon_core.shell:Creating package descriptor '/home/seav/Downloads/ros2_ws/install/rplidar_ros/share/rplidar_ros/package.dsv'
[9.741s] INFO:colcon.colcon_core.shell:Creating package script '/home/seav/Downloads/ros2_ws/install/rplidar_ros/share/rplidar_ros/package.sh'
[9.741s] INFO:colcon.colcon_core.shell:Creating package script '/home/seav/Downloads/ros2_ws/install/rplidar_ros/share/rplidar_ros/package.bash'
[9.741s] INFO:colcon.colcon_core.shell:Creating package script '/home/seav/Downloads/ros2_ws/install/rplidar_ros/share/rplidar_ros/package.zsh'
[9.742s] Level 1:colcon.colcon_core.environment:create_file_with_runtime_dependencies(/home/seav/Downloads/ros2_ws/install/rplidar_ros/share/colcon-core/packages/rplidar_ros)
[9.742s] Level 1:colcon.colcon_core.environment:create_environment_scripts_only(rplidar_ros)
[9.742s] Level 1:colcon.colcon_core.environment:checking '/home/seav/Downloads/ros2_ws/install/rplidar_ros' for CMake module files
[9.742s] Level 1:colcon.colcon_core.environment:checking '/home/seav/Downloads/ros2_ws/install/rplidar_ros' for CMake config files
[9.743s] Level 1:colcon.colcon_core.shell:create_environment_hook('rplidar_ros', 'cmake_prefix_path')
[9.743s] INFO:colcon.colcon_core.shell:Creating environment hook '/home/seav/Downloads/ros2_ws/install/rplidar_ros/share/rplidar_ros/hook/cmake_prefix_path.ps1'
[9.743s] INFO:colcon.colcon_core.shell:Creating environment descriptor '/home/seav/Downloads/ros2_ws/install/rplidar_ros/share/rplidar_ros/hook/cmake_prefix_path.dsv'
[9.743s] INFO:colcon.colcon_core.shell:Creating environment hook '/home/seav/Downloads/ros2_ws/install/rplidar_ros/share/rplidar_ros/hook/cmake_prefix_path.sh'
[9.744s] Level 1:colcon.colcon_core.environment:checking '/home/seav/Downloads/ros2_ws/install/rplidar_ros/lib'
[9.744s] Level 1:colcon.colcon_core.environment:checking '/home/seav/Downloads/ros2_ws/install/rplidar_ros/bin'
[9.744s] Level 1:colcon.colcon_core.environment:checking '/home/seav/Downloads/ros2_ws/install/rplidar_ros/lib/pkgconfig/rplidar_ros.pc'
[9.744s] Level 1:colcon.colcon_core.environment:checking '/home/seav/Downloads/ros2_ws/install/rplidar_ros/lib/python3.10/site-packages'
[9.744s] Level 1:colcon.colcon_core.environment:checking '/home/seav/Downloads/ros2_ws/install/rplidar_ros/bin'
[9.744s] INFO:colcon.colcon_core.shell:Creating package script '/home/seav/Downloads/ros2_ws/install/rplidar_ros/share/rplidar_ros/package.ps1'
[9.744s] INFO:colcon.colcon_core.shell:Creating package descriptor '/home/seav/Downloads/ros2_ws/install/rplidar_ros/share/rplidar_ros/package.dsv'
[9.745s] INFO:colcon.colcon_core.shell:Creating package script '/home/seav/Downloads/ros2_ws/install/rplidar_ros/share/rplidar_ros/package.sh'
[9.745s] INFO:colcon.colcon_core.shell:Creating package script '/home/seav/Downloads/ros2_ws/install/rplidar_ros/share/rplidar_ros/package.bash'
[9.745s] INFO:colcon.colcon_core.shell:Creating package script '/home/seav/Downloads/ros2_ws/install/rplidar_ros/share/rplidar_ros/package.zsh'
[9.746s] Level 1:colcon.colcon_core.environment:create_file_with_runtime_dependencies(/home/seav/Downloads/ros2_ws/install/rplidar_ros/share/colcon-core/packages/rplidar_ros)
[9.746s] DEBUG:colcon.colcon_parallel_executor.executor.parallel:closing loop
[9.746s] DEBUG:colcon.colcon_parallel_executor.executor.parallel:loop closed
[9.746s] DEBUG:colcon.colcon_parallel_executor.executor.parallel:run_until_complete finished with '0'
[9.747s] DEBUG:colcon.colcon_core.event_reactor:joining thread
[9.763s] INFO:colcon.colcon_core.plugin_system:Skipping extension 'colcon_notification.desktop_notification.terminal_notifier': Not used on non-Darwin systems
[9.763s] INFO:colcon.colcon_core.plugin_system:Skipping extension 'colcon_notification.desktop_notification.win32': Not used on non-Windows systems
[9.763s] INFO:colcon.colcon_notification.desktop_notification:Sending desktop notification using 'notify2'
[9.771s] DEBUG:colcon.colcon_core.event_reactor:joined thread
[9.771s] INFO:colcon.colcon_core.shell:Creating prefix script '/home/seav/Downloads/ros2_ws/install/local_setup.ps1'
[9.772s] INFO:colcon.colcon_core.shell:Creating prefix util module '/home/seav/Downloads/ros2_ws/install/_local_setup_util_ps1.py'
[9.773s] INFO:colcon.colcon_core.shell:Creating prefix chain script '/home/seav/Downloads/ros2_ws/install/setup.ps1'
[9.774s] INFO:colcon.colcon_core.shell:Creating prefix script '/home/seav/Downloads/ros2_ws/install/local_setup.sh'
[9.774s] INFO:colcon.colcon_core.shell:Creating prefix util module '/home/seav/Downloads/ros2_ws/install/_local_setup_util_sh.py'
[9.774s] INFO:colcon.colcon_core.shell:Creating prefix chain script '/home/seav/Downloads/ros2_ws/install/setup.sh'
[9.775s] INFO:colcon.colcon_core.shell:Creating prefix script '/home/seav/Downloads/ros2_ws/install/local_setup.bash'
[9.775s] INFO:colcon.colcon_core.shell:Creating prefix chain script '/home/seav/Downloads/ros2_ws/install/setup.bash'
[9.776s] INFO:colcon.colcon_core.shell:Creating prefix script '/home/seav/Downloads/ros2_ws/install/local_setup.zsh'
[9.776s] INFO:colcon.colcon_core.shell:Creating prefix chain script '/home/seav/Downloads/ros2_ws/install/setup.zsh'
