[0.478s] Invoking command in '/home/user/testing/example11_ws1/build/my_robot_hardware_interface': CMAKE_PREFIX_PATH=${CMAKE_PREFIX_PATH}:/home/user/workspace_world/ws_1/install/ros2_control_demo_testing:/home/user/ros2_ws/install/workspace_mapping:/home/user/ros2_ws/install/my_robot_controller:/home/user/ros2_ws/install/fake_imu_package:/home/user/turtlebot3_ws/install/turtlebot3_teleop:/home/user/turtlebot3_ws/install/turtlebot3_example:/opt/ros/humble /usr/bin/cmake --build /home/user/testing/example11_ws1/build/my_robot_hardware_interface -- -j8 -l8
[0.550s] Invoked command in '/home/user/testing/example11_ws1/build/my_robot_hardware_interface' returned '0': CMAKE_PREFIX_PATH=${CMAKE_PREFIX_PATH}:/home/user/workspace_world/ws_1/install/ros2_control_demo_testing:/home/user/ros2_ws/install/workspace_mapping:/home/user/ros2_ws/install/my_robot_controller:/home/user/ros2_ws/install/fake_imu_package:/home/user/turtlebot3_ws/install/turtlebot3_teleop:/home/user/turtlebot3_ws/install/turtlebot3_example:/opt/ros/humble /usr/bin/cmake --build /home/user/testing/example11_ws1/build/my_robot_hardware_interface -- -j8 -l8
[0.618s] Invoking command in '/home/user/testing/example11_ws1/build/my_robot_hardware_interface': CMAKE_PREFIX_PATH=${CMAKE_PREFIX_PATH}:/home/user/workspace_world/ws_1/install/ros2_control_demo_testing:/home/user/ros2_ws/install/workspace_mapping:/home/user/ros2_ws/install/my_robot_controller:/home/user/ros2_ws/install/fake_imu_package:/home/user/turtlebot3_ws/install/turtlebot3_teleop:/home/user/turtlebot3_ws/install/turtlebot3_example:/opt/ros/humble /usr/bin/cmake --install /home/user/testing/example11_ws1/build/my_robot_hardware_interface
[0.630s] -- Install configuration: ""
[0.632s] -- Up-to-date: /home/user/testing/example11_ws1/install/my_robot_hardware_interface/share/my_robot_hardware_interface/launch
[0.633s] -- Up-to-date: /home/user/testing/example11_ws1/install/my_robot_hardware_interface/share/my_robot_hardware_interface/launch/my_robot_control.launch.py
[0.634s] -- Up-to-date: /home/user/testing/example11_ws1/install/my_robot_hardware_interface/share/ament_index/resource_index/package_run_dependencies/my_robot_hardware_interface
[0.635s] -- Up-to-date: /home/user/testing/example11_ws1/install/my_robot_hardware_interface/share/ament_index/resource_index/parent_prefix_path/my_robot_hardware_interface
[0.635s] -- Up-to-date: /home/user/testing/example11_ws1/install/my_robot_hardware_interface/share/my_robot_hardware_interface/environment/ament_prefix_path.sh
[0.636s] -- Up-to-date: /home/user/testing/example11_ws1/install/my_robot_hardware_interface/share/my_robot_hardware_interface/environment/ament_prefix_path.dsv
[0.636s] -- Up-to-date: /home/user/testing/example11_ws1/install/my_robot_hardware_interface/share/my_robot_hardware_interface/environment/path.sh
[0.636s] -- Up-to-date: /home/user/testing/example11_ws1/install/my_robot_hardware_interface/share/my_robot_hardware_interface/environment/path.dsv
[0.637s] -- Up-to-date: /home/user/testing/example11_ws1/install/my_robot_hardware_interface/share/my_robot_hardware_interface/local_setup.bash
[0.637s] -- Up-to-date: /home/user/testing/example11_ws1/install/my_robot_hardware_interface/share/my_robot_hardware_interface/local_setup.sh
[0.637s] -- Up-to-date: /home/user/testing/example11_ws1/install/my_robot_hardware_interface/share/my_robot_hardware_interface/local_setup.zsh
[0.637s] -- Up-to-date: /home/user/testing/example11_ws1/install/my_robot_hardware_interface/share/my_robot_hardware_interface/local_setup.dsv
[0.638s] -- Installing: /home/user/testing/example11_ws1/install/my_robot_hardware_interface/share/my_robot_hardware_interface/package.dsv
[0.638s] -- Up-to-date: /home/user/testing/example11_ws1/install/my_robot_hardware_interface/share/ament_index/resource_index/packages/my_robot_hardware_interface
[0.638s] -- Up-to-date: /home/user/testing/example11_ws1/install/my_robot_hardware_interface/share/my_robot_hardware_interface/cmake/my_robot_hardware_interfaceConfig.cmake
[0.638s] -- Up-to-date: /home/user/testing/example11_ws1/install/my_robot_hardware_interface/share/my_robot_hardware_interface/cmake/my_robot_hardware_interfaceConfig-version.cmake
[0.639s] -- Up-to-date: /home/user/testing/example11_ws1/install/my_robot_hardware_interface/share/my_robot_hardware_interface/package.xml
[0.641s] Invoked command in '/home/user/testing/example11_ws1/build/my_robot_hardware_interface' returned '0': CMAKE_PREFIX_PATH=${CMAKE_PREFIX_PATH}:/home/user/workspace_world/ws_1/install/ros2_control_demo_testing:/home/user/ros2_ws/install/workspace_mapping:/home/user/ros2_ws/install/my_robot_controller:/home/user/ros2_ws/install/fake_imu_package:/home/user/turtlebot3_ws/install/turtlebot3_teleop:/home/user/turtlebot3_ws/install/turtlebot3_example:/opt/ros/humble /usr/bin/cmake --install /home/user/testing/example11_ws1/build/my_robot_hardware_interface
