[0.467s] DEBUG:colcon:Command line arguments: ['/usr/bin/colcon', 'build', '--packages-select', 'ros2_control_demo_example_11']
[0.467s] DEBUG:colcon:Parsed command line arguments: Namespace(log_base=None, log_level=None, verb_name='build', build_base='build', install_base='install', merge_install=False, symlink_install=False, test_result_base=None, continue_on_error=False, executor='parallel', parallel_workers=8, event_handlers=None, ignore_user_meta=False, metas=['./colcon.meta'], base_paths=['.'], packages_ignore=None, packages_ignore_regex=None, paths=None, packages_up_to=None, packages_up_to_regex=None, packages_above=None, packages_above_and_dependencies=None, packages_above_depth=None, packages_select_by_dep=None, packages_skip_by_dep=None, packages_skip_up_to=None, packages_select_build_failed=False, packages_skip_build_finished=False, packages_select_test_failures=False, packages_skip_test_passed=False, packages_select=['ros2_control_demo_example_11'], packages_skip=None, packages_select_regex=None, packages_skip_regex=None, packages_start=None, packages_end=None, allow_overriding=[], cmake_args=None, cmake_target=None, cmake_target_skip_unavailable=False, cmake_clean_cache=False, cmake_clean_first=False, cmake_force_configure=False, ament_cmake_args=None, catkin_cmake_args=None, catkin_skip_building_tests=False, verb_parser=<colcon_defaults.argument_parser.defaults.DefaultArgumentsDecorator object at 0x7ff85b4fa770>, verb_extension=<colcon_core.verb.build.BuildVerb object at 0x7ff85b4fa260>, main=<bound method BuildVerb.main of <colcon_core.verb.build.BuildVerb object at 0x7ff85b4fa260>>)
[0.850s] Level 1:colcon.colcon_core.package_discovery:discover_packages(colcon_meta) check parameters
[0.850s] Level 1:colcon.colcon_core.package_discovery:discover_packages(recursive) check parameters
[0.850s] Level 1:colcon.colcon_core.package_discovery:discover_packages(ignore) check parameters
[0.850s] Level 1:colcon.colcon_core.package_discovery:discover_packages(path) check parameters
[0.850s] Level 1:colcon.colcon_core.package_discovery:discover_packages(colcon_meta) discover
[0.850s] Level 1:colcon.colcon_core.package_discovery:discover_packages(recursive) discover
[0.850s] INFO:colcon.colcon_core.package_discovery:Crawling recursively for packages in '/home/user/testing/example11_ws1'
[0.851s] Level 1:colcon.colcon_core.package_identification:_identify(.) by extensions ['ignore', 'ignore_ament_install']
[0.851s] Level 1:colcon.colcon_core.package_identification:_identify(.) by extension 'ignore'
[0.851s] Level 1:colcon.colcon_core.package_identification:_identify(.) by extension 'ignore_ament_install'
[0.851s] Level 1:colcon.colcon_core.package_identification:_identify(.) by extensions ['colcon_pkg']
[0.851s] Level 1:colcon.colcon_core.package_identification:_identify(.) by extension 'colcon_pkg'
[0.851s] Level 1:colcon.colcon_core.package_identification:_identify(.) by extensions ['colcon_meta']
[0.851s] Level 1:colcon.colcon_core.package_identification:_identify(.) by extension 'colcon_meta'
[0.851s] Level 1:colcon.colcon_core.package_identification:_identify(.) by extensions ['ros']
[0.851s] Level 1:colcon.colcon_core.package_identification:_identify(.) by extension 'ros'
[0.871s] Level 1:colcon.colcon_core.package_identification:_identify(.) by extensions ['cmake', 'python']
[0.871s] Level 1:colcon.colcon_core.package_identification:_identify(.) by extension 'cmake'
[0.871s] Level 1:colcon.colcon_core.package_identification:_identify(.) by extension 'python'
[0.871s] Level 1:colcon.colcon_core.package_identification:_identify(.) by extensions ['python_setup_py']
[0.871s] Level 1:colcon.colcon_core.package_identification:_identify(.) by extension 'python_setup_py'
[0.871s] Level 1:colcon.colcon_core.package_identification:_identify(build) by extensions ['ignore', 'ignore_ament_install']
[0.872s] Level 1:colcon.colcon_core.package_identification:_identify(build) by extension 'ignore'
[0.872s] Level 1:colcon.colcon_core.package_identification:_identify(build) ignored
[0.872s] Level 1:colcon.colcon_core.package_identification:_identify(install) by extensions ['ignore', 'ignore_ament_install']
[0.872s] Level 1:colcon.colcon_core.package_identification:_identify(install) by extension 'ignore'
[0.872s] Level 1:colcon.colcon_core.package_identification:_identify(install) ignored
[0.872s] Level 1:colcon.colcon_core.package_identification:_identify(log) by extensions ['ignore', 'ignore_ament_install']
[0.873s] Level 1:colcon.colcon_core.package_identification:_identify(log) by extension 'ignore'
[0.873s] Level 1:colcon.colcon_core.package_identification:_identify(log) ignored
[0.873s] Level 1:colcon.colcon_core.package_identification:_identify(src) by extensions ['ignore', 'ignore_ament_install']
[0.873s] Level 1:colcon.colcon_core.package_identification:_identify(src) by extension 'ignore'
[0.873s] Level 1:colcon.colcon_core.package_identification:_identify(src) by extension 'ignore_ament_install'
[0.873s] Level 1:colcon.colcon_core.package_identification:_identify(src) by extensions ['colcon_pkg']
[0.873s] Level 1:colcon.colcon_core.package_identification:_identify(src) by extension 'colcon_pkg'
[0.874s] Level 1:colcon.colcon_core.package_identification:_identify(src) by extensions ['colcon_meta']
[0.874s] Level 1:colcon.colcon_core.package_identification:_identify(src) by extension 'colcon_meta'
[0.874s] Level 1:colcon.colcon_core.package_identification:_identify(src) by extensions ['ros']
[0.874s] Level 1:colcon.colcon_core.package_identification:_identify(src) by extension 'ros'
[0.874s] Level 1:colcon.colcon_core.package_identification:_identify(src) by extensions ['cmake', 'python']
[0.874s] Level 1:colcon.colcon_core.package_identification:_identify(src) by extension 'cmake'
[0.874s] Level 1:colcon.colcon_core.package_identification:_identify(src) by extension 'python'
[0.874s] Level 1:colcon.colcon_core.package_identification:_identify(src) by extensions ['python_setup_py']
[0.874s] Level 1:colcon.colcon_core.package_identification:_identify(src) by extension 'python_setup_py'
[0.874s] Level 1:colcon.colcon_core.package_identification:_identify(src/example_11) by extensions ['ignore', 'ignore_ament_install']
[0.875s] Level 1:colcon.colcon_core.package_identification:_identify(src/example_11) by extension 'ignore'
[0.875s] Level 1:colcon.colcon_core.package_identification:_identify(src/example_11) by extension 'ignore_ament_install'
[0.875s] Level 1:colcon.colcon_core.package_identification:_identify(src/example_11) by extensions ['colcon_pkg']
[0.875s] Level 1:colcon.colcon_core.package_identification:_identify(src/example_11) by extension 'colcon_pkg'
[0.875s] Level 1:colcon.colcon_core.package_identification:_identify(src/example_11) by extensions ['colcon_meta']
[0.875s] Level 1:colcon.colcon_core.package_identification:_identify(src/example_11) by extension 'colcon_meta'
[0.875s] Level 1:colcon.colcon_core.package_identification:_identify(src/example_11) by extensions ['ros']
[0.875s] Level 1:colcon.colcon_core.package_identification:_identify(src/example_11) by extension 'ros'
[0.885s] DEBUG:colcon.colcon_core.package_identification:Package 'src/example_11' with type 'ros.ament_cmake' and name 'ros2_control_demo_example_11'
[0.885s] Level 1:colcon.colcon_core.package_identification:_identify(src/my_robot_hardware_interface) by extensions ['ignore', 'ignore_ament_install']
[0.885s] Level 1:colcon.colcon_core.package_identification:_identify(src/my_robot_hardware_interface) by extension 'ignore'
[0.885s] Level 1:colcon.colcon_core.package_identification:_identify(src/my_robot_hardware_interface) by extension 'ignore_ament_install'
[0.886s] Level 1:colcon.colcon_core.package_identification:_identify(src/my_robot_hardware_interface) by extensions ['colcon_pkg']
[0.886s] Level 1:colcon.colcon_core.package_identification:_identify(src/my_robot_hardware_interface) by extension 'colcon_pkg'
[0.886s] Level 1:colcon.colcon_core.package_identification:_identify(src/my_robot_hardware_interface) by extensions ['colcon_meta']
[0.886s] Level 1:colcon.colcon_core.package_identification:_identify(src/my_robot_hardware_interface) by extension 'colcon_meta'
[0.886s] Level 1:colcon.colcon_core.package_identification:_identify(src/my_robot_hardware_interface) by extensions ['ros']
[0.886s] Level 1:colcon.colcon_core.package_identification:_identify(src/my_robot_hardware_interface) by extension 'ros'
[0.887s] DEBUG:colcon.colcon_core.package_identification:Package 'src/my_robot_hardware_interface' with type 'ros.ament_cmake' and name 'my_robot_hardware_interface'
[0.888s] Level 1:colcon.colcon_core.package_identification:_identify(src/ros2_control_demo_description) by extensions ['ignore', 'ignore_ament_install']
[0.888s] Level 1:colcon.colcon_core.package_identification:_identify(src/ros2_control_demo_description) by extension 'ignore'
[0.888s] Level 1:colcon.colcon_core.package_identification:_identify(src/ros2_control_demo_description) by extension 'ignore_ament_install'
[0.888s] Level 1:colcon.colcon_core.package_identification:_identify(src/ros2_control_demo_description) by extensions ['colcon_pkg']
[0.888s] Level 1:colcon.colcon_core.package_identification:_identify(src/ros2_control_demo_description) by extension 'colcon_pkg'
[0.888s] Level 1:colcon.colcon_core.package_identification:_identify(src/ros2_control_demo_description) by extensions ['colcon_meta']
[0.888s] Level 1:colcon.colcon_core.package_identification:_identify(src/ros2_control_demo_description) by extension 'colcon_meta'
[0.888s] Level 1:colcon.colcon_core.package_identification:_identify(src/ros2_control_demo_description) by extensions ['ros']
[0.888s] Level 1:colcon.colcon_core.package_identification:_identify(src/ros2_control_demo_description) by extension 'ros'
[0.889s] DEBUG:colcon.colcon_core.package_identification:Package 'src/ros2_control_demo_description' with type 'ros.ament_cmake' and name 'ros2_control_demo_description'
[0.889s] Level 1:colcon.colcon_core.package_identification:_identify(src/ros2_control_demo_testing) by extensions ['ignore', 'ignore_ament_install']
[0.890s] Level 1:colcon.colcon_core.package_identification:_identify(src/ros2_control_demo_testing) by extension 'ignore'
[0.890s] Level 1:colcon.colcon_core.package_identification:_identify(src/ros2_control_demo_testing) by extension 'ignore_ament_install'
[0.890s] Level 1:colcon.colcon_core.package_identification:_identify(src/ros2_control_demo_testing) by extensions ['colcon_pkg']
[0.890s] Level 1:colcon.colcon_core.package_identification:_identify(src/ros2_control_demo_testing) by extension 'colcon_pkg'
[0.890s] Level 1:colcon.colcon_core.package_identification:_identify(src/ros2_control_demo_testing) by extensions ['colcon_meta']
[0.890s] Level 1:colcon.colcon_core.package_identification:_identify(src/ros2_control_demo_testing) by extension 'colcon_meta'
[0.890s] Level 1:colcon.colcon_core.package_identification:_identify(src/ros2_control_demo_testing) by extensions ['ros']
[0.890s] Level 1:colcon.colcon_core.package_identification:_identify(src/ros2_control_demo_testing) by extension 'ros'
[0.923s] DEBUG:colcon.colcon_core.package_identification:Package 'src/ros2_control_demo_testing' with type 'ros.ament_python' and name 'ros2_control_demo_testing'
[0.923s] Level 1:colcon.colcon_core.package_identification:_identify(src/ros2_control_demos) by extensions ['ignore', 'ignore_ament_install']
[0.923s] Level 1:colcon.colcon_core.package_identification:_identify(src/ros2_control_demos) by extension 'ignore'
[0.923s] Level 1:colcon.colcon_core.package_identification:_identify(src/ros2_control_demos) by extension 'ignore_ament_install'
[0.924s] Level 1:colcon.colcon_core.package_identification:_identify(src/ros2_control_demos) by extensions ['colcon_pkg']
[0.924s] Level 1:colcon.colcon_core.package_identification:_identify(src/ros2_control_demos) by extension 'colcon_pkg'
[0.924s] Level 1:colcon.colcon_core.package_identification:_identify(src/ros2_control_demos) by extensions ['colcon_meta']
[0.924s] Level 1:colcon.colcon_core.package_identification:_identify(src/ros2_control_demos) by extension 'colcon_meta'
[0.924s] Level 1:colcon.colcon_core.package_identification:_identify(src/ros2_control_demos) by extensions ['ros']
[0.924s] Level 1:colcon.colcon_core.package_identification:_identify(src/ros2_control_demos) by extension 'ros'
[0.925s] DEBUG:colcon.colcon_core.package_identification:Package 'src/ros2_control_demos' with type 'ros.ament_cmake' and name 'ros2_control_demos'
[0.926s] Level 1:colcon.colcon_core.package_discovery:discover_packages(recursive) using defaults
[0.926s] Level 1:colcon.colcon_core.package_discovery:discover_packages(ignore) discover
[0.926s] Level 1:colcon.colcon_core.package_discovery:discover_packages(ignore) using defaults
[0.926s] Level 1:colcon.colcon_core.package_discovery:discover_packages(path) discover
[0.926s] Level 1:colcon.colcon_core.package_discovery:discover_packages(path) using defaults
[0.958s] INFO:colcon.colcon_core.package_selection:Skipping not selected package 'my_robot_hardware_interface' in 'src/my_robot_hardware_interface'
[0.959s] INFO:colcon.colcon_core.package_selection:Skipping not selected package 'ros2_control_demo_description' in 'src/ros2_control_demo_description'
[0.959s] INFO:colcon.colcon_core.package_selection:Skipping not selected package 'ros2_control_demo_testing' in 'src/ros2_control_demo_testing'
[0.959s] INFO:colcon.colcon_core.package_selection:Skipping not selected package 'ros2_control_demos' in 'src/ros2_control_demos'
[0.959s] Level 1:colcon.colcon_core.package_discovery:discover_packages(prefix_path) check parameters
[0.959s] Level 1:colcon.colcon_core.package_discovery:discover_packages(prefix_path) discover
[0.965s] DEBUG:colcon.colcon_installed_package_information.package_discovery:Found 5 installed packages in /home/user/testing/example11_ws1/install
[0.967s] DEBUG:colcon.colcon_installed_package_information.package_discovery:Found 19 installed packages in /home/user/workspace_world/ws_1/install
[0.968s] DEBUG:colcon.colcon_installed_package_information.package_discovery:Found 1 installed packages in /home/user/ros_ws3/install
[0.968s] DEBUG:colcon.colcon_installed_package_information.package_discovery:Found 3 installed packages in /home/user/ros2_ws/install
[0.979s] DEBUG:colcon.colcon_installed_package_information.package_discovery:Found 11 installed packages in /home/user/turtlebot3_ws/install
[0.980s] DEBUG:colcon.colcon_installed_package_information.package_discovery:Found 1 installed packages in /home/user/workspace_world/ws_2/install
[0.982s] DEBUG:colcon.colcon_installed_package_information.package_discovery:Found 432 installed packages in /opt/ros/humble
[0.985s] Level 1:colcon.colcon_core.package_discovery:discover_packages(prefix_path) using defaults
[1.080s] WARNING:colcon.colcon_core.package_selection:Some selected packages are already built in one or more underlay workspaces:
	'ros2_control_demo_example_11' is in: /home/user/testing/example11_ws1/install/ros2_control_demo_example_11, /home/user/workspace_world/ws_1/install/ros2_control_demo_example_11
If a package in a merged underlay workspace is overridden and it installs headers, then all packages in the overlay must sort their include directories by workspace order. Failure to do so may result in build failures or undefined behavior at run time.
If the overridden package is used by another package in any underlay, then the overriding package in the overlay must be API and ABI compatible or undefined behavior at run time may occur.

If you understand the risks and want to override a package anyways, add the following to the command line:
	--allow-overriding ros2_control_demo_example_11

This may be promoted to an error in a future release of colcon-override-check.
[1.082s] Level 5:colcon.colcon_core.verb:set package 'ros2_control_demo_example_11' build argument 'cmake_args' from command line to 'None'
[1.082s] Level 5:colcon.colcon_core.verb:set package 'ros2_control_demo_example_11' build argument 'cmake_target' from command line to 'None'
[1.082s] Level 5:colcon.colcon_core.verb:set package 'ros2_control_demo_example_11' build argument 'cmake_target_skip_unavailable' from command line to 'False'
[1.082s] Level 5:colcon.colcon_core.verb:set package 'ros2_control_demo_example_11' build argument 'cmake_clean_cache' from command line to 'False'
[1.082s] Level 5:colcon.colcon_core.verb:set package 'ros2_control_demo_example_11' build argument 'cmake_clean_first' from command line to 'False'
[1.082s] Level 5:colcon.colcon_core.verb:set package 'ros2_control_demo_example_11' build argument 'cmake_force_configure' from command line to 'False'
[1.082s] Level 5:colcon.colcon_core.verb:set package 'ros2_control_demo_example_11' build argument 'ament_cmake_args' from command line to 'None'
[1.082s] Level 5:colcon.colcon_core.verb:set package 'ros2_control_demo_example_11' build argument 'catkin_cmake_args' from command line to 'None'
[1.082s] Level 5:colcon.colcon_core.verb:set package 'ros2_control_demo_example_11' build argument 'catkin_skip_building_tests' from command line to 'False'
[1.082s] DEBUG:colcon.colcon_core.verb:Building package 'ros2_control_demo_example_11' with the following arguments: {'ament_cmake_args': None, 'build_base': '/home/user/testing/example11_ws1/build/ros2_control_demo_example_11', 'catkin_cmake_args': None, 'catkin_skip_building_tests': False, 'cmake_args': None, 'cmake_clean_cache': False, 'cmake_clean_first': False, 'cmake_force_configure': False, 'cmake_target': None, 'cmake_target_skip_unavailable': False, 'install_base': '/home/user/testing/example11_ws1/install/ros2_control_demo_example_11', 'merge_install': False, 'path': '/home/user/testing/example11_ws1/src/example_11', 'symlink_install': False, 'test_result_base': None}
[1.083s] INFO:colcon.colcon_core.executor:Executing jobs using 'parallel' executor
[1.084s] DEBUG:colcon.colcon_parallel_executor.executor.parallel:run_until_complete
[1.085s] INFO:colcon.colcon_ros.task.ament_cmake.build:Building ROS package in '/home/user/testing/example11_ws1/src/example_11' with build type 'ament_cmake'
[1.085s] INFO:colcon.colcon_cmake.task.cmake.build:Building CMake package in '/home/user/testing/example11_ws1/src/example_11'
[1.089s] INFO:colcon.colcon_core.plugin_system:Skipping extension 'colcon_core.shell.bat': Not used on non-Windows systems
[1.089s] INFO:colcon.colcon_core.shell:Skip shell extension 'powershell' for command environment: Not usable outside of PowerShell
[1.090s] DEBUG:colcon.colcon_core.shell:Skip shell extension 'dsv' for command environment
[1.523s] DEBUG:colcon.colcon_core.event_handler.log_command:Invoking command in '/home/user/testing/example11_ws1/build/ros2_control_demo_example_11': AMENT_PREFIX_PATH=/home/user/testing/example11_ws1/install/ros2_control_demo_testing:/home/user/testing/example11_ws1/install/ros2_control_demos:/home/user/testing/example11_ws1/install/ros2_control_demo_example_11:/home/user/testing/example11_ws1/install/ros2_control_demo_description:/home/user/testing/example11_ws1/install/my_robot_hardware_interface:/home/user/workspace_world/ws_1/install/toy_car_description:/home/user/workspace_world/ws_1/install/ros2_control_demos:/home/user/workspace_world/ws_1/install/ros2_control_demo_testing:/home/user/workspace_world/ws_1/install/ros2_control_demo_example_9:/home/user/workspace_world/ws_1/install/ros2_control_demo_example_8:/home/user/workspace_world/ws_1/install/ros2_control_demo_example_7:/home/user/workspace_world/ws_1/install/ros2_control_demo_example_6:/home/user/workspace_world/ws_1/install/ros2_control_demo_example_15:/home/user/workspace_world/ws_1/install/ros2_control_demo_example_13:/home/user/workspace_world/ws_1/install/ros2_control_demo_example_5:/home/user/workspace_world/ws_1/install/ros2_control_demo_example_4:/home/user/workspace_world/ws_1/install/ros2_control_demo_example_3:/home/user/workspace_world/ws_1/install/ros2_control_demo_example_2:/home/user/workspace_world/ws_1/install/ros2_control_demo_example_14:/home/user/workspace_world/ws_1/install/ros2_control_demo_example_12:/home/user/workspace_world/ws_1/install/ros2_control_demo_example_11:/home/user/workspace_world/ws_1/install/ros2_control_demo_example_10:/home/user/workspace_world/ws_1/install/ros2_control_demo_example_1:/home/user/workspace_world/ws_1/install/ros2_control_demo_description:/home/user/workspace_world/ws_2/install/ros2_control_demo_example_2:/home/user/ros2_ws/install/workspace_mapping:/home/user/ros2_ws/install/my_robot_controller:/home/user/ros2_ws/install/fake_imu_package:/home/user/turtlebot3_ws/install/turtlebot3:/home/user/turtlebot3_ws/install/turtlebot3_teleop:/home/user/turtlebot3_ws/install/turtlebot3_simulations:/home/user/turtlebot3_ws/install/turtlebot3_bringup:/home/user/turtlebot3_ws/install/turtlebot3_node:/home/user/turtlebot3_ws/install/turtlebot3_navigation2:/home/user/turtlebot3_ws/install/turtlebot3_gazebo:/home/user/turtlebot3_ws/install/turtlebot3_fake_node:/home/user/turtlebot3_ws/install/turtlebot3_example:/home/user/turtlebot3_ws/install/turtlebot3_description:/home/user/turtlebot3_ws/install/turtlebot3_cartographer:/opt/ros/humble CMAKE_PREFIX_PATH=/home/user/testing/example11_ws1/install/ros2_control_demo_description:/home/user/testing/example11_ws1/install/ros2_control_demos:/home/user/testing/example11_ws1/install/ros2_control_demo_example_11:/home/user/testing/example11_ws1/install/my_robot_hardware_interface:/home/user/workspace_world/ws_1/install/toy_car_description:/home/user/workspace_world/ws_1/install/ros2_control_demos:/home/user/workspace_world/ws_1/install/ros2_control_demo_example_9:/home/user/workspace_world/ws_1/install/ros2_control_demo_example_8:/home/user/workspace_world/ws_1/install/ros2_control_demo_example_7:/home/user/workspace_world/ws_1/install/ros2_control_demo_example_6:/home/user/workspace_world/ws_1/install/ros2_control_demo_example_15:/home/user/workspace_world/ws_1/install/ros2_control_demo_example_13:/home/user/workspace_world/ws_1/install/ros2_control_demo_example_5:/home/user/workspace_world/ws_1/install/ros2_control_demo_example_4:/home/user/workspace_world/ws_1/install/ros2_control_demo_example_3:/home/user/workspace_world/ws_1/install/ros2_control_demo_example_2:/home/user/workspace_world/ws_1/install/ros2_control_demo_example_14:/home/user/workspace_world/ws_1/install/ros2_control_demo_example_12:/home/user/workspace_world/ws_1/install/ros2_control_demo_example_11:/home/user/workspace_world/ws_1/install/ros2_control_demo_example_10:/home/user/workspace_world/ws_1/install/ros2_control_demo_example_1:/home/user/workspace_world/ws_1/install/ros2_control_demo_description:/home/user/workspace_world/ws_2/install/ros2_control_demo_example_2:/usr/local:/home/user/turtlebot3_ws/install/turtlebot3:/home/user/turtlebot3_ws/install/turtlebot3_simulations:/home/user/turtlebot3_ws/install/turtlebot3_bringup:/home/user/turtlebot3_ws/install/turtlebot3_node:/home/user/turtlebot3_ws/install/turtlebot3_navigation2:/home/user/turtlebot3_ws/install/turtlebot3_gazebo:/home/user/turtlebot3_ws/install/turtlebot3_fake_node:/home/user/turtlebot3_ws/install/turtlebot3_description:/home/user/turtlebot3_ws/install/turtlebot3_cartographer:/home/user/testing/example11_ws1/install/ros2_control_demo_testing:/home/user/workspace_world/ws_1/install/ros2_control_demo_testing:/home/user/ros2_ws/install/workspace_mapping:/home/user/ros2_ws/install/my_robot_controller:/home/user/ros2_ws/install/fake_imu_package:/home/user/turtlebot3_ws/install/turtlebot3_teleop:/home/user/turtlebot3_ws/install/turtlebot3_example:/opt/ros/humble /usr/bin/cmake --build /home/user/testing/example11_ws1/build/ros2_control_demo_example_11 -- -j8 -l8
[7.477s] DEBUG:colcon.colcon_core.event_handler.log_command:Invoked command in '/home/user/testing/example11_ws1/build/ros2_control_demo_example_11' returned '2': AMENT_PREFIX_PATH=/home/user/testing/example11_ws1/install/ros2_control_demo_testing:/home/user/testing/example11_ws1/install/ros2_control_demos:/home/user/testing/example11_ws1/install/ros2_control_demo_example_11:/home/user/testing/example11_ws1/install/ros2_control_demo_description:/home/user/testing/example11_ws1/install/my_robot_hardware_interface:/home/user/workspace_world/ws_1/install/toy_car_description:/home/user/workspace_world/ws_1/install/ros2_control_demos:/home/user/workspace_world/ws_1/install/ros2_control_demo_testing:/home/user/workspace_world/ws_1/install/ros2_control_demo_example_9:/home/user/workspace_world/ws_1/install/ros2_control_demo_example_8:/home/user/workspace_world/ws_1/install/ros2_control_demo_example_7:/home/user/workspace_world/ws_1/install/ros2_control_demo_example_6:/home/user/workspace_world/ws_1/install/ros2_control_demo_example_15:/home/user/workspace_world/ws_1/install/ros2_control_demo_example_13:/home/user/workspace_world/ws_1/install/ros2_control_demo_example_5:/home/user/workspace_world/ws_1/install/ros2_control_demo_example_4:/home/user/workspace_world/ws_1/install/ros2_control_demo_example_3:/home/user/workspace_world/ws_1/install/ros2_control_demo_example_2:/home/user/workspace_world/ws_1/install/ros2_control_demo_example_14:/home/user/workspace_world/ws_1/install/ros2_control_demo_example_12:/home/user/workspace_world/ws_1/install/ros2_control_demo_example_11:/home/user/workspace_world/ws_1/install/ros2_control_demo_example_10:/home/user/workspace_world/ws_1/install/ros2_control_demo_example_1:/home/user/workspace_world/ws_1/install/ros2_control_demo_description:/home/user/workspace_world/ws_2/install/ros2_control_demo_example_2:/home/user/ros2_ws/install/workspace_mapping:/home/user/ros2_ws/install/my_robot_controller:/home/user/ros2_ws/install/fake_imu_package:/home/user/turtlebot3_ws/install/turtlebot3:/home/user/turtlebot3_ws/install/turtlebot3_teleop:/home/user/turtlebot3_ws/install/turtlebot3_simulations:/home/user/turtlebot3_ws/install/turtlebot3_bringup:/home/user/turtlebot3_ws/install/turtlebot3_node:/home/user/turtlebot3_ws/install/turtlebot3_navigation2:/home/user/turtlebot3_ws/install/turtlebot3_gazebo:/home/user/turtlebot3_ws/install/turtlebot3_fake_node:/home/user/turtlebot3_ws/install/turtlebot3_example:/home/user/turtlebot3_ws/install/turtlebot3_description:/home/user/turtlebot3_ws/install/turtlebot3_cartographer:/opt/ros/humble CMAKE_PREFIX_PATH=/home/user/testing/example11_ws1/install/ros2_control_demo_description:/home/user/testing/example11_ws1/install/ros2_control_demos:/home/user/testing/example11_ws1/install/ros2_control_demo_example_11:/home/user/testing/example11_ws1/install/my_robot_hardware_interface:/home/user/workspace_world/ws_1/install/toy_car_description:/home/user/workspace_world/ws_1/install/ros2_control_demos:/home/user/workspace_world/ws_1/install/ros2_control_demo_example_9:/home/user/workspace_world/ws_1/install/ros2_control_demo_example_8:/home/user/workspace_world/ws_1/install/ros2_control_demo_example_7:/home/user/workspace_world/ws_1/install/ros2_control_demo_example_6:/home/user/workspace_world/ws_1/install/ros2_control_demo_example_15:/home/user/workspace_world/ws_1/install/ros2_control_demo_example_13:/home/user/workspace_world/ws_1/install/ros2_control_demo_example_5:/home/user/workspace_world/ws_1/install/ros2_control_demo_example_4:/home/user/workspace_world/ws_1/install/ros2_control_demo_example_3:/home/user/workspace_world/ws_1/install/ros2_control_demo_example_2:/home/user/workspace_world/ws_1/install/ros2_control_demo_example_14:/home/user/workspace_world/ws_1/install/ros2_control_demo_example_12:/home/user/workspace_world/ws_1/install/ros2_control_demo_example_11:/home/user/workspace_world/ws_1/install/ros2_control_demo_example_10:/home/user/workspace_world/ws_1/install/ros2_control_demo_example_1:/home/user/workspace_world/ws_1/install/ros2_control_demo_description:/home/user/workspace_world/ws_2/install/ros2_control_demo_example_2:/usr/local:/home/user/turtlebot3_ws/install/turtlebot3:/home/user/turtlebot3_ws/install/turtlebot3_simulations:/home/user/turtlebot3_ws/install/turtlebot3_bringup:/home/user/turtlebot3_ws/install/turtlebot3_node:/home/user/turtlebot3_ws/install/turtlebot3_navigation2:/home/user/turtlebot3_ws/install/turtlebot3_gazebo:/home/user/turtlebot3_ws/install/turtlebot3_fake_node:/home/user/turtlebot3_ws/install/turtlebot3_description:/home/user/turtlebot3_ws/install/turtlebot3_cartographer:/home/user/testing/example11_ws1/install/ros2_control_demo_testing:/home/user/workspace_world/ws_1/install/ros2_control_demo_testing:/home/user/ros2_ws/install/workspace_mapping:/home/user/ros2_ws/install/my_robot_controller:/home/user/ros2_ws/install/fake_imu_package:/home/user/turtlebot3_ws/install/turtlebot3_teleop:/home/user/turtlebot3_ws/install/turtlebot3_example:/opt/ros/humble /usr/bin/cmake --build /home/user/testing/example11_ws1/build/ros2_control_demo_example_11 -- -j8 -l8
[7.527s] Level 1:colcon.colcon_core.environment:create_environment_scripts_only(ros2_control_demo_example_11)
[7.530s] Level 1:colcon.colcon_core.environment:checking '/home/user/testing/example11_ws1/install/ros2_control_demo_example_11' for CMake module files
[7.531s] Level 1:colcon.colcon_core.environment:checking '/home/user/testing/example11_ws1/install/ros2_control_demo_example_11' for CMake config files
[7.531s] Level 1:colcon.colcon_core.shell:create_environment_hook('ros2_control_demo_example_11', 'cmake_prefix_path')
[7.531s] INFO:colcon.colcon_core.shell:Creating environment hook '/home/user/testing/example11_ws1/install/ros2_control_demo_example_11/share/ros2_control_demo_example_11/hook/cmake_prefix_path.ps1'
[7.532s] INFO:colcon.colcon_core.shell:Creating environment descriptor '/home/user/testing/example11_ws1/install/ros2_control_demo_example_11/share/ros2_control_demo_example_11/hook/cmake_prefix_path.dsv'
[7.533s] INFO:colcon.colcon_core.shell:Creating environment hook '/home/user/testing/example11_ws1/install/ros2_control_demo_example_11/share/ros2_control_demo_example_11/hook/cmake_prefix_path.sh'
[7.535s] Level 1:colcon.colcon_core.environment:checking '/home/user/testing/example11_ws1/install/ros2_control_demo_example_11/lib'
[7.535s] Level 1:colcon.colcon_core.shell:create_environment_hook('ros2_control_demo_example_11', 'ld_library_path_lib')
[7.535s] INFO:colcon.colcon_core.shell:Creating environment hook '/home/user/testing/example11_ws1/install/ros2_control_demo_example_11/share/ros2_control_demo_example_11/hook/ld_library_path_lib.ps1'
[7.536s] INFO:colcon.colcon_core.shell:Creating environment descriptor '/home/user/testing/example11_ws1/install/ros2_control_demo_example_11/share/ros2_control_demo_example_11/hook/ld_library_path_lib.dsv'
[7.537s] INFO:colcon.colcon_core.shell:Creating environment hook '/home/user/testing/example11_ws1/install/ros2_control_demo_example_11/share/ros2_control_demo_example_11/hook/ld_library_path_lib.sh'
[7.538s] Level 1:colcon.colcon_core.environment:checking '/home/user/testing/example11_ws1/install/ros2_control_demo_example_11/bin'
[7.538s] Level 1:colcon.colcon_core.environment:checking '/home/user/testing/example11_ws1/install/ros2_control_demo_example_11/lib/pkgconfig/ros2_control_demo_example_11.pc'
[7.538s] Level 1:colcon.colcon_core.environment:checking '/home/user/testing/example11_ws1/install/ros2_control_demo_example_11/lib/python3.10/site-packages'
[7.539s] Level 1:colcon.colcon_core.environment:checking '/home/user/testing/example11_ws1/install/ros2_control_demo_example_11/bin'
[7.539s] INFO:colcon.colcon_core.shell:Creating package script '/home/user/testing/example11_ws1/install/ros2_control_demo_example_11/share/ros2_control_demo_example_11/package.ps1'
[7.540s] INFO:colcon.colcon_core.shell:Creating package descriptor '/home/user/testing/example11_ws1/install/ros2_control_demo_example_11/share/ros2_control_demo_example_11/package.dsv'
[7.541s] INFO:colcon.colcon_core.shell:Creating package script '/home/user/testing/example11_ws1/install/ros2_control_demo_example_11/share/ros2_control_demo_example_11/package.sh'
[7.542s] INFO:colcon.colcon_core.shell:Creating package script '/home/user/testing/example11_ws1/install/ros2_control_demo_example_11/share/ros2_control_demo_example_11/package.bash'
[7.544s] INFO:colcon.colcon_core.shell:Creating package script '/home/user/testing/example11_ws1/install/ros2_control_demo_example_11/share/ros2_control_demo_example_11/package.zsh'
[7.545s] Level 1:colcon.colcon_core.environment:create_file_with_runtime_dependencies(/home/user/testing/example11_ws1/install/ros2_control_demo_example_11/share/colcon-core/packages/ros2_control_demo_example_11)
[7.557s] DEBUG:colcon.colcon_parallel_executor.executor.parallel:closing loop
[7.557s] DEBUG:colcon.colcon_parallel_executor.executor.parallel:loop closed
[7.557s] DEBUG:colcon.colcon_parallel_executor.executor.parallel:run_until_complete finished with '2'
[7.557s] DEBUG:colcon.colcon_core.event_reactor:joining thread
[7.695s] INFO:colcon.colcon_core.plugin_system:Skipping extension 'colcon_notification.desktop_notification.notify_send': Could not find 'notify-send'
[7.696s] INFO:colcon.colcon_core.plugin_system:Skipping extension 'colcon_notification.desktop_notification.terminal_notifier': Not used on non-Darwin systems
[7.696s] INFO:colcon.colcon_core.plugin_system:Skipping extension 'colcon_notification.desktop_notification.win32': Not used on non-Windows systems
[7.696s] INFO:colcon.colcon_notification.desktop_notification:Sending desktop notification using 'notify2'
[7.699s] DEBUG:colcon.colcon_notification.desktop_notification.notify2:Failed to initialize notify2: org.freedesktop.DBus.Error.ServiceUnknown: The name org.freedesktop.Notifications was not provided by any .service files
[7.699s] DEBUG:colcon.colcon_core.event_reactor:joined thread
[7.700s] INFO:colcon.colcon_core.shell:Creating prefix script '/home/user/testing/example11_ws1/install/local_setup.ps1'
[7.701s] INFO:colcon.colcon_core.shell:Creating prefix util module '/home/user/testing/example11_ws1/install/_local_setup_util_ps1.py'
[7.703s] INFO:colcon.colcon_core.shell:Creating prefix chain script '/home/user/testing/example11_ws1/install/setup.ps1'
[7.707s] INFO:colcon.colcon_core.shell:Creating prefix script '/home/user/testing/example11_ws1/install/local_setup.sh'
[7.707s] INFO:colcon.colcon_core.shell:Creating prefix util module '/home/user/testing/example11_ws1/install/_local_setup_util_sh.py'
[7.709s] INFO:colcon.colcon_core.shell:Creating prefix chain script '/home/user/testing/example11_ws1/install/setup.sh'
[7.714s] INFO:colcon.colcon_core.shell:Creating prefix script '/home/user/testing/example11_ws1/install/local_setup.bash'
[7.715s] INFO:colcon.colcon_core.shell:Creating prefix chain script '/home/user/testing/example11_ws1/install/setup.bash'
[7.720s] INFO:colcon.colcon_core.shell:Creating prefix script '/home/user/testing/example11_ws1/install/local_setup.zsh'
[7.721s] INFO:colcon.colcon_core.shell:Creating prefix chain script '/home/user/testing/example11_ws1/install/setup.zsh'
