[0.438s] Invoking command in '/home/fazilashraf/ros2_ws/src/my_robot_controller': PYTHONPATH=/home/fazilashraf/ros2_ws/build/my_robot_controller/prefix_override:/usr/lib/python3/dist-packages/colcon_core/task/python/colcon_distutils_commands:/home/fazilashraf/ros2_ws/install/my_robot_controller/lib/python3.10/site-packages:${PYTHONPATH} /usr/bin/python3 -W ignore:setup.py install is deprecated setup.py egg_info --egg-base ../../build/my_robot_controller build --build-base /home/fazilashraf/ros2_ws/build/my_robot_controller/build install --record /home/fazilashraf/ros2_ws/build/my_robot_controller/install.log --single-version-externally-managed install_data
[0.581s] running egg_info
[0.581s] writing ../../build/my_robot_controller/my_robot_controller.egg-info/PKG-INFO
[0.581s] writing dependency_links to ../../build/my_robot_controller/my_robot_controller.egg-info/dependency_links.txt
[0.581s] writing entry points to ../../build/my_robot_controller/my_robot_controller.egg-info/entry_points.txt
[0.581s] writing requirements to ../../build/my_robot_controller/my_robot_controller.egg-info/requires.txt
[0.581s] writing top-level names to ../../build/my_robot_controller/my_robot_controller.egg-info/top_level.txt
[0.582s] reading manifest file '../../build/my_robot_controller/my_robot_controller.egg-info/SOURCES.txt'
[0.583s] writing manifest file '../../build/my_robot_controller/my_robot_controller.egg-info/SOURCES.txt'
[0.583s] running build
[0.583s] running build_py
[0.583s] copying my_robot_controller/my_first_node.py -> /home/fazilashraf/ros2_ws/build/my_robot_controller/build/lib/my_robot_controller
[0.584s] running install
[0.584s] running install_lib
[0.584s] copying /home/fazilashraf/ros2_ws/build/my_robot_controller/build/lib/my_robot_controller/my_first_node.py -> /home/fazilashraf/ros2_ws/install/my_robot_controller/lib/python3.10/site-packages/my_robot_controller
[0.585s] byte-compiling /home/fazilashraf/ros2_ws/install/my_robot_controller/lib/python3.10/site-packages/my_robot_controller/my_first_node.py to my_first_node.cpython-310.pyc
[0.585s] running install_data
[0.585s] running install_egg_info
[0.586s] removing '/home/fazilashraf/ros2_ws/install/my_robot_controller/lib/python3.10/site-packages/my_robot_controller-0.0.0-py3.10.egg-info' (and everything under it)
[0.587s] Copying ../../build/my_robot_controller/my_robot_controller.egg-info to /home/fazilashraf/ros2_ws/install/my_robot_controller/lib/python3.10/site-packages/my_robot_controller-0.0.0-py3.10.egg-info
[0.588s] running install_scripts
[0.600s] Installing test_node script to /home/fazilashraf/ros2_ws/install/my_robot_controller/lib/my_robot_controller
[0.601s] writing list of installed files to '/home/fazilashraf/ros2_ws/build/my_robot_controller/install.log'
[0.621s] Invoked command in '/home/fazilashraf/ros2_ws/src/my_robot_controller' returned '0': PYTHONPATH=/home/fazilashraf/ros2_ws/build/my_robot_controller/prefix_override:/usr/lib/python3/dist-packages/colcon_core/task/python/colcon_distutils_commands:/home/fazilashraf/ros2_ws/install/my_robot_controller/lib/python3.10/site-packages:${PYTHONPATH} /usr/bin/python3 -W ignore:setup.py install is deprecated setup.py egg_info --egg-base ../../build/my_robot_controller build --build-base /home/fazilashraf/ros2_ws/build/my_robot_controller/build install --record /home/fazilashraf/ros2_ws/build/my_robot_controller/install.log --single-version-externally-managed install_data
