[0.523s] DEBUG:colcon:Command line arguments: ['/usr/bin/colcon', 'list', '-p', '--base-paths', '/home/user/new_workspace/Autonomous-Robot-Obstacle-Avoidance-with-ROS2']
[0.523s] DEBUG:colcon:Parsed command line arguments: Namespace(log_base=None, log_level=None, verb_name='list', build_base='build', ignore_user_meta=False, metas=['./colcon.meta'], base_paths=['/home/user/new_workspace/Autonomous-Robot-Obstacle-Avoidance-with-ROS2'], packages_ignore=None, packages_ignore_regex=None, paths=None, packages_up_to=None, packages_up_to_regex=None, packages_above=None, packages_above_and_dependencies=None, packages_above_depth=None, packages_select_by_dep=None, packages_skip_by_dep=None, packages_skip_up_to=None, packages_select_build_failed=False, packages_skip_build_finished=False, packages_select_test_failures=False, packages_skip_test_passed=False, packages_select=None, packages_skip=None, packages_select_regex=None, packages_skip_regex=None, packages_start=None, packages_end=None, allow_overriding=[], topological_order=False, names_only=False, paths_only=True, topological_graph=False, topological_graph_dot=False, topological_graph_density=False, topological_graph_legend=False, topological_graph_dot_cluster=False, topological_graph_dot_include_skipped=False, verb_parser=<colcon_defaults.argument_parser.defaults.DefaultArgumentsDecorator object at 0x7f7053f62650>, verb_extension=<colcon_package_information.verb.list.ListVerb object at 0x7f7053f617b0>, main=<bound method ListVerb.main of <colcon_package_information.verb.list.ListVerb object at 0x7f7053f617b0>>)
[0.993s] Level 1:colcon.colcon_core.package_discovery:discover_packages(colcon_meta) check parameters
[0.993s] Level 1:colcon.colcon_core.package_discovery:discover_packages(recursive) check parameters
[0.994s] Level 1:colcon.colcon_core.package_discovery:discover_packages(ignore) check parameters
[0.994s] Level 1:colcon.colcon_core.package_discovery:discover_packages(path) check parameters
[0.994s] Level 1:colcon.colcon_core.package_discovery:discover_packages(recursive) discover
[0.994s] INFO:colcon.colcon_core.package_discovery:Crawling recursively for packages in '/home/user/new_workspace/Autonomous-Robot-Obstacle-Avoidance-with-ROS2'
[0.995s] Level 1:colcon.colcon_core.package_identification:_identify(/home/user/new_workspace/Autonomous-Robot-Obstacle-Avoidance-with-ROS2) by extensions ['ignore', 'ignore_ament_install']
[0.995s] Level 1:colcon.colcon_core.package_identification:_identify(/home/user/new_workspace/Autonomous-Robot-Obstacle-Avoidance-with-ROS2) by extension 'ignore'
[0.995s] Level 1:colcon.colcon_core.package_identification:_identify(/home/user/new_workspace/Autonomous-Robot-Obstacle-Avoidance-with-ROS2) by extension 'ignore_ament_install'
[0.995s] Level 1:colcon.colcon_core.package_identification:_identify(/home/user/new_workspace/Autonomous-Robot-Obstacle-Avoidance-with-ROS2) by extensions ['colcon_pkg']
[0.996s] Level 1:colcon.colcon_core.package_identification:_identify(/home/user/new_workspace/Autonomous-Robot-Obstacle-Avoidance-with-ROS2) by extension 'colcon_pkg'
[0.996s] Level 1:colcon.colcon_core.package_identification:_identify(/home/user/new_workspace/Autonomous-Robot-Obstacle-Avoidance-with-ROS2) by extensions ['colcon_meta']
[0.996s] Level 1:colcon.colcon_core.package_identification:_identify(/home/user/new_workspace/Autonomous-Robot-Obstacle-Avoidance-with-ROS2) by extension 'colcon_meta'
[0.996s] Level 1:colcon.colcon_core.package_identification:_identify(/home/user/new_workspace/Autonomous-Robot-Obstacle-Avoidance-with-ROS2) by extensions ['ros']
[0.996s] Level 1:colcon.colcon_core.package_identification:_identify(/home/user/new_workspace/Autonomous-Robot-Obstacle-Avoidance-with-ROS2) by extension 'ros'
[1.342s] Level 1:colcon.colcon_core.package_identification:_identify(/home/user/new_workspace/Autonomous-Robot-Obstacle-Avoidance-with-ROS2) by extensions ['cmake', 'python']
[1.359s] Level 1:colcon.colcon_core.package_identification:_identify(/home/user/new_workspace/Autonomous-Robot-Obstacle-Avoidance-with-ROS2) by extension 'cmake'
[1.359s] Level 1:colcon.colcon_core.package_identification:_identify(/home/user/new_workspace/Autonomous-Robot-Obstacle-Avoidance-with-ROS2) by extension 'python'
[1.359s] Level 1:colcon.colcon_core.package_identification:_identify(/home/user/new_workspace/Autonomous-Robot-Obstacle-Avoidance-with-ROS2) by extensions ['python_setup_py']
[1.359s] Level 1:colcon.colcon_core.package_identification:_identify(/home/user/new_workspace/Autonomous-Robot-Obstacle-Avoidance-with-ROS2) by extension 'python_setup_py'
[1.360s] Level 1:colcon.colcon_core.package_identification:_identify(/home/user/new_workspace/Autonomous-Robot-Obstacle-Avoidance-with-ROS2/build) by extensions ['ignore', 'ignore_ament_install']
[1.360s] Level 1:colcon.colcon_core.package_identification:_identify(/home/user/new_workspace/Autonomous-Robot-Obstacle-Avoidance-with-ROS2/build) by extension 'ignore'
[1.360s] Level 1:colcon.colcon_core.package_identification:_identify(/home/user/new_workspace/Autonomous-Robot-Obstacle-Avoidance-with-ROS2/build) ignored
[1.361s] Level 1:colcon.colcon_core.package_identification:_identify(/home/user/new_workspace/Autonomous-Robot-Obstacle-Avoidance-with-ROS2/install) by extensions ['ignore', 'ignore_ament_install']
[1.361s] Level 1:colcon.colcon_core.package_identification:_identify(/home/user/new_workspace/Autonomous-Robot-Obstacle-Avoidance-with-ROS2/install) by extension 'ignore'
[1.361s] Level 1:colcon.colcon_core.package_identification:_identify(/home/user/new_workspace/Autonomous-Robot-Obstacle-Avoidance-with-ROS2/install) ignored
[1.361s] Level 1:colcon.colcon_core.package_identification:_identify(/home/user/new_workspace/Autonomous-Robot-Obstacle-Avoidance-with-ROS2/log) by extensions ['ignore', 'ignore_ament_install']
[1.362s] Level 1:colcon.colcon_core.package_identification:_identify(/home/user/new_workspace/Autonomous-Robot-Obstacle-Avoidance-with-ROS2/log) by extension 'ignore'
[1.362s] Level 1:colcon.colcon_core.package_identification:_identify(/home/user/new_workspace/Autonomous-Robot-Obstacle-Avoidance-with-ROS2/log) ignored
[1.362s] Level 1:colcon.colcon_core.package_identification:_identify(/home/user/new_workspace/Autonomous-Robot-Obstacle-Avoidance-with-ROS2/src) by extensions ['ignore', 'ignore_ament_install']
[1.362s] Level 1:colcon.colcon_core.package_identification:_identify(/home/user/new_workspace/Autonomous-Robot-Obstacle-Avoidance-with-ROS2/src) by extension 'ignore'
[1.362s] Level 1:colcon.colcon_core.package_identification:_identify(/home/user/new_workspace/Autonomous-Robot-Obstacle-Avoidance-with-ROS2/src) by extension 'ignore_ament_install'
[1.363s] Level 1:colcon.colcon_core.package_identification:_identify(/home/user/new_workspace/Autonomous-Robot-Obstacle-Avoidance-with-ROS2/src) by extensions ['colcon_pkg']
[1.363s] Level 1:colcon.colcon_core.package_identification:_identify(/home/user/new_workspace/Autonomous-Robot-Obstacle-Avoidance-with-ROS2/src) by extension 'colcon_pkg'
[1.363s] Level 1:colcon.colcon_core.package_identification:_identify(/home/user/new_workspace/Autonomous-Robot-Obstacle-Avoidance-with-ROS2/src) by extensions ['colcon_meta']
[1.363s] Level 1:colcon.colcon_core.package_identification:_identify(/home/user/new_workspace/Autonomous-Robot-Obstacle-Avoidance-with-ROS2/src) by extension 'colcon_meta'
[1.363s] Level 1:colcon.colcon_core.package_identification:_identify(/home/user/new_workspace/Autonomous-Robot-Obstacle-Avoidance-with-ROS2/src) by extensions ['ros']
[1.363s] Level 1:colcon.colcon_core.package_identification:_identify(/home/user/new_workspace/Autonomous-Robot-Obstacle-Avoidance-with-ROS2/src) by extension 'ros'
[1.363s] Level 1:colcon.colcon_core.package_identification:_identify(/home/user/new_workspace/Autonomous-Robot-Obstacle-Avoidance-with-ROS2/src) by extensions ['cmake', 'python']
[1.363s] Level 1:colcon.colcon_core.package_identification:_identify(/home/user/new_workspace/Autonomous-Robot-Obstacle-Avoidance-with-ROS2/src) by extension 'cmake'
[1.364s] Level 1:colcon.colcon_core.package_identification:_identify(/home/user/new_workspace/Autonomous-Robot-Obstacle-Avoidance-with-ROS2/src) by extension 'python'
[1.364s] Level 1:colcon.colcon_core.package_identification:_identify(/home/user/new_workspace/Autonomous-Robot-Obstacle-Avoidance-with-ROS2/src) by extensions ['python_setup_py']
[1.364s] Level 1:colcon.colcon_core.package_identification:_identify(/home/user/new_workspace/Autonomous-Robot-Obstacle-Avoidance-with-ROS2/src) by extension 'python_setup_py'
[1.364s] Level 1:colcon.colcon_core.package_identification:_identify(/home/user/new_workspace/Autonomous-Robot-Obstacle-Avoidance-with-ROS2/src/auto_robot) by extensions ['ignore', 'ignore_ament_install']
[1.364s] Level 1:colcon.colcon_core.package_identification:_identify(/home/user/new_workspace/Autonomous-Robot-Obstacle-Avoidance-with-ROS2/src/auto_robot) by extension 'ignore'
[1.364s] Level 1:colcon.colcon_core.package_identification:_identify(/home/user/new_workspace/Autonomous-Robot-Obstacle-Avoidance-with-ROS2/src/auto_robot) by extension 'ignore_ament_install'
[1.365s] Level 1:colcon.colcon_core.package_identification:_identify(/home/user/new_workspace/Autonomous-Robot-Obstacle-Avoidance-with-ROS2/src/auto_robot) by extensions ['colcon_pkg']
[1.365s] Level 1:colcon.colcon_core.package_identification:_identify(/home/user/new_workspace/Autonomous-Robot-Obstacle-Avoidance-with-ROS2/src/auto_robot) by extension 'colcon_pkg'
[1.365s] Level 1:colcon.colcon_core.package_identification:_identify(/home/user/new_workspace/Autonomous-Robot-Obstacle-Avoidance-with-ROS2/src/auto_robot) by extensions ['colcon_meta']
[1.365s] Level 1:colcon.colcon_core.package_identification:_identify(/home/user/new_workspace/Autonomous-Robot-Obstacle-Avoidance-with-ROS2/src/auto_robot) by extension 'colcon_meta'
[1.365s] Level 1:colcon.colcon_core.package_identification:_identify(/home/user/new_workspace/Autonomous-Robot-Obstacle-Avoidance-with-ROS2/src/auto_robot) by extensions ['ros']
[1.365s] Level 1:colcon.colcon_core.package_identification:_identify(/home/user/new_workspace/Autonomous-Robot-Obstacle-Avoidance-with-ROS2/src/auto_robot) by extension 'ros'
[1.371s] DEBUG:colcon.colcon_core.package_identification:Package '/home/user/new_workspace/Autonomous-Robot-Obstacle-Avoidance-with-ROS2/src/auto_robot' with type 'ros.ament_cmake' and name 'auto_robot'
[1.372s] Level 1:colcon.colcon_core.package_discovery:discover_packages(recursive) using defaults
