[0.506s] Invoking command in '/home/fazilashraf/ros2_ws/src/my_robot_controller': PYTHONPATH=/home/fazilashraf/ros2_ws/build/my_robot_controller/prefix_override:/usr/lib/python3/dist-packages/colcon_core/task/python/colcon_distutils_commands:/home/fazilashraf/ros2_ws/install/my_robot_controller/lib/python3.10/site-packages:${PYTHONPATH} /usr/bin/python3 -W ignore:setup.py install is deprecated setup.py egg_info --egg-base ../../build/my_robot_controller build --build-base /home/fazilashraf/ros2_ws/build/my_robot_controller/build install --record /home/fazilashraf/ros2_ws/build/my_robot_controller/install.log --single-version-externally-managed install_data
[0.642s] running egg_info
[0.642s] creating ../../build/my_robot_controller/my_robot_controller.egg-info
[0.642s] writing ../../build/my_robot_controller/my_robot_controller.egg-info/PKG-INFO
[0.642s] writing dependency_links to ../../build/my_robot_controller/my_robot_controller.egg-info/dependency_links.txt
[0.642s] writing entry points to ../../build/my_robot_controller/my_robot_controller.egg-info/entry_points.txt
[0.643s] writing requirements to ../../build/my_robot_controller/my_robot_controller.egg-info/requires.txt
[0.643s] writing top-level names to ../../build/my_robot_controller/my_robot_controller.egg-info/top_level.txt
[0.643s] writing manifest file '../../build/my_robot_controller/my_robot_controller.egg-info/SOURCES.txt'
[0.644s] reading manifest file '../../build/my_robot_controller/my_robot_controller.egg-info/SOURCES.txt'
[0.644s] writing manifest file '../../build/my_robot_controller/my_robot_controller.egg-info/SOURCES.txt'
[0.644s] running build
[0.644s] running build_py
[0.644s] creating /home/fazilashraf/ros2_ws/build/my_robot_controller/build
[0.645s] creating /home/fazilashraf/ros2_ws/build/my_robot_controller/build/lib
[0.645s] creating /home/fazilashraf/ros2_ws/build/my_robot_controller/build/lib/my_robot_controller
[0.645s] copying my_robot_controller/__init__.py -> /home/fazilashraf/ros2_ws/build/my_robot_controller/build/lib/my_robot_controller
[0.645s] running install
[0.645s] running install_lib
[0.646s] creating /home/fazilashraf/ros2_ws/install/my_robot_controller/lib/python3.10/site-packages/my_robot_controller
[0.646s] copying /home/fazilashraf/ros2_ws/build/my_robot_controller/build/lib/my_robot_controller/__init__.py -> /home/fazilashraf/ros2_ws/install/my_robot_controller/lib/python3.10/site-packages/my_robot_controller
[0.646s] byte-compiling /home/fazilashraf/ros2_ws/install/my_robot_controller/lib/python3.10/site-packages/my_robot_controller/__init__.py to __init__.cpython-310.pyc
[0.646s] running install_data
[0.646s] creating /home/fazilashraf/ros2_ws/install/my_robot_controller/share/ament_index
[0.646s] creating /home/fazilashraf/ros2_ws/install/my_robot_controller/share/ament_index/resource_index
[0.647s] creating /home/fazilashraf/ros2_ws/install/my_robot_controller/share/ament_index/resource_index/packages
[0.647s] copying resource/my_robot_controller -> /home/fazilashraf/ros2_ws/install/my_robot_controller/share/ament_index/resource_index/packages
[0.647s] copying package.xml -> /home/fazilashraf/ros2_ws/install/my_robot_controller/share/my_robot_controller
[0.647s] running install_egg_info
[0.648s] Copying ../../build/my_robot_controller/my_robot_controller.egg-info to /home/fazilashraf/ros2_ws/install/my_robot_controller/lib/python3.10/site-packages/my_robot_controller-0.0.0-py3.10.egg-info
[0.648s] running install_scripts
[0.662s] writing list of installed files to '/home/fazilashraf/ros2_ws/build/my_robot_controller/install.log'
[0.682s] Invoked command in '/home/fazilashraf/ros2_ws/src/my_robot_controller' returned '0': PYTHONPATH=/home/fazilashraf/ros2_ws/build/my_robot_controller/prefix_override:/usr/lib/python3/dist-packages/colcon_core/task/python/colcon_distutils_commands:/home/fazilashraf/ros2_ws/install/my_robot_controller/lib/python3.10/site-packages:${PYTHONPATH} /usr/bin/python3 -W ignore:setup.py install is deprecated setup.py egg_info --egg-base ../../build/my_robot_controller build --build-base /home/fazilashraf/ros2_ws/build/my_robot_controller/build install --record /home/fazilashraf/ros2_ws/build/my_robot_controller/install.log --single-version-externally-managed install_data
