[0.017s] Invoking command in '/home/user/testing/example11_ws1/build/my_robot_hardware_interface': CMAKE_PREFIX_PATH=${CMAKE_PREFIX_PATH}:/home/user/workspace_world/ws_1/install/ros2_control_demo_testing:/home/user/ros2_ws/install/workspace_mapping:/home/user/ros2_ws/install/my_robot_controller:/home/user/ros2_ws/install/fake_imu_package:/home/user/turtlebot3_ws/install/turtlebot3_teleop:/home/user/turtlebot3_ws/install/turtlebot3_example:/opt/ros/humble /usr/bin/cmake --build /home/user/testing/example11_ws1/build/my_robot_hardware_interface -- -j8 -l8
[0.265s] -- Found ament_cmake: 1.3.10 (/opt/ros/humble/share/ament_cmake/cmake)
[0.265s] -- Found ament_lint_auto: 0.12.11 (/opt/ros/humble/share/ament_lint_auto/cmake)
[0.295s] -- Added test 'cppcheck' to perform static code analysis on C / C++ code
[0.295s] -- Configured cppcheck include dirs: 
[0.295s] -- Configured cppcheck exclude dirs and/or files: 
[0.296s] -- Added test 'flake8' to check Python code syntax and style conventions
[0.298s] -- Added test 'lint_cmake' to check CMake code style
[0.299s] -- Added test 'pep257' to check Python code against some of the docstring style conventions in PEP 257
[0.302s] -- Added test 'uncrustify' to check C / C++ code style
[0.302s] -- Configured uncrustify additional arguments: 
[0.302s] -- Added test 'xmllint' to check XML markup files
[0.304s] -- Configuring done
[0.308s] -- Generating done
[0.309s] -- Build files have been written to: /home/user/testing/example11_ws1/build/my_robot_hardware_interface
[0.344s] Invoked command in '/home/user/testing/example11_ws1/build/my_robot_hardware_interface' returned '0': CMAKE_PREFIX_PATH=${CMAKE_PREFIX_PATH}:/home/user/workspace_world/ws_1/install/ros2_control_demo_testing:/home/user/ros2_ws/install/workspace_mapping:/home/user/ros2_ws/install/my_robot_controller:/home/user/ros2_ws/install/fake_imu_package:/home/user/turtlebot3_ws/install/turtlebot3_teleop:/home/user/turtlebot3_ws/install/turtlebot3_example:/opt/ros/humble /usr/bin/cmake --build /home/user/testing/example11_ws1/build/my_robot_hardware_interface -- -j8 -l8
[0.396s] Invoking command in '/home/user/testing/example11_ws1/build/my_robot_hardware_interface': CMAKE_PREFIX_PATH=${CMAKE_PREFIX_PATH}:/home/user/workspace_world/ws_1/install/ros2_control_demo_testing:/home/user/ros2_ws/install/workspace_mapping:/home/user/ros2_ws/install/my_robot_controller:/home/user/ros2_ws/install/fake_imu_package:/home/user/turtlebot3_ws/install/turtlebot3_teleop:/home/user/turtlebot3_ws/install/turtlebot3_example:/opt/ros/humble /usr/bin/cmake --install /home/user/testing/example11_ws1/build/my_robot_hardware_interface
[0.410s] -- Install configuration: ""
[0.410s] -- Installing: /home/user/testing/example11_ws1/install/my_robot_hardware_interface/share/my_robot_hardware_interface/launch
[0.410s] -- Installing: /home/user/testing/example11_ws1/install/my_robot_hardware_interface/share/my_robot_hardware_interface/launch/my_robot_control.launch.py
[0.411s] -- Up-to-date: /home/user/testing/example11_ws1/install/my_robot_hardware_interface/share/ament_index/resource_index/package_run_dependencies/my_robot_hardware_interface
[0.411s] -- Installing: /home/user/testing/example11_ws1/install/my_robot_hardware_interface/share/ament_index/resource_index/parent_prefix_path/my_robot_hardware_interface
[0.411s] -- Up-to-date: /home/user/testing/example11_ws1/install/my_robot_hardware_interface/share/my_robot_hardware_interface/environment/ament_prefix_path.sh
[0.411s] -- Installing: /home/user/testing/example11_ws1/install/my_robot_hardware_interface/share/my_robot_hardware_interface/environment/ament_prefix_path.dsv
[0.412s] -- Up-to-date: /home/user/testing/example11_ws1/install/my_robot_hardware_interface/share/my_robot_hardware_interface/environment/path.sh
[0.412s] -- Installing: /home/user/testing/example11_ws1/install/my_robot_hardware_interface/share/my_robot_hardware_interface/environment/path.dsv
[0.412s] -- Up-to-date: /home/user/testing/example11_ws1/install/my_robot_hardware_interface/share/my_robot_hardware_interface/local_setup.bash
[0.412s] -- Up-to-date: /home/user/testing/example11_ws1/install/my_robot_hardware_interface/share/my_robot_hardware_interface/local_setup.sh
[0.413s] -- Up-to-date: /home/user/testing/example11_ws1/install/my_robot_hardware_interface/share/my_robot_hardware_interface/local_setup.zsh
[0.413s] -- Installing: /home/user/testing/example11_ws1/install/my_robot_hardware_interface/share/my_robot_hardware_interface/local_setup.dsv
[0.413s] -- Installing: /home/user/testing/example11_ws1/install/my_robot_hardware_interface/share/my_robot_hardware_interface/package.dsv
[0.413s] -- Up-to-date: /home/user/testing/example11_ws1/install/my_robot_hardware_interface/share/ament_index/resource_index/packages/my_robot_hardware_interface
[0.413s] -- Up-to-date: /home/user/testing/example11_ws1/install/my_robot_hardware_interface/share/my_robot_hardware_interface/cmake/my_robot_hardware_interfaceConfig.cmake
[0.414s] -- Up-to-date: /home/user/testing/example11_ws1/install/my_robot_hardware_interface/share/my_robot_hardware_interface/cmake/my_robot_hardware_interfaceConfig-version.cmake
[0.414s] -- Up-to-date: /home/user/testing/example11_ws1/install/my_robot_hardware_interface/share/my_robot_hardware_interface/package.xml
[0.417s] Invoked command in '/home/user/testing/example11_ws1/build/my_robot_hardware_interface' returned '0': CMAKE_PREFIX_PATH=${CMAKE_PREFIX_PATH}:/home/user/workspace_world/ws_1/install/ros2_control_demo_testing:/home/user/ros2_ws/install/workspace_mapping:/home/user/ros2_ws/install/my_robot_controller:/home/user/ros2_ws/install/fake_imu_package:/home/user/turtlebot3_ws/install/turtlebot3_teleop:/home/user/turtlebot3_ws/install/turtlebot3_example:/opt/ros/humble /usr/bin/cmake --install /home/user/testing/example11_ws1/build/my_robot_hardware_interface
